[0.035s] Invoking command in '/home/jj/tasktown_ws/build/village_operator': CMAKE_PREFIX_PATH=/home/jj/tasktown_ws/install/village_interfaces:/home/jj/tasktown_ws/install/village_taskgroups:/home/jj/tasktown_ws/install/village_task:/home/jj/tasktown_ws/install/village_operator:/opt/ros/foxy /usr/bin/cmake --build /home/jj/tasktown_ws/build/village_operator -- -j4 -l4
[0.098s] [35m[1mScanning dependencies of target operator_node[0m
[0.180s] [ 50%] [32mBuilding CXX object CMakeFiles/operator_node.dir/src/operator.cpp.o[0m
[6.609s] [100%] [32m[1mLinking CXX executable operator_node[0m
[6.938s] [100%] Built target operator_node
[6.954s] Invoked command in '/home/jj/tasktown_ws/build/village_operator' returned '0': CMAKE_PREFIX_PATH=/home/jj/tasktown_ws/install/village_interfaces:/home/jj/tasktown_ws/install/village_taskgroups:/home/jj/tasktown_ws/install/village_task:/home/jj/tasktown_ws/install/village_operator:/opt/ros/foxy /usr/bin/cmake --build /home/jj/tasktown_ws/build/village_operator -- -j4 -l4
[6.985s] Invoking command in '/home/jj/tasktown_ws/build/village_operator': CMAKE_PREFIX_PATH=/home/jj/tasktown_ws/install/village_interfaces:/home/jj/tasktown_ws/install/village_taskgroups:/home/jj/tasktown_ws/install/village_task:/home/jj/tasktown_ws/install/village_operator:/opt/ros/foxy /usr/bin/cmake --install /home/jj/tasktown_ws/build/village_operator
[6.994s] -- Install configuration: "Debug"
[6.996s] -- Execute custom install script
[6.997s] -- Up-to-date symlink: /home/jj/tasktown_ws/install/village_operator/share/ament_index/resource_index/package_run_dependencies/village_operator
[6.997s] -- Up-to-date symlink: /home/jj/tasktown_ws/install/village_operator/share/ament_index/resource_index/parent_prefix_path/village_operator
[6.997s] -- Up-to-date symlink: /home/jj/tasktown_ws/install/village_operator/share/village_operator/environment/ament_prefix_path.sh
[6.998s] -- Up-to-date symlink: /home/jj/tasktown_ws/install/village_operator/share/village_operator/environment/ament_prefix_path.dsv
[6.998s] -- Up-to-date symlink: /home/jj/tasktown_ws/install/village_operator/share/village_operator/environment/path.sh
[6.998s] -- Up-to-date symlink: /home/jj/tasktown_ws/install/village_operator/share/village_operator/environment/path.dsv
[6.998s] -- Up-to-date symlink: /home/jj/tasktown_ws/install/village_operator/share/village_operator/local_setup.bash
[6.998s] -- Up-to-date symlink: /home/jj/tasktown_ws/install/village_operator/share/village_operator/local_setup.sh
[6.998s] -- Up-to-date symlink: /home/jj/tasktown_ws/install/village_operator/share/village_operator/local_setup.zsh
[6.998s] -- Up-to-date symlink: /home/jj/tasktown_ws/install/village_operator/share/village_operator/local_setup.dsv
[6.998s] -- Symlinking: /home/jj/tasktown_ws/install/village_operator/share/village_operator/package.dsv
[7.008s] -- Up-to-date symlink: /home/jj/tasktown_ws/install/village_operator/share/ament_index/resource_index/packages/village_operator
[7.008s] -- Up-to-date symlink: /home/jj/tasktown_ws/install/village_operator/share/village_operator/cmake/village_operatorConfig.cmake
[7.008s] -- Up-to-date symlink: /home/jj/tasktown_ws/install/village_operator/share/village_operator/cmake/village_operatorConfig-version.cmake
[7.008s] -- Up-to-date symlink: /home/jj/tasktown_ws/install/village_operator/share/village_operator/package.xml
[7.009s] -- Up-to-date symlink: /home/jj/tasktown_ws/install/village_operator/lib/village_operator/operator_node
[7.012s] Invoked command in '/home/jj/tasktown_ws/build/village_operator' returned '0': CMAKE_PREFIX_PATH=/home/jj/tasktown_ws/install/village_interfaces:/home/jj/tasktown_ws/install/village_taskgroups:/home/jj/tasktown_ws/install/village_task:/home/jj/tasktown_ws/install/village_operator:/opt/ros/foxy /usr/bin/cmake --install /home/jj/tasktown_ws/build/village_operator
