[0.227s] DEBUG:colcon:Command line arguments: ['/usr/bin/colcon', 'build', '--symlink-install', '--event-handlers', 'console_cohesion+', '--base-paths', '/home/jj/tasktown_ws', '--cmake-args', '-DCMAKE_BUILD_TYPE=RelWithDebInfo']
[0.227s] DEBUG:colcon:Parsed command line arguments: Namespace(allow_overriding=[], ament_cmake_args=None, base_paths=['/home/jj/tasktown_ws'], build_base='build', catkin_cmake_args=None, catkin_skip_building_tests=False, cmake_args=['-DCMAKE_BUILD_TYPE=RelWithDebInfo'], cmake_clean_cache=False, cmake_clean_first=False, cmake_force_configure=False, cmake_target=None, cmake_target_skip_unavailable=False, continue_on_error=False, event_handlers=['console_cohesion+'], executor='parallel', ignore_user_meta=False, install_base='install', log_base=None, log_level=None, main=<bound method BuildVerb.main of <colcon_core.verb.build.BuildVerb object at 0x7f9b58a6d370>>, merge_install=False, metas=['./colcon.meta'], mixin=None, mixin_files=None, mixin_verb=('build',), packages_above=None, packages_above_and_dependencies=None, packages_above_depth=None, packages_end=None, packages_ignore=None, packages_ignore_regex=None, packages_select=None, packages_select_build_failed=False, packages_select_by_dep=None, packages_select_regex=None, packages_select_test_failures=False, packages_skip=None, packages_skip_build_finished=False, packages_skip_by_dep=None, packages_skip_regex=None, packages_skip_test_passed=False, packages_skip_up_to=None, packages_start=None, packages_up_to=None, packages_up_to_regex=None, parallel_workers=4, paths=None, symlink_install=True, test_result_base=None, verb_extension=<colcon_core.verb.build.BuildVerb object at 0x7f9b58a6d370>, verb_name='build', verb_parser=<colcon_mixin.mixin.mixin_argument.MixinArgumentDecorator object at 0x7f9b58a6d850>)
[0.402s] Level 1:colcon.colcon_core.package_discovery:discover_packages(colcon_meta) check parameters
[0.402s] Level 1:colcon.colcon_core.package_discovery:discover_packages(recursive) check parameters
[0.402s] Level 1:colcon.colcon_core.package_discovery:discover_packages(ignore) check parameters
[0.402s] Level 1:colcon.colcon_core.package_discovery:discover_packages(path) check parameters
[0.402s] Level 1:colcon.colcon_core.package_discovery:discover_packages(recursive) discover
[0.403s] INFO:colcon.colcon_core.package_discovery:Crawling recursively for packages in '/home/jj/tasktown_ws'
[0.403s] Level 1:colcon.colcon_core.package_identification:_identify(/home/jj/tasktown_ws) by extensions ['ignore', 'ignore_ament_install']
[0.403s] Level 1:colcon.colcon_core.package_identification:_identify(/home/jj/tasktown_ws) by extension 'ignore'
[0.403s] Level 1:colcon.colcon_core.package_identification:_identify(/home/jj/tasktown_ws) by extension 'ignore_ament_install'
[0.403s] Level 1:colcon.colcon_core.package_identification:_identify(/home/jj/tasktown_ws) by extensions ['colcon_pkg']
[0.403s] Level 1:colcon.colcon_core.package_identification:_identify(/home/jj/tasktown_ws) by extension 'colcon_pkg'
[0.403s] Level 1:colcon.colcon_core.package_identification:_identify(/home/jj/tasktown_ws) by extensions ['colcon_meta']
[0.403s] Level 1:colcon.colcon_core.package_identification:_identify(/home/jj/tasktown_ws) by extension 'colcon_meta'
[0.403s] Level 1:colcon.colcon_core.package_identification:_identify(/home/jj/tasktown_ws) by extensions ['ros']
[0.403s] Level 1:colcon.colcon_core.package_identification:_identify(/home/jj/tasktown_ws) by extension 'ros'
[0.414s] Level 1:colcon.colcon_core.package_identification:_identify(/home/jj/tasktown_ws) by extensions ['cmake', 'python']
[0.414s] Level 1:colcon.colcon_core.package_identification:_identify(/home/jj/tasktown_ws) by extension 'cmake'
[0.414s] Level 1:colcon.colcon_core.package_identification:_identify(/home/jj/tasktown_ws) by extension 'python'
[0.414s] Level 1:colcon.colcon_core.package_identification:_identify(/home/jj/tasktown_ws) by extensions ['python_setup_py']
[0.414s] Level 1:colcon.colcon_core.package_identification:_identify(/home/jj/tasktown_ws) by extension 'python_setup_py'
[0.414s] Level 1:colcon.colcon_core.package_identification:_identify(/home/jj/tasktown_ws/build) by extensions ['ignore', 'ignore_ament_install']
[0.414s] Level 1:colcon.colcon_core.package_identification:_identify(/home/jj/tasktown_ws/build) by extension 'ignore'
[0.414s] Level 1:colcon.colcon_core.package_identification:_identify(/home/jj/tasktown_ws/build) ignored
[0.415s] Level 1:colcon.colcon_core.package_identification:_identify(/home/jj/tasktown_ws/install) by extensions ['ignore', 'ignore_ament_install']
[0.415s] Level 1:colcon.colcon_core.package_identification:_identify(/home/jj/tasktown_ws/install) by extension 'ignore'
[0.415s] Level 1:colcon.colcon_core.package_identification:_identify(/home/jj/tasktown_ws/install) ignored
[0.415s] Level 1:colcon.colcon_core.package_identification:_identify(/home/jj/tasktown_ws/log) by extensions ['ignore', 'ignore_ament_install']
[0.415s] Level 1:colcon.colcon_core.package_identification:_identify(/home/jj/tasktown_ws/log) by extension 'ignore'
[0.415s] Level 1:colcon.colcon_core.package_identification:_identify(/home/jj/tasktown_ws/log) ignored
[0.415s] Level 1:colcon.colcon_core.package_identification:_identify(/home/jj/tasktown_ws/src) by extensions ['ignore', 'ignore_ament_install']
[0.415s] Level 1:colcon.colcon_core.package_identification:_identify(/home/jj/tasktown_ws/src) by extension 'ignore'
[0.415s] Level 1:colcon.colcon_core.package_identification:_identify(/home/jj/tasktown_ws/src) by extension 'ignore_ament_install'
[0.415s] Level 1:colcon.colcon_core.package_identification:_identify(/home/jj/tasktown_ws/src) by extensions ['colcon_pkg']
[0.415s] Level 1:colcon.colcon_core.package_identification:_identify(/home/jj/tasktown_ws/src) by extension 'colcon_pkg'
[0.415s] Level 1:colcon.colcon_core.package_identification:_identify(/home/jj/tasktown_ws/src) by extensions ['colcon_meta']
[0.415s] Level 1:colcon.colcon_core.package_identification:_identify(/home/jj/tasktown_ws/src) by extension 'colcon_meta'
[0.415s] Level 1:colcon.colcon_core.package_identification:_identify(/home/jj/tasktown_ws/src) by extensions ['ros']
[0.415s] Level 1:colcon.colcon_core.package_identification:_identify(/home/jj/tasktown_ws/src) by extension 'ros'
[0.416s] Level 1:colcon.colcon_core.package_identification:_identify(/home/jj/tasktown_ws/src) by extensions ['cmake', 'python']
[0.416s] Level 1:colcon.colcon_core.package_identification:_identify(/home/jj/tasktown_ws/src) by extension 'cmake'
[0.416s] Level 1:colcon.colcon_core.package_identification:_identify(/home/jj/tasktown_ws/src) by extension 'python'
[0.416s] Level 1:colcon.colcon_core.package_identification:_identify(/home/jj/tasktown_ws/src) by extensions ['python_setup_py']
[0.416s] Level 1:colcon.colcon_core.package_identification:_identify(/home/jj/tasktown_ws/src) by extension 'python_setup_py'
[0.416s] Level 1:colcon.colcon_core.package_identification:_identify(/home/jj/tasktown_ws/src/village_interfaces) by extensions ['ignore', 'ignore_ament_install']
[0.416s] Level 1:colcon.colcon_core.package_identification:_identify(/home/jj/tasktown_ws/src/village_interfaces) by extension 'ignore'
[0.416s] Level 1:colcon.colcon_core.package_identification:_identify(/home/jj/tasktown_ws/src/village_interfaces) by extension 'ignore_ament_install'
[0.416s] Level 1:colcon.colcon_core.package_identification:_identify(/home/jj/tasktown_ws/src/village_interfaces) by extensions ['colcon_pkg']
[0.416s] Level 1:colcon.colcon_core.package_identification:_identify(/home/jj/tasktown_ws/src/village_interfaces) by extension 'colcon_pkg'
[0.416s] Level 1:colcon.colcon_core.package_identification:_identify(/home/jj/tasktown_ws/src/village_interfaces) by extensions ['colcon_meta']
[0.416s] Level 1:colcon.colcon_core.package_identification:_identify(/home/jj/tasktown_ws/src/village_interfaces) by extension 'colcon_meta'
[0.416s] Level 1:colcon.colcon_core.package_identification:_identify(/home/jj/tasktown_ws/src/village_interfaces) by extensions ['ros']
[0.416s] Level 1:colcon.colcon_core.package_identification:_identify(/home/jj/tasktown_ws/src/village_interfaces) by extension 'ros'
[0.419s] DEBUG:colcon.colcon_core.package_identification:Package '/home/jj/tasktown_ws/src/village_interfaces' with type 'ros.ament_cmake' and name 'village_interfaces'
[0.419s] Level 1:colcon.colcon_core.package_identification:_identify(/home/jj/tasktown_ws/src/village_operator) by extensions ['ignore', 'ignore_ament_install']
[0.419s] Level 1:colcon.colcon_core.package_identification:_identify(/home/jj/tasktown_ws/src/village_operator) by extension 'ignore'
[0.419s] Level 1:colcon.colcon_core.package_identification:_identify(/home/jj/tasktown_ws/src/village_operator) by extension 'ignore_ament_install'
[0.419s] Level 1:colcon.colcon_core.package_identification:_identify(/home/jj/tasktown_ws/src/village_operator) by extensions ['colcon_pkg']
[0.419s] Level 1:colcon.colcon_core.package_identification:_identify(/home/jj/tasktown_ws/src/village_operator) by extension 'colcon_pkg'
[0.419s] Level 1:colcon.colcon_core.package_identification:_identify(/home/jj/tasktown_ws/src/village_operator) by extensions ['colcon_meta']
[0.419s] Level 1:colcon.colcon_core.package_identification:_identify(/home/jj/tasktown_ws/src/village_operator) by extension 'colcon_meta'
[0.419s] Level 1:colcon.colcon_core.package_identification:_identify(/home/jj/tasktown_ws/src/village_operator) by extensions ['ros']
[0.419s] Level 1:colcon.colcon_core.package_identification:_identify(/home/jj/tasktown_ws/src/village_operator) by extension 'ros'
[0.420s] DEBUG:colcon.colcon_core.package_identification:Package '/home/jj/tasktown_ws/src/village_operator' with type 'ros.ament_cmake' and name 'village_operator'
[0.420s] Level 1:colcon.colcon_core.package_identification:_identify(/home/jj/tasktown_ws/src/village_task) by extensions ['ignore', 'ignore_ament_install']
[0.421s] Level 1:colcon.colcon_core.package_identification:_identify(/home/jj/tasktown_ws/src/village_task) by extension 'ignore'
[0.421s] Level 1:colcon.colcon_core.package_identification:_identify(/home/jj/tasktown_ws/src/village_task) by extension 'ignore_ament_install'
[0.421s] Level 1:colcon.colcon_core.package_identification:_identify(/home/jj/tasktown_ws/src/village_task) by extensions ['colcon_pkg']
[0.421s] Level 1:colcon.colcon_core.package_identification:_identify(/home/jj/tasktown_ws/src/village_task) by extension 'colcon_pkg'
[0.421s] Level 1:colcon.colcon_core.package_identification:_identify(/home/jj/tasktown_ws/src/village_task) by extensions ['colcon_meta']
[0.421s] Level 1:colcon.colcon_core.package_identification:_identify(/home/jj/tasktown_ws/src/village_task) by extension 'colcon_meta'
[0.421s] Level 1:colcon.colcon_core.package_identification:_identify(/home/jj/tasktown_ws/src/village_task) by extensions ['ros']
[0.421s] Level 1:colcon.colcon_core.package_identification:_identify(/home/jj/tasktown_ws/src/village_task) by extension 'ros'
[0.422s] DEBUG:colcon.colcon_core.package_identification:Package '/home/jj/tasktown_ws/src/village_task' with type 'ros.ament_cmake' and name 'village_task'
[0.422s] Level 1:colcon.colcon_core.package_identification:_identify(/home/jj/tasktown_ws/src/village_taskgroups) by extensions ['ignore', 'ignore_ament_install']
[0.422s] Level 1:colcon.colcon_core.package_identification:_identify(/home/jj/tasktown_ws/src/village_taskgroups) by extension 'ignore'
[0.423s] Level 1:colcon.colcon_core.package_identification:_identify(/home/jj/tasktown_ws/src/village_taskgroups) by extension 'ignore_ament_install'
[0.423s] Level 1:colcon.colcon_core.package_identification:_identify(/home/jj/tasktown_ws/src/village_taskgroups) by extensions ['colcon_pkg']
[0.423s] Level 1:colcon.colcon_core.package_identification:_identify(/home/jj/tasktown_ws/src/village_taskgroups) by extension 'colcon_pkg'
[0.423s] Level 1:colcon.colcon_core.package_identification:_identify(/home/jj/tasktown_ws/src/village_taskgroups) by extensions ['colcon_meta']
[0.423s] Level 1:colcon.colcon_core.package_identification:_identify(/home/jj/tasktown_ws/src/village_taskgroups) by extension 'colcon_meta'
[0.423s] Level 1:colcon.colcon_core.package_identification:_identify(/home/jj/tasktown_ws/src/village_taskgroups) by extensions ['ros']
[0.423s] Level 1:colcon.colcon_core.package_identification:_identify(/home/jj/tasktown_ws/src/village_taskgroups) by extension 'ros'
[0.424s] DEBUG:colcon.colcon_core.package_identification:Package '/home/jj/tasktown_ws/src/village_taskgroups' with type 'ros.ament_cmake' and name 'village_taskgroups'
[0.424s] Level 1:colcon.colcon_core.package_discovery:discover_packages(recursive) using defaults
[0.441s] Level 1:colcon.colcon_core.package_discovery:discover_packages(prefix_path) check parameters
[0.441s] Level 1:colcon.colcon_core.package_discovery:discover_packages(prefix_path) discover
[0.443s] DEBUG:colcon.colcon_installed_package_information.package_discovery:Found 4 installed packages in /home/jj/tasktown_ws/install
[0.444s] DEBUG:colcon.colcon_installed_package_information.package_discovery:Found 256 installed packages in /opt/ros/foxy
[0.445s] Level 1:colcon.colcon_core.package_discovery:discover_packages(prefix_path) using defaults
[0.538s] Level 5:colcon.colcon_core.verb:set package 'village_interfaces' build argument 'cmake_args' from command line to '['-DCMAKE_BUILD_TYPE=RelWithDebInfo']'
[0.539s] Level 5:colcon.colcon_core.verb:set package 'village_interfaces' build argument 'cmake_target' from command line to 'None'
[0.539s] Level 5:colcon.colcon_core.verb:set package 'village_interfaces' build argument 'cmake_target_skip_unavailable' from command line to 'False'
[0.539s] Level 5:colcon.colcon_core.verb:set package 'village_interfaces' build argument 'cmake_clean_cache' from command line to 'False'
[0.539s] Level 5:colcon.colcon_core.verb:set package 'village_interfaces' build argument 'cmake_clean_first' from command line to 'False'
[0.539s] Level 5:colcon.colcon_core.verb:set package 'village_interfaces' build argument 'cmake_force_configure' from command line to 'False'
[0.539s] Level 5:colcon.colcon_core.verb:set package 'village_interfaces' build argument 'ament_cmake_args' from command line to 'None'
[0.539s] Level 5:colcon.colcon_core.verb:set package 'village_interfaces' build argument 'catkin_cmake_args' from command line to 'None'
[0.539s] Level 5:colcon.colcon_core.verb:set package 'village_interfaces' build argument 'catkin_skip_building_tests' from command line to 'False'
[0.539s] DEBUG:colcon.colcon_core.verb:Building package 'village_interfaces' with the following arguments: {'ament_cmake_args': None, 'build_base': '/home/jj/tasktown_ws/build/village_interfaces', 'catkin_cmake_args': None, 'catkin_skip_building_tests': False, 'cmake_args': ['-DCMAKE_BUILD_TYPE=RelWithDebInfo'], 'cmake_clean_cache': False, 'cmake_clean_first': False, 'cmake_force_configure': False, 'cmake_target': None, 'cmake_target_skip_unavailable': False, 'install_base': '/home/jj/tasktown_ws/install/village_interfaces', 'merge_install': False, 'path': '/home/jj/tasktown_ws/src/village_interfaces', 'symlink_install': True, 'test_result_base': None}
[0.539s] Level 5:colcon.colcon_core.verb:set package 'village_operator' build argument 'cmake_args' from command line to '['-DCMAKE_BUILD_TYPE=RelWithDebInfo']'
[0.539s] Level 5:colcon.colcon_core.verb:set package 'village_operator' build argument 'cmake_target' from command line to 'None'
[0.539s] Level 5:colcon.colcon_core.verb:set package 'village_operator' build argument 'cmake_target_skip_unavailable' from command line to 'False'
[0.539s] Level 5:colcon.colcon_core.verb:set package 'village_operator' build argument 'cmake_clean_cache' from command line to 'False'
[0.539s] Level 5:colcon.colcon_core.verb:set package 'village_operator' build argument 'cmake_clean_first' from command line to 'False'
[0.539s] Level 5:colcon.colcon_core.verb:set package 'village_operator' build argument 'cmake_force_configure' from command line to 'False'
[0.539s] Level 5:colcon.colcon_core.verb:set package 'village_operator' build argument 'ament_cmake_args' from command line to 'None'
[0.539s] Level 5:colcon.colcon_core.verb:set package 'village_operator' build argument 'catkin_cmake_args' from command line to 'None'
[0.539s] Level 5:colcon.colcon_core.verb:set package 'village_operator' build argument 'catkin_skip_building_tests' from command line to 'False'
[0.539s] DEBUG:colcon.colcon_core.verb:Building package 'village_operator' with the following arguments: {'ament_cmake_args': None, 'build_base': '/home/jj/tasktown_ws/build/village_operator', 'catkin_cmake_args': None, 'catkin_skip_building_tests': False, 'cmake_args': ['-DCMAKE_BUILD_TYPE=RelWithDebInfo'], 'cmake_clean_cache': False, 'cmake_clean_first': False, 'cmake_force_configure': False, 'cmake_target': None, 'cmake_target_skip_unavailable': False, 'install_base': '/home/jj/tasktown_ws/install/village_operator', 'merge_install': False, 'path': '/home/jj/tasktown_ws/src/village_operator', 'symlink_install': True, 'test_result_base': None}
[0.540s] Level 5:colcon.colcon_core.verb:set package 'village_task' build argument 'cmake_args' from command line to '['-DCMAKE_BUILD_TYPE=RelWithDebInfo']'
[0.540s] Level 5:colcon.colcon_core.verb:set package 'village_task' build argument 'cmake_target' from command line to 'None'
[0.540s] Level 5:colcon.colcon_core.verb:set package 'village_task' build argument 'cmake_target_skip_unavailable' from command line to 'False'
[0.540s] Level 5:colcon.colcon_core.verb:set package 'village_task' build argument 'cmake_clean_cache' from command line to 'False'
[0.540s] Level 5:colcon.colcon_core.verb:set package 'village_task' build argument 'cmake_clean_first' from command line to 'False'
[0.540s] Level 5:colcon.colcon_core.verb:set package 'village_task' build argument 'cmake_force_configure' from command line to 'False'
[0.540s] Level 5:colcon.colcon_core.verb:set package 'village_task' build argument 'ament_cmake_args' from command line to 'None'
[0.540s] Level 5:colcon.colcon_core.verb:set package 'village_task' build argument 'catkin_cmake_args' from command line to 'None'
[0.540s] Level 5:colcon.colcon_core.verb:set package 'village_task' build argument 'catkin_skip_building_tests' from command line to 'False'
[0.540s] DEBUG:colcon.colcon_core.verb:Building package 'village_task' with the following arguments: {'ament_cmake_args': None, 'build_base': '/home/jj/tasktown_ws/build/village_task', 'catkin_cmake_args': None, 'catkin_skip_building_tests': False, 'cmake_args': ['-DCMAKE_BUILD_TYPE=RelWithDebInfo'], 'cmake_clean_cache': False, 'cmake_clean_first': False, 'cmake_force_configure': False, 'cmake_target': None, 'cmake_target_skip_unavailable': False, 'install_base': '/home/jj/tasktown_ws/install/village_task', 'merge_install': False, 'path': '/home/jj/tasktown_ws/src/village_task', 'symlink_install': True, 'test_result_base': None}
[0.541s] Level 5:colcon.colcon_core.verb:set package 'village_taskgroups' build argument 'cmake_args' from command line to '['-DCMAKE_BUILD_TYPE=RelWithDebInfo']'
[0.541s] Level 5:colcon.colcon_core.verb:set package 'village_taskgroups' build argument 'cmake_target' from command line to 'None'
[0.541s] Level 5:colcon.colcon_core.verb:set package 'village_taskgroups' build argument 'cmake_target_skip_unavailable' from command line to 'False'
[0.541s] Level 5:colcon.colcon_core.verb:set package 'village_taskgroups' build argument 'cmake_clean_cache' from command line to 'False'
[0.541s] Level 5:colcon.colcon_core.verb:set package 'village_taskgroups' build argument 'cmake_clean_first' from command line to 'False'
[0.541s] Level 5:colcon.colcon_core.verb:set package 'village_taskgroups' build argument 'cmake_force_configure' from command line to 'False'
[0.541s] Level 5:colcon.colcon_core.verb:set package 'village_taskgroups' build argument 'ament_cmake_args' from command line to 'None'
[0.541s] Level 5:colcon.colcon_core.verb:set package 'village_taskgroups' build argument 'catkin_cmake_args' from command line to 'None'
[0.541s] Level 5:colcon.colcon_core.verb:set package 'village_taskgroups' build argument 'catkin_skip_building_tests' from command line to 'False'
[0.541s] DEBUG:colcon.colcon_core.verb:Building package 'village_taskgroups' with the following arguments: {'ament_cmake_args': None, 'build_base': '/home/jj/tasktown_ws/build/village_taskgroups', 'catkin_cmake_args': None, 'catkin_skip_building_tests': False, 'cmake_args': ['-DCMAKE_BUILD_TYPE=RelWithDebInfo'], 'cmake_clean_cache': False, 'cmake_clean_first': False, 'cmake_force_configure': False, 'cmake_target': None, 'cmake_target_skip_unavailable': False, 'install_base': '/home/jj/tasktown_ws/install/village_taskgroups', 'merge_install': False, 'path': '/home/jj/tasktown_ws/src/village_taskgroups', 'symlink_install': True, 'test_result_base': None}
[0.541s] INFO:colcon.colcon_core.executor:Executing jobs using 'parallel' executor
[0.543s] DEBUG:colcon.colcon_parallel_executor.executor.parallel:run_until_complete
[0.543s] INFO:colcon.colcon_ros.task.ament_cmake.build:Building ROS package in '/home/jj/tasktown_ws/src/village_interfaces' with build type 'ament_cmake'
[0.543s] INFO:colcon.colcon_cmake.task.cmake.build:Building CMake package in '/home/jj/tasktown_ws/src/village_interfaces'
[0.546s] INFO:colcon.colcon_core.plugin_system:Skipping extension 'colcon_core.shell.bat': Not used on non-Windows systems
[0.547s] INFO:colcon.colcon_core.shell:Skip shell extension 'powershell' for command environment: Not usable outside of PowerShell
[0.547s] DEBUG:colcon.colcon_core.shell:Skip shell extension 'dsv' for command environment
[0.567s] DEBUG:colcon.colcon_core.event_handler.log_command:Invoking command in '/home/jj/tasktown_ws/build/village_interfaces': CMAKE_PREFIX_PATH=${CMAKE_PREFIX_PATH}:/opt/ros/foxy /usr/bin/cmake --build /home/jj/tasktown_ws/build/village_interfaces -- -j4 -l4
[0.950s] DEBUG:colcon.colcon_core.event_handler.log_command:Invoked command in '/home/jj/tasktown_ws/build/village_interfaces' returned '0': CMAKE_PREFIX_PATH=${CMAKE_PREFIX_PATH}:/opt/ros/foxy /usr/bin/cmake --build /home/jj/tasktown_ws/build/village_interfaces -- -j4 -l4
[1.099s] DEBUG:colcon.colcon_core.event_handler.log_command:Invoking command in '/home/jj/tasktown_ws/build/village_interfaces': CMAKE_PREFIX_PATH=${CMAKE_PREFIX_PATH}:/opt/ros/foxy /usr/bin/cmake --install /home/jj/tasktown_ws/build/village_interfaces
[1.251s] Level 1:colcon.colcon_core.environment:create_environment_scripts_only(village_interfaces)
[1.253s] DEBUG:colcon.colcon_core.event_handler.log_command:Invoked command in '/home/jj/tasktown_ws/build/village_interfaces' returned '0': CMAKE_PREFIX_PATH=${CMAKE_PREFIX_PATH}:/opt/ros/foxy /usr/bin/cmake --install /home/jj/tasktown_ws/build/village_interfaces
[1.256s] Level 1:colcon.colcon_core.environment:checking '/home/jj/tasktown_ws/install/village_interfaces' for CMake module files
[1.257s] Level 1:colcon.colcon_core.environment:checking '/home/jj/tasktown_ws/install/village_interfaces' for CMake config files
[1.258s] Level 1:colcon.colcon_core.shell:create_environment_hook('village_interfaces', 'cmake_prefix_path')
[1.259s] INFO:colcon.colcon_core.shell:Creating environment hook '/home/jj/tasktown_ws/install/village_interfaces/share/village_interfaces/hook/cmake_prefix_path.ps1'
[1.260s] INFO:colcon.colcon_core.shell:Creating environment descriptor '/home/jj/tasktown_ws/install/village_interfaces/share/village_interfaces/hook/cmake_prefix_path.dsv'
[1.261s] INFO:colcon.colcon_core.shell:Creating environment hook '/home/jj/tasktown_ws/install/village_interfaces/share/village_interfaces/hook/cmake_prefix_path.sh'
[1.262s] Level 1:colcon.colcon_core.environment:checking '/home/jj/tasktown_ws/install/village_interfaces/lib'
[1.263s] Level 1:colcon.colcon_core.shell:create_environment_hook('village_interfaces', 'ld_library_path_lib')
[1.263s] INFO:colcon.colcon_core.shell:Creating environment hook '/home/jj/tasktown_ws/install/village_interfaces/share/village_interfaces/hook/ld_library_path_lib.ps1'
[1.264s] INFO:colcon.colcon_core.shell:Creating environment descriptor '/home/jj/tasktown_ws/install/village_interfaces/share/village_interfaces/hook/ld_library_path_lib.dsv'
[1.264s] INFO:colcon.colcon_core.shell:Creating environment hook '/home/jj/tasktown_ws/install/village_interfaces/share/village_interfaces/hook/ld_library_path_lib.sh'
[1.265s] Level 1:colcon.colcon_core.environment:checking '/home/jj/tasktown_ws/install/village_interfaces/bin'
[1.265s] Level 1:colcon.colcon_core.environment:checking '/home/jj/tasktown_ws/install/village_interfaces/lib/pkgconfig/village_interfaces.pc'
[1.265s] Level 1:colcon.colcon_core.environment:checking '/home/jj/tasktown_ws/install/village_interfaces/lib/python3.8/site-packages'
[1.265s] Level 1:colcon.colcon_core.shell:create_environment_hook('village_interfaces', 'pythonpath')
[1.266s] INFO:colcon.colcon_core.shell:Creating environment hook '/home/jj/tasktown_ws/install/village_interfaces/share/village_interfaces/hook/pythonpath.ps1'
[1.266s] INFO:colcon.colcon_core.shell:Creating environment descriptor '/home/jj/tasktown_ws/install/village_interfaces/share/village_interfaces/hook/pythonpath.dsv'
[1.267s] INFO:colcon.colcon_core.shell:Creating environment hook '/home/jj/tasktown_ws/install/village_interfaces/share/village_interfaces/hook/pythonpath.sh'
[1.268s] Level 1:colcon.colcon_core.environment:checking '/home/jj/tasktown_ws/install/village_interfaces/bin'
[1.268s] INFO:colcon.colcon_core.shell:Creating package script '/home/jj/tasktown_ws/install/village_interfaces/share/village_interfaces/package.ps1'
[1.269s] INFO:colcon.colcon_core.shell:Creating package descriptor '/home/jj/tasktown_ws/install/village_interfaces/share/village_interfaces/package.dsv'
[1.270s] INFO:colcon.colcon_core.shell:Creating package script '/home/jj/tasktown_ws/install/village_interfaces/share/village_interfaces/package.sh'
[1.272s] INFO:colcon.colcon_core.shell:Creating package script '/home/jj/tasktown_ws/install/village_interfaces/share/village_interfaces/package.bash'
[1.273s] INFO:colcon.colcon_core.shell:Creating package script '/home/jj/tasktown_ws/install/village_interfaces/share/village_interfaces/package.zsh'
[1.275s] Level 1:colcon.colcon_core.environment:create_file_with_runtime_dependencies(/home/jj/tasktown_ws/install/village_interfaces/share/colcon-core/packages/village_interfaces)
[1.469s] Level 1:colcon.colcon_core.environment:create_environment_scripts_only(village_interfaces)
[1.469s] Level 1:colcon.colcon_core.environment:checking '/home/jj/tasktown_ws/install/village_interfaces' for CMake module files
[1.470s] Level 1:colcon.colcon_core.environment:checking '/home/jj/tasktown_ws/install/village_interfaces' for CMake config files
[1.471s] Level 1:colcon.colcon_core.shell:create_environment_hook('village_interfaces', 'cmake_prefix_path')
[1.472s] INFO:colcon.colcon_core.shell:Creating environment hook '/home/jj/tasktown_ws/install/village_interfaces/share/village_interfaces/hook/cmake_prefix_path.ps1'
[1.473s] INFO:colcon.colcon_core.shell:Creating environment descriptor '/home/jj/tasktown_ws/install/village_interfaces/share/village_interfaces/hook/cmake_prefix_path.dsv'
[1.474s] INFO:colcon.colcon_core.shell:Creating environment hook '/home/jj/tasktown_ws/install/village_interfaces/share/village_interfaces/hook/cmake_prefix_path.sh'
[1.475s] Level 1:colcon.colcon_core.environment:checking '/home/jj/tasktown_ws/install/village_interfaces/lib'
[1.475s] Level 1:colcon.colcon_core.shell:create_environment_hook('village_interfaces', 'ld_library_path_lib')
[1.475s] INFO:colcon.colcon_core.shell:Creating environment hook '/home/jj/tasktown_ws/install/village_interfaces/share/village_interfaces/hook/ld_library_path_lib.ps1'
[1.478s] INFO:colcon.colcon_core.shell:Creating environment descriptor '/home/jj/tasktown_ws/install/village_interfaces/share/village_interfaces/hook/ld_library_path_lib.dsv'
[1.478s] INFO:colcon.colcon_core.shell:Creating environment hook '/home/jj/tasktown_ws/install/village_interfaces/share/village_interfaces/hook/ld_library_path_lib.sh'
[1.479s] Level 1:colcon.colcon_core.environment:checking '/home/jj/tasktown_ws/install/village_interfaces/bin'
[1.479s] Level 1:colcon.colcon_core.environment:checking '/home/jj/tasktown_ws/install/village_interfaces/lib/pkgconfig/village_interfaces.pc'
[1.479s] Level 1:colcon.colcon_core.environment:checking '/home/jj/tasktown_ws/install/village_interfaces/lib/python3.8/site-packages'
[1.480s] Level 1:colcon.colcon_core.shell:create_environment_hook('village_interfaces', 'pythonpath')
[1.480s] INFO:colcon.colcon_core.shell:Creating environment hook '/home/jj/tasktown_ws/install/village_interfaces/share/village_interfaces/hook/pythonpath.ps1'
[1.481s] INFO:colcon.colcon_core.shell:Creating environment descriptor '/home/jj/tasktown_ws/install/village_interfaces/share/village_interfaces/hook/pythonpath.dsv'
[1.481s] INFO:colcon.colcon_core.shell:Creating environment hook '/home/jj/tasktown_ws/install/village_interfaces/share/village_interfaces/hook/pythonpath.sh'
[1.482s] Level 1:colcon.colcon_core.environment:checking '/home/jj/tasktown_ws/install/village_interfaces/bin'
[1.483s] INFO:colcon.colcon_core.shell:Creating package script '/home/jj/tasktown_ws/install/village_interfaces/share/village_interfaces/package.ps1'
[1.486s] INFO:colcon.colcon_core.shell:Creating package descriptor '/home/jj/tasktown_ws/install/village_interfaces/share/village_interfaces/package.dsv'
[1.487s] INFO:colcon.colcon_core.shell:Creating package script '/home/jj/tasktown_ws/install/village_interfaces/share/village_interfaces/package.sh'
[1.488s] INFO:colcon.colcon_core.shell:Creating package script '/home/jj/tasktown_ws/install/village_interfaces/share/village_interfaces/package.bash'
[1.489s] INFO:colcon.colcon_core.shell:Creating package script '/home/jj/tasktown_ws/install/village_interfaces/share/village_interfaces/package.zsh'
[1.490s] Level 1:colcon.colcon_core.environment:create_file_with_runtime_dependencies(/home/jj/tasktown_ws/install/village_interfaces/share/colcon-core/packages/village_interfaces)
[1.493s] INFO:colcon.colcon_ros.task.ament_cmake.build:Building ROS package in '/home/jj/tasktown_ws/src/village_operator' with build type 'ament_cmake'
[1.493s] INFO:colcon.colcon_cmake.task.cmake.build:Building CMake package in '/home/jj/tasktown_ws/src/village_operator'
[1.494s] INFO:colcon.colcon_core.shell:Skip shell extension 'powershell' for command environment: Not usable outside of PowerShell
[1.494s] DEBUG:colcon.colcon_core.shell:Skip shell extension 'dsv' for command environment
[1.502s] INFO:colcon.colcon_ros.task.ament_cmake.build:Building ROS package in '/home/jj/tasktown_ws/src/village_task' with build type 'ament_cmake'
[1.503s] INFO:colcon.colcon_cmake.task.cmake.build:Building CMake package in '/home/jj/tasktown_ws/src/village_task'
[1.504s] INFO:colcon.colcon_core.shell:Skip shell extension 'powershell' for command environment: Not usable outside of PowerShell
[1.504s] DEBUG:colcon.colcon_core.shell:Skip shell extension 'dsv' for command environment
[1.514s] INFO:colcon.colcon_ros.task.ament_cmake.build:Building ROS package in '/home/jj/tasktown_ws/src/village_taskgroups' with build type 'ament_cmake'
[1.514s] INFO:colcon.colcon_cmake.task.cmake.build:Building CMake package in '/home/jj/tasktown_ws/src/village_taskgroups'
[1.514s] INFO:colcon.colcon_core.shell:Skip shell extension 'powershell' for command environment: Not usable outside of PowerShell
[1.514s] DEBUG:colcon.colcon_core.shell:Skip shell extension 'dsv' for command environment
[1.537s] DEBUG:colcon.colcon_core.event_handler.log_command:Invoking command in '/home/jj/tasktown_ws/build/village_operator': CMAKE_PREFIX_PATH=/home/jj/tasktown_ws/install/village_interfaces:/home/jj/tasktown_ws/install/village_taskgroups:/home/jj/tasktown_ws/install/village_task:/home/jj/tasktown_ws/install/village_operator:/opt/ros/foxy /usr/bin/cmake --build /home/jj/tasktown_ws/build/village_operator -- -j4 -l4
[1.549s] DEBUG:colcon.colcon_core.event_handler.log_command:Invoking command in '/home/jj/tasktown_ws/build/village_task': CMAKE_PREFIX_PATH=/home/jj/tasktown_ws/install/village_interfaces:/home/jj/tasktown_ws/install/village_taskgroups:/home/jj/tasktown_ws/install/village_task:/home/jj/tasktown_ws/install/village_operator:/opt/ros/foxy /usr/bin/cmake --build /home/jj/tasktown_ws/build/village_task -- -j4 -l4
[1.568s] DEBUG:colcon.colcon_core.event_handler.log_command:Invoking command in '/home/jj/tasktown_ws/build/village_taskgroups': CMAKE_PREFIX_PATH=/home/jj/tasktown_ws/install/village_interfaces:/home/jj/tasktown_ws/install/village_taskgroups:/home/jj/tasktown_ws/install/village_task:/home/jj/tasktown_ws/install/village_operator:/opt/ros/foxy /usr/bin/cmake --build /home/jj/tasktown_ws/build/village_taskgroups -- -j4 -l4
[1.733s] DEBUG:colcon.colcon_core.event_handler.log_command:Invoked command in '/home/jj/tasktown_ws/build/village_taskgroups' returned '0': CMAKE_PREFIX_PATH=/home/jj/tasktown_ws/install/village_interfaces:/home/jj/tasktown_ws/install/village_taskgroups:/home/jj/tasktown_ws/install/village_task:/home/jj/tasktown_ws/install/village_operator:/opt/ros/foxy /usr/bin/cmake --build /home/jj/tasktown_ws/build/village_taskgroups -- -j4 -l4
[1.822s] DEBUG:colcon.colcon_core.event_handler.log_command:Invoked command in '/home/jj/tasktown_ws/build/village_task' returned '0': CMAKE_PREFIX_PATH=/home/jj/tasktown_ws/install/village_interfaces:/home/jj/tasktown_ws/install/village_taskgroups:/home/jj/tasktown_ws/install/village_task:/home/jj/tasktown_ws/install/village_operator:/opt/ros/foxy /usr/bin/cmake --build /home/jj/tasktown_ws/build/village_task -- -j4 -l4
[1.866s] DEBUG:colcon.colcon_core.event_handler.log_command:Invoking command in '/home/jj/tasktown_ws/build/village_taskgroups': CMAKE_PREFIX_PATH=/home/jj/tasktown_ws/install/village_interfaces:/home/jj/tasktown_ws/install/village_taskgroups:/home/jj/tasktown_ws/install/village_task:/home/jj/tasktown_ws/install/village_operator:/opt/ros/foxy /usr/bin/cmake --install /home/jj/tasktown_ws/build/village_taskgroups
[1.909s] Level 1:colcon.colcon_core.environment:create_environment_scripts_only(village_taskgroups)
[1.910s] Level 1:colcon.colcon_core.environment:checking '/home/jj/tasktown_ws/install/village_taskgroups' for CMake module files
[1.910s] Level 1:colcon.colcon_core.environment:checking '/home/jj/tasktown_ws/install/village_taskgroups' for CMake config files
[1.911s] Level 1:colcon.colcon_core.shell:create_environment_hook('village_taskgroups', 'cmake_prefix_path')
[1.911s] INFO:colcon.colcon_core.shell:Creating environment hook '/home/jj/tasktown_ws/install/village_taskgroups/share/village_taskgroups/hook/cmake_prefix_path.ps1'
[1.912s] INFO:colcon.colcon_core.shell:Creating environment descriptor '/home/jj/tasktown_ws/install/village_taskgroups/share/village_taskgroups/hook/cmake_prefix_path.dsv'
[1.913s] INFO:colcon.colcon_core.shell:Creating environment hook '/home/jj/tasktown_ws/install/village_taskgroups/share/village_taskgroups/hook/cmake_prefix_path.sh'
[1.914s] Level 1:colcon.colcon_core.environment:checking '/home/jj/tasktown_ws/install/village_taskgroups/lib'
[1.914s] Level 1:colcon.colcon_core.environment:checking '/home/jj/tasktown_ws/install/village_taskgroups/bin'
[1.914s] Level 1:colcon.colcon_core.environment:checking '/home/jj/tasktown_ws/install/village_taskgroups/lib/pkgconfig/village_taskgroups.pc'
[1.914s] Level 1:colcon.colcon_core.environment:checking '/home/jj/tasktown_ws/install/village_taskgroups/lib/python3.8/site-packages'
[1.915s] Level 1:colcon.colcon_core.environment:checking '/home/jj/tasktown_ws/install/village_taskgroups/bin'
[1.915s] INFO:colcon.colcon_core.shell:Creating package script '/home/jj/tasktown_ws/install/village_taskgroups/share/village_taskgroups/package.ps1'
[1.916s] DEBUG:colcon.colcon_core.event_handler.log_command:Invoked command in '/home/jj/tasktown_ws/build/village_taskgroups' returned '0': CMAKE_PREFIX_PATH=/home/jj/tasktown_ws/install/village_interfaces:/home/jj/tasktown_ws/install/village_taskgroups:/home/jj/tasktown_ws/install/village_task:/home/jj/tasktown_ws/install/village_operator:/opt/ros/foxy /usr/bin/cmake --install /home/jj/tasktown_ws/build/village_taskgroups
[1.917s] INFO:colcon.colcon_core.shell:Creating package descriptor '/home/jj/tasktown_ws/install/village_taskgroups/share/village_taskgroups/package.dsv'
[1.919s] INFO:colcon.colcon_core.shell:Creating package script '/home/jj/tasktown_ws/install/village_taskgroups/share/village_taskgroups/package.sh'
[1.920s] INFO:colcon.colcon_core.shell:Creating package script '/home/jj/tasktown_ws/install/village_taskgroups/share/village_taskgroups/package.bash'
[1.920s] INFO:colcon.colcon_core.shell:Creating package script '/home/jj/tasktown_ws/install/village_taskgroups/share/village_taskgroups/package.zsh'
[1.921s] Level 1:colcon.colcon_core.environment:create_file_with_runtime_dependencies(/home/jj/tasktown_ws/install/village_taskgroups/share/colcon-core/packages/village_taskgroups)
[1.956s] DEBUG:colcon.colcon_core.event_handler.log_command:Invoking command in '/home/jj/tasktown_ws/build/village_task': CMAKE_PREFIX_PATH=/home/jj/tasktown_ws/install/village_interfaces:/home/jj/tasktown_ws/install/village_taskgroups:/home/jj/tasktown_ws/install/village_task:/home/jj/tasktown_ws/install/village_operator:/opt/ros/foxy /usr/bin/cmake --install /home/jj/tasktown_ws/build/village_task
[2.027s] Level 1:colcon.colcon_core.environment:create_environment_scripts_only(village_task)
[2.028s] Level 1:colcon.colcon_core.environment:checking '/home/jj/tasktown_ws/install/village_task' for CMake module files
[2.029s] Level 1:colcon.colcon_core.environment:checking '/home/jj/tasktown_ws/install/village_task' for CMake config files
[2.029s] Level 1:colcon.colcon_core.shell:create_environment_hook('village_task', 'cmake_prefix_path')
[2.030s] INFO:colcon.colcon_core.shell:Creating environment hook '/home/jj/tasktown_ws/install/village_task/share/village_task/hook/cmake_prefix_path.ps1'
[2.032s] DEBUG:colcon.colcon_core.event_handler.log_command:Invoked command in '/home/jj/tasktown_ws/build/village_task' returned '0': CMAKE_PREFIX_PATH=/home/jj/tasktown_ws/install/village_interfaces:/home/jj/tasktown_ws/install/village_taskgroups:/home/jj/tasktown_ws/install/village_task:/home/jj/tasktown_ws/install/village_operator:/opt/ros/foxy /usr/bin/cmake --install /home/jj/tasktown_ws/build/village_task
[2.032s] INFO:colcon.colcon_core.shell:Creating environment descriptor '/home/jj/tasktown_ws/install/village_task/share/village_task/hook/cmake_prefix_path.dsv'
[2.033s] INFO:colcon.colcon_core.shell:Creating environment hook '/home/jj/tasktown_ws/install/village_task/share/village_task/hook/cmake_prefix_path.sh'
[2.033s] Level 1:colcon.colcon_core.environment:checking '/home/jj/tasktown_ws/install/village_task/lib'
[2.034s] Level 1:colcon.colcon_core.environment:checking '/home/jj/tasktown_ws/install/village_task/bin'
[2.034s] Level 1:colcon.colcon_core.environment:checking '/home/jj/tasktown_ws/install/village_task/lib/pkgconfig/village_task.pc'
[2.034s] Level 1:colcon.colcon_core.environment:checking '/home/jj/tasktown_ws/install/village_task/lib/python3.8/site-packages'
[2.034s] Level 1:colcon.colcon_core.environment:checking '/home/jj/tasktown_ws/install/village_task/bin'
[2.035s] INFO:colcon.colcon_core.shell:Creating package script '/home/jj/tasktown_ws/install/village_task/share/village_task/package.ps1'
[2.044s] INFO:colcon.colcon_core.shell:Creating package descriptor '/home/jj/tasktown_ws/install/village_task/share/village_task/package.dsv'
[2.044s] INFO:colcon.colcon_core.shell:Creating package script '/home/jj/tasktown_ws/install/village_task/share/village_task/package.sh'
[2.045s] INFO:colcon.colcon_core.shell:Creating package script '/home/jj/tasktown_ws/install/village_task/share/village_task/package.bash'
[2.046s] INFO:colcon.colcon_core.shell:Creating package script '/home/jj/tasktown_ws/install/village_task/share/village_task/package.zsh'
[2.048s] Level 1:colcon.colcon_core.environment:create_file_with_runtime_dependencies(/home/jj/tasktown_ws/install/village_task/share/colcon-core/packages/village_task)
[2.072s] Level 1:colcon.colcon_core.environment:create_environment_scripts_only(village_taskgroups)
[2.072s] Level 1:colcon.colcon_core.environment:checking '/home/jj/tasktown_ws/install/village_taskgroups' for CMake module files
[2.073s] Level 1:colcon.colcon_core.environment:checking '/home/jj/tasktown_ws/install/village_taskgroups' for CMake config files
[2.073s] Level 1:colcon.colcon_core.shell:create_environment_hook('village_taskgroups', 'cmake_prefix_path')
[2.073s] INFO:colcon.colcon_core.shell:Creating environment hook '/home/jj/tasktown_ws/install/village_taskgroups/share/village_taskgroups/hook/cmake_prefix_path.ps1'
[2.075s] INFO:colcon.colcon_core.shell:Creating environment descriptor '/home/jj/tasktown_ws/install/village_taskgroups/share/village_taskgroups/hook/cmake_prefix_path.dsv'
[2.076s] INFO:colcon.colcon_core.shell:Creating environment hook '/home/jj/tasktown_ws/install/village_taskgroups/share/village_taskgroups/hook/cmake_prefix_path.sh'
[2.078s] Level 1:colcon.colcon_core.environment:checking '/home/jj/tasktown_ws/install/village_taskgroups/lib'
[2.079s] Level 1:colcon.colcon_core.environment:checking '/home/jj/tasktown_ws/install/village_taskgroups/bin'
[2.079s] Level 1:colcon.colcon_core.environment:checking '/home/jj/tasktown_ws/install/village_taskgroups/lib/pkgconfig/village_taskgroups.pc'
[2.079s] Level 1:colcon.colcon_core.environment:checking '/home/jj/tasktown_ws/install/village_taskgroups/lib/python3.8/site-packages'
[2.079s] Level 1:colcon.colcon_core.environment:checking '/home/jj/tasktown_ws/install/village_taskgroups/bin'
[2.080s] INFO:colcon.colcon_core.shell:Creating package script '/home/jj/tasktown_ws/install/village_taskgroups/share/village_taskgroups/package.ps1'
[2.082s] INFO:colcon.colcon_core.shell:Creating package descriptor '/home/jj/tasktown_ws/install/village_taskgroups/share/village_taskgroups/package.dsv'
[2.085s] INFO:colcon.colcon_core.shell:Creating package script '/home/jj/tasktown_ws/install/village_taskgroups/share/village_taskgroups/package.sh'
[2.086s] INFO:colcon.colcon_core.shell:Creating package script '/home/jj/tasktown_ws/install/village_taskgroups/share/village_taskgroups/package.bash'
[2.088s] INFO:colcon.colcon_core.shell:Creating package script '/home/jj/tasktown_ws/install/village_taskgroups/share/village_taskgroups/package.zsh'
[2.089s] Level 1:colcon.colcon_core.environment:create_file_with_runtime_dependencies(/home/jj/tasktown_ws/install/village_taskgroups/share/colcon-core/packages/village_taskgroups)
[2.095s] Level 1:colcon.colcon_core.environment:create_environment_scripts_only(village_task)
[2.096s] Level 1:colcon.colcon_core.environment:checking '/home/jj/tasktown_ws/install/village_task' for CMake module files
[2.096s] Level 1:colcon.colcon_core.environment:checking '/home/jj/tasktown_ws/install/village_task' for CMake config files
[2.096s] Level 1:colcon.colcon_core.shell:create_environment_hook('village_task', 'cmake_prefix_path')
[2.097s] INFO:colcon.colcon_core.shell:Creating environment hook '/home/jj/tasktown_ws/install/village_task/share/village_task/hook/cmake_prefix_path.ps1'
[2.099s] INFO:colcon.colcon_core.shell:Creating environment descriptor '/home/jj/tasktown_ws/install/village_task/share/village_task/hook/cmake_prefix_path.dsv'
[2.100s] INFO:colcon.colcon_core.shell:Creating environment hook '/home/jj/tasktown_ws/install/village_task/share/village_task/hook/cmake_prefix_path.sh'
[2.102s] Level 1:colcon.colcon_core.environment:checking '/home/jj/tasktown_ws/install/village_task/lib'
[2.102s] Level 1:colcon.colcon_core.environment:checking '/home/jj/tasktown_ws/install/village_task/bin'
[2.102s] Level 1:colcon.colcon_core.environment:checking '/home/jj/tasktown_ws/install/village_task/lib/pkgconfig/village_task.pc'
[2.103s] Level 1:colcon.colcon_core.environment:checking '/home/jj/tasktown_ws/install/village_task/lib/python3.8/site-packages'
[2.103s] Level 1:colcon.colcon_core.environment:checking '/home/jj/tasktown_ws/install/village_task/bin'
[2.103s] INFO:colcon.colcon_core.shell:Creating package script '/home/jj/tasktown_ws/install/village_task/share/village_task/package.ps1'
[2.106s] INFO:colcon.colcon_core.shell:Creating package descriptor '/home/jj/tasktown_ws/install/village_task/share/village_task/package.dsv'
[2.107s] INFO:colcon.colcon_core.shell:Creating package script '/home/jj/tasktown_ws/install/village_task/share/village_task/package.sh'
[2.108s] INFO:colcon.colcon_core.shell:Creating package script '/home/jj/tasktown_ws/install/village_task/share/village_task/package.bash'
[2.110s] INFO:colcon.colcon_core.shell:Creating package script '/home/jj/tasktown_ws/install/village_task/share/village_task/package.zsh'
[2.111s] Level 1:colcon.colcon_core.environment:create_file_with_runtime_dependencies(/home/jj/tasktown_ws/install/village_task/share/colcon-core/packages/village_task)
[8.680s] DEBUG:colcon.colcon_core.event_handler.log_command:Invoked command in '/home/jj/tasktown_ws/build/village_operator' returned '0': CMAKE_PREFIX_PATH=/home/jj/tasktown_ws/install/village_interfaces:/home/jj/tasktown_ws/install/village_taskgroups:/home/jj/tasktown_ws/install/village_task:/home/jj/tasktown_ws/install/village_operator:/opt/ros/foxy /usr/bin/cmake --build /home/jj/tasktown_ws/build/village_operator -- -j4 -l4
[8.724s] DEBUG:colcon.colcon_core.event_handler.log_command:Invoking command in '/home/jj/tasktown_ws/build/village_operator': CMAKE_PREFIX_PATH=/home/jj/tasktown_ws/install/village_interfaces:/home/jj/tasktown_ws/install/village_taskgroups:/home/jj/tasktown_ws/install/village_task:/home/jj/tasktown_ws/install/village_operator:/opt/ros/foxy /usr/bin/cmake --install /home/jj/tasktown_ws/build/village_operator
[8.762s] Level 1:colcon.colcon_core.environment:create_environment_scripts_only(village_operator)
[8.763s] Level 1:colcon.colcon_core.environment:checking '/home/jj/tasktown_ws/install/village_operator' for CMake module files
[8.763s] DEBUG:colcon.colcon_core.event_handler.log_command:Invoked command in '/home/jj/tasktown_ws/build/village_operator' returned '0': CMAKE_PREFIX_PATH=/home/jj/tasktown_ws/install/village_interfaces:/home/jj/tasktown_ws/install/village_taskgroups:/home/jj/tasktown_ws/install/village_task:/home/jj/tasktown_ws/install/village_operator:/opt/ros/foxy /usr/bin/cmake --install /home/jj/tasktown_ws/build/village_operator
[8.764s] Level 1:colcon.colcon_core.environment:checking '/home/jj/tasktown_ws/install/village_operator' for CMake config files
[8.764s] Level 1:colcon.colcon_core.shell:create_environment_hook('village_operator', 'cmake_prefix_path')
[8.765s] INFO:colcon.colcon_core.shell:Creating environment hook '/home/jj/tasktown_ws/install/village_operator/share/village_operator/hook/cmake_prefix_path.ps1'
[8.766s] INFO:colcon.colcon_core.shell:Creating environment descriptor '/home/jj/tasktown_ws/install/village_operator/share/village_operator/hook/cmake_prefix_path.dsv'
[8.766s] INFO:colcon.colcon_core.shell:Creating environment hook '/home/jj/tasktown_ws/install/village_operator/share/village_operator/hook/cmake_prefix_path.sh'
[8.768s] Level 1:colcon.colcon_core.environment:checking '/home/jj/tasktown_ws/install/village_operator/lib'
[8.768s] Level 1:colcon.colcon_core.environment:checking '/home/jj/tasktown_ws/install/village_operator/bin'
[8.768s] Level 1:colcon.colcon_core.environment:checking '/home/jj/tasktown_ws/install/village_operator/lib/pkgconfig/village_operator.pc'
[8.768s] Level 1:colcon.colcon_core.environment:checking '/home/jj/tasktown_ws/install/village_operator/lib/python3.8/site-packages'
[8.769s] Level 1:colcon.colcon_core.environment:checking '/home/jj/tasktown_ws/install/village_operator/bin'
[8.769s] INFO:colcon.colcon_core.shell:Creating package script '/home/jj/tasktown_ws/install/village_operator/share/village_operator/package.ps1'
[8.770s] INFO:colcon.colcon_core.shell:Creating package descriptor '/home/jj/tasktown_ws/install/village_operator/share/village_operator/package.dsv'
[8.771s] INFO:colcon.colcon_core.shell:Creating package script '/home/jj/tasktown_ws/install/village_operator/share/village_operator/package.sh'
[8.773s] INFO:colcon.colcon_core.shell:Creating package script '/home/jj/tasktown_ws/install/village_operator/share/village_operator/package.bash'
[8.775s] INFO:colcon.colcon_core.shell:Creating package script '/home/jj/tasktown_ws/install/village_operator/share/village_operator/package.zsh'
[8.777s] Level 1:colcon.colcon_core.environment:create_file_with_runtime_dependencies(/home/jj/tasktown_ws/install/village_operator/share/colcon-core/packages/village_operator)
[8.817s] Level 1:colcon.colcon_core.environment:create_environment_scripts_only(village_operator)
[8.817s] Level 1:colcon.colcon_core.environment:checking '/home/jj/tasktown_ws/install/village_operator' for CMake module files
[8.818s] Level 1:colcon.colcon_core.environment:checking '/home/jj/tasktown_ws/install/village_operator' for CMake config files
[8.818s] Level 1:colcon.colcon_core.shell:create_environment_hook('village_operator', 'cmake_prefix_path')
[8.819s] INFO:colcon.colcon_core.shell:Creating environment hook '/home/jj/tasktown_ws/install/village_operator/share/village_operator/hook/cmake_prefix_path.ps1'
[8.820s] INFO:colcon.colcon_core.shell:Creating environment descriptor '/home/jj/tasktown_ws/install/village_operator/share/village_operator/hook/cmake_prefix_path.dsv'
[8.821s] INFO:colcon.colcon_core.shell:Creating environment hook '/home/jj/tasktown_ws/install/village_operator/share/village_operator/hook/cmake_prefix_path.sh'
[8.822s] Level 1:colcon.colcon_core.environment:checking '/home/jj/tasktown_ws/install/village_operator/lib'
[8.822s] Level 1:colcon.colcon_core.environment:checking '/home/jj/tasktown_ws/install/village_operator/bin'
[8.822s] Level 1:colcon.colcon_core.environment:checking '/home/jj/tasktown_ws/install/village_operator/lib/pkgconfig/village_operator.pc'
[8.822s] Level 1:colcon.colcon_core.environment:checking '/home/jj/tasktown_ws/install/village_operator/lib/python3.8/site-packages'
[8.823s] Level 1:colcon.colcon_core.environment:checking '/home/jj/tasktown_ws/install/village_operator/bin'
[8.824s] INFO:colcon.colcon_core.shell:Creating package script '/home/jj/tasktown_ws/install/village_operator/share/village_operator/package.ps1'
[8.826s] INFO:colcon.colcon_core.shell:Creating package descriptor '/home/jj/tasktown_ws/install/village_operator/share/village_operator/package.dsv'
[8.827s] INFO:colcon.colcon_core.shell:Creating package script '/home/jj/tasktown_ws/install/village_operator/share/village_operator/package.sh'
[8.829s] INFO:colcon.colcon_core.shell:Creating package script '/home/jj/tasktown_ws/install/village_operator/share/village_operator/package.bash'
[8.831s] INFO:colcon.colcon_core.shell:Creating package script '/home/jj/tasktown_ws/install/village_operator/share/village_operator/package.zsh'
[8.832s] Level 1:colcon.colcon_core.environment:create_file_with_runtime_dependencies(/home/jj/tasktown_ws/install/village_operator/share/colcon-core/packages/village_operator)
[8.837s] DEBUG:colcon.colcon_parallel_executor.executor.parallel:closing loop
[8.837s] DEBUG:colcon.colcon_parallel_executor.executor.parallel:loop closed
[8.837s] DEBUG:colcon.colcon_parallel_executor.executor.parallel:run_until_complete finished with '0'
[8.837s] DEBUG:colcon.colcon_core.event_reactor:joining thread
[8.852s] INFO:colcon.colcon_core.plugin_system:Skipping extension 'colcon_notification.desktop_notification.terminal_notifier': Not used on non-Darwin systems
[8.852s] INFO:colcon.colcon_core.plugin_system:Skipping extension 'colcon_notification.desktop_notification.win32': Not used on non-Windows systems
[8.852s] INFO:colcon.colcon_notification.desktop_notification:Sending desktop notification using 'notify2'
[8.885s] DEBUG:colcon.colcon_core.event_reactor:joined thread
[8.885s] INFO:colcon.colcon_core.shell:Creating prefix script '/home/jj/tasktown_ws/install/local_setup.ps1'
[8.887s] INFO:colcon.colcon_core.shell:Creating prefix util module '/home/jj/tasktown_ws/install/_local_setup_util_ps1.py'
[8.890s] INFO:colcon.colcon_core.shell:Creating prefix chain script '/home/jj/tasktown_ws/install/setup.ps1'
[8.892s] INFO:colcon.colcon_core.shell:Creating prefix script '/home/jj/tasktown_ws/install/local_setup.sh'
[8.894s] INFO:colcon.colcon_core.shell:Creating prefix util module '/home/jj/tasktown_ws/install/_local_setup_util_sh.py'
[8.895s] INFO:colcon.colcon_core.shell:Creating prefix chain script '/home/jj/tasktown_ws/install/setup.sh'
[8.897s] INFO:colcon.colcon_core.shell:Creating prefix script '/home/jj/tasktown_ws/install/local_setup.bash'
[8.898s] INFO:colcon.colcon_core.shell:Creating prefix chain script '/home/jj/tasktown_ws/install/setup.bash'
[8.900s] INFO:colcon.colcon_core.shell:Creating prefix script '/home/jj/tasktown_ws/install/local_setup.zsh'
[8.901s] INFO:colcon.colcon_core.shell:Creating prefix chain script '/home/jj/tasktown_ws/install/setup.zsh'
