[0.035s] Invoking command in '/home/jj/tasktown_ws/build/village_interfaces': CMAKE_PREFIX_PATH=${CMAKE_PREFIX_PATH}:/opt/ros/foxy /usr/bin/cmake --build /home/jj/tasktown_ws/build/village_interfaces -- -j4 -l4
[0.194s] [  1%] Built target village_interfaces__cpp
[0.221s] [ 12%] Built target village_interfaces__rosidl_generator_c
[0.255s] [ 23%] Built target village_interfaces__rosidl_typesupport_cpp
[0.270s] [ 34%] Built target village_interfaces__rosidl_typesupport_introspection_cpp
[0.272s] [ 45%] Built target village_interfaces__rosidl_typesupport_introspection_c
[0.274s] [ 56%] Built target village_interfaces__rosidl_typesupport_fastrtps_cpp
[0.298s] [ 67%] Built target village_interfaces__rosidl_typesupport_c
[0.317s] [ 78%] Built target village_interfaces__rosidl_typesupport_fastrtps_c
[0.349s] [ 78%] Built target village_interfaces
[0.381s] [ 80%] Built target village_interfaces__py
[0.426s] [ 89%] Built target village_interfaces__python
[0.469s] [ 92%] Built target village_interfaces__rosidl_typesupport_c__pyext
[0.474s] [ 96%] Built target village_interfaces__rosidl_typesupport_introspection_c__pyext
[0.479s] [100%] Built target village_interfaces__rosidl_typesupport_fastrtps_c__pyext
[0.503s] Invoked command in '/home/jj/tasktown_ws/build/village_interfaces' returned '0': CMAKE_PREFIX_PATH=${CMAKE_PREFIX_PATH}:/opt/ros/foxy /usr/bin/cmake --build /home/jj/tasktown_ws/build/village_interfaces -- -j4 -l4
[0.709s] Invoking command in '/home/jj/tasktown_ws/build/village_interfaces': CMAKE_PREFIX_PATH=${CMAKE_PREFIX_PATH}:/opt/ros/foxy /usr/bin/cmake --install /home/jj/tasktown_ws/build/village_interfaces
[0.724s] -- Install configuration: "RelWithDebInfo"
[0.727s] -- Execute custom install script
[0.727s] -- Up-to-date symlink: /home/jj/tasktown_ws/install/village_interfaces/share/ament_index/resource_index/rosidl_interfaces/village_interfaces
[0.729s] -- Up-to-date symlink: /home/jj/tasktown_ws/install/village_interfaces/include/village_interfaces/msg/detail/task__functions.h
[0.730s] -- Up-to-date symlink: /home/jj/tasktown_ws/install/village_interfaces/include/village_interfaces/msg/detail/task__struct.h
[0.730s] -- Up-to-date symlink: /home/jj/tasktown_ws/install/village_interfaces/include/village_interfaces/msg/detail/task__type_support.h
[0.730s] -- Up-to-date symlink: /home/jj/tasktown_ws/install/village_interfaces/include/village_interfaces/msg/rosidl_generator_c__visibility_control.h
[0.730s] -- Up-to-date symlink: /home/jj/tasktown_ws/install/village_interfaces/include/village_interfaces/msg/task.h
[0.731s] -- Up-to-date symlink: /home/jj/tasktown_ws/install/village_interfaces/include/village_interfaces/srv/borrow_money.h
[0.731s] -- Up-to-date symlink: /home/jj/tasktown_ws/install/village_interfaces/include/village_interfaces/srv/detail/borrow_money__functions.h
[0.731s] -- Up-to-date symlink: /home/jj/tasktown_ws/install/village_interfaces/include/village_interfaces/srv/detail/borrow_money__struct.h
[0.731s] -- Up-to-date symlink: /home/jj/tasktown_ws/install/village_interfaces/include/village_interfaces/srv/detail/borrow_money__type_support.h
[0.731s] -- Up-to-date symlink: /home/jj/tasktown_ws/install/village_interfaces/include/village_interfaces/srv/detail/task_assign__functions.h
[0.732s] -- Up-to-date symlink: /home/jj/tasktown_ws/install/village_interfaces/include/village_interfaces/srv/detail/task_assign__struct.h
[0.732s] -- Up-to-date symlink: /home/jj/tasktown_ws/install/village_interfaces/include/village_interfaces/srv/detail/task_assign__type_support.h
[0.732s] -- Up-to-date symlink: /home/jj/tasktown_ws/install/village_interfaces/include/village_interfaces/srv/detail/task_update__functions.h
[0.733s] -- Up-to-date symlink: /home/jj/tasktown_ws/install/village_interfaces/include/village_interfaces/srv/detail/task_update__struct.h
[0.733s] -- Up-to-date symlink: /home/jj/tasktown_ws/install/village_interfaces/include/village_interfaces/srv/detail/task_update__type_support.h
[0.733s] -- Up-to-date symlink: /home/jj/tasktown_ws/install/village_interfaces/include/village_interfaces/srv/task_assign.h
[0.734s] -- Up-to-date symlink: /home/jj/tasktown_ws/install/village_interfaces/include/village_interfaces/srv/task_update.h
[0.734s] -- Up-to-date symlink: /home/jj/tasktown_ws/install/village_interfaces/share/village_interfaces/environment/library_path.sh
[0.735s] -- Up-to-date symlink: /home/jj/tasktown_ws/install/village_interfaces/share/village_interfaces/environment/library_path.dsv
[0.735s] -- Up-to-date symlink: /home/jj/tasktown_ws/install/village_interfaces/include/village_interfaces/msg/detail/task__rosidl_typesupport_fastrtps_c.h
[0.735s] -- Up-to-date symlink: /home/jj/tasktown_ws/install/village_interfaces/include/village_interfaces/msg/rosidl_typesupport_fastrtps_c__visibility_control.h
[0.735s] -- Up-to-date symlink: /home/jj/tasktown_ws/install/village_interfaces/include/village_interfaces/srv/detail/borrow_money__rosidl_typesupport_fastrtps_c.h
[0.736s] -- Up-to-date symlink: /home/jj/tasktown_ws/install/village_interfaces/include/village_interfaces/srv/detail/task_assign__rosidl_typesupport_fastrtps_c.h
[0.738s] -- Up-to-date symlink: /home/jj/tasktown_ws/install/village_interfaces/include/village_interfaces/srv/detail/task_update__rosidl_typesupport_fastrtps_c.h
[0.740s] -- Up-to-date symlink: /home/jj/tasktown_ws/install/village_interfaces/lib/libvillage_interfaces__rosidl_typesupport_fastrtps_c.so
[0.741s] -- Up-to-date symlink: /home/jj/tasktown_ws/install/village_interfaces/include/village_interfaces/msg/detail/task__rosidl_typesupport_fastrtps_cpp.hpp
[0.741s] -- Up-to-date symlink: /home/jj/tasktown_ws/install/village_interfaces/include/village_interfaces/msg/rosidl_typesupport_fastrtps_cpp__visibility_control.h
[0.741s] -- Up-to-date symlink: /home/jj/tasktown_ws/install/village_interfaces/include/village_interfaces/srv/detail/borrow_money__rosidl_typesupport_fastrtps_cpp.hpp
[0.741s] -- Up-to-date symlink: /home/jj/tasktown_ws/install/village_interfaces/include/village_interfaces/srv/detail/task_assign__rosidl_typesupport_fastrtps_cpp.hpp
[0.742s] -- Up-to-date symlink: /home/jj/tasktown_ws/install/village_interfaces/include/village_interfaces/srv/detail/task_update__rosidl_typesupport_fastrtps_cpp.hpp
[0.743s] -- Up-to-date symlink: /home/jj/tasktown_ws/install/village_interfaces/lib/libvillage_interfaces__rosidl_typesupport_fastrtps_cpp.so
[0.745s] -- Up-to-date symlink: /home/jj/tasktown_ws/install/village_interfaces/include/village_interfaces/msg/detail/task__rosidl_typesupport_introspection_c.h
[0.745s] -- Up-to-date symlink: /home/jj/tasktown_ws/install/village_interfaces/include/village_interfaces/msg/rosidl_typesupport_introspection_c__visibility_control.h
[0.745s] -- Up-to-date symlink: /home/jj/tasktown_ws/install/village_interfaces/include/village_interfaces/srv/detail/borrow_money__rosidl_typesupport_introspection_c.h
[0.745s] -- Up-to-date symlink: /home/jj/tasktown_ws/install/village_interfaces/include/village_interfaces/srv/detail/task_assign__rosidl_typesupport_introspection_c.h
[0.745s] -- Up-to-date symlink: /home/jj/tasktown_ws/install/village_interfaces/include/village_interfaces/srv/detail/task_update__rosidl_typesupport_introspection_c.h
[0.750s] -- Up-to-date symlink: /home/jj/tasktown_ws/install/village_interfaces/include/village_interfaces/msg/detail/task__builder.hpp
[0.750s] -- Up-to-date symlink: /home/jj/tasktown_ws/install/village_interfaces/include/village_interfaces/msg/detail/task__struct.hpp
[0.750s] -- Up-to-date symlink: /home/jj/tasktown_ws/install/village_interfaces/include/village_interfaces/msg/detail/task__traits.hpp
[0.750s] -- Up-to-date symlink: /home/jj/tasktown_ws/install/village_interfaces/include/village_interfaces/msg/detail/task__type_support.hpp
[0.750s] -- Up-to-date symlink: /home/jj/tasktown_ws/install/village_interfaces/include/village_interfaces/msg/rosidl_generator_cpp__visibility_control.hpp
[0.751s] -- Up-to-date symlink: /home/jj/tasktown_ws/install/village_interfaces/include/village_interfaces/msg/task.hpp
[0.751s] -- Up-to-date symlink: /home/jj/tasktown_ws/install/village_interfaces/include/village_interfaces/srv/borrow_money.hpp
[0.751s] -- Up-to-date symlink: /home/jj/tasktown_ws/install/village_interfaces/include/village_interfaces/srv/detail/borrow_money__builder.hpp
[0.751s] -- Up-to-date symlink: /home/jj/tasktown_ws/install/village_interfaces/include/village_interfaces/srv/detail/borrow_money__struct.hpp
[0.751s] -- Up-to-date symlink: /home/jj/tasktown_ws/install/village_interfaces/include/village_interfaces/srv/detail/borrow_money__traits.hpp
[0.751s] -- Up-to-date symlink: /home/jj/tasktown_ws/install/village_interfaces/include/village_interfaces/srv/detail/borrow_money__type_support.hpp
[0.751s] -- Up-to-date symlink: /home/jj/tasktown_ws/install/village_interfaces/include/village_interfaces/srv/detail/task_assign__builder.hpp
[0.751s] -- Up-to-date symlink: /home/jj/tasktown_ws/install/village_interfaces/include/village_interfaces/srv/detail/task_assign__struct.hpp
[0.751s] -- Up-to-date symlink: /home/jj/tasktown_ws/install/village_interfaces/include/village_interfaces/srv/detail/task_assign__traits.hpp
[0.752s] -- Up-to-date symlink: /home/jj/tasktown_ws/install/village_interfaces/include/village_interfaces/srv/detail/task_assign__type_support.hpp
[0.752s] -- Up-to-date symlink: /home/jj/tasktown_ws/install/village_interfaces/include/village_interfaces/srv/detail/task_update__builder.hpp
[0.752s] -- Up-to-date symlink: /home/jj/tasktown_ws/install/village_interfaces/include/village_interfaces/srv/detail/task_update__struct.hpp
[0.752s] -- Up-to-date symlink: /home/jj/tasktown_ws/install/village_interfaces/include/village_interfaces/srv/detail/task_update__traits.hpp
[0.752s] -- Up-to-date symlink: /home/jj/tasktown_ws/install/village_interfaces/include/village_interfaces/srv/detail/task_update__type_support.hpp
[0.752s] -- Up-to-date symlink: /home/jj/tasktown_ws/install/village_interfaces/include/village_interfaces/srv/task_assign.hpp
[0.752s] -- Up-to-date symlink: /home/jj/tasktown_ws/install/village_interfaces/include/village_interfaces/srv/task_update.hpp
[0.752s] -- Up-to-date symlink: /home/jj/tasktown_ws/install/village_interfaces/include/village_interfaces/msg/detail/task__rosidl_typesupport_introspection_cpp.hpp
[0.752s] -- Up-to-date symlink: /home/jj/tasktown_ws/install/village_interfaces/include/village_interfaces/srv/detail/borrow_money__rosidl_typesupport_introspection_cpp.hpp
[0.752s] -- Up-to-date symlink: /home/jj/tasktown_ws/install/village_interfaces/include/village_interfaces/srv/detail/task_assign__rosidl_typesupport_introspection_cpp.hpp
[0.752s] -- Up-to-date symlink: /home/jj/tasktown_ws/install/village_interfaces/include/village_interfaces/srv/detail/task_update__rosidl_typesupport_introspection_cpp.hpp
[0.753s] -- Up-to-date symlink: /home/jj/tasktown_ws/install/village_interfaces/share/village_interfaces/environment/pythonpath.sh
[0.753s] -- Up-to-date symlink: /home/jj/tasktown_ws/install/village_interfaces/share/village_interfaces/environment/pythonpath.dsv
[0.753s] -- Up-to-date symlink: /home/jj/tasktown_ws/install/village_interfaces/lib/python3.8/site-packages/village_interfaces/__init__.py
[0.753s] -- Up-to-date symlink: /home/jj/tasktown_ws/install/village_interfaces/lib/python3.8/site-packages/village_interfaces/msg/__init__.py
[0.753s] -- Up-to-date symlink: /home/jj/tasktown_ws/install/village_interfaces/lib/python3.8/site-packages/village_interfaces/msg/_task.py
[0.754s] -- Up-to-date symlink: /home/jj/tasktown_ws/install/village_interfaces/lib/python3.8/site-packages/village_interfaces/srv/__init__.py
[0.754s] -- Up-to-date symlink: /home/jj/tasktown_ws/install/village_interfaces/lib/python3.8/site-packages/village_interfaces/srv/_borrow_money.py
[0.754s] -- Up-to-date symlink: /home/jj/tasktown_ws/install/village_interfaces/lib/python3.8/site-packages/village_interfaces/srv/_task_assign.py
[0.755s] -- Up-to-date symlink: /home/jj/tasktown_ws/install/village_interfaces/lib/python3.8/site-packages/village_interfaces/srv/_task_update.py
[0.755s] -- Up-to-date symlink: /home/jj/tasktown_ws/install/village_interfaces/lib/python3.8/site-packages/village_interfaces/village_interfaces_s__rosidl_typesupport_fastrtps_c.cpython-38-x86_64-linux-gnu.so
[0.756s] -- Up-to-date symlink: /home/jj/tasktown_ws/install/village_interfaces/lib/python3.8/site-packages/village_interfaces/village_interfaces_s__rosidl_typesupport_introspection_c.cpython-38-x86_64-linux-gnu.so
[0.757s] -- Up-to-date symlink: /home/jj/tasktown_ws/install/village_interfaces/lib/python3.8/site-packages/village_interfaces/village_interfaces_s__rosidl_typesupport_c.cpython-38-x86_64-linux-gnu.so
[0.760s] -- Up-to-date symlink: /home/jj/tasktown_ws/install/village_interfaces/lib/libvillage_interfaces__python.so
[0.762s] -- Up-to-date symlink: /home/jj/tasktown_ws/install/village_interfaces/share/village_interfaces/msg/Task.idl
[0.765s] -- Up-to-date symlink: /home/jj/tasktown_ws/install/village_interfaces/share/village_interfaces/srv/BorrowMoney.idl
[0.766s] -- Up-to-date symlink: /home/jj/tasktown_ws/install/village_interfaces/share/village_interfaces/srv/TaskAssign.idl
[0.766s] -- Up-to-date symlink: /home/jj/tasktown_ws/install/village_interfaces/share/village_interfaces/srv/TaskUpdate.idl
[0.766s] -- Up-to-date symlink: /home/jj/tasktown_ws/install/village_interfaces/share/village_interfaces/msg/Task.msg
[0.766s] -- Up-to-date symlink: /home/jj/tasktown_ws/install/village_interfaces/share/village_interfaces/srv/BorrowMoney.srv
[0.766s] -- Up-to-date symlink: /home/jj/tasktown_ws/install/village_interfaces/share/village_interfaces/srv/BorrowMoney_Request.msg
[0.766s] -- Up-to-date symlink: /home/jj/tasktown_ws/install/village_interfaces/share/village_interfaces/srv/BorrowMoney_Response.msg
[0.766s] -- Up-to-date symlink: /home/jj/tasktown_ws/install/village_interfaces/share/village_interfaces/srv/TaskAssign.srv
[0.766s] -- Up-to-date symlink: /home/jj/tasktown_ws/install/village_interfaces/share/village_interfaces/srv/TaskAssign_Request.msg
[0.766s] -- Up-to-date symlink: /home/jj/tasktown_ws/install/village_interfaces/share/village_interfaces/srv/TaskAssign_Response.msg
[0.766s] -- Up-to-date symlink: /home/jj/tasktown_ws/install/village_interfaces/share/village_interfaces/srv/TaskUpdate.srv
[0.767s] -- Up-to-date symlink: /home/jj/tasktown_ws/install/village_interfaces/share/village_interfaces/srv/TaskUpdate_Request.msg
[0.767s] -- Up-to-date symlink: /home/jj/tasktown_ws/install/village_interfaces/share/village_interfaces/srv/TaskUpdate_Response.msg
[0.767s] -- Up-to-date symlink: /home/jj/tasktown_ws/install/village_interfaces/share/ament_index/resource_index/package_run_dependencies/village_interfaces
[0.767s] -- Up-to-date symlink: /home/jj/tasktown_ws/install/village_interfaces/share/ament_index/resource_index/parent_prefix_path/village_interfaces
[0.767s] -- Up-to-date symlink: /home/jj/tasktown_ws/install/village_interfaces/share/village_interfaces/environment/ament_prefix_path.sh
[0.767s] -- Up-to-date symlink: /home/jj/tasktown_ws/install/village_interfaces/share/village_interfaces/environment/ament_prefix_path.dsv
[0.767s] -- Up-to-date symlink: /home/jj/tasktown_ws/install/village_interfaces/share/village_interfaces/environment/path.sh
[0.767s] -- Up-to-date symlink: /home/jj/tasktown_ws/install/village_interfaces/share/village_interfaces/environment/path.dsv
[0.776s] -- Up-to-date symlink: /home/jj/tasktown_ws/install/village_interfaces/share/village_interfaces/local_setup.bash
[0.776s] -- Up-to-date symlink: /home/jj/tasktown_ws/install/village_interfaces/share/village_interfaces/local_setup.sh
[0.776s] -- Up-to-date symlink: /home/jj/tasktown_ws/install/village_interfaces/share/village_interfaces/local_setup.zsh
[0.776s] -- Up-to-date symlink: /home/jj/tasktown_ws/install/village_interfaces/share/village_interfaces/local_setup.dsv
[0.776s] -- Symlinking: /home/jj/tasktown_ws/install/village_interfaces/share/village_interfaces/package.dsv
[0.783s] -- Up-to-date symlink: /home/jj/tasktown_ws/install/village_interfaces/share/ament_index/resource_index/packages/village_interfaces
[0.784s] -- Up-to-date symlink: /home/jj/tasktown_ws/install/village_interfaces/share/village_interfaces/cmake/rosidl_cmake-extras.cmake
[0.784s] -- Up-to-date symlink: /home/jj/tasktown_ws/install/village_interfaces/share/village_interfaces/cmake/ament_cmake_export_dependencies-extras.cmake
[0.784s] -- Up-to-date symlink: /home/jj/tasktown_ws/install/village_interfaces/share/village_interfaces/cmake/ament_cmake_export_libraries-extras.cmake
[0.784s] -- Up-to-date symlink: /home/jj/tasktown_ws/install/village_interfaces/share/village_interfaces/cmake/ament_cmake_export_targets-extras.cmake
[0.784s] -- Up-to-date symlink: /home/jj/tasktown_ws/install/village_interfaces/share/village_interfaces/cmake/ament_cmake_export_include_directories-extras.cmake
[0.785s] -- Up-to-date symlink: /home/jj/tasktown_ws/install/village_interfaces/share/village_interfaces/cmake/rosidl_cmake_export_typesupport_libraries-extras.cmake
[0.785s] -- Up-to-date symlink: /home/jj/tasktown_ws/install/village_interfaces/share/village_interfaces/cmake/rosidl_cmake_export_typesupport_targets-extras.cmake
[0.785s] -- Up-to-date symlink: /home/jj/tasktown_ws/install/village_interfaces/share/village_interfaces/cmake/village_interfacesConfig.cmake
[0.785s] -- Up-to-date symlink: /home/jj/tasktown_ws/install/village_interfaces/share/village_interfaces/cmake/village_interfacesConfig-version.cmake
[0.786s] -- Up-to-date symlink: /home/jj/tasktown_ws/install/village_interfaces/share/village_interfaces/package.xml
[0.786s] -- Up-to-date: /home/jj/tasktown_ws/install/village_interfaces/lib/libvillage_interfaces__rosidl_generator_c.so
[0.786s] -- Up-to-date: /home/jj/tasktown_ws/install/village_interfaces/lib/libvillage_interfaces__rosidl_typesupport_introspection_c.so
[0.787s] -- Up-to-date: /home/jj/tasktown_ws/install/village_interfaces/lib/libvillage_interfaces__rosidl_typesupport_c.so
[0.787s] -- Up-to-date: /home/jj/tasktown_ws/install/village_interfaces/lib/libvillage_interfaces__rosidl_typesupport_introspection_cpp.so
[0.787s] -- Up-to-date: /home/jj/tasktown_ws/install/village_interfaces/lib/libvillage_interfaces__rosidl_typesupport_cpp.so
[0.832s] -- Up-to-date: /home/jj/tasktown_ws/install/village_interfaces/share/village_interfaces/cmake/village_interfaces__rosidl_generator_cExport.cmake
[0.833s] -- Up-to-date: /home/jj/tasktown_ws/install/village_interfaces/share/village_interfaces/cmake/village_interfaces__rosidl_generator_cExport-relwithdebinfo.cmake
[0.834s] -- Up-to-date: /home/jj/tasktown_ws/install/village_interfaces/share/village_interfaces/cmake/village_interfaces__rosidl_typesupport_introspection_cExport.cmake
[0.834s] -- Up-to-date: /home/jj/tasktown_ws/install/village_interfaces/share/village_interfaces/cmake/village_interfaces__rosidl_typesupport_introspection_cExport-relwithdebinfo.cmake
[0.835s] -- Up-to-date: /home/jj/tasktown_ws/install/village_interfaces/share/village_interfaces/cmake/village_interfaces__rosidl_typesupport_cExport.cmake
[0.835s] -- Up-to-date: /home/jj/tasktown_ws/install/village_interfaces/share/village_interfaces/cmake/village_interfaces__rosidl_typesupport_cExport-relwithdebinfo.cmake
[0.836s] -- Up-to-date: /home/jj/tasktown_ws/install/village_interfaces/share/village_interfaces/cmake/village_interfaces__rosidl_generator_cppExport.cmake
[0.839s] -- Up-to-date: /home/jj/tasktown_ws/install/village_interfaces/share/village_interfaces/cmake/village_interfaces__rosidl_typesupport_introspection_cppExport.cmake
[0.840s] -- Up-to-date: /home/jj/tasktown_ws/install/village_interfaces/share/village_interfaces/cmake/village_interfaces__rosidl_typesupport_introspection_cppExport-relwithdebinfo.cmake
[0.841s] -- Up-to-date: /home/jj/tasktown_ws/install/village_interfaces/share/village_interfaces/cmake/village_interfaces__rosidl_typesupport_cppExport.cmake
[0.841s] -- Up-to-date: /home/jj/tasktown_ws/install/village_interfaces/share/village_interfaces/cmake/village_interfaces__rosidl_typesupport_cppExport-relwithdebinfo.cmake
[0.841s] Invoked command in '/home/jj/tasktown_ws/build/village_interfaces' returned '0': CMAKE_PREFIX_PATH=${CMAKE_PREFIX_PATH}:/opt/ros/foxy /usr/bin/cmake --install /home/jj/tasktown_ws/build/village_interfaces
