[0.052s] Invoking command in '/home/jj/tasktown_ws/build/village_task': CMAKE_PREFIX_PATH=/home/jj/tasktown_ws/install/village_interfaces:/home/jj/tasktown_ws/install/village_taskgroups:/home/jj/tasktown_ws/install/village_task:/home/jj/tasktown_ws/install/village_operator:/opt/ros/foxy /usr/bin/cmake --build /home/jj/tasktown_ws/build/village_task -- -j4 -l4
[0.154s] [35m[1mScanning dependencies of target task_node[0m
[0.209s] [ 50%] [32mBuilding CXX object CMakeFiles/task_node.dir/src/task.cpp.o[0m
[6.491s] [100%] [32m[1mLinking CXX executable task_node[0m
[6.858s] [100%] Built target task_node
[6.877s] Invoked command in '/home/jj/tasktown_ws/build/village_task' returned '0': CMAKE_PREFIX_PATH=/home/jj/tasktown_ws/install/village_interfaces:/home/jj/tasktown_ws/install/village_taskgroups:/home/jj/tasktown_ws/install/village_task:/home/jj/tasktown_ws/install/village_operator:/opt/ros/foxy /usr/bin/cmake --build /home/jj/tasktown_ws/build/village_task -- -j4 -l4
[6.919s] Invoking command in '/home/jj/tasktown_ws/build/village_task': CMAKE_PREFIX_PATH=/home/jj/tasktown_ws/install/village_interfaces:/home/jj/tasktown_ws/install/village_taskgroups:/home/jj/tasktown_ws/install/village_task:/home/jj/tasktown_ws/install/village_operator:/opt/ros/foxy /usr/bin/cmake --install /home/jj/tasktown_ws/build/village_task
[6.931s] -- Install configuration: "RelWithDebInfo"
[6.932s] -- Execute custom install script
[6.933s] -- Up-to-date symlink: /home/jj/tasktown_ws/install/village_task/share/ament_index/resource_index/package_run_dependencies/village_task
[6.933s] -- Up-to-date symlink: /home/jj/tasktown_ws/install/village_task/share/ament_index/resource_index/parent_prefix_path/village_task
[6.934s] -- Up-to-date symlink: /home/jj/tasktown_ws/install/village_task/share/village_task/environment/ament_prefix_path.sh
[6.935s] -- Up-to-date symlink: /home/jj/tasktown_ws/install/village_task/share/village_task/environment/ament_prefix_path.dsv
[6.936s] -- Up-to-date symlink: /home/jj/tasktown_ws/install/village_task/share/village_task/environment/path.sh
[6.938s] -- Up-to-date symlink: /home/jj/tasktown_ws/install/village_task/share/village_task/environment/path.dsv
[6.938s] -- Up-to-date symlink: /home/jj/tasktown_ws/install/village_task/share/village_task/local_setup.bash
[6.938s] -- Up-to-date symlink: /home/jj/tasktown_ws/install/village_task/share/village_task/local_setup.sh
[6.939s] -- Up-to-date symlink: /home/jj/tasktown_ws/install/village_task/share/village_task/local_setup.zsh
[6.941s] -- Up-to-date symlink: /home/jj/tasktown_ws/install/village_task/share/village_task/local_setup.dsv
[6.941s] -- Symlinking: /home/jj/tasktown_ws/install/village_task/share/village_task/package.dsv
[6.955s] -- Up-to-date symlink: /home/jj/tasktown_ws/install/village_task/share/ament_index/resource_index/packages/village_task
[6.957s] -- Up-to-date symlink: /home/jj/tasktown_ws/install/village_task/share/village_task/cmake/village_taskConfig.cmake
[6.958s] -- Up-to-date symlink: /home/jj/tasktown_ws/install/village_task/share/village_task/cmake/village_taskConfig-version.cmake
[6.958s] -- Up-to-date symlink: /home/jj/tasktown_ws/install/village_task/share/village_task/package.xml
[6.961s] -- Up-to-date symlink: /home/jj/tasktown_ws/install/village_task/lib/village_task/task_node
[6.967s] Invoked command in '/home/jj/tasktown_ws/build/village_task' returned '0': CMAKE_PREFIX_PATH=/home/jj/tasktown_ws/install/village_interfaces:/home/jj/tasktown_ws/install/village_taskgroups:/home/jj/tasktown_ws/install/village_task:/home/jj/tasktown_ws/install/village_operator:/opt/ros/foxy /usr/bin/cmake --install /home/jj/tasktown_ws/build/village_task
