[0.276s] DEBUG:colcon:Command line arguments: ['/usr/bin/colcon', 'build', '--symlink-install', '--event-handlers', 'console_cohesion+', '--base-paths', '/home/jj/tasktown_ws', '--cmake-args', '-DCMAKE_BUILD_TYPE=RelWithDebInfo']
[0.276s] DEBUG:colcon:Parsed command line arguments: Namespace(allow_overriding=[], ament_cmake_args=None, base_paths=['/home/jj/tasktown_ws'], build_base='build', catkin_cmake_args=None, catkin_skip_building_tests=False, cmake_args=['-DCMAKE_BUILD_TYPE=RelWithDebInfo'], cmake_clean_cache=False, cmake_clean_first=False, cmake_force_configure=False, cmake_target=None, cmake_target_skip_unavailable=False, continue_on_error=False, event_handlers=['console_cohesion+'], executor='parallel', ignore_user_meta=False, install_base='install', log_base=None, log_level=None, main=<bound method BuildVerb.main of <colcon_core.verb.build.BuildVerb object at 0x7fb32333d370>>, merge_install=False, metas=['./colcon.meta'], mixin=None, mixin_files=None, mixin_verb=('build',), packages_above=None, packages_above_and_dependencies=None, packages_above_depth=None, packages_end=None, packages_ignore=None, packages_ignore_regex=None, packages_select=None, packages_select_build_failed=False, packages_select_by_dep=None, packages_select_regex=None, packages_select_test_failures=False, packages_skip=None, packages_skip_build_finished=False, packages_skip_by_dep=None, packages_skip_regex=None, packages_skip_test_passed=False, packages_skip_up_to=None, packages_start=None, packages_up_to=None, packages_up_to_regex=None, parallel_workers=2, paths=None, symlink_install=True, test_result_base=None, verb_extension=<colcon_core.verb.build.BuildVerb object at 0x7fb32333d370>, verb_name='build', verb_parser=<colcon_mixin.mixin.mixin_argument.MixinArgumentDecorator object at 0x7fb32333d850>)
[0.458s] Level 1:colcon.colcon_core.package_discovery:discover_packages(colcon_meta) check parameters
[0.459s] Level 1:colcon.colcon_core.package_discovery:discover_packages(recursive) check parameters
[0.459s] Level 1:colcon.colcon_core.package_discovery:discover_packages(ignore) check parameters
[0.459s] Level 1:colcon.colcon_core.package_discovery:discover_packages(path) check parameters
[0.459s] Level 1:colcon.colcon_core.package_discovery:discover_packages(recursive) discover
[0.459s] INFO:colcon.colcon_core.package_discovery:Crawling recursively for packages in '/home/jj/tasktown_ws'
[0.459s] Level 1:colcon.colcon_core.package_identification:_identify(/home/jj/tasktown_ws) by extensions ['ignore', 'ignore_ament_install']
[0.459s] Level 1:colcon.colcon_core.package_identification:_identify(/home/jj/tasktown_ws) by extension 'ignore'
[0.459s] Level 1:colcon.colcon_core.package_identification:_identify(/home/jj/tasktown_ws) by extension 'ignore_ament_install'
[0.459s] Level 1:colcon.colcon_core.package_identification:_identify(/home/jj/tasktown_ws) by extensions ['colcon_pkg']
[0.459s] Level 1:colcon.colcon_core.package_identification:_identify(/home/jj/tasktown_ws) by extension 'colcon_pkg'
[0.459s] Level 1:colcon.colcon_core.package_identification:_identify(/home/jj/tasktown_ws) by extensions ['colcon_meta']
[0.459s] Level 1:colcon.colcon_core.package_identification:_identify(/home/jj/tasktown_ws) by extension 'colcon_meta'
[0.459s] Level 1:colcon.colcon_core.package_identification:_identify(/home/jj/tasktown_ws) by extensions ['ros']
[0.459s] Level 1:colcon.colcon_core.package_identification:_identify(/home/jj/tasktown_ws) by extension 'ros'
[0.473s] Level 1:colcon.colcon_core.package_identification:_identify(/home/jj/tasktown_ws) by extensions ['cmake', 'python']
[0.474s] Level 1:colcon.colcon_core.package_identification:_identify(/home/jj/tasktown_ws) by extension 'cmake'
[0.474s] Level 1:colcon.colcon_core.package_identification:_identify(/home/jj/tasktown_ws) by extension 'python'
[0.474s] Level 1:colcon.colcon_core.package_identification:_identify(/home/jj/tasktown_ws) by extensions ['python_setup_py']
[0.474s] Level 1:colcon.colcon_core.package_identification:_identify(/home/jj/tasktown_ws) by extension 'python_setup_py'
[0.474s] Level 1:colcon.colcon_core.package_identification:_identify(/home/jj/tasktown_ws/build) by extensions ['ignore', 'ignore_ament_install']
[0.474s] Level 1:colcon.colcon_core.package_identification:_identify(/home/jj/tasktown_ws/build) by extension 'ignore'
[0.474s] Level 1:colcon.colcon_core.package_identification:_identify(/home/jj/tasktown_ws/build) ignored
[0.474s] Level 1:colcon.colcon_core.package_identification:_identify(/home/jj/tasktown_ws/install) by extensions ['ignore', 'ignore_ament_install']
[0.475s] Level 1:colcon.colcon_core.package_identification:_identify(/home/jj/tasktown_ws/install) by extension 'ignore'
[0.475s] Level 1:colcon.colcon_core.package_identification:_identify(/home/jj/tasktown_ws/install) ignored
[0.475s] Level 1:colcon.colcon_core.package_identification:_identify(/home/jj/tasktown_ws/log) by extensions ['ignore', 'ignore_ament_install']
[0.475s] Level 1:colcon.colcon_core.package_identification:_identify(/home/jj/tasktown_ws/log) by extension 'ignore'
[0.475s] Level 1:colcon.colcon_core.package_identification:_identify(/home/jj/tasktown_ws/log) ignored
[0.475s] Level 1:colcon.colcon_core.package_identification:_identify(/home/jj/tasktown_ws/src) by extensions ['ignore', 'ignore_ament_install']
[0.475s] Level 1:colcon.colcon_core.package_identification:_identify(/home/jj/tasktown_ws/src) by extension 'ignore'
[0.475s] Level 1:colcon.colcon_core.package_identification:_identify(/home/jj/tasktown_ws/src) by extension 'ignore_ament_install'
[0.475s] Level 1:colcon.colcon_core.package_identification:_identify(/home/jj/tasktown_ws/src) by extensions ['colcon_pkg']
[0.475s] Level 1:colcon.colcon_core.package_identification:_identify(/home/jj/tasktown_ws/src) by extension 'colcon_pkg'
[0.475s] Level 1:colcon.colcon_core.package_identification:_identify(/home/jj/tasktown_ws/src) by extensions ['colcon_meta']
[0.477s] Level 1:colcon.colcon_core.package_identification:_identify(/home/jj/tasktown_ws/src) by extension 'colcon_meta'
[0.477s] Level 1:colcon.colcon_core.package_identification:_identify(/home/jj/tasktown_ws/src) by extensions ['ros']
[0.477s] Level 1:colcon.colcon_core.package_identification:_identify(/home/jj/tasktown_ws/src) by extension 'ros'
[0.477s] Level 1:colcon.colcon_core.package_identification:_identify(/home/jj/tasktown_ws/src) by extensions ['cmake', 'python']
[0.477s] Level 1:colcon.colcon_core.package_identification:_identify(/home/jj/tasktown_ws/src) by extension 'cmake'
[0.477s] Level 1:colcon.colcon_core.package_identification:_identify(/home/jj/tasktown_ws/src) by extension 'python'
[0.477s] Level 1:colcon.colcon_core.package_identification:_identify(/home/jj/tasktown_ws/src) by extensions ['python_setup_py']
[0.477s] Level 1:colcon.colcon_core.package_identification:_identify(/home/jj/tasktown_ws/src) by extension 'python_setup_py'
[0.477s] Level 1:colcon.colcon_core.package_identification:_identify(/home/jj/tasktown_ws/src/village_interfaces) by extensions ['ignore', 'ignore_ament_install']
[0.477s] Level 1:colcon.colcon_core.package_identification:_identify(/home/jj/tasktown_ws/src/village_interfaces) by extension 'ignore'
[0.478s] Level 1:colcon.colcon_core.package_identification:_identify(/home/jj/tasktown_ws/src/village_interfaces) by extension 'ignore_ament_install'
[0.478s] Level 1:colcon.colcon_core.package_identification:_identify(/home/jj/tasktown_ws/src/village_interfaces) by extensions ['colcon_pkg']
[0.478s] Level 1:colcon.colcon_core.package_identification:_identify(/home/jj/tasktown_ws/src/village_interfaces) by extension 'colcon_pkg'
[0.478s] Level 1:colcon.colcon_core.package_identification:_identify(/home/jj/tasktown_ws/src/village_interfaces) by extensions ['colcon_meta']
[0.478s] Level 1:colcon.colcon_core.package_identification:_identify(/home/jj/tasktown_ws/src/village_interfaces) by extension 'colcon_meta'
[0.478s] Level 1:colcon.colcon_core.package_identification:_identify(/home/jj/tasktown_ws/src/village_interfaces) by extensions ['ros']
[0.478s] Level 1:colcon.colcon_core.package_identification:_identify(/home/jj/tasktown_ws/src/village_interfaces) by extension 'ros'
[0.483s] DEBUG:colcon.colcon_core.package_identification:Package '/home/jj/tasktown_ws/src/village_interfaces' with type 'ros.ament_cmake' and name 'village_interfaces'
[0.484s] Level 1:colcon.colcon_core.package_identification:_identify(/home/jj/tasktown_ws/src/village_operator) by extensions ['ignore', 'ignore_ament_install']
[0.484s] Level 1:colcon.colcon_core.package_identification:_identify(/home/jj/tasktown_ws/src/village_operator) by extension 'ignore'
[0.484s] Level 1:colcon.colcon_core.package_identification:_identify(/home/jj/tasktown_ws/src/village_operator) by extension 'ignore_ament_install'
[0.484s] Level 1:colcon.colcon_core.package_identification:_identify(/home/jj/tasktown_ws/src/village_operator) by extensions ['colcon_pkg']
[0.484s] Level 1:colcon.colcon_core.package_identification:_identify(/home/jj/tasktown_ws/src/village_operator) by extension 'colcon_pkg'
[0.484s] Level 1:colcon.colcon_core.package_identification:_identify(/home/jj/tasktown_ws/src/village_operator) by extensions ['colcon_meta']
[0.484s] Level 1:colcon.colcon_core.package_identification:_identify(/home/jj/tasktown_ws/src/village_operator) by extension 'colcon_meta'
[0.484s] Level 1:colcon.colcon_core.package_identification:_identify(/home/jj/tasktown_ws/src/village_operator) by extensions ['ros']
[0.484s] Level 1:colcon.colcon_core.package_identification:_identify(/home/jj/tasktown_ws/src/village_operator) by extension 'ros'
[0.486s] DEBUG:colcon.colcon_core.package_identification:Package '/home/jj/tasktown_ws/src/village_operator' with type 'ros.ament_cmake' and name 'village_operator'
[0.486s] Level 1:colcon.colcon_core.package_identification:_identify(/home/jj/tasktown_ws/src/village_task) by extensions ['ignore', 'ignore_ament_install']
[0.486s] Level 1:colcon.colcon_core.package_identification:_identify(/home/jj/tasktown_ws/src/village_task) by extension 'ignore'
[0.486s] Level 1:colcon.colcon_core.package_identification:_identify(/home/jj/tasktown_ws/src/village_task) by extension 'ignore_ament_install'
[0.486s] Level 1:colcon.colcon_core.package_identification:_identify(/home/jj/tasktown_ws/src/village_task) by extensions ['colcon_pkg']
[0.486s] Level 1:colcon.colcon_core.package_identification:_identify(/home/jj/tasktown_ws/src/village_task) by extension 'colcon_pkg'
[0.486s] Level 1:colcon.colcon_core.package_identification:_identify(/home/jj/tasktown_ws/src/village_task) by extensions ['colcon_meta']
[0.486s] Level 1:colcon.colcon_core.package_identification:_identify(/home/jj/tasktown_ws/src/village_task) by extension 'colcon_meta'
[0.486s] Level 1:colcon.colcon_core.package_identification:_identify(/home/jj/tasktown_ws/src/village_task) by extensions ['ros']
[0.487s] Level 1:colcon.colcon_core.package_identification:_identify(/home/jj/tasktown_ws/src/village_task) by extension 'ros'
[0.487s] DEBUG:colcon.colcon_core.package_identification:Package '/home/jj/tasktown_ws/src/village_task' with type 'ros.ament_cmake' and name 'village_task'
[0.487s] Level 1:colcon.colcon_core.package_identification:_identify(/home/jj/tasktown_ws/src/village_taskgroups) by extensions ['ignore', 'ignore_ament_install']
[0.487s] Level 1:colcon.colcon_core.package_identification:_identify(/home/jj/tasktown_ws/src/village_taskgroups) by extension 'ignore'
[0.487s] Level 1:colcon.colcon_core.package_identification:_identify(/home/jj/tasktown_ws/src/village_taskgroups) by extension 'ignore_ament_install'
[0.487s] Level 1:colcon.colcon_core.package_identification:_identify(/home/jj/tasktown_ws/src/village_taskgroups) by extensions ['colcon_pkg']
[0.487s] Level 1:colcon.colcon_core.package_identification:_identify(/home/jj/tasktown_ws/src/village_taskgroups) by extension 'colcon_pkg'
[0.487s] Level 1:colcon.colcon_core.package_identification:_identify(/home/jj/tasktown_ws/src/village_taskgroups) by extensions ['colcon_meta']
[0.487s] Level 1:colcon.colcon_core.package_identification:_identify(/home/jj/tasktown_ws/src/village_taskgroups) by extension 'colcon_meta'
[0.488s] Level 1:colcon.colcon_core.package_identification:_identify(/home/jj/tasktown_ws/src/village_taskgroups) by extensions ['ros']
[0.488s] Level 1:colcon.colcon_core.package_identification:_identify(/home/jj/tasktown_ws/src/village_taskgroups) by extension 'ros'
[0.488s] DEBUG:colcon.colcon_core.package_identification:Package '/home/jj/tasktown_ws/src/village_taskgroups' with type 'ros.ament_cmake' and name 'village_taskgroups'
[0.488s] Level 1:colcon.colcon_core.package_discovery:discover_packages(recursive) using defaults
[0.511s] Level 1:colcon.colcon_core.package_discovery:discover_packages(prefix_path) check parameters
[0.511s] Level 1:colcon.colcon_core.package_discovery:discover_packages(prefix_path) discover
[0.513s] DEBUG:colcon.colcon_installed_package_information.package_discovery:Found 4 installed packages in /home/jj/tasktown_ws/install
[0.515s] DEBUG:colcon.colcon_installed_package_information.package_discovery:Found 256 installed packages in /opt/ros/foxy
[0.517s] Level 1:colcon.colcon_core.package_discovery:discover_packages(prefix_path) using defaults
[0.628s] Level 5:colcon.colcon_core.verb:set package 'village_interfaces' build argument 'cmake_args' from command line to '['-DCMAKE_BUILD_TYPE=RelWithDebInfo']'
[0.629s] Level 5:colcon.colcon_core.verb:set package 'village_interfaces' build argument 'cmake_target' from command line to 'None'
[0.629s] Level 5:colcon.colcon_core.verb:set package 'village_interfaces' build argument 'cmake_target_skip_unavailable' from command line to 'False'
[0.629s] Level 5:colcon.colcon_core.verb:set package 'village_interfaces' build argument 'cmake_clean_cache' from command line to 'False'
[0.629s] Level 5:colcon.colcon_core.verb:set package 'village_interfaces' build argument 'cmake_clean_first' from command line to 'False'
[0.629s] Level 5:colcon.colcon_core.verb:set package 'village_interfaces' build argument 'cmake_force_configure' from command line to 'False'
[0.629s] Level 5:colcon.colcon_core.verb:set package 'village_interfaces' build argument 'ament_cmake_args' from command line to 'None'
[0.629s] Level 5:colcon.colcon_core.verb:set package 'village_interfaces' build argument 'catkin_cmake_args' from command line to 'None'
[0.629s] Level 5:colcon.colcon_core.verb:set package 'village_interfaces' build argument 'catkin_skip_building_tests' from command line to 'False'
[0.629s] DEBUG:colcon.colcon_core.verb:Building package 'village_interfaces' with the following arguments: {'ament_cmake_args': None, 'build_base': '/home/jj/tasktown_ws/build/village_interfaces', 'catkin_cmake_args': None, 'catkin_skip_building_tests': False, 'cmake_args': ['-DCMAKE_BUILD_TYPE=RelWithDebInfo'], 'cmake_clean_cache': False, 'cmake_clean_first': False, 'cmake_force_configure': False, 'cmake_target': None, 'cmake_target_skip_unavailable': False, 'install_base': '/home/jj/tasktown_ws/install/village_interfaces', 'merge_install': False, 'path': '/home/jj/tasktown_ws/src/village_interfaces', 'symlink_install': True, 'test_result_base': None}
[0.629s] Level 5:colcon.colcon_core.verb:set package 'village_operator' build argument 'cmake_args' from command line to '['-DCMAKE_BUILD_TYPE=RelWithDebInfo']'
[0.629s] Level 5:colcon.colcon_core.verb:set package 'village_operator' build argument 'cmake_target' from command line to 'None'
[0.629s] Level 5:colcon.colcon_core.verb:set package 'village_operator' build argument 'cmake_target_skip_unavailable' from command line to 'False'
[0.629s] Level 5:colcon.colcon_core.verb:set package 'village_operator' build argument 'cmake_clean_cache' from command line to 'False'
[0.629s] Level 5:colcon.colcon_core.verb:set package 'village_operator' build argument 'cmake_clean_first' from command line to 'False'
[0.629s] Level 5:colcon.colcon_core.verb:set package 'village_operator' build argument 'cmake_force_configure' from command line to 'False'
[0.629s] Level 5:colcon.colcon_core.verb:set package 'village_operator' build argument 'ament_cmake_args' from command line to 'None'
[0.629s] Level 5:colcon.colcon_core.verb:set package 'village_operator' build argument 'catkin_cmake_args' from command line to 'None'
[0.629s] Level 5:colcon.colcon_core.verb:set package 'village_operator' build argument 'catkin_skip_building_tests' from command line to 'False'
[0.629s] DEBUG:colcon.colcon_core.verb:Building package 'village_operator' with the following arguments: {'ament_cmake_args': None, 'build_base': '/home/jj/tasktown_ws/build/village_operator', 'catkin_cmake_args': None, 'catkin_skip_building_tests': False, 'cmake_args': ['-DCMAKE_BUILD_TYPE=RelWithDebInfo'], 'cmake_clean_cache': False, 'cmake_clean_first': False, 'cmake_force_configure': False, 'cmake_target': None, 'cmake_target_skip_unavailable': False, 'install_base': '/home/jj/tasktown_ws/install/village_operator', 'merge_install': False, 'path': '/home/jj/tasktown_ws/src/village_operator', 'symlink_install': True, 'test_result_base': None}
[0.630s] Level 5:colcon.colcon_core.verb:set package 'village_task' build argument 'cmake_args' from command line to '['-DCMAKE_BUILD_TYPE=RelWithDebInfo']'
[0.630s] Level 5:colcon.colcon_core.verb:set package 'village_task' build argument 'cmake_target' from command line to 'None'
[0.630s] Level 5:colcon.colcon_core.verb:set package 'village_task' build argument 'cmake_target_skip_unavailable' from command line to 'False'
[0.630s] Level 5:colcon.colcon_core.verb:set package 'village_task' build argument 'cmake_clean_cache' from command line to 'False'
[0.630s] Level 5:colcon.colcon_core.verb:set package 'village_task' build argument 'cmake_clean_first' from command line to 'False'
[0.630s] Level 5:colcon.colcon_core.verb:set package 'village_task' build argument 'cmake_force_configure' from command line to 'False'
[0.630s] Level 5:colcon.colcon_core.verb:set package 'village_task' build argument 'ament_cmake_args' from command line to 'None'
[0.630s] Level 5:colcon.colcon_core.verb:set package 'village_task' build argument 'catkin_cmake_args' from command line to 'None'
[0.630s] Level 5:colcon.colcon_core.verb:set package 'village_task' build argument 'catkin_skip_building_tests' from command line to 'False'
[0.630s] DEBUG:colcon.colcon_core.verb:Building package 'village_task' with the following arguments: {'ament_cmake_args': None, 'build_base': '/home/jj/tasktown_ws/build/village_task', 'catkin_cmake_args': None, 'catkin_skip_building_tests': False, 'cmake_args': ['-DCMAKE_BUILD_TYPE=RelWithDebInfo'], 'cmake_clean_cache': False, 'cmake_clean_first': False, 'cmake_force_configure': False, 'cmake_target': None, 'cmake_target_skip_unavailable': False, 'install_base': '/home/jj/tasktown_ws/install/village_task', 'merge_install': False, 'path': '/home/jj/tasktown_ws/src/village_task', 'symlink_install': True, 'test_result_base': None}
[0.630s] Level 5:colcon.colcon_core.verb:set package 'village_taskgroups' build argument 'cmake_args' from command line to '['-DCMAKE_BUILD_TYPE=RelWithDebInfo']'
[0.630s] Level 5:colcon.colcon_core.verb:set package 'village_taskgroups' build argument 'cmake_target' from command line to 'None'
[0.630s] Level 5:colcon.colcon_core.verb:set package 'village_taskgroups' build argument 'cmake_target_skip_unavailable' from command line to 'False'
[0.630s] Level 5:colcon.colcon_core.verb:set package 'village_taskgroups' build argument 'cmake_clean_cache' from command line to 'False'
[0.630s] Level 5:colcon.colcon_core.verb:set package 'village_taskgroups' build argument 'cmake_clean_first' from command line to 'False'
[0.630s] Level 5:colcon.colcon_core.verb:set package 'village_taskgroups' build argument 'cmake_force_configure' from command line to 'False'
[0.630s] Level 5:colcon.colcon_core.verb:set package 'village_taskgroups' build argument 'ament_cmake_args' from command line to 'None'
[0.630s] Level 5:colcon.colcon_core.verb:set package 'village_taskgroups' build argument 'catkin_cmake_args' from command line to 'None'
[0.630s] Level 5:colcon.colcon_core.verb:set package 'village_taskgroups' build argument 'catkin_skip_building_tests' from command line to 'False'
[0.630s] DEBUG:colcon.colcon_core.verb:Building package 'village_taskgroups' with the following arguments: {'ament_cmake_args': None, 'build_base': '/home/jj/tasktown_ws/build/village_taskgroups', 'catkin_cmake_args': None, 'catkin_skip_building_tests': False, 'cmake_args': ['-DCMAKE_BUILD_TYPE=RelWithDebInfo'], 'cmake_clean_cache': False, 'cmake_clean_first': False, 'cmake_force_configure': False, 'cmake_target': None, 'cmake_target_skip_unavailable': False, 'install_base': '/home/jj/tasktown_ws/install/village_taskgroups', 'merge_install': False, 'path': '/home/jj/tasktown_ws/src/village_taskgroups', 'symlink_install': True, 'test_result_base': None}
[0.630s] INFO:colcon.colcon_core.executor:Executing jobs using 'parallel' executor
[0.631s] DEBUG:colcon.colcon_parallel_executor.executor.parallel:run_until_complete
[0.631s] INFO:colcon.colcon_ros.task.ament_cmake.build:Building ROS package in '/home/jj/tasktown_ws/src/village_interfaces' with build type 'ament_cmake'
[0.631s] INFO:colcon.colcon_cmake.task.cmake.build:Building CMake package in '/home/jj/tasktown_ws/src/village_interfaces'
[0.633s] INFO:colcon.colcon_core.plugin_system:Skipping extension 'colcon_core.shell.bat': Not used on non-Windows systems
[0.633s] INFO:colcon.colcon_core.shell:Skip shell extension 'powershell' for command environment: Not usable outside of PowerShell
[0.633s] DEBUG:colcon.colcon_core.shell:Skip shell extension 'dsv' for command environment
[0.648s] DEBUG:colcon.colcon_core.event_handler.log_command:Invoking command in '/home/jj/tasktown_ws/build/village_interfaces': CMAKE_PREFIX_PATH=${CMAKE_PREFIX_PATH}:/opt/ros/foxy /usr/bin/cmake --build /home/jj/tasktown_ws/build/village_interfaces -- -j2 -l2
[1.234s] DEBUG:colcon.colcon_core.event_handler.log_command:Invoked command in '/home/jj/tasktown_ws/build/village_interfaces' returned '0': CMAKE_PREFIX_PATH=${CMAKE_PREFIX_PATH}:/opt/ros/foxy /usr/bin/cmake --build /home/jj/tasktown_ws/build/village_interfaces -- -j2 -l2
[1.364s] DEBUG:colcon.colcon_core.event_handler.log_command:Invoking command in '/home/jj/tasktown_ws/build/village_interfaces': CMAKE_PREFIX_PATH=${CMAKE_PREFIX_PATH}:/opt/ros/foxy /usr/bin/cmake --install /home/jj/tasktown_ws/build/village_interfaces
[1.569s] Level 1:colcon.colcon_core.environment:create_environment_scripts_only(village_interfaces)
[1.572s] Level 1:colcon.colcon_core.environment:checking '/home/jj/tasktown_ws/install/village_interfaces' for CMake module files
[1.573s] Level 1:colcon.colcon_core.environment:checking '/home/jj/tasktown_ws/install/village_interfaces' for CMake config files
[1.573s] Level 1:colcon.colcon_core.shell:create_environment_hook('village_interfaces', 'cmake_prefix_path')
[1.579s] DEBUG:colcon.colcon_core.event_handler.log_command:Invoked command in '/home/jj/tasktown_ws/build/village_interfaces' returned '0': CMAKE_PREFIX_PATH=${CMAKE_PREFIX_PATH}:/opt/ros/foxy /usr/bin/cmake --install /home/jj/tasktown_ws/build/village_interfaces
[1.579s] INFO:colcon.colcon_core.shell:Creating environment hook '/home/jj/tasktown_ws/install/village_interfaces/share/village_interfaces/hook/cmake_prefix_path.ps1'
[1.580s] INFO:colcon.colcon_core.shell:Creating environment descriptor '/home/jj/tasktown_ws/install/village_interfaces/share/village_interfaces/hook/cmake_prefix_path.dsv'
[1.581s] INFO:colcon.colcon_core.shell:Creating environment hook '/home/jj/tasktown_ws/install/village_interfaces/share/village_interfaces/hook/cmake_prefix_path.sh'
[1.584s] Level 1:colcon.colcon_core.environment:checking '/home/jj/tasktown_ws/install/village_interfaces/lib'
[1.585s] Level 1:colcon.colcon_core.shell:create_environment_hook('village_interfaces', 'ld_library_path_lib')
[1.585s] INFO:colcon.colcon_core.shell:Creating environment hook '/home/jj/tasktown_ws/install/village_interfaces/share/village_interfaces/hook/ld_library_path_lib.ps1'
[1.590s] INFO:colcon.colcon_core.shell:Creating environment descriptor '/home/jj/tasktown_ws/install/village_interfaces/share/village_interfaces/hook/ld_library_path_lib.dsv'
[1.591s] INFO:colcon.colcon_core.shell:Creating environment hook '/home/jj/tasktown_ws/install/village_interfaces/share/village_interfaces/hook/ld_library_path_lib.sh'
[1.593s] Level 1:colcon.colcon_core.environment:checking '/home/jj/tasktown_ws/install/village_interfaces/bin'
[1.593s] Level 1:colcon.colcon_core.environment:checking '/home/jj/tasktown_ws/install/village_interfaces/lib/pkgconfig/village_interfaces.pc'
[1.594s] Level 1:colcon.colcon_core.environment:checking '/home/jj/tasktown_ws/install/village_interfaces/lib/python3.8/site-packages'
[1.594s] Level 1:colcon.colcon_core.shell:create_environment_hook('village_interfaces', 'pythonpath')
[1.595s] INFO:colcon.colcon_core.shell:Creating environment hook '/home/jj/tasktown_ws/install/village_interfaces/share/village_interfaces/hook/pythonpath.ps1'
[1.595s] INFO:colcon.colcon_core.shell:Creating environment descriptor '/home/jj/tasktown_ws/install/village_interfaces/share/village_interfaces/hook/pythonpath.dsv'
[1.596s] INFO:colcon.colcon_core.shell:Creating environment hook '/home/jj/tasktown_ws/install/village_interfaces/share/village_interfaces/hook/pythonpath.sh'
[1.597s] Level 1:colcon.colcon_core.environment:checking '/home/jj/tasktown_ws/install/village_interfaces/bin'
[1.598s] INFO:colcon.colcon_core.shell:Creating package script '/home/jj/tasktown_ws/install/village_interfaces/share/village_interfaces/package.ps1'
[1.603s] INFO:colcon.colcon_core.shell:Creating package descriptor '/home/jj/tasktown_ws/install/village_interfaces/share/village_interfaces/package.dsv'
[1.604s] INFO:colcon.colcon_core.shell:Creating package script '/home/jj/tasktown_ws/install/village_interfaces/share/village_interfaces/package.sh'
[1.609s] INFO:colcon.colcon_core.shell:Creating package script '/home/jj/tasktown_ws/install/village_interfaces/share/village_interfaces/package.bash'
[1.613s] INFO:colcon.colcon_core.shell:Creating package script '/home/jj/tasktown_ws/install/village_interfaces/share/village_interfaces/package.zsh'
[1.616s] Level 1:colcon.colcon_core.environment:create_file_with_runtime_dependencies(/home/jj/tasktown_ws/install/village_interfaces/share/colcon-core/packages/village_interfaces)
[1.784s] Level 1:colcon.colcon_core.environment:create_environment_scripts_only(village_interfaces)
[1.784s] Level 1:colcon.colcon_core.environment:checking '/home/jj/tasktown_ws/install/village_interfaces' for CMake module files
[1.785s] Level 1:colcon.colcon_core.environment:checking '/home/jj/tasktown_ws/install/village_interfaces' for CMake config files
[1.786s] Level 1:colcon.colcon_core.shell:create_environment_hook('village_interfaces', 'cmake_prefix_path')
[1.786s] INFO:colcon.colcon_core.shell:Creating environment hook '/home/jj/tasktown_ws/install/village_interfaces/share/village_interfaces/hook/cmake_prefix_path.ps1'
[1.787s] INFO:colcon.colcon_core.shell:Creating environment descriptor '/home/jj/tasktown_ws/install/village_interfaces/share/village_interfaces/hook/cmake_prefix_path.dsv'
[1.788s] INFO:colcon.colcon_core.shell:Creating environment hook '/home/jj/tasktown_ws/install/village_interfaces/share/village_interfaces/hook/cmake_prefix_path.sh'
[1.788s] Level 1:colcon.colcon_core.environment:checking '/home/jj/tasktown_ws/install/village_interfaces/lib'
[1.788s] Level 1:colcon.colcon_core.shell:create_environment_hook('village_interfaces', 'ld_library_path_lib')
[1.789s] INFO:colcon.colcon_core.shell:Creating environment hook '/home/jj/tasktown_ws/install/village_interfaces/share/village_interfaces/hook/ld_library_path_lib.ps1'
[1.789s] INFO:colcon.colcon_core.shell:Creating environment descriptor '/home/jj/tasktown_ws/install/village_interfaces/share/village_interfaces/hook/ld_library_path_lib.dsv'
[1.793s] INFO:colcon.colcon_core.shell:Creating environment hook '/home/jj/tasktown_ws/install/village_interfaces/share/village_interfaces/hook/ld_library_path_lib.sh'
[1.796s] Level 1:colcon.colcon_core.environment:checking '/home/jj/tasktown_ws/install/village_interfaces/bin'
[1.797s] Level 1:colcon.colcon_core.environment:checking '/home/jj/tasktown_ws/install/village_interfaces/lib/pkgconfig/village_interfaces.pc'
[1.797s] Level 1:colcon.colcon_core.environment:checking '/home/jj/tasktown_ws/install/village_interfaces/lib/python3.8/site-packages'
[1.797s] Level 1:colcon.colcon_core.shell:create_environment_hook('village_interfaces', 'pythonpath')
[1.798s] INFO:colcon.colcon_core.shell:Creating environment hook '/home/jj/tasktown_ws/install/village_interfaces/share/village_interfaces/hook/pythonpath.ps1'
[1.798s] INFO:colcon.colcon_core.shell:Creating environment descriptor '/home/jj/tasktown_ws/install/village_interfaces/share/village_interfaces/hook/pythonpath.dsv'
[1.799s] INFO:colcon.colcon_core.shell:Creating environment hook '/home/jj/tasktown_ws/install/village_interfaces/share/village_interfaces/hook/pythonpath.sh'
[1.800s] Level 1:colcon.colcon_core.environment:checking '/home/jj/tasktown_ws/install/village_interfaces/bin'
[1.800s] INFO:colcon.colcon_core.shell:Creating package script '/home/jj/tasktown_ws/install/village_interfaces/share/village_interfaces/package.ps1'
[1.801s] INFO:colcon.colcon_core.shell:Creating package descriptor '/home/jj/tasktown_ws/install/village_interfaces/share/village_interfaces/package.dsv'
[1.806s] INFO:colcon.colcon_core.shell:Creating package script '/home/jj/tasktown_ws/install/village_interfaces/share/village_interfaces/package.sh'
[1.807s] INFO:colcon.colcon_core.shell:Creating package script '/home/jj/tasktown_ws/install/village_interfaces/share/village_interfaces/package.bash'
[1.809s] INFO:colcon.colcon_core.shell:Creating package script '/home/jj/tasktown_ws/install/village_interfaces/share/village_interfaces/package.zsh'
[1.815s] Level 1:colcon.colcon_core.environment:create_file_with_runtime_dependencies(/home/jj/tasktown_ws/install/village_interfaces/share/colcon-core/packages/village_interfaces)
[1.818s] INFO:colcon.colcon_ros.task.ament_cmake.build:Building ROS package in '/home/jj/tasktown_ws/src/village_operator' with build type 'ament_cmake'
[1.820s] INFO:colcon.colcon_cmake.task.cmake.build:Building CMake package in '/home/jj/tasktown_ws/src/village_operator'
[1.821s] INFO:colcon.colcon_core.shell:Skip shell extension 'powershell' for command environment: Not usable outside of PowerShell
[1.821s] DEBUG:colcon.colcon_core.shell:Skip shell extension 'dsv' for command environment
[1.829s] INFO:colcon.colcon_ros.task.ament_cmake.build:Building ROS package in '/home/jj/tasktown_ws/src/village_task' with build type 'ament_cmake'
[1.830s] INFO:colcon.colcon_cmake.task.cmake.build:Building CMake package in '/home/jj/tasktown_ws/src/village_task'
[1.830s] INFO:colcon.colcon_core.shell:Skip shell extension 'powershell' for command environment: Not usable outside of PowerShell
[1.830s] DEBUG:colcon.colcon_core.shell:Skip shell extension 'dsv' for command environment
[1.856s] DEBUG:colcon.colcon_core.event_handler.log_command:Invoking command in '/home/jj/tasktown_ws/build/village_task': CMAKE_PREFIX_PATH=/home/jj/tasktown_ws/install/village_interfaces:/home/jj/tasktown_ws/install/village_taskgroups:/home/jj/tasktown_ws/install/village_task:/home/jj/tasktown_ws/install/village_operator:/opt/ros/foxy /usr/bin/cmake --build /home/jj/tasktown_ws/build/village_task -- -j2 -l2
[1.867s] DEBUG:colcon.colcon_core.event_handler.log_command:Invoking command in '/home/jj/tasktown_ws/build/village_operator': CMAKE_PREFIX_PATH=/home/jj/tasktown_ws/install/village_interfaces:/home/jj/tasktown_ws/install/village_taskgroups:/home/jj/tasktown_ws/install/village_task:/home/jj/tasktown_ws/install/village_operator:/opt/ros/foxy /usr/bin/cmake --build /home/jj/tasktown_ws/build/village_operator -- -j2 -l2
[2.093s] DEBUG:colcon.colcon_core.event_handler.log_command:Invoked command in '/home/jj/tasktown_ws/build/village_operator' returned '0': CMAKE_PREFIX_PATH=/home/jj/tasktown_ws/install/village_interfaces:/home/jj/tasktown_ws/install/village_taskgroups:/home/jj/tasktown_ws/install/village_task:/home/jj/tasktown_ws/install/village_operator:/opt/ros/foxy /usr/bin/cmake --build /home/jj/tasktown_ws/build/village_operator -- -j2 -l2
[2.196s] DEBUG:colcon.colcon_core.event_handler.log_command:Invoking command in '/home/jj/tasktown_ws/build/village_operator': CMAKE_PREFIX_PATH=/home/jj/tasktown_ws/install/village_interfaces:/home/jj/tasktown_ws/install/village_taskgroups:/home/jj/tasktown_ws/install/village_task:/home/jj/tasktown_ws/install/village_operator:/opt/ros/foxy /usr/bin/cmake --install /home/jj/tasktown_ws/build/village_operator
[2.263s] Level 1:colcon.colcon_core.environment:create_environment_scripts_only(village_operator)
[2.263s] Level 1:colcon.colcon_core.environment:checking '/home/jj/tasktown_ws/install/village_operator' for CMake module files
[2.264s] Level 1:colcon.colcon_core.environment:checking '/home/jj/tasktown_ws/install/village_operator' for CMake config files
[2.264s] Level 1:colcon.colcon_core.shell:create_environment_hook('village_operator', 'cmake_prefix_path')
[2.264s] INFO:colcon.colcon_core.shell:Creating environment hook '/home/jj/tasktown_ws/install/village_operator/share/village_operator/hook/cmake_prefix_path.ps1'
[2.265s] INFO:colcon.colcon_core.shell:Creating environment descriptor '/home/jj/tasktown_ws/install/village_operator/share/village_operator/hook/cmake_prefix_path.dsv'
[2.266s] INFO:colcon.colcon_core.shell:Creating environment hook '/home/jj/tasktown_ws/install/village_operator/share/village_operator/hook/cmake_prefix_path.sh'
[2.266s] DEBUG:colcon.colcon_core.event_handler.log_command:Invoked command in '/home/jj/tasktown_ws/build/village_operator' returned '0': CMAKE_PREFIX_PATH=/home/jj/tasktown_ws/install/village_interfaces:/home/jj/tasktown_ws/install/village_taskgroups:/home/jj/tasktown_ws/install/village_task:/home/jj/tasktown_ws/install/village_operator:/opt/ros/foxy /usr/bin/cmake --install /home/jj/tasktown_ws/build/village_operator
[2.267s] Level 1:colcon.colcon_core.environment:checking '/home/jj/tasktown_ws/install/village_operator/lib'
[2.267s] Level 1:colcon.colcon_core.environment:checking '/home/jj/tasktown_ws/install/village_operator/bin'
[2.267s] Level 1:colcon.colcon_core.environment:checking '/home/jj/tasktown_ws/install/village_operator/lib/pkgconfig/village_operator.pc'
[2.267s] Level 1:colcon.colcon_core.environment:checking '/home/jj/tasktown_ws/install/village_operator/lib/python3.8/site-packages'
[2.268s] Level 1:colcon.colcon_core.environment:checking '/home/jj/tasktown_ws/install/village_operator/bin'
[2.268s] INFO:colcon.colcon_core.shell:Creating package script '/home/jj/tasktown_ws/install/village_operator/share/village_operator/package.ps1'
[2.269s] INFO:colcon.colcon_core.shell:Creating package descriptor '/home/jj/tasktown_ws/install/village_operator/share/village_operator/package.dsv'
[2.269s] INFO:colcon.colcon_core.shell:Creating package script '/home/jj/tasktown_ws/install/village_operator/share/village_operator/package.sh'
[2.276s] INFO:colcon.colcon_core.shell:Creating package script '/home/jj/tasktown_ws/install/village_operator/share/village_operator/package.bash'
[2.277s] INFO:colcon.colcon_core.shell:Creating package script '/home/jj/tasktown_ws/install/village_operator/share/village_operator/package.zsh'
[2.278s] Level 1:colcon.colcon_core.environment:create_file_with_runtime_dependencies(/home/jj/tasktown_ws/install/village_operator/share/colcon-core/packages/village_operator)
[2.433s] Level 1:colcon.colcon_core.environment:create_environment_scripts_only(village_operator)
[2.434s] Level 1:colcon.colcon_core.environment:checking '/home/jj/tasktown_ws/install/village_operator' for CMake module files
[2.434s] Level 1:colcon.colcon_core.environment:checking '/home/jj/tasktown_ws/install/village_operator' for CMake config files
[2.435s] Level 1:colcon.colcon_core.shell:create_environment_hook('village_operator', 'cmake_prefix_path')
[2.435s] INFO:colcon.colcon_core.shell:Creating environment hook '/home/jj/tasktown_ws/install/village_operator/share/village_operator/hook/cmake_prefix_path.ps1'
[2.436s] INFO:colcon.colcon_core.shell:Creating environment descriptor '/home/jj/tasktown_ws/install/village_operator/share/village_operator/hook/cmake_prefix_path.dsv'
[2.440s] INFO:colcon.colcon_core.shell:Creating environment hook '/home/jj/tasktown_ws/install/village_operator/share/village_operator/hook/cmake_prefix_path.sh'
[2.441s] Level 1:colcon.colcon_core.environment:checking '/home/jj/tasktown_ws/install/village_operator/lib'
[2.441s] Level 1:colcon.colcon_core.environment:checking '/home/jj/tasktown_ws/install/village_operator/bin'
[2.441s] Level 1:colcon.colcon_core.environment:checking '/home/jj/tasktown_ws/install/village_operator/lib/pkgconfig/village_operator.pc'
[2.442s] Level 1:colcon.colcon_core.environment:checking '/home/jj/tasktown_ws/install/village_operator/lib/python3.8/site-packages'
[2.442s] Level 1:colcon.colcon_core.environment:checking '/home/jj/tasktown_ws/install/village_operator/bin'
[2.442s] INFO:colcon.colcon_core.shell:Creating package script '/home/jj/tasktown_ws/install/village_operator/share/village_operator/package.ps1'
[2.443s] INFO:colcon.colcon_core.shell:Creating package descriptor '/home/jj/tasktown_ws/install/village_operator/share/village_operator/package.dsv'
[2.451s] INFO:colcon.colcon_core.shell:Creating package script '/home/jj/tasktown_ws/install/village_operator/share/village_operator/package.sh'
[2.452s] INFO:colcon.colcon_core.shell:Creating package script '/home/jj/tasktown_ws/install/village_operator/share/village_operator/package.bash'
[2.453s] INFO:colcon.colcon_core.shell:Creating package script '/home/jj/tasktown_ws/install/village_operator/share/village_operator/package.zsh'
[2.453s] Level 1:colcon.colcon_core.environment:create_file_with_runtime_dependencies(/home/jj/tasktown_ws/install/village_operator/share/colcon-core/packages/village_operator)
[2.459s] INFO:colcon.colcon_ros.task.ament_cmake.build:Building ROS package in '/home/jj/tasktown_ws/src/village_taskgroups' with build type 'ament_cmake'
[2.460s] INFO:colcon.colcon_cmake.task.cmake.build:Building CMake package in '/home/jj/tasktown_ws/src/village_taskgroups'
[2.460s] INFO:colcon.colcon_core.shell:Skip shell extension 'powershell' for command environment: Not usable outside of PowerShell
[2.460s] DEBUG:colcon.colcon_core.shell:Skip shell extension 'dsv' for command environment
[2.511s] DEBUG:colcon.colcon_core.event_handler.log_command:Invoking command in '/home/jj/tasktown_ws/build/village_taskgroups': CMAKE_PREFIX_PATH=/home/jj/tasktown_ws/install/village_interfaces:/home/jj/tasktown_ws/install/village_taskgroups:/home/jj/tasktown_ws/install/village_task:/home/jj/tasktown_ws/install/village_operator:/opt/ros/foxy /usr/bin/cmake --build /home/jj/tasktown_ws/build/village_taskgroups -- -j2 -l2
[2.714s] DEBUG:colcon.colcon_core.event_handler.log_command:Invoked command in '/home/jj/tasktown_ws/build/village_taskgroups' returned '0': CMAKE_PREFIX_PATH=/home/jj/tasktown_ws/install/village_interfaces:/home/jj/tasktown_ws/install/village_taskgroups:/home/jj/tasktown_ws/install/village_task:/home/jj/tasktown_ws/install/village_operator:/opt/ros/foxy /usr/bin/cmake --build /home/jj/tasktown_ws/build/village_taskgroups -- -j2 -l2
[2.861s] DEBUG:colcon.colcon_core.event_handler.log_command:Invoking command in '/home/jj/tasktown_ws/build/village_taskgroups': CMAKE_PREFIX_PATH=/home/jj/tasktown_ws/install/village_interfaces:/home/jj/tasktown_ws/install/village_taskgroups:/home/jj/tasktown_ws/install/village_task:/home/jj/tasktown_ws/install/village_operator:/opt/ros/foxy /usr/bin/cmake --install /home/jj/tasktown_ws/build/village_taskgroups
[2.934s] Level 1:colcon.colcon_core.environment:create_environment_scripts_only(village_taskgroups)
[2.935s] Level 1:colcon.colcon_core.environment:checking '/home/jj/tasktown_ws/install/village_taskgroups' for CMake module files
[2.936s] DEBUG:colcon.colcon_core.event_handler.log_command:Invoked command in '/home/jj/tasktown_ws/build/village_taskgroups' returned '0': CMAKE_PREFIX_PATH=/home/jj/tasktown_ws/install/village_interfaces:/home/jj/tasktown_ws/install/village_taskgroups:/home/jj/tasktown_ws/install/village_task:/home/jj/tasktown_ws/install/village_operator:/opt/ros/foxy /usr/bin/cmake --install /home/jj/tasktown_ws/build/village_taskgroups
[2.938s] Level 1:colcon.colcon_core.environment:checking '/home/jj/tasktown_ws/install/village_taskgroups' for CMake config files
[2.939s] Level 1:colcon.colcon_core.shell:create_environment_hook('village_taskgroups', 'cmake_prefix_path')
[2.939s] INFO:colcon.colcon_core.shell:Creating environment hook '/home/jj/tasktown_ws/install/village_taskgroups/share/village_taskgroups/hook/cmake_prefix_path.ps1'
[2.940s] INFO:colcon.colcon_core.shell:Creating environment descriptor '/home/jj/tasktown_ws/install/village_taskgroups/share/village_taskgroups/hook/cmake_prefix_path.dsv'
[2.942s] INFO:colcon.colcon_core.shell:Creating environment hook '/home/jj/tasktown_ws/install/village_taskgroups/share/village_taskgroups/hook/cmake_prefix_path.sh'
[2.943s] Level 1:colcon.colcon_core.environment:checking '/home/jj/tasktown_ws/install/village_taskgroups/lib'
[2.943s] Level 1:colcon.colcon_core.environment:checking '/home/jj/tasktown_ws/install/village_taskgroups/bin'
[2.943s] Level 1:colcon.colcon_core.environment:checking '/home/jj/tasktown_ws/install/village_taskgroups/lib/pkgconfig/village_taskgroups.pc'
[2.944s] Level 1:colcon.colcon_core.environment:checking '/home/jj/tasktown_ws/install/village_taskgroups/lib/python3.8/site-packages'
[2.944s] Level 1:colcon.colcon_core.environment:checking '/home/jj/tasktown_ws/install/village_taskgroups/bin'
[2.944s] INFO:colcon.colcon_core.shell:Creating package script '/home/jj/tasktown_ws/install/village_taskgroups/share/village_taskgroups/package.ps1'
[2.957s] INFO:colcon.colcon_core.shell:Creating package descriptor '/home/jj/tasktown_ws/install/village_taskgroups/share/village_taskgroups/package.dsv'
[2.959s] INFO:colcon.colcon_core.shell:Creating package script '/home/jj/tasktown_ws/install/village_taskgroups/share/village_taskgroups/package.sh'
[2.959s] INFO:colcon.colcon_core.shell:Creating package script '/home/jj/tasktown_ws/install/village_taskgroups/share/village_taskgroups/package.bash'
[2.960s] INFO:colcon.colcon_core.shell:Creating package script '/home/jj/tasktown_ws/install/village_taskgroups/share/village_taskgroups/package.zsh'
[2.961s] Level 1:colcon.colcon_core.environment:create_file_with_runtime_dependencies(/home/jj/tasktown_ws/install/village_taskgroups/share/colcon-core/packages/village_taskgroups)
[3.056s] Level 1:colcon.colcon_core.environment:create_environment_scripts_only(village_taskgroups)
[3.056s] Level 1:colcon.colcon_core.environment:checking '/home/jj/tasktown_ws/install/village_taskgroups' for CMake module files
[3.057s] Level 1:colcon.colcon_core.environment:checking '/home/jj/tasktown_ws/install/village_taskgroups' for CMake config files
[3.057s] Level 1:colcon.colcon_core.shell:create_environment_hook('village_taskgroups', 'cmake_prefix_path')
[3.058s] INFO:colcon.colcon_core.shell:Creating environment hook '/home/jj/tasktown_ws/install/village_taskgroups/share/village_taskgroups/hook/cmake_prefix_path.ps1'
[3.058s] INFO:colcon.colcon_core.shell:Creating environment descriptor '/home/jj/tasktown_ws/install/village_taskgroups/share/village_taskgroups/hook/cmake_prefix_path.dsv'
[3.062s] INFO:colcon.colcon_core.shell:Creating environment hook '/home/jj/tasktown_ws/install/village_taskgroups/share/village_taskgroups/hook/cmake_prefix_path.sh'
[3.063s] Level 1:colcon.colcon_core.environment:checking '/home/jj/tasktown_ws/install/village_taskgroups/lib'
[3.063s] Level 1:colcon.colcon_core.environment:checking '/home/jj/tasktown_ws/install/village_taskgroups/bin'
[3.063s] Level 1:colcon.colcon_core.environment:checking '/home/jj/tasktown_ws/install/village_taskgroups/lib/pkgconfig/village_taskgroups.pc'
[3.064s] Level 1:colcon.colcon_core.environment:checking '/home/jj/tasktown_ws/install/village_taskgroups/lib/python3.8/site-packages'
[3.064s] Level 1:colcon.colcon_core.environment:checking '/home/jj/tasktown_ws/install/village_taskgroups/bin'
[3.064s] INFO:colcon.colcon_core.shell:Creating package script '/home/jj/tasktown_ws/install/village_taskgroups/share/village_taskgroups/package.ps1'
[3.065s] INFO:colcon.colcon_core.shell:Creating package descriptor '/home/jj/tasktown_ws/install/village_taskgroups/share/village_taskgroups/package.dsv'
[3.074s] INFO:colcon.colcon_core.shell:Creating package script '/home/jj/tasktown_ws/install/village_taskgroups/share/village_taskgroups/package.sh'
[3.075s] INFO:colcon.colcon_core.shell:Creating package script '/home/jj/tasktown_ws/install/village_taskgroups/share/village_taskgroups/package.bash'
[3.075s] INFO:colcon.colcon_core.shell:Creating package script '/home/jj/tasktown_ws/install/village_taskgroups/share/village_taskgroups/package.zsh'
[3.076s] Level 1:colcon.colcon_core.environment:create_file_with_runtime_dependencies(/home/jj/tasktown_ws/install/village_taskgroups/share/colcon-core/packages/village_taskgroups)
[5.330s] DEBUG:colcon.colcon_core.event_handler.log_command:Invoked command in '/home/jj/tasktown_ws/build/village_task' returned '2': CMAKE_PREFIX_PATH=/home/jj/tasktown_ws/install/village_interfaces:/home/jj/tasktown_ws/install/village_taskgroups:/home/jj/tasktown_ws/install/village_task:/home/jj/tasktown_ws/install/village_operator:/opt/ros/foxy /usr/bin/cmake --build /home/jj/tasktown_ws/build/village_task -- -j2 -l2
[5.369s] Level 1:colcon.colcon_core.environment:create_environment_scripts_only(village_task)
[5.369s] Level 1:colcon.colcon_core.environment:checking '/home/jj/tasktown_ws/install/village_task' for CMake module files
[5.370s] Level 1:colcon.colcon_core.environment:checking '/home/jj/tasktown_ws/install/village_task' for CMake config files
[5.370s] Level 1:colcon.colcon_core.shell:create_environment_hook('village_task', 'cmake_prefix_path')
[5.370s] INFO:colcon.colcon_core.shell:Creating environment hook '/home/jj/tasktown_ws/install/village_task/share/village_task/hook/cmake_prefix_path.ps1'
[5.371s] INFO:colcon.colcon_core.shell:Creating environment descriptor '/home/jj/tasktown_ws/install/village_task/share/village_task/hook/cmake_prefix_path.dsv'
[5.371s] INFO:colcon.colcon_core.shell:Creating environment hook '/home/jj/tasktown_ws/install/village_task/share/village_task/hook/cmake_prefix_path.sh'
[5.372s] Level 1:colcon.colcon_core.environment:checking '/home/jj/tasktown_ws/install/village_task/lib'
[5.373s] Level 1:colcon.colcon_core.environment:checking '/home/jj/tasktown_ws/install/village_task/bin'
[5.373s] Level 1:colcon.colcon_core.environment:checking '/home/jj/tasktown_ws/install/village_task/lib/pkgconfig/village_task.pc'
[5.373s] Level 1:colcon.colcon_core.environment:checking '/home/jj/tasktown_ws/install/village_task/lib/python3.8/site-packages'
[5.374s] Level 1:colcon.colcon_core.environment:checking '/home/jj/tasktown_ws/install/village_task/bin'
[5.374s] INFO:colcon.colcon_core.shell:Creating package script '/home/jj/tasktown_ws/install/village_task/share/village_task/package.ps1'
[5.375s] INFO:colcon.colcon_core.shell:Creating package descriptor '/home/jj/tasktown_ws/install/village_task/share/village_task/package.dsv'
[5.376s] INFO:colcon.colcon_core.shell:Creating package script '/home/jj/tasktown_ws/install/village_task/share/village_task/package.sh'
[5.378s] INFO:colcon.colcon_core.shell:Creating package script '/home/jj/tasktown_ws/install/village_task/share/village_task/package.bash'
[5.379s] INFO:colcon.colcon_core.shell:Creating package script '/home/jj/tasktown_ws/install/village_task/share/village_task/package.zsh'
[5.379s] Level 1:colcon.colcon_core.environment:create_file_with_runtime_dependencies(/home/jj/tasktown_ws/install/village_task/share/colcon-core/packages/village_task)
[5.391s] DEBUG:colcon.colcon_parallel_executor.executor.parallel:closing loop
[5.391s] DEBUG:colcon.colcon_parallel_executor.executor.parallel:loop closed
[5.391s] DEBUG:colcon.colcon_parallel_executor.executor.parallel:run_until_complete finished with '2'
[5.391s] DEBUG:colcon.colcon_core.event_reactor:joining thread
[5.404s] INFO:colcon.colcon_core.plugin_system:Skipping extension 'colcon_notification.desktop_notification.terminal_notifier': Not used on non-Darwin systems
[5.404s] INFO:colcon.colcon_core.plugin_system:Skipping extension 'colcon_notification.desktop_notification.win32': Not used on non-Windows systems
[5.404s] INFO:colcon.colcon_notification.desktop_notification:Sending desktop notification using 'notify2'
[5.432s] DEBUG:colcon.colcon_core.event_reactor:joined thread
[5.432s] INFO:colcon.colcon_core.shell:Creating prefix script '/home/jj/tasktown_ws/install/local_setup.ps1'
[5.433s] INFO:colcon.colcon_core.shell:Creating prefix util module '/home/jj/tasktown_ws/install/_local_setup_util_ps1.py'
[5.435s] INFO:colcon.colcon_core.shell:Creating prefix chain script '/home/jj/tasktown_ws/install/setup.ps1'
[5.437s] INFO:colcon.colcon_core.shell:Creating prefix script '/home/jj/tasktown_ws/install/local_setup.sh'
[5.437s] INFO:colcon.colcon_core.shell:Creating prefix util module '/home/jj/tasktown_ws/install/_local_setup_util_sh.py'
[5.438s] INFO:colcon.colcon_core.shell:Creating prefix chain script '/home/jj/tasktown_ws/install/setup.sh'
[5.441s] INFO:colcon.colcon_core.shell:Creating prefix script '/home/jj/tasktown_ws/install/local_setup.bash'
[5.442s] INFO:colcon.colcon_core.shell:Creating prefix chain script '/home/jj/tasktown_ws/install/setup.bash'
[5.448s] INFO:colcon.colcon_core.shell:Creating prefix script '/home/jj/tasktown_ws/install/local_setup.zsh'
[5.448s] INFO:colcon.colcon_core.shell:Creating prefix chain script '/home/jj/tasktown_ws/install/setup.zsh'
