[0.033s] Invoking command in '/home/jj/tasktown_ws/build/village_operator': CMAKE_PREFIX_PATH=/home/jj/tasktown_ws/install/village_interfaces:/home/jj/tasktown_ws/install/village_taskgroups:/home/jj/tasktown_ws/install/village_task:/home/jj/tasktown_ws/install/village_operator:/opt/ros/foxy /usr/bin/cmake --build /home/jj/tasktown_ws/build/village_operator -- -j4 -l4
[0.130s] [35m[1mScanning dependencies of target operator_node[0m
[0.185s] [ 50%] [32mBuilding CXX object CMakeFiles/operator_node.dir/src/operator.cpp.o[0m
[2.442s] [01m[K/home/jj/tasktown_ws/src/village_operator/src/operator.cpp:[m[K In member function ‘[01m[Kvoid TaskAssignmentManager::assignTask(int, int, int, double, int, double)[m[K’:
[2.442s] [01m[K/home/jj/tasktown_ws/src/village_operator/src/operator.cpp:281:111:[m[K [01;35m[Kwarning: [m[Kunused parameter ‘[01m[Ktime_interval[m[K’ [[01;35m[K-Wunused-parameter[m[K]
[2.442s]   281 |     void assignTask(int operatorIndex, int taskIndex, int taskTime, double successRate, int taskValue, [01;35m[Kdouble time_interval[m[K)
[2.442s]       |                                                                                                        [01;35m[K~~~~~~~^~~~~~~~~~~~~[m[K
[6.207s] [100%] [32m[1mLinking CXX executable operator_node[0m
[6.633s] [100%] Built target operator_node
[6.647s] Invoked command in '/home/jj/tasktown_ws/build/village_operator' returned '0': CMAKE_PREFIX_PATH=/home/jj/tasktown_ws/install/village_interfaces:/home/jj/tasktown_ws/install/village_taskgroups:/home/jj/tasktown_ws/install/village_task:/home/jj/tasktown_ws/install/village_operator:/opt/ros/foxy /usr/bin/cmake --build /home/jj/tasktown_ws/build/village_operator -- -j4 -l4
[6.678s] Invoking command in '/home/jj/tasktown_ws/build/village_operator': CMAKE_PREFIX_PATH=/home/jj/tasktown_ws/install/village_interfaces:/home/jj/tasktown_ws/install/village_taskgroups:/home/jj/tasktown_ws/install/village_task:/home/jj/tasktown_ws/install/village_operator:/opt/ros/foxy /usr/bin/cmake --install /home/jj/tasktown_ws/build/village_operator
[6.687s] -- Install configuration: "Debug"
[6.688s] -- Execute custom install script
[6.689s] -- Up-to-date symlink: /home/jj/tasktown_ws/install/village_operator/share/ament_index/resource_index/package_run_dependencies/village_operator
[6.689s] -- Up-to-date symlink: /home/jj/tasktown_ws/install/village_operator/share/ament_index/resource_index/parent_prefix_path/village_operator
[6.690s] -- Up-to-date symlink: /home/jj/tasktown_ws/install/village_operator/share/village_operator/environment/ament_prefix_path.sh
[6.691s] -- Up-to-date symlink: /home/jj/tasktown_ws/install/village_operator/share/village_operator/environment/ament_prefix_path.dsv
[6.691s] -- Up-to-date symlink: /home/jj/tasktown_ws/install/village_operator/share/village_operator/environment/path.sh
[6.691s] -- Up-to-date symlink: /home/jj/tasktown_ws/install/village_operator/share/village_operator/environment/path.dsv
[6.692s] -- Up-to-date symlink: /home/jj/tasktown_ws/install/village_operator/share/village_operator/local_setup.bash
[6.692s] -- Up-to-date symlink: /home/jj/tasktown_ws/install/village_operator/share/village_operator/local_setup.sh
[6.693s] -- Up-to-date symlink: /home/jj/tasktown_ws/install/village_operator/share/village_operator/local_setup.zsh
[6.693s] -- Up-to-date symlink: /home/jj/tasktown_ws/install/village_operator/share/village_operator/local_setup.dsv
[6.693s] -- Symlinking: /home/jj/tasktown_ws/install/village_operator/share/village_operator/package.dsv
[6.704s] -- Up-to-date symlink: /home/jj/tasktown_ws/install/village_operator/share/ament_index/resource_index/packages/village_operator
[6.705s] -- Up-to-date symlink: /home/jj/tasktown_ws/install/village_operator/share/village_operator/cmake/village_operatorConfig.cmake
[6.705s] -- Up-to-date symlink: /home/jj/tasktown_ws/install/village_operator/share/village_operator/cmake/village_operatorConfig-version.cmake
[6.706s] -- Up-to-date symlink: /home/jj/tasktown_ws/install/village_operator/share/village_operator/package.xml
[6.708s] -- Up-to-date symlink: /home/jj/tasktown_ws/install/village_operator/lib/village_operator/operator_node
[6.710s] Invoked command in '/home/jj/tasktown_ws/build/village_operator' returned '0': CMAKE_PREFIX_PATH=/home/jj/tasktown_ws/install/village_interfaces:/home/jj/tasktown_ws/install/village_taskgroups:/home/jj/tasktown_ws/install/village_task:/home/jj/tasktown_ws/install/village_operator:/opt/ros/foxy /usr/bin/cmake --install /home/jj/tasktown_ws/build/village_operator
