[0.251s] DEBUG:colcon:Command line arguments: ['/usr/bin/colcon', 'build', '--symlink-install', '--event-handlers', 'console_cohesion+', '--base-paths', '/home/jj/tasktown_ws', '--cmake-args', '-DCMAKE_BUILD_TYPE=RelWithDebInfo']
[0.251s] DEBUG:colcon:Parsed command line arguments: Namespace(allow_overriding=[], ament_cmake_args=None, base_paths=['/home/jj/tasktown_ws'], build_base='build', catkin_cmake_args=None, catkin_skip_building_tests=False, cmake_args=['-DCMAKE_BUILD_TYPE=RelWithDebInfo'], cmake_clean_cache=False, cmake_clean_first=False, cmake_force_configure=False, cmake_target=None, cmake_target_skip_unavailable=False, continue_on_error=False, event_handlers=['console_cohesion+'], executor='parallel', ignore_user_meta=False, install_base='install', log_base=None, log_level=None, main=<bound method BuildVerb.main of <colcon_core.verb.build.BuildVerb object at 0x7fa8317fb5e0>>, merge_install=False, metas=['./colcon.meta'], mixin=None, mixin_files=None, mixin_verb=('build',), packages_above=None, packages_above_and_dependencies=None, packages_above_depth=None, packages_end=None, packages_ignore=None, packages_ignore_regex=None, packages_select=None, packages_select_build_failed=False, packages_select_by_dep=None, packages_select_regex=None, packages_select_test_failures=False, packages_skip=None, packages_skip_build_finished=False, packages_skip_by_dep=None, packages_skip_regex=None, packages_skip_test_passed=False, packages_skip_up_to=None, packages_start=None, packages_up_to=None, packages_up_to_regex=None, parallel_workers=4, paths=None, symlink_install=True, test_result_base=None, verb_extension=<colcon_core.verb.build.BuildVerb object at 0x7fa8317fb5e0>, verb_name='build', verb_parser=<colcon_mixin.mixin.mixin_argument.MixinArgumentDecorator object at 0x7fa8317fba30>)
[0.434s] Level 1:colcon.colcon_core.package_discovery:discover_packages(colcon_meta) check parameters
[0.434s] Level 1:colcon.colcon_core.package_discovery:discover_packages(recursive) check parameters
[0.434s] Level 1:colcon.colcon_core.package_discovery:discover_packages(ignore) check parameters
[0.434s] Level 1:colcon.colcon_core.package_discovery:discover_packages(path) check parameters
[0.434s] Level 1:colcon.colcon_core.package_discovery:discover_packages(recursive) discover
[0.434s] INFO:colcon.colcon_core.package_discovery:Crawling recursively for packages in '/home/jj/tasktown_ws'
[0.434s] Level 1:colcon.colcon_core.package_identification:_identify(/home/jj/tasktown_ws) by extensions ['ignore', 'ignore_ament_install']
[0.434s] Level 1:colcon.colcon_core.package_identification:_identify(/home/jj/tasktown_ws) by extension 'ignore'
[0.434s] Level 1:colcon.colcon_core.package_identification:_identify(/home/jj/tasktown_ws) by extension 'ignore_ament_install'
[0.434s] Level 1:colcon.colcon_core.package_identification:_identify(/home/jj/tasktown_ws) by extensions ['colcon_pkg']
[0.434s] Level 1:colcon.colcon_core.package_identification:_identify(/home/jj/tasktown_ws) by extension 'colcon_pkg'
[0.434s] Level 1:colcon.colcon_core.package_identification:_identify(/home/jj/tasktown_ws) by extensions ['colcon_meta']
[0.434s] Level 1:colcon.colcon_core.package_identification:_identify(/home/jj/tasktown_ws) by extension 'colcon_meta'
[0.435s] Level 1:colcon.colcon_core.package_identification:_identify(/home/jj/tasktown_ws) by extensions ['ros']
[0.435s] Level 1:colcon.colcon_core.package_identification:_identify(/home/jj/tasktown_ws) by extension 'ros'
[0.450s] Level 1:colcon.colcon_core.package_identification:_identify(/home/jj/tasktown_ws) by extensions ['cmake', 'python']
[0.450s] Level 1:colcon.colcon_core.package_identification:_identify(/home/jj/tasktown_ws) by extension 'cmake'
[0.450s] Level 1:colcon.colcon_core.package_identification:_identify(/home/jj/tasktown_ws) by extension 'python'
[0.450s] Level 1:colcon.colcon_core.package_identification:_identify(/home/jj/tasktown_ws) by extensions ['python_setup_py']
[0.450s] Level 1:colcon.colcon_core.package_identification:_identify(/home/jj/tasktown_ws) by extension 'python_setup_py'
[0.450s] Level 1:colcon.colcon_core.package_identification:_identify(/home/jj/tasktown_ws/build) by extensions ['ignore', 'ignore_ament_install']
[0.450s] Level 1:colcon.colcon_core.package_identification:_identify(/home/jj/tasktown_ws/build) by extension 'ignore'
[0.450s] Level 1:colcon.colcon_core.package_identification:_identify(/home/jj/tasktown_ws/build) ignored
[0.450s] Level 1:colcon.colcon_core.package_identification:_identify(/home/jj/tasktown_ws/install) by extensions ['ignore', 'ignore_ament_install']
[0.450s] Level 1:colcon.colcon_core.package_identification:_identify(/home/jj/tasktown_ws/install) by extension 'ignore'
[0.451s] Level 1:colcon.colcon_core.package_identification:_identify(/home/jj/tasktown_ws/install) ignored
[0.451s] Level 1:colcon.colcon_core.package_identification:_identify(/home/jj/tasktown_ws/log) by extensions ['ignore', 'ignore_ament_install']
[0.451s] Level 1:colcon.colcon_core.package_identification:_identify(/home/jj/tasktown_ws/log) by extension 'ignore'
[0.451s] Level 1:colcon.colcon_core.package_identification:_identify(/home/jj/tasktown_ws/log) ignored
[0.451s] Level 1:colcon.colcon_core.package_identification:_identify(/home/jj/tasktown_ws/src) by extensions ['ignore', 'ignore_ament_install']
[0.451s] Level 1:colcon.colcon_core.package_identification:_identify(/home/jj/tasktown_ws/src) by extension 'ignore'
[0.451s] Level 1:colcon.colcon_core.package_identification:_identify(/home/jj/tasktown_ws/src) by extension 'ignore_ament_install'
[0.451s] Level 1:colcon.colcon_core.package_identification:_identify(/home/jj/tasktown_ws/src) by extensions ['colcon_pkg']
[0.451s] Level 1:colcon.colcon_core.package_identification:_identify(/home/jj/tasktown_ws/src) by extension 'colcon_pkg'
[0.451s] Level 1:colcon.colcon_core.package_identification:_identify(/home/jj/tasktown_ws/src) by extensions ['colcon_meta']
[0.451s] Level 1:colcon.colcon_core.package_identification:_identify(/home/jj/tasktown_ws/src) by extension 'colcon_meta'
[0.451s] Level 1:colcon.colcon_core.package_identification:_identify(/home/jj/tasktown_ws/src) by extensions ['ros']
[0.451s] Level 1:colcon.colcon_core.package_identification:_identify(/home/jj/tasktown_ws/src) by extension 'ros'
[0.451s] Level 1:colcon.colcon_core.package_identification:_identify(/home/jj/tasktown_ws/src) by extensions ['cmake', 'python']
[0.451s] Level 1:colcon.colcon_core.package_identification:_identify(/home/jj/tasktown_ws/src) by extension 'cmake'
[0.451s] Level 1:colcon.colcon_core.package_identification:_identify(/home/jj/tasktown_ws/src) by extension 'python'
[0.452s] Level 1:colcon.colcon_core.package_identification:_identify(/home/jj/tasktown_ws/src) by extensions ['python_setup_py']
[0.452s] Level 1:colcon.colcon_core.package_identification:_identify(/home/jj/tasktown_ws/src) by extension 'python_setup_py'
[0.452s] Level 1:colcon.colcon_core.package_identification:_identify(/home/jj/tasktown_ws/src/village_interfaces) by extensions ['ignore', 'ignore_ament_install']
[0.452s] Level 1:colcon.colcon_core.package_identification:_identify(/home/jj/tasktown_ws/src/village_interfaces) by extension 'ignore'
[0.452s] Level 1:colcon.colcon_core.package_identification:_identify(/home/jj/tasktown_ws/src/village_interfaces) by extension 'ignore_ament_install'
[0.452s] Level 1:colcon.colcon_core.package_identification:_identify(/home/jj/tasktown_ws/src/village_interfaces) by extensions ['colcon_pkg']
[0.452s] Level 1:colcon.colcon_core.package_identification:_identify(/home/jj/tasktown_ws/src/village_interfaces) by extension 'colcon_pkg'
[0.452s] Level 1:colcon.colcon_core.package_identification:_identify(/home/jj/tasktown_ws/src/village_interfaces) by extensions ['colcon_meta']
[0.452s] Level 1:colcon.colcon_core.package_identification:_identify(/home/jj/tasktown_ws/src/village_interfaces) by extension 'colcon_meta'
[0.452s] Level 1:colcon.colcon_core.package_identification:_identify(/home/jj/tasktown_ws/src/village_interfaces) by extensions ['ros']
[0.452s] Level 1:colcon.colcon_core.package_identification:_identify(/home/jj/tasktown_ws/src/village_interfaces) by extension 'ros'
[0.456s] DEBUG:colcon.colcon_core.package_identification:Package '/home/jj/tasktown_ws/src/village_interfaces' with type 'ros.ament_cmake' and name 'village_interfaces'
[0.456s] Level 1:colcon.colcon_core.package_identification:_identify(/home/jj/tasktown_ws/src/village_operator) by extensions ['ignore', 'ignore_ament_install']
[0.456s] Level 1:colcon.colcon_core.package_identification:_identify(/home/jj/tasktown_ws/src/village_operator) by extension 'ignore'
[0.456s] Level 1:colcon.colcon_core.package_identification:_identify(/home/jj/tasktown_ws/src/village_operator) by extension 'ignore_ament_install'
[0.456s] Level 1:colcon.colcon_core.package_identification:_identify(/home/jj/tasktown_ws/src/village_operator) by extensions ['colcon_pkg']
[0.456s] Level 1:colcon.colcon_core.package_identification:_identify(/home/jj/tasktown_ws/src/village_operator) by extension 'colcon_pkg'
[0.456s] Level 1:colcon.colcon_core.package_identification:_identify(/home/jj/tasktown_ws/src/village_operator) by extensions ['colcon_meta']
[0.456s] Level 1:colcon.colcon_core.package_identification:_identify(/home/jj/tasktown_ws/src/village_operator) by extension 'colcon_meta'
[0.456s] Level 1:colcon.colcon_core.package_identification:_identify(/home/jj/tasktown_ws/src/village_operator) by extensions ['ros']
[0.456s] Level 1:colcon.colcon_core.package_identification:_identify(/home/jj/tasktown_ws/src/village_operator) by extension 'ros'
[0.457s] DEBUG:colcon.colcon_core.package_identification:Package '/home/jj/tasktown_ws/src/village_operator' with type 'ros.ament_cmake' and name 'village_operator'
[0.458s] Level 1:colcon.colcon_core.package_identification:_identify(/home/jj/tasktown_ws/src/village_task) by extensions ['ignore', 'ignore_ament_install']
[0.458s] Level 1:colcon.colcon_core.package_identification:_identify(/home/jj/tasktown_ws/src/village_task) by extension 'ignore'
[0.458s] Level 1:colcon.colcon_core.package_identification:_identify(/home/jj/tasktown_ws/src/village_task) by extension 'ignore_ament_install'
[0.458s] Level 1:colcon.colcon_core.package_identification:_identify(/home/jj/tasktown_ws/src/village_task) by extensions ['colcon_pkg']
[0.458s] Level 1:colcon.colcon_core.package_identification:_identify(/home/jj/tasktown_ws/src/village_task) by extension 'colcon_pkg'
[0.458s] Level 1:colcon.colcon_core.package_identification:_identify(/home/jj/tasktown_ws/src/village_task) by extensions ['colcon_meta']
[0.458s] Level 1:colcon.colcon_core.package_identification:_identify(/home/jj/tasktown_ws/src/village_task) by extension 'colcon_meta'
[0.458s] Level 1:colcon.colcon_core.package_identification:_identify(/home/jj/tasktown_ws/src/village_task) by extensions ['ros']
[0.458s] Level 1:colcon.colcon_core.package_identification:_identify(/home/jj/tasktown_ws/src/village_task) by extension 'ros'
[0.459s] DEBUG:colcon.colcon_core.package_identification:Package '/home/jj/tasktown_ws/src/village_task' with type 'ros.ament_cmake' and name 'village_task'
[0.459s] Level 1:colcon.colcon_core.package_identification:_identify(/home/jj/tasktown_ws/src/village_taskgroups) by extensions ['ignore', 'ignore_ament_install']
[0.460s] Level 1:colcon.colcon_core.package_identification:_identify(/home/jj/tasktown_ws/src/village_taskgroups) by extension 'ignore'
[0.460s] Level 1:colcon.colcon_core.package_identification:_identify(/home/jj/tasktown_ws/src/village_taskgroups) by extension 'ignore_ament_install'
[0.460s] Level 1:colcon.colcon_core.package_identification:_identify(/home/jj/tasktown_ws/src/village_taskgroups) by extensions ['colcon_pkg']
[0.460s] Level 1:colcon.colcon_core.package_identification:_identify(/home/jj/tasktown_ws/src/village_taskgroups) by extension 'colcon_pkg'
[0.460s] Level 1:colcon.colcon_core.package_identification:_identify(/home/jj/tasktown_ws/src/village_taskgroups) by extensions ['colcon_meta']
[0.460s] Level 1:colcon.colcon_core.package_identification:_identify(/home/jj/tasktown_ws/src/village_taskgroups) by extension 'colcon_meta'
[0.460s] Level 1:colcon.colcon_core.package_identification:_identify(/home/jj/tasktown_ws/src/village_taskgroups) by extensions ['ros']
[0.460s] Level 1:colcon.colcon_core.package_identification:_identify(/home/jj/tasktown_ws/src/village_taskgroups) by extension 'ros'
[0.461s] DEBUG:colcon.colcon_core.package_identification:Package '/home/jj/tasktown_ws/src/village_taskgroups' with type 'ros.ament_cmake' and name 'village_taskgroups'
[0.461s] Level 1:colcon.colcon_core.package_discovery:discover_packages(recursive) using defaults
[0.506s] Level 1:colcon.colcon_core.package_discovery:discover_packages(prefix_path) check parameters
[0.506s] Level 1:colcon.colcon_core.package_discovery:discover_packages(prefix_path) discover
[0.508s] DEBUG:colcon.colcon_installed_package_information.package_discovery:Found 4 installed packages in /home/jj/tasktown_ws/install
[0.510s] DEBUG:colcon.colcon_installed_package_information.package_discovery:Found 256 installed packages in /opt/ros/foxy
[0.512s] Level 1:colcon.colcon_core.package_discovery:discover_packages(prefix_path) using defaults
[0.591s] Level 5:colcon.colcon_core.verb:set package 'village_interfaces' build argument 'cmake_args' from command line to '['-DCMAKE_BUILD_TYPE=RelWithDebInfo']'
[0.591s] Level 5:colcon.colcon_core.verb:set package 'village_interfaces' build argument 'cmake_target' from command line to 'None'
[0.591s] Level 5:colcon.colcon_core.verb:set package 'village_interfaces' build argument 'cmake_target_skip_unavailable' from command line to 'False'
[0.591s] Level 5:colcon.colcon_core.verb:set package 'village_interfaces' build argument 'cmake_clean_cache' from command line to 'False'
[0.591s] Level 5:colcon.colcon_core.verb:set package 'village_interfaces' build argument 'cmake_clean_first' from command line to 'False'
[0.591s] Level 5:colcon.colcon_core.verb:set package 'village_interfaces' build argument 'cmake_force_configure' from command line to 'False'
[0.591s] Level 5:colcon.colcon_core.verb:set package 'village_interfaces' build argument 'ament_cmake_args' from command line to 'None'
[0.591s] Level 5:colcon.colcon_core.verb:set package 'village_interfaces' build argument 'catkin_cmake_args' from command line to 'None'
[0.591s] Level 5:colcon.colcon_core.verb:set package 'village_interfaces' build argument 'catkin_skip_building_tests' from command line to 'False'
[0.591s] DEBUG:colcon.colcon_core.verb:Building package 'village_interfaces' with the following arguments: {'ament_cmake_args': None, 'build_base': '/home/jj/tasktown_ws/build/village_interfaces', 'catkin_cmake_args': None, 'catkin_skip_building_tests': False, 'cmake_args': ['-DCMAKE_BUILD_TYPE=RelWithDebInfo'], 'cmake_clean_cache': False, 'cmake_clean_first': False, 'cmake_force_configure': False, 'cmake_target': None, 'cmake_target_skip_unavailable': False, 'install_base': '/home/jj/tasktown_ws/install/village_interfaces', 'merge_install': False, 'path': '/home/jj/tasktown_ws/src/village_interfaces', 'symlink_install': True, 'test_result_base': None}
[0.592s] Level 5:colcon.colcon_core.verb:set package 'village_operator' build argument 'cmake_args' from command line to '['-DCMAKE_BUILD_TYPE=RelWithDebInfo']'
[0.592s] Level 5:colcon.colcon_core.verb:set package 'village_operator' build argument 'cmake_target' from command line to 'None'
[0.592s] Level 5:colcon.colcon_core.verb:set package 'village_operator' build argument 'cmake_target_skip_unavailable' from command line to 'False'
[0.592s] Level 5:colcon.colcon_core.verb:set package 'village_operator' build argument 'cmake_clean_cache' from command line to 'False'
[0.592s] Level 5:colcon.colcon_core.verb:set package 'village_operator' build argument 'cmake_clean_first' from command line to 'False'
[0.592s] Level 5:colcon.colcon_core.verb:set package 'village_operator' build argument 'cmake_force_configure' from command line to 'False'
[0.592s] Level 5:colcon.colcon_core.verb:set package 'village_operator' build argument 'ament_cmake_args' from command line to 'None'
[0.592s] Level 5:colcon.colcon_core.verb:set package 'village_operator' build argument 'catkin_cmake_args' from command line to 'None'
[0.592s] Level 5:colcon.colcon_core.verb:set package 'village_operator' build argument 'catkin_skip_building_tests' from command line to 'False'
[0.592s] DEBUG:colcon.colcon_core.verb:Building package 'village_operator' with the following arguments: {'ament_cmake_args': None, 'build_base': '/home/jj/tasktown_ws/build/village_operator', 'catkin_cmake_args': None, 'catkin_skip_building_tests': False, 'cmake_args': ['-DCMAKE_BUILD_TYPE=RelWithDebInfo'], 'cmake_clean_cache': False, 'cmake_clean_first': False, 'cmake_force_configure': False, 'cmake_target': None, 'cmake_target_skip_unavailable': False, 'install_base': '/home/jj/tasktown_ws/install/village_operator', 'merge_install': False, 'path': '/home/jj/tasktown_ws/src/village_operator', 'symlink_install': True, 'test_result_base': None}
[0.593s] Level 5:colcon.colcon_core.verb:set package 'village_task' build argument 'cmake_args' from command line to '['-DCMAKE_BUILD_TYPE=RelWithDebInfo']'
[0.593s] Level 5:colcon.colcon_core.verb:set package 'village_task' build argument 'cmake_target' from command line to 'None'
[0.593s] Level 5:colcon.colcon_core.verb:set package 'village_task' build argument 'cmake_target_skip_unavailable' from command line to 'False'
[0.593s] Level 5:colcon.colcon_core.verb:set package 'village_task' build argument 'cmake_clean_cache' from command line to 'False'
[0.593s] Level 5:colcon.colcon_core.verb:set package 'village_task' build argument 'cmake_clean_first' from command line to 'False'
[0.593s] Level 5:colcon.colcon_core.verb:set package 'village_task' build argument 'cmake_force_configure' from command line to 'False'
[0.593s] Level 5:colcon.colcon_core.verb:set package 'village_task' build argument 'ament_cmake_args' from command line to 'None'
[0.593s] Level 5:colcon.colcon_core.verb:set package 'village_task' build argument 'catkin_cmake_args' from command line to 'None'
[0.593s] Level 5:colcon.colcon_core.verb:set package 'village_task' build argument 'catkin_skip_building_tests' from command line to 'False'
[0.593s] DEBUG:colcon.colcon_core.verb:Building package 'village_task' with the following arguments: {'ament_cmake_args': None, 'build_base': '/home/jj/tasktown_ws/build/village_task', 'catkin_cmake_args': None, 'catkin_skip_building_tests': False, 'cmake_args': ['-DCMAKE_BUILD_TYPE=RelWithDebInfo'], 'cmake_clean_cache': False, 'cmake_clean_first': False, 'cmake_force_configure': False, 'cmake_target': None, 'cmake_target_skip_unavailable': False, 'install_base': '/home/jj/tasktown_ws/install/village_task', 'merge_install': False, 'path': '/home/jj/tasktown_ws/src/village_task', 'symlink_install': True, 'test_result_base': None}
[0.593s] Level 5:colcon.colcon_core.verb:set package 'village_taskgroups' build argument 'cmake_args' from command line to '['-DCMAKE_BUILD_TYPE=RelWithDebInfo']'
[0.593s] Level 5:colcon.colcon_core.verb:set package 'village_taskgroups' build argument 'cmake_target' from command line to 'None'
[0.594s] Level 5:colcon.colcon_core.verb:set package 'village_taskgroups' build argument 'cmake_target_skip_unavailable' from command line to 'False'
[0.594s] Level 5:colcon.colcon_core.verb:set package 'village_taskgroups' build argument 'cmake_clean_cache' from command line to 'False'
[0.594s] Level 5:colcon.colcon_core.verb:set package 'village_taskgroups' build argument 'cmake_clean_first' from command line to 'False'
[0.594s] Level 5:colcon.colcon_core.verb:set package 'village_taskgroups' build argument 'cmake_force_configure' from command line to 'False'
[0.594s] Level 5:colcon.colcon_core.verb:set package 'village_taskgroups' build argument 'ament_cmake_args' from command line to 'None'
[0.594s] Level 5:colcon.colcon_core.verb:set package 'village_taskgroups' build argument 'catkin_cmake_args' from command line to 'None'
[0.594s] Level 5:colcon.colcon_core.verb:set package 'village_taskgroups' build argument 'catkin_skip_building_tests' from command line to 'False'
[0.594s] DEBUG:colcon.colcon_core.verb:Building package 'village_taskgroups' with the following arguments: {'ament_cmake_args': None, 'build_base': '/home/jj/tasktown_ws/build/village_taskgroups', 'catkin_cmake_args': None, 'catkin_skip_building_tests': False, 'cmake_args': ['-DCMAKE_BUILD_TYPE=RelWithDebInfo'], 'cmake_clean_cache': False, 'cmake_clean_first': False, 'cmake_force_configure': False, 'cmake_target': None, 'cmake_target_skip_unavailable': False, 'install_base': '/home/jj/tasktown_ws/install/village_taskgroups', 'merge_install': False, 'path': '/home/jj/tasktown_ws/src/village_taskgroups', 'symlink_install': True, 'test_result_base': None}
[0.594s] INFO:colcon.colcon_core.executor:Executing jobs using 'parallel' executor
[0.596s] DEBUG:colcon.colcon_parallel_executor.executor.parallel:run_until_complete
[0.597s] INFO:colcon.colcon_ros.task.ament_cmake.build:Building ROS package in '/home/jj/tasktown_ws/src/village_interfaces' with build type 'ament_cmake'
[0.597s] INFO:colcon.colcon_cmake.task.cmake.build:Building CMake package in '/home/jj/tasktown_ws/src/village_interfaces'
[0.599s] INFO:colcon.colcon_core.plugin_system:Skipping extension 'colcon_core.shell.bat': Not used on non-Windows systems
[0.600s] INFO:colcon.colcon_core.shell:Skip shell extension 'powershell' for command environment: Not usable outside of PowerShell
[0.600s] DEBUG:colcon.colcon_core.shell:Skip shell extension 'dsv' for command environment
[0.619s] DEBUG:colcon.colcon_core.event_handler.log_command:Invoking command in '/home/jj/tasktown_ws/build/village_interfaces': CMAKE_PREFIX_PATH=${CMAKE_PREFIX_PATH}:/opt/ros/foxy /usr/bin/cmake --build /home/jj/tasktown_ws/build/village_interfaces -- -j4 -l4
[0.944s] DEBUG:colcon.colcon_core.event_handler.log_command:Invoked command in '/home/jj/tasktown_ws/build/village_interfaces' returned '0': CMAKE_PREFIX_PATH=${CMAKE_PREFIX_PATH}:/opt/ros/foxy /usr/bin/cmake --build /home/jj/tasktown_ws/build/village_interfaces -- -j4 -l4
[1.093s] DEBUG:colcon.colcon_core.event_handler.log_command:Invoking command in '/home/jj/tasktown_ws/build/village_interfaces': CMAKE_PREFIX_PATH=${CMAKE_PREFIX_PATH}:/opt/ros/foxy /usr/bin/cmake --install /home/jj/tasktown_ws/build/village_interfaces
[1.191s] Level 1:colcon.colcon_core.environment:create_environment_scripts_only(village_interfaces)
[1.195s] Level 1:colcon.colcon_core.environment:checking '/home/jj/tasktown_ws/install/village_interfaces' for CMake module files
[1.197s] Level 1:colcon.colcon_core.environment:checking '/home/jj/tasktown_ws/install/village_interfaces' for CMake config files
[1.198s] Level 1:colcon.colcon_core.shell:create_environment_hook('village_interfaces', 'cmake_prefix_path')
[1.198s] INFO:colcon.colcon_core.shell:Creating environment hook '/home/jj/tasktown_ws/install/village_interfaces/share/village_interfaces/hook/cmake_prefix_path.ps1'
[1.199s] INFO:colcon.colcon_core.shell:Creating environment descriptor '/home/jj/tasktown_ws/install/village_interfaces/share/village_interfaces/hook/cmake_prefix_path.dsv'
[1.200s] INFO:colcon.colcon_core.shell:Creating environment hook '/home/jj/tasktown_ws/install/village_interfaces/share/village_interfaces/hook/cmake_prefix_path.sh'
[1.201s] Level 1:colcon.colcon_core.environment:checking '/home/jj/tasktown_ws/install/village_interfaces/lib'
[1.201s] Level 1:colcon.colcon_core.shell:create_environment_hook('village_interfaces', 'ld_library_path_lib')
[1.202s] INFO:colcon.colcon_core.shell:Creating environment hook '/home/jj/tasktown_ws/install/village_interfaces/share/village_interfaces/hook/ld_library_path_lib.ps1'
[1.202s] INFO:colcon.colcon_core.shell:Creating environment descriptor '/home/jj/tasktown_ws/install/village_interfaces/share/village_interfaces/hook/ld_library_path_lib.dsv'
[1.203s] INFO:colcon.colcon_core.shell:Creating environment hook '/home/jj/tasktown_ws/install/village_interfaces/share/village_interfaces/hook/ld_library_path_lib.sh'
[1.203s] Level 1:colcon.colcon_core.environment:checking '/home/jj/tasktown_ws/install/village_interfaces/bin'
[1.204s] Level 1:colcon.colcon_core.environment:checking '/home/jj/tasktown_ws/install/village_interfaces/lib/pkgconfig/village_interfaces.pc'
[1.204s] Level 1:colcon.colcon_core.environment:checking '/home/jj/tasktown_ws/install/village_interfaces/lib/python3.8/site-packages'
[1.204s] Level 1:colcon.colcon_core.shell:create_environment_hook('village_interfaces', 'pythonpath')
[1.204s] INFO:colcon.colcon_core.shell:Creating environment hook '/home/jj/tasktown_ws/install/village_interfaces/share/village_interfaces/hook/pythonpath.ps1'
[1.205s] INFO:colcon.colcon_core.shell:Creating environment descriptor '/home/jj/tasktown_ws/install/village_interfaces/share/village_interfaces/hook/pythonpath.dsv'
[1.206s] INFO:colcon.colcon_core.shell:Creating environment hook '/home/jj/tasktown_ws/install/village_interfaces/share/village_interfaces/hook/pythonpath.sh'
[1.207s] DEBUG:colcon.colcon_core.event_handler.log_command:Invoked command in '/home/jj/tasktown_ws/build/village_interfaces' returned '0': CMAKE_PREFIX_PATH=${CMAKE_PREFIX_PATH}:/opt/ros/foxy /usr/bin/cmake --install /home/jj/tasktown_ws/build/village_interfaces
[1.208s] Level 1:colcon.colcon_core.environment:checking '/home/jj/tasktown_ws/install/village_interfaces/bin'
[1.208s] INFO:colcon.colcon_core.shell:Creating package script '/home/jj/tasktown_ws/install/village_interfaces/share/village_interfaces/package.ps1'
[1.209s] INFO:colcon.colcon_core.shell:Creating package descriptor '/home/jj/tasktown_ws/install/village_interfaces/share/village_interfaces/package.dsv'
[1.210s] INFO:colcon.colcon_core.shell:Creating package script '/home/jj/tasktown_ws/install/village_interfaces/share/village_interfaces/package.sh'
[1.211s] INFO:colcon.colcon_core.shell:Creating package script '/home/jj/tasktown_ws/install/village_interfaces/share/village_interfaces/package.bash'
[1.212s] INFO:colcon.colcon_core.shell:Creating package script '/home/jj/tasktown_ws/install/village_interfaces/share/village_interfaces/package.zsh'
[1.214s] Level 1:colcon.colcon_core.environment:create_file_with_runtime_dependencies(/home/jj/tasktown_ws/install/village_interfaces/share/colcon-core/packages/village_interfaces)
[1.328s] Level 1:colcon.colcon_core.environment:create_environment_scripts_only(village_interfaces)
[1.329s] Level 1:colcon.colcon_core.environment:checking '/home/jj/tasktown_ws/install/village_interfaces' for CMake module files
[1.330s] Level 1:colcon.colcon_core.environment:checking '/home/jj/tasktown_ws/install/village_interfaces' for CMake config files
[1.331s] Level 1:colcon.colcon_core.shell:create_environment_hook('village_interfaces', 'cmake_prefix_path')
[1.331s] INFO:colcon.colcon_core.shell:Creating environment hook '/home/jj/tasktown_ws/install/village_interfaces/share/village_interfaces/hook/cmake_prefix_path.ps1'
[1.332s] INFO:colcon.colcon_core.shell:Creating environment descriptor '/home/jj/tasktown_ws/install/village_interfaces/share/village_interfaces/hook/cmake_prefix_path.dsv'
[1.332s] INFO:colcon.colcon_core.shell:Creating environment hook '/home/jj/tasktown_ws/install/village_interfaces/share/village_interfaces/hook/cmake_prefix_path.sh'
[1.333s] Level 1:colcon.colcon_core.environment:checking '/home/jj/tasktown_ws/install/village_interfaces/lib'
[1.333s] Level 1:colcon.colcon_core.shell:create_environment_hook('village_interfaces', 'ld_library_path_lib')
[1.334s] INFO:colcon.colcon_core.shell:Creating environment hook '/home/jj/tasktown_ws/install/village_interfaces/share/village_interfaces/hook/ld_library_path_lib.ps1'
[1.334s] INFO:colcon.colcon_core.shell:Creating environment descriptor '/home/jj/tasktown_ws/install/village_interfaces/share/village_interfaces/hook/ld_library_path_lib.dsv'
[1.335s] INFO:colcon.colcon_core.shell:Creating environment hook '/home/jj/tasktown_ws/install/village_interfaces/share/village_interfaces/hook/ld_library_path_lib.sh'
[1.336s] Level 1:colcon.colcon_core.environment:checking '/home/jj/tasktown_ws/install/village_interfaces/bin'
[1.336s] Level 1:colcon.colcon_core.environment:checking '/home/jj/tasktown_ws/install/village_interfaces/lib/pkgconfig/village_interfaces.pc'
[1.336s] Level 1:colcon.colcon_core.environment:checking '/home/jj/tasktown_ws/install/village_interfaces/lib/python3.8/site-packages'
[1.336s] Level 1:colcon.colcon_core.shell:create_environment_hook('village_interfaces', 'pythonpath')
[1.337s] INFO:colcon.colcon_core.shell:Creating environment hook '/home/jj/tasktown_ws/install/village_interfaces/share/village_interfaces/hook/pythonpath.ps1'
[1.338s] INFO:colcon.colcon_core.shell:Creating environment descriptor '/home/jj/tasktown_ws/install/village_interfaces/share/village_interfaces/hook/pythonpath.dsv'
[1.339s] INFO:colcon.colcon_core.shell:Creating environment hook '/home/jj/tasktown_ws/install/village_interfaces/share/village_interfaces/hook/pythonpath.sh'
[1.340s] Level 1:colcon.colcon_core.environment:checking '/home/jj/tasktown_ws/install/village_interfaces/bin'
[1.341s] INFO:colcon.colcon_core.shell:Creating package script '/home/jj/tasktown_ws/install/village_interfaces/share/village_interfaces/package.ps1'
[1.342s] INFO:colcon.colcon_core.shell:Creating package descriptor '/home/jj/tasktown_ws/install/village_interfaces/share/village_interfaces/package.dsv'
[1.343s] INFO:colcon.colcon_core.shell:Creating package script '/home/jj/tasktown_ws/install/village_interfaces/share/village_interfaces/package.sh'
[1.344s] INFO:colcon.colcon_core.shell:Creating package script '/home/jj/tasktown_ws/install/village_interfaces/share/village_interfaces/package.bash'
[1.345s] INFO:colcon.colcon_core.shell:Creating package script '/home/jj/tasktown_ws/install/village_interfaces/share/village_interfaces/package.zsh'
[1.346s] Level 1:colcon.colcon_core.environment:create_file_with_runtime_dependencies(/home/jj/tasktown_ws/install/village_interfaces/share/colcon-core/packages/village_interfaces)
[1.347s] INFO:colcon.colcon_ros.task.ament_cmake.build:Building ROS package in '/home/jj/tasktown_ws/src/village_operator' with build type 'ament_cmake'
[1.347s] INFO:colcon.colcon_cmake.task.cmake.build:Building CMake package in '/home/jj/tasktown_ws/src/village_operator'
[1.348s] INFO:colcon.colcon_core.shell:Skip shell extension 'powershell' for command environment: Not usable outside of PowerShell
[1.348s] DEBUG:colcon.colcon_core.shell:Skip shell extension 'dsv' for command environment
[1.358s] INFO:colcon.colcon_ros.task.ament_cmake.build:Building ROS package in '/home/jj/tasktown_ws/src/village_task' with build type 'ament_cmake'
[1.358s] INFO:colcon.colcon_cmake.task.cmake.build:Building CMake package in '/home/jj/tasktown_ws/src/village_task'
[1.359s] INFO:colcon.colcon_core.shell:Skip shell extension 'powershell' for command environment: Not usable outside of PowerShell
[1.359s] DEBUG:colcon.colcon_core.shell:Skip shell extension 'dsv' for command environment
[1.367s] INFO:colcon.colcon_ros.task.ament_cmake.build:Building ROS package in '/home/jj/tasktown_ws/src/village_taskgroups' with build type 'ament_cmake'
[1.368s] INFO:colcon.colcon_cmake.task.cmake.build:Building CMake package in '/home/jj/tasktown_ws/src/village_taskgroups'
[1.368s] INFO:colcon.colcon_core.shell:Skip shell extension 'powershell' for command environment: Not usable outside of PowerShell
[1.368s] DEBUG:colcon.colcon_core.shell:Skip shell extension 'dsv' for command environment
[1.389s] DEBUG:colcon.colcon_core.event_handler.log_command:Invoking command in '/home/jj/tasktown_ws/build/village_operator': CMAKE_PREFIX_PATH=/home/jj/tasktown_ws/install/village_interfaces:/home/jj/tasktown_ws/install/village_taskgroups:/home/jj/tasktown_ws/install/village_task:/home/jj/tasktown_ws/install/village_operator:/opt/ros/foxy /usr/bin/cmake --build /home/jj/tasktown_ws/build/village_operator -- -j4 -l4
[1.396s] DEBUG:colcon.colcon_core.event_handler.log_command:Invoking command in '/home/jj/tasktown_ws/build/village_task': CMAKE_PREFIX_PATH=/home/jj/tasktown_ws/install/village_interfaces:/home/jj/tasktown_ws/install/village_taskgroups:/home/jj/tasktown_ws/install/village_task:/home/jj/tasktown_ws/install/village_operator:/opt/ros/foxy /usr/bin/cmake --build /home/jj/tasktown_ws/build/village_task -- -j4 -l4
[1.410s] DEBUG:colcon.colcon_core.event_handler.log_command:Invoking command in '/home/jj/tasktown_ws/build/village_taskgroups': CMAKE_PREFIX_PATH=/home/jj/tasktown_ws/install/village_interfaces:/home/jj/tasktown_ws/install/village_taskgroups:/home/jj/tasktown_ws/install/village_task:/home/jj/tasktown_ws/install/village_operator:/opt/ros/foxy /usr/bin/cmake --build /home/jj/tasktown_ws/build/village_taskgroups -- -j4 -l4
[1.507s] DEBUG:colcon.colcon_core.event_handler.log_command:Invoked command in '/home/jj/tasktown_ws/build/village_taskgroups' returned '0': CMAKE_PREFIX_PATH=/home/jj/tasktown_ws/install/village_interfaces:/home/jj/tasktown_ws/install/village_taskgroups:/home/jj/tasktown_ws/install/village_task:/home/jj/tasktown_ws/install/village_operator:/opt/ros/foxy /usr/bin/cmake --build /home/jj/tasktown_ws/build/village_taskgroups -- -j4 -l4
[1.521s] DEBUG:colcon.colcon_core.event_handler.log_command:Invoked command in '/home/jj/tasktown_ws/build/village_task' returned '0': CMAKE_PREFIX_PATH=/home/jj/tasktown_ws/install/village_interfaces:/home/jj/tasktown_ws/install/village_taskgroups:/home/jj/tasktown_ws/install/village_task:/home/jj/tasktown_ws/install/village_operator:/opt/ros/foxy /usr/bin/cmake --build /home/jj/tasktown_ws/build/village_task -- -j4 -l4
[1.550s] DEBUG:colcon.colcon_core.event_handler.log_command:Invoking command in '/home/jj/tasktown_ws/build/village_taskgroups': CMAKE_PREFIX_PATH=/home/jj/tasktown_ws/install/village_interfaces:/home/jj/tasktown_ws/install/village_taskgroups:/home/jj/tasktown_ws/install/village_task:/home/jj/tasktown_ws/install/village_operator:/opt/ros/foxy /usr/bin/cmake --install /home/jj/tasktown_ws/build/village_taskgroups
[1.582s] DEBUG:colcon.colcon_core.event_handler.log_command:Invoking command in '/home/jj/tasktown_ws/build/village_task': CMAKE_PREFIX_PATH=/home/jj/tasktown_ws/install/village_interfaces:/home/jj/tasktown_ws/install/village_taskgroups:/home/jj/tasktown_ws/install/village_task:/home/jj/tasktown_ws/install/village_operator:/opt/ros/foxy /usr/bin/cmake --install /home/jj/tasktown_ws/build/village_task
[1.591s] Level 1:colcon.colcon_core.environment:create_environment_scripts_only(village_taskgroups)
[1.591s] Level 1:colcon.colcon_core.environment:checking '/home/jj/tasktown_ws/install/village_taskgroups' for CMake module files
[1.592s] Level 1:colcon.colcon_core.environment:checking '/home/jj/tasktown_ws/install/village_taskgroups' for CMake config files
[1.592s] Level 1:colcon.colcon_core.shell:create_environment_hook('village_taskgroups', 'cmake_prefix_path')
[1.593s] INFO:colcon.colcon_core.shell:Creating environment hook '/home/jj/tasktown_ws/install/village_taskgroups/share/village_taskgroups/hook/cmake_prefix_path.ps1'
[1.594s] DEBUG:colcon.colcon_core.event_handler.log_command:Invoked command in '/home/jj/tasktown_ws/build/village_taskgroups' returned '0': CMAKE_PREFIX_PATH=/home/jj/tasktown_ws/install/village_interfaces:/home/jj/tasktown_ws/install/village_taskgroups:/home/jj/tasktown_ws/install/village_task:/home/jj/tasktown_ws/install/village_operator:/opt/ros/foxy /usr/bin/cmake --install /home/jj/tasktown_ws/build/village_taskgroups
[1.596s] INFO:colcon.colcon_core.shell:Creating environment descriptor '/home/jj/tasktown_ws/install/village_taskgroups/share/village_taskgroups/hook/cmake_prefix_path.dsv'
[1.610s] INFO:colcon.colcon_core.shell:Creating environment hook '/home/jj/tasktown_ws/install/village_taskgroups/share/village_taskgroups/hook/cmake_prefix_path.sh'
[1.611s] Level 1:colcon.colcon_core.environment:checking '/home/jj/tasktown_ws/install/village_taskgroups/lib'
[1.611s] Level 1:colcon.colcon_core.environment:checking '/home/jj/tasktown_ws/install/village_taskgroups/bin'
[1.611s] Level 1:colcon.colcon_core.environment:checking '/home/jj/tasktown_ws/install/village_taskgroups/lib/pkgconfig/village_taskgroups.pc'
[1.612s] Level 1:colcon.colcon_core.environment:checking '/home/jj/tasktown_ws/install/village_taskgroups/lib/python3.8/site-packages'
[1.612s] Level 1:colcon.colcon_core.environment:checking '/home/jj/tasktown_ws/install/village_taskgroups/bin'
[1.612s] INFO:colcon.colcon_core.shell:Creating package script '/home/jj/tasktown_ws/install/village_taskgroups/share/village_taskgroups/package.ps1'
[1.613s] INFO:colcon.colcon_core.shell:Creating package descriptor '/home/jj/tasktown_ws/install/village_taskgroups/share/village_taskgroups/package.dsv'
[1.615s] INFO:colcon.colcon_core.shell:Creating package script '/home/jj/tasktown_ws/install/village_taskgroups/share/village_taskgroups/package.sh'
[1.615s] INFO:colcon.colcon_core.shell:Creating package script '/home/jj/tasktown_ws/install/village_taskgroups/share/village_taskgroups/package.bash'
[1.625s] INFO:colcon.colcon_core.shell:Creating package script '/home/jj/tasktown_ws/install/village_taskgroups/share/village_taskgroups/package.zsh'
[1.626s] Level 1:colcon.colcon_core.environment:create_file_with_runtime_dependencies(/home/jj/tasktown_ws/install/village_taskgroups/share/colcon-core/packages/village_taskgroups)
[1.649s] Level 1:colcon.colcon_core.environment:create_environment_scripts_only(village_task)
[1.650s] Level 1:colcon.colcon_core.environment:checking '/home/jj/tasktown_ws/install/village_task' for CMake module files
[1.650s] Level 1:colcon.colcon_core.environment:checking '/home/jj/tasktown_ws/install/village_task' for CMake config files
[1.651s] DEBUG:colcon.colcon_core.event_handler.log_command:Invoked command in '/home/jj/tasktown_ws/build/village_task' returned '0': CMAKE_PREFIX_PATH=/home/jj/tasktown_ws/install/village_interfaces:/home/jj/tasktown_ws/install/village_taskgroups:/home/jj/tasktown_ws/install/village_task:/home/jj/tasktown_ws/install/village_operator:/opt/ros/foxy /usr/bin/cmake --install /home/jj/tasktown_ws/build/village_task
[1.651s] Level 1:colcon.colcon_core.shell:create_environment_hook('village_task', 'cmake_prefix_path')
[1.652s] INFO:colcon.colcon_core.shell:Creating environment hook '/home/jj/tasktown_ws/install/village_task/share/village_task/hook/cmake_prefix_path.ps1'
[1.653s] INFO:colcon.colcon_core.shell:Creating environment descriptor '/home/jj/tasktown_ws/install/village_task/share/village_task/hook/cmake_prefix_path.dsv'
[1.653s] INFO:colcon.colcon_core.shell:Creating environment hook '/home/jj/tasktown_ws/install/village_task/share/village_task/hook/cmake_prefix_path.sh'
[1.654s] Level 1:colcon.colcon_core.environment:checking '/home/jj/tasktown_ws/install/village_task/lib'
[1.655s] Level 1:colcon.colcon_core.environment:checking '/home/jj/tasktown_ws/install/village_task/bin'
[1.655s] Level 1:colcon.colcon_core.environment:checking '/home/jj/tasktown_ws/install/village_task/lib/pkgconfig/village_task.pc'
[1.655s] Level 1:colcon.colcon_core.environment:checking '/home/jj/tasktown_ws/install/village_task/lib/python3.8/site-packages'
[1.655s] Level 1:colcon.colcon_core.environment:checking '/home/jj/tasktown_ws/install/village_task/bin'
[1.656s] INFO:colcon.colcon_core.shell:Creating package script '/home/jj/tasktown_ws/install/village_task/share/village_task/package.ps1'
[1.659s] INFO:colcon.colcon_core.shell:Creating package descriptor '/home/jj/tasktown_ws/install/village_task/share/village_task/package.dsv'
[1.660s] INFO:colcon.colcon_core.shell:Creating package script '/home/jj/tasktown_ws/install/village_task/share/village_task/package.sh'
[1.660s] INFO:colcon.colcon_core.shell:Creating package script '/home/jj/tasktown_ws/install/village_task/share/village_task/package.bash'
[1.661s] INFO:colcon.colcon_core.shell:Creating package script '/home/jj/tasktown_ws/install/village_task/share/village_task/package.zsh'
[1.662s] Level 1:colcon.colcon_core.environment:create_file_with_runtime_dependencies(/home/jj/tasktown_ws/install/village_task/share/colcon-core/packages/village_task)
[1.694s] Level 1:colcon.colcon_core.environment:create_environment_scripts_only(village_taskgroups)
[1.695s] Level 1:colcon.colcon_core.environment:checking '/home/jj/tasktown_ws/install/village_taskgroups' for CMake module files
[1.696s] Level 1:colcon.colcon_core.environment:checking '/home/jj/tasktown_ws/install/village_taskgroups' for CMake config files
[1.696s] Level 1:colcon.colcon_core.shell:create_environment_hook('village_taskgroups', 'cmake_prefix_path')
[1.697s] INFO:colcon.colcon_core.shell:Creating environment hook '/home/jj/tasktown_ws/install/village_taskgroups/share/village_taskgroups/hook/cmake_prefix_path.ps1'
[1.698s] INFO:colcon.colcon_core.shell:Creating environment descriptor '/home/jj/tasktown_ws/install/village_taskgroups/share/village_taskgroups/hook/cmake_prefix_path.dsv'
[1.699s] INFO:colcon.colcon_core.shell:Creating environment hook '/home/jj/tasktown_ws/install/village_taskgroups/share/village_taskgroups/hook/cmake_prefix_path.sh'
[1.700s] Level 1:colcon.colcon_core.environment:checking '/home/jj/tasktown_ws/install/village_taskgroups/lib'
[1.700s] Level 1:colcon.colcon_core.environment:checking '/home/jj/tasktown_ws/install/village_taskgroups/bin'
[1.701s] Level 1:colcon.colcon_core.environment:checking '/home/jj/tasktown_ws/install/village_taskgroups/lib/pkgconfig/village_taskgroups.pc'
[1.701s] Level 1:colcon.colcon_core.environment:checking '/home/jj/tasktown_ws/install/village_taskgroups/lib/python3.8/site-packages'
[1.702s] Level 1:colcon.colcon_core.environment:checking '/home/jj/tasktown_ws/install/village_taskgroups/bin'
[1.702s] INFO:colcon.colcon_core.shell:Creating package script '/home/jj/tasktown_ws/install/village_taskgroups/share/village_taskgroups/package.ps1'
[1.703s] INFO:colcon.colcon_core.shell:Creating package descriptor '/home/jj/tasktown_ws/install/village_taskgroups/share/village_taskgroups/package.dsv'
[1.704s] INFO:colcon.colcon_core.shell:Creating package script '/home/jj/tasktown_ws/install/village_taskgroups/share/village_taskgroups/package.sh'
[1.706s] INFO:colcon.colcon_core.shell:Creating package script '/home/jj/tasktown_ws/install/village_taskgroups/share/village_taskgroups/package.bash'
[1.708s] INFO:colcon.colcon_core.shell:Creating package script '/home/jj/tasktown_ws/install/village_taskgroups/share/village_taskgroups/package.zsh'
[1.709s] Level 1:colcon.colcon_core.environment:create_file_with_runtime_dependencies(/home/jj/tasktown_ws/install/village_taskgroups/share/colcon-core/packages/village_taskgroups)
[1.711s] Level 1:colcon.colcon_core.environment:create_environment_scripts_only(village_task)
[1.712s] Level 1:colcon.colcon_core.environment:checking '/home/jj/tasktown_ws/install/village_task' for CMake module files
[1.713s] Level 1:colcon.colcon_core.environment:checking '/home/jj/tasktown_ws/install/village_task' for CMake config files
[1.714s] Level 1:colcon.colcon_core.shell:create_environment_hook('village_task', 'cmake_prefix_path')
[1.714s] INFO:colcon.colcon_core.shell:Creating environment hook '/home/jj/tasktown_ws/install/village_task/share/village_task/hook/cmake_prefix_path.ps1'
[1.715s] INFO:colcon.colcon_core.shell:Creating environment descriptor '/home/jj/tasktown_ws/install/village_task/share/village_task/hook/cmake_prefix_path.dsv'
[1.717s] INFO:colcon.colcon_core.shell:Creating environment hook '/home/jj/tasktown_ws/install/village_task/share/village_task/hook/cmake_prefix_path.sh'
[1.718s] Level 1:colcon.colcon_core.environment:checking '/home/jj/tasktown_ws/install/village_task/lib'
[1.719s] Level 1:colcon.colcon_core.environment:checking '/home/jj/tasktown_ws/install/village_task/bin'
[1.719s] Level 1:colcon.colcon_core.environment:checking '/home/jj/tasktown_ws/install/village_task/lib/pkgconfig/village_task.pc'
[1.719s] Level 1:colcon.colcon_core.environment:checking '/home/jj/tasktown_ws/install/village_task/lib/python3.8/site-packages'
[1.719s] Level 1:colcon.colcon_core.environment:checking '/home/jj/tasktown_ws/install/village_task/bin'
[1.720s] INFO:colcon.colcon_core.shell:Creating package script '/home/jj/tasktown_ws/install/village_task/share/village_task/package.ps1'
[1.721s] INFO:colcon.colcon_core.shell:Creating package descriptor '/home/jj/tasktown_ws/install/village_task/share/village_task/package.dsv'
[1.722s] INFO:colcon.colcon_core.shell:Creating package script '/home/jj/tasktown_ws/install/village_task/share/village_task/package.sh'
[1.723s] INFO:colcon.colcon_core.shell:Creating package script '/home/jj/tasktown_ws/install/village_task/share/village_task/package.bash'
[1.725s] INFO:colcon.colcon_core.shell:Creating package script '/home/jj/tasktown_ws/install/village_task/share/village_task/package.zsh'
[1.726s] Level 1:colcon.colcon_core.environment:create_file_with_runtime_dependencies(/home/jj/tasktown_ws/install/village_task/share/colcon-core/packages/village_task)
[7.631s] DEBUG:colcon.colcon_core.event_handler.log_command:Invoked command in '/home/jj/tasktown_ws/build/village_operator' returned '0': CMAKE_PREFIX_PATH=/home/jj/tasktown_ws/install/village_interfaces:/home/jj/tasktown_ws/install/village_taskgroups:/home/jj/tasktown_ws/install/village_task:/home/jj/tasktown_ws/install/village_operator:/opt/ros/foxy /usr/bin/cmake --build /home/jj/tasktown_ws/build/village_operator -- -j4 -l4
[7.664s] DEBUG:colcon.colcon_core.event_handler.log_command:Invoking command in '/home/jj/tasktown_ws/build/village_operator': CMAKE_PREFIX_PATH=/home/jj/tasktown_ws/install/village_interfaces:/home/jj/tasktown_ws/install/village_taskgroups:/home/jj/tasktown_ws/install/village_task:/home/jj/tasktown_ws/install/village_operator:/opt/ros/foxy /usr/bin/cmake --install /home/jj/tasktown_ws/build/village_operator
[7.698s] Level 1:colcon.colcon_core.environment:create_environment_scripts_only(village_operator)
[7.698s] Level 1:colcon.colcon_core.environment:checking '/home/jj/tasktown_ws/install/village_operator' for CMake module files
[7.699s] Level 1:colcon.colcon_core.environment:checking '/home/jj/tasktown_ws/install/village_operator' for CMake config files
[7.699s] Level 1:colcon.colcon_core.shell:create_environment_hook('village_operator', 'cmake_prefix_path')
[7.699s] INFO:colcon.colcon_core.shell:Creating environment hook '/home/jj/tasktown_ws/install/village_operator/share/village_operator/hook/cmake_prefix_path.ps1'
[7.700s] INFO:colcon.colcon_core.shell:Creating environment descriptor '/home/jj/tasktown_ws/install/village_operator/share/village_operator/hook/cmake_prefix_path.dsv'
[7.701s] DEBUG:colcon.colcon_core.event_handler.log_command:Invoked command in '/home/jj/tasktown_ws/build/village_operator' returned '0': CMAKE_PREFIX_PATH=/home/jj/tasktown_ws/install/village_interfaces:/home/jj/tasktown_ws/install/village_taskgroups:/home/jj/tasktown_ws/install/village_task:/home/jj/tasktown_ws/install/village_operator:/opt/ros/foxy /usr/bin/cmake --install /home/jj/tasktown_ws/build/village_operator
[7.702s] INFO:colcon.colcon_core.shell:Creating environment hook '/home/jj/tasktown_ws/install/village_operator/share/village_operator/hook/cmake_prefix_path.sh'
[7.703s] Level 1:colcon.colcon_core.environment:checking '/home/jj/tasktown_ws/install/village_operator/lib'
[7.703s] Level 1:colcon.colcon_core.environment:checking '/home/jj/tasktown_ws/install/village_operator/bin'
[7.703s] Level 1:colcon.colcon_core.environment:checking '/home/jj/tasktown_ws/install/village_operator/lib/pkgconfig/village_operator.pc'
[7.703s] Level 1:colcon.colcon_core.environment:checking '/home/jj/tasktown_ws/install/village_operator/lib/python3.8/site-packages'
[7.704s] Level 1:colcon.colcon_core.environment:checking '/home/jj/tasktown_ws/install/village_operator/bin'
[7.704s] INFO:colcon.colcon_core.shell:Creating package script '/home/jj/tasktown_ws/install/village_operator/share/village_operator/package.ps1'
[7.705s] INFO:colcon.colcon_core.shell:Creating package descriptor '/home/jj/tasktown_ws/install/village_operator/share/village_operator/package.dsv'
[7.706s] INFO:colcon.colcon_core.shell:Creating package script '/home/jj/tasktown_ws/install/village_operator/share/village_operator/package.sh'
[7.707s] INFO:colcon.colcon_core.shell:Creating package script '/home/jj/tasktown_ws/install/village_operator/share/village_operator/package.bash'
[7.708s] INFO:colcon.colcon_core.shell:Creating package script '/home/jj/tasktown_ws/install/village_operator/share/village_operator/package.zsh'
[7.708s] Level 1:colcon.colcon_core.environment:create_file_with_runtime_dependencies(/home/jj/tasktown_ws/install/village_operator/share/colcon-core/packages/village_operator)
[7.742s] Level 1:colcon.colcon_core.environment:create_environment_scripts_only(village_operator)
[7.743s] Level 1:colcon.colcon_core.environment:checking '/home/jj/tasktown_ws/install/village_operator' for CMake module files
[7.743s] Level 1:colcon.colcon_core.environment:checking '/home/jj/tasktown_ws/install/village_operator' for CMake config files
[7.743s] Level 1:colcon.colcon_core.shell:create_environment_hook('village_operator', 'cmake_prefix_path')
[7.744s] INFO:colcon.colcon_core.shell:Creating environment hook '/home/jj/tasktown_ws/install/village_operator/share/village_operator/hook/cmake_prefix_path.ps1'
[7.746s] INFO:colcon.colcon_core.shell:Creating environment descriptor '/home/jj/tasktown_ws/install/village_operator/share/village_operator/hook/cmake_prefix_path.dsv'
[7.747s] INFO:colcon.colcon_core.shell:Creating environment hook '/home/jj/tasktown_ws/install/village_operator/share/village_operator/hook/cmake_prefix_path.sh'
[7.748s] Level 1:colcon.colcon_core.environment:checking '/home/jj/tasktown_ws/install/village_operator/lib'
[7.748s] Level 1:colcon.colcon_core.environment:checking '/home/jj/tasktown_ws/install/village_operator/bin'
[7.748s] Level 1:colcon.colcon_core.environment:checking '/home/jj/tasktown_ws/install/village_operator/lib/pkgconfig/village_operator.pc'
[7.748s] Level 1:colcon.colcon_core.environment:checking '/home/jj/tasktown_ws/install/village_operator/lib/python3.8/site-packages'
[7.748s] Level 1:colcon.colcon_core.environment:checking '/home/jj/tasktown_ws/install/village_operator/bin'
[7.749s] INFO:colcon.colcon_core.shell:Creating package script '/home/jj/tasktown_ws/install/village_operator/share/village_operator/package.ps1'
[7.750s] INFO:colcon.colcon_core.shell:Creating package descriptor '/home/jj/tasktown_ws/install/village_operator/share/village_operator/package.dsv'
[7.751s] INFO:colcon.colcon_core.shell:Creating package script '/home/jj/tasktown_ws/install/village_operator/share/village_operator/package.sh'
[7.752s] INFO:colcon.colcon_core.shell:Creating package script '/home/jj/tasktown_ws/install/village_operator/share/village_operator/package.bash'
[7.753s] INFO:colcon.colcon_core.shell:Creating package script '/home/jj/tasktown_ws/install/village_operator/share/village_operator/package.zsh'
[7.754s] Level 1:colcon.colcon_core.environment:create_file_with_runtime_dependencies(/home/jj/tasktown_ws/install/village_operator/share/colcon-core/packages/village_operator)
[7.755s] DEBUG:colcon.colcon_parallel_executor.executor.parallel:closing loop
[7.756s] DEBUG:colcon.colcon_parallel_executor.executor.parallel:loop closed
[7.757s] DEBUG:colcon.colcon_parallel_executor.executor.parallel:run_until_complete finished with '0'
[7.757s] DEBUG:colcon.colcon_core.event_reactor:joining thread
[7.769s] INFO:colcon.colcon_core.plugin_system:Skipping extension 'colcon_notification.desktop_notification.terminal_notifier': Not used on non-Darwin systems
[7.769s] INFO:colcon.colcon_core.plugin_system:Skipping extension 'colcon_notification.desktop_notification.win32': Not used on non-Windows systems
[7.769s] INFO:colcon.colcon_notification.desktop_notification:Sending desktop notification using 'notify2'
[7.794s] DEBUG:colcon.colcon_core.event_reactor:joined thread
[7.795s] INFO:colcon.colcon_core.shell:Creating prefix script '/home/jj/tasktown_ws/install/local_setup.ps1'
[7.796s] INFO:colcon.colcon_core.shell:Creating prefix util module '/home/jj/tasktown_ws/install/_local_setup_util_ps1.py'
[7.799s] INFO:colcon.colcon_core.shell:Creating prefix chain script '/home/jj/tasktown_ws/install/setup.ps1'
[7.802s] INFO:colcon.colcon_core.shell:Creating prefix script '/home/jj/tasktown_ws/install/local_setup.sh'
[7.803s] INFO:colcon.colcon_core.shell:Creating prefix util module '/home/jj/tasktown_ws/install/_local_setup_util_sh.py'
[7.804s] INFO:colcon.colcon_core.shell:Creating prefix chain script '/home/jj/tasktown_ws/install/setup.sh'
[7.810s] INFO:colcon.colcon_core.shell:Creating prefix script '/home/jj/tasktown_ws/install/local_setup.bash'
[7.811s] INFO:colcon.colcon_core.shell:Creating prefix chain script '/home/jj/tasktown_ws/install/setup.bash'
[7.813s] INFO:colcon.colcon_core.shell:Creating prefix script '/home/jj/tasktown_ws/install/local_setup.zsh'
[7.815s] INFO:colcon.colcon_core.shell:Creating prefix chain script '/home/jj/tasktown_ws/install/setup.zsh'
