[0.038s] Invoking command in '/home/jj/tasktown_ws/build/village_operator': CMAKE_PREFIX_PATH=/home/jj/tasktown_ws/install/village_interfaces:/home/jj/tasktown_ws/install/village_taskgroups:/home/jj/tasktown_ws/install/village_task:/home/jj/tasktown_ws/install/village_operator:/opt/ros/foxy /usr/bin/cmake --build /home/jj/tasktown_ws/build/village_operator -- -j4 -l4
[0.117s] [100%] Built target operator_node
[0.160s] Invoked command in '/home/jj/tasktown_ws/build/village_operator' returned '0': CMAKE_PREFIX_PATH=/home/jj/tasktown_ws/install/village_interfaces:/home/jj/tasktown_ws/install/village_taskgroups:/home/jj/tasktown_ws/install/village_task:/home/jj/tasktown_ws/install/village_operator:/opt/ros/foxy /usr/bin/cmake --build /home/jj/tasktown_ws/build/village_operator -- -j4 -l4
[0.273s] Invoking command in '/home/jj/tasktown_ws/build/village_operator': CMAKE_PREFIX_PATH=/home/jj/tasktown_ws/install/village_interfaces:/home/jj/tasktown_ws/install/village_taskgroups:/home/jj/tasktown_ws/install/village_task:/home/jj/tasktown_ws/install/village_operator:/opt/ros/foxy /usr/bin/cmake --install /home/jj/tasktown_ws/build/village_operator
[0.283s] -- Install configuration: "Debug"
[0.283s] -- Execute custom install script
[0.284s] -- Up-to-date symlink: /home/jj/tasktown_ws/install/village_operator/share/ament_index/resource_index/package_run_dependencies/village_operator
[0.284s] -- Up-to-date symlink: /home/jj/tasktown_ws/install/village_operator/share/ament_index/resource_index/parent_prefix_path/village_operator
[0.284s] -- Up-to-date symlink: /home/jj/tasktown_ws/install/village_operator/share/village_operator/environment/ament_prefix_path.sh
[0.284s] -- Up-to-date symlink: /home/jj/tasktown_ws/install/village_operator/share/village_operator/environment/ament_prefix_path.dsv
[0.284s] -- Up-to-date symlink: /home/jj/tasktown_ws/install/village_operator/share/village_operator/environment/path.sh
[0.293s] -- Up-to-date symlink: /home/jj/tasktown_ws/install/village_operator/share/village_operator/environment/path.dsv
[0.293s] -- Up-to-date symlink: /home/jj/tasktown_ws/install/village_operator/share/village_operator/local_setup.bash
[0.294s] -- Up-to-date symlink: /home/jj/tasktown_ws/install/village_operator/share/village_operator/local_setup.sh
[0.294s] -- Up-to-date symlink: /home/jj/tasktown_ws/install/village_operator/share/village_operator/local_setup.zsh
[0.294s] -- Up-to-date symlink: /home/jj/tasktown_ws/install/village_operator/share/village_operator/local_setup.dsv
[0.294s] -- Symlinking: /home/jj/tasktown_ws/install/village_operator/share/village_operator/package.dsv
[0.327s] -- Up-to-date symlink: /home/jj/tasktown_ws/install/village_operator/share/ament_index/resource_index/packages/village_operator
[0.327s] -- Up-to-date symlink: /home/jj/tasktown_ws/install/village_operator/share/village_operator/cmake/village_operatorConfig.cmake
[0.327s] -- Up-to-date symlink: /home/jj/tasktown_ws/install/village_operator/share/village_operator/cmake/village_operatorConfig-version.cmake
[0.327s] -- Up-to-date symlink: /home/jj/tasktown_ws/install/village_operator/share/village_operator/package.xml
[0.328s] -- Up-to-date symlink: /home/jj/tasktown_ws/install/village_operator/lib/village_operator/operator_node
[0.360s] Invoked command in '/home/jj/tasktown_ws/build/village_operator' returned '0': CMAKE_PREFIX_PATH=/home/jj/tasktown_ws/install/village_interfaces:/home/jj/tasktown_ws/install/village_taskgroups:/home/jj/tasktown_ws/install/village_task:/home/jj/tasktown_ws/install/village_operator:/opt/ros/foxy /usr/bin/cmake --install /home/jj/tasktown_ws/build/village_operator
