[0.044s] Invoking command in '/home/jj/tasktown_ws/build/village_task': CMAKE_PREFIX_PATH=/home/jj/tasktown_ws/install/village_interfaces:/home/jj/tasktown_ws/install/village_taskgroups:/home/jj/tasktown_ws/install/village_task:/home/jj/tasktown_ws/install/village_operator:/opt/ros/foxy /usr/bin/cmake --build /home/jj/tasktown_ws/build/village_task -- -j4 -l4
[0.136s] [35m[1mScanning dependencies of target task_node[0m
[0.189s] [ 50%] [32mBuilding CXX object CMakeFiles/task_node.dir/src/task.cpp.o[0m
[5.201s] [100%] [32m[1mLinking CXX executable task_node[0m
[5.409s] [100%] Built target task_node
[5.426s] Invoked command in '/home/jj/tasktown_ws/build/village_task' returned '0': CMAKE_PREFIX_PATH=/home/jj/tasktown_ws/install/village_interfaces:/home/jj/tasktown_ws/install/village_taskgroups:/home/jj/tasktown_ws/install/village_task:/home/jj/tasktown_ws/install/village_operator:/opt/ros/foxy /usr/bin/cmake --build /home/jj/tasktown_ws/build/village_task -- -j4 -l4
[5.471s] Invoking command in '/home/jj/tasktown_ws/build/village_task': CMAKE_PREFIX_PATH=/home/jj/tasktown_ws/install/village_interfaces:/home/jj/tasktown_ws/install/village_taskgroups:/home/jj/tasktown_ws/install/village_task:/home/jj/tasktown_ws/install/village_operator:/opt/ros/foxy /usr/bin/cmake --install /home/jj/tasktown_ws/build/village_task
[5.488s] -- Install configuration: "RelWithDebInfo"
[5.489s] -- Execute custom install script
[5.489s] -- Up-to-date symlink: /home/jj/tasktown_ws/install/village_task/share/ament_index/resource_index/package_run_dependencies/village_task
[5.490s] -- Up-to-date symlink: /home/jj/tasktown_ws/install/village_task/share/ament_index/resource_index/parent_prefix_path/village_task
[5.490s] -- Up-to-date symlink: /home/jj/tasktown_ws/install/village_task/share/village_task/environment/ament_prefix_path.sh
[5.490s] -- Up-to-date symlink: /home/jj/tasktown_ws/install/village_task/share/village_task/environment/ament_prefix_path.dsv
[5.490s] -- Up-to-date symlink: /home/jj/tasktown_ws/install/village_task/share/village_task/environment/path.sh
[5.491s] -- Up-to-date symlink: /home/jj/tasktown_ws/install/village_task/share/village_task/environment/path.dsv
[5.491s] -- Up-to-date symlink: /home/jj/tasktown_ws/install/village_task/share/village_task/local_setup.bash
[5.491s] -- Up-to-date symlink: /home/jj/tasktown_ws/install/village_task/share/village_task/local_setup.sh
[5.492s] -- Up-to-date symlink: /home/jj/tasktown_ws/install/village_task/share/village_task/local_setup.zsh
[5.492s] -- Up-to-date symlink: /home/jj/tasktown_ws/install/village_task/share/village_task/local_setup.dsv
[5.492s] -- Symlinking: /home/jj/tasktown_ws/install/village_task/share/village_task/package.dsv
[5.506s] -- Up-to-date symlink: /home/jj/tasktown_ws/install/village_task/share/ament_index/resource_index/packages/village_task
[5.506s] -- Up-to-date symlink: /home/jj/tasktown_ws/install/village_task/share/village_task/cmake/village_taskConfig.cmake
[5.506s] -- Up-to-date symlink: /home/jj/tasktown_ws/install/village_task/share/village_task/cmake/village_taskConfig-version.cmake
[5.507s] -- Up-to-date symlink: /home/jj/tasktown_ws/install/village_task/share/village_task/package.xml
[5.508s] -- Up-to-date symlink: /home/jj/tasktown_ws/install/village_task/lib/village_task/task_node
[5.521s] Invoked command in '/home/jj/tasktown_ws/build/village_task' returned '0': CMAKE_PREFIX_PATH=/home/jj/tasktown_ws/install/village_interfaces:/home/jj/tasktown_ws/install/village_taskgroups:/home/jj/tasktown_ws/install/village_task:/home/jj/tasktown_ws/install/village_operator:/opt/ros/foxy /usr/bin/cmake --install /home/jj/tasktown_ws/build/village_task
