[0.192s] DEBUG:colcon:Command line arguments: ['/usr/bin/colcon', 'build', '--symlink-install', '--event-handlers', 'console_cohesion+', '--base-paths', '/home/jj/tasktown_ws', '--cmake-args', '-DCMAKE_BUILD_TYPE=RelWithDebInfo']
[0.192s] DEBUG:colcon:Parsed command line arguments: Namespace(allow_overriding=[], ament_cmake_args=None, base_paths=['/home/jj/tasktown_ws'], build_base='build', catkin_cmake_args=None, catkin_skip_building_tests=False, cmake_args=['-DCMAKE_BUILD_TYPE=RelWithDebInfo'], cmake_clean_cache=False, cmake_clean_first=False, cmake_force_configure=False, cmake_target=None, cmake_target_skip_unavailable=False, continue_on_error=False, event_handlers=['console_cohesion+'], executor='parallel', ignore_user_meta=False, install_base='install', log_base=None, log_level=None, main=<bound method BuildVerb.main of <colcon_core.verb.build.BuildVerb object at 0x7fa9323385e0>>, merge_install=False, metas=['./colcon.meta'], mixin=None, mixin_files=None, mixin_verb=('build',), packages_above=None, packages_above_and_dependencies=None, packages_above_depth=None, packages_end=None, packages_ignore=None, packages_ignore_regex=None, packages_select=None, packages_select_build_failed=False, packages_select_by_dep=None, packages_select_regex=None, packages_select_test_failures=False, packages_skip=None, packages_skip_build_finished=False, packages_skip_by_dep=None, packages_skip_regex=None, packages_skip_test_passed=False, packages_skip_up_to=None, packages_start=None, packages_up_to=None, packages_up_to_regex=None, parallel_workers=4, paths=None, symlink_install=True, test_result_base=None, verb_extension=<colcon_core.verb.build.BuildVerb object at 0x7fa9323385e0>, verb_name='build', verb_parser=<colcon_mixin.mixin.mixin_argument.MixinArgumentDecorator object at 0x7fa932338a30>)
[0.362s] Level 1:colcon.colcon_core.package_discovery:discover_packages(colcon_meta) check parameters
[0.362s] Level 1:colcon.colcon_core.package_discovery:discover_packages(recursive) check parameters
[0.362s] Level 1:colcon.colcon_core.package_discovery:discover_packages(ignore) check parameters
[0.362s] Level 1:colcon.colcon_core.package_discovery:discover_packages(path) check parameters
[0.362s] Level 1:colcon.colcon_core.package_discovery:discover_packages(recursive) discover
[0.362s] INFO:colcon.colcon_core.package_discovery:Crawling recursively for packages in '/home/jj/tasktown_ws'
[0.363s] Level 1:colcon.colcon_core.package_identification:_identify(/home/jj/tasktown_ws) by extensions ['ignore', 'ignore_ament_install']
[0.363s] Level 1:colcon.colcon_core.package_identification:_identify(/home/jj/tasktown_ws) by extension 'ignore'
[0.363s] Level 1:colcon.colcon_core.package_identification:_identify(/home/jj/tasktown_ws) by extension 'ignore_ament_install'
[0.363s] Level 1:colcon.colcon_core.package_identification:_identify(/home/jj/tasktown_ws) by extensions ['colcon_pkg']
[0.363s] Level 1:colcon.colcon_core.package_identification:_identify(/home/jj/tasktown_ws) by extension 'colcon_pkg'
[0.363s] Level 1:colcon.colcon_core.package_identification:_identify(/home/jj/tasktown_ws) by extensions ['colcon_meta']
[0.363s] Level 1:colcon.colcon_core.package_identification:_identify(/home/jj/tasktown_ws) by extension 'colcon_meta'
[0.363s] Level 1:colcon.colcon_core.package_identification:_identify(/home/jj/tasktown_ws) by extensions ['ros']
[0.363s] Level 1:colcon.colcon_core.package_identification:_identify(/home/jj/tasktown_ws) by extension 'ros'
[0.377s] Level 1:colcon.colcon_core.package_identification:_identify(/home/jj/tasktown_ws) by extensions ['cmake', 'python']
[0.377s] Level 1:colcon.colcon_core.package_identification:_identify(/home/jj/tasktown_ws) by extension 'cmake'
[0.377s] Level 1:colcon.colcon_core.package_identification:_identify(/home/jj/tasktown_ws) by extension 'python'
[0.377s] Level 1:colcon.colcon_core.package_identification:_identify(/home/jj/tasktown_ws) by extensions ['python_setup_py']
[0.377s] Level 1:colcon.colcon_core.package_identification:_identify(/home/jj/tasktown_ws) by extension 'python_setup_py'
[0.377s] Level 1:colcon.colcon_core.package_identification:_identify(/home/jj/tasktown_ws/build) by extensions ['ignore', 'ignore_ament_install']
[0.378s] Level 1:colcon.colcon_core.package_identification:_identify(/home/jj/tasktown_ws/build) by extension 'ignore'
[0.378s] Level 1:colcon.colcon_core.package_identification:_identify(/home/jj/tasktown_ws/build) ignored
[0.378s] Level 1:colcon.colcon_core.package_identification:_identify(/home/jj/tasktown_ws/install) by extensions ['ignore', 'ignore_ament_install']
[0.378s] Level 1:colcon.colcon_core.package_identification:_identify(/home/jj/tasktown_ws/install) by extension 'ignore'
[0.378s] Level 1:colcon.colcon_core.package_identification:_identify(/home/jj/tasktown_ws/install) ignored
[0.378s] Level 1:colcon.colcon_core.package_identification:_identify(/home/jj/tasktown_ws/log) by extensions ['ignore', 'ignore_ament_install']
[0.378s] Level 1:colcon.colcon_core.package_identification:_identify(/home/jj/tasktown_ws/log) by extension 'ignore'
[0.378s] Level 1:colcon.colcon_core.package_identification:_identify(/home/jj/tasktown_ws/log) ignored
[0.378s] Level 1:colcon.colcon_core.package_identification:_identify(/home/jj/tasktown_ws/src) by extensions ['ignore', 'ignore_ament_install']
[0.378s] Level 1:colcon.colcon_core.package_identification:_identify(/home/jj/tasktown_ws/src) by extension 'ignore'
[0.378s] Level 1:colcon.colcon_core.package_identification:_identify(/home/jj/tasktown_ws/src) by extension 'ignore_ament_install'
[0.379s] Level 1:colcon.colcon_core.package_identification:_identify(/home/jj/tasktown_ws/src) by extensions ['colcon_pkg']
[0.379s] Level 1:colcon.colcon_core.package_identification:_identify(/home/jj/tasktown_ws/src) by extension 'colcon_pkg'
[0.379s] Level 1:colcon.colcon_core.package_identification:_identify(/home/jj/tasktown_ws/src) by extensions ['colcon_meta']
[0.379s] Level 1:colcon.colcon_core.package_identification:_identify(/home/jj/tasktown_ws/src) by extension 'colcon_meta'
[0.379s] Level 1:colcon.colcon_core.package_identification:_identify(/home/jj/tasktown_ws/src) by extensions ['ros']
[0.379s] Level 1:colcon.colcon_core.package_identification:_identify(/home/jj/tasktown_ws/src) by extension 'ros'
[0.379s] Level 1:colcon.colcon_core.package_identification:_identify(/home/jj/tasktown_ws/src) by extensions ['cmake', 'python']
[0.379s] Level 1:colcon.colcon_core.package_identification:_identify(/home/jj/tasktown_ws/src) by extension 'cmake'
[0.379s] Level 1:colcon.colcon_core.package_identification:_identify(/home/jj/tasktown_ws/src) by extension 'python'
[0.379s] Level 1:colcon.colcon_core.package_identification:_identify(/home/jj/tasktown_ws/src) by extensions ['python_setup_py']
[0.379s] Level 1:colcon.colcon_core.package_identification:_identify(/home/jj/tasktown_ws/src) by extension 'python_setup_py'
[0.379s] Level 1:colcon.colcon_core.package_identification:_identify(/home/jj/tasktown_ws/src/village_interfaces) by extensions ['ignore', 'ignore_ament_install']
[0.379s] Level 1:colcon.colcon_core.package_identification:_identify(/home/jj/tasktown_ws/src/village_interfaces) by extension 'ignore'
[0.379s] Level 1:colcon.colcon_core.package_identification:_identify(/home/jj/tasktown_ws/src/village_interfaces) by extension 'ignore_ament_install'
[0.379s] Level 1:colcon.colcon_core.package_identification:_identify(/home/jj/tasktown_ws/src/village_interfaces) by extensions ['colcon_pkg']
[0.379s] Level 1:colcon.colcon_core.package_identification:_identify(/home/jj/tasktown_ws/src/village_interfaces) by extension 'colcon_pkg'
[0.379s] Level 1:colcon.colcon_core.package_identification:_identify(/home/jj/tasktown_ws/src/village_interfaces) by extensions ['colcon_meta']
[0.379s] Level 1:colcon.colcon_core.package_identification:_identify(/home/jj/tasktown_ws/src/village_interfaces) by extension 'colcon_meta'
[0.380s] Level 1:colcon.colcon_core.package_identification:_identify(/home/jj/tasktown_ws/src/village_interfaces) by extensions ['ros']
[0.380s] Level 1:colcon.colcon_core.package_identification:_identify(/home/jj/tasktown_ws/src/village_interfaces) by extension 'ros'
[0.383s] DEBUG:colcon.colcon_core.package_identification:Package '/home/jj/tasktown_ws/src/village_interfaces' with type 'ros.ament_cmake' and name 'village_interfaces'
[0.384s] Level 1:colcon.colcon_core.package_identification:_identify(/home/jj/tasktown_ws/src/village_operator) by extensions ['ignore', 'ignore_ament_install']
[0.384s] Level 1:colcon.colcon_core.package_identification:_identify(/home/jj/tasktown_ws/src/village_operator) by extension 'ignore'
[0.384s] Level 1:colcon.colcon_core.package_identification:_identify(/home/jj/tasktown_ws/src/village_operator) by extension 'ignore_ament_install'
[0.384s] Level 1:colcon.colcon_core.package_identification:_identify(/home/jj/tasktown_ws/src/village_operator) by extensions ['colcon_pkg']
[0.384s] Level 1:colcon.colcon_core.package_identification:_identify(/home/jj/tasktown_ws/src/village_operator) by extension 'colcon_pkg'
[0.384s] Level 1:colcon.colcon_core.package_identification:_identify(/home/jj/tasktown_ws/src/village_operator) by extensions ['colcon_meta']
[0.384s] Level 1:colcon.colcon_core.package_identification:_identify(/home/jj/tasktown_ws/src/village_operator) by extension 'colcon_meta'
[0.384s] Level 1:colcon.colcon_core.package_identification:_identify(/home/jj/tasktown_ws/src/village_operator) by extensions ['ros']
[0.384s] Level 1:colcon.colcon_core.package_identification:_identify(/home/jj/tasktown_ws/src/village_operator) by extension 'ros'
[0.386s] DEBUG:colcon.colcon_core.package_identification:Package '/home/jj/tasktown_ws/src/village_operator' with type 'ros.ament_cmake' and name 'village_operator'
[0.386s] Level 1:colcon.colcon_core.package_identification:_identify(/home/jj/tasktown_ws/src/village_task) by extensions ['ignore', 'ignore_ament_install']
[0.386s] Level 1:colcon.colcon_core.package_identification:_identify(/home/jj/tasktown_ws/src/village_task) by extension 'ignore'
[0.386s] Level 1:colcon.colcon_core.package_identification:_identify(/home/jj/tasktown_ws/src/village_task) by extension 'ignore_ament_install'
[0.386s] Level 1:colcon.colcon_core.package_identification:_identify(/home/jj/tasktown_ws/src/village_task) by extensions ['colcon_pkg']
[0.386s] Level 1:colcon.colcon_core.package_identification:_identify(/home/jj/tasktown_ws/src/village_task) by extension 'colcon_pkg'
[0.386s] Level 1:colcon.colcon_core.package_identification:_identify(/home/jj/tasktown_ws/src/village_task) by extensions ['colcon_meta']
[0.386s] Level 1:colcon.colcon_core.package_identification:_identify(/home/jj/tasktown_ws/src/village_task) by extension 'colcon_meta'
[0.386s] Level 1:colcon.colcon_core.package_identification:_identify(/home/jj/tasktown_ws/src/village_task) by extensions ['ros']
[0.387s] Level 1:colcon.colcon_core.package_identification:_identify(/home/jj/tasktown_ws/src/village_task) by extension 'ros'
[0.388s] DEBUG:colcon.colcon_core.package_identification:Package '/home/jj/tasktown_ws/src/village_task' with type 'ros.ament_cmake' and name 'village_task'
[0.388s] Level 1:colcon.colcon_core.package_identification:_identify(/home/jj/tasktown_ws/src/village_taskgroups) by extensions ['ignore', 'ignore_ament_install']
[0.388s] Level 1:colcon.colcon_core.package_identification:_identify(/home/jj/tasktown_ws/src/village_taskgroups) by extension 'ignore'
[0.388s] Level 1:colcon.colcon_core.package_identification:_identify(/home/jj/tasktown_ws/src/village_taskgroups) by extension 'ignore_ament_install'
[0.388s] Level 1:colcon.colcon_core.package_identification:_identify(/home/jj/tasktown_ws/src/village_taskgroups) by extensions ['colcon_pkg']
[0.388s] Level 1:colcon.colcon_core.package_identification:_identify(/home/jj/tasktown_ws/src/village_taskgroups) by extension 'colcon_pkg'
[0.388s] Level 1:colcon.colcon_core.package_identification:_identify(/home/jj/tasktown_ws/src/village_taskgroups) by extensions ['colcon_meta']
[0.388s] Level 1:colcon.colcon_core.package_identification:_identify(/home/jj/tasktown_ws/src/village_taskgroups) by extension 'colcon_meta'
[0.389s] Level 1:colcon.colcon_core.package_identification:_identify(/home/jj/tasktown_ws/src/village_taskgroups) by extensions ['ros']
[0.389s] Level 1:colcon.colcon_core.package_identification:_identify(/home/jj/tasktown_ws/src/village_taskgroups) by extension 'ros'
[0.390s] DEBUG:colcon.colcon_core.package_identification:Package '/home/jj/tasktown_ws/src/village_taskgroups' with type 'ros.ament_cmake' and name 'village_taskgroups'
[0.390s] Level 1:colcon.colcon_core.package_discovery:discover_packages(recursive) using defaults
[0.445s] Level 1:colcon.colcon_core.package_discovery:discover_packages(prefix_path) check parameters
[0.445s] Level 1:colcon.colcon_core.package_discovery:discover_packages(prefix_path) discover
[0.449s] DEBUG:colcon.colcon_installed_package_information.package_discovery:Found 4 installed packages in /home/jj/tasktown_ws/install
[0.451s] DEBUG:colcon.colcon_installed_package_information.package_discovery:Found 256 installed packages in /opt/ros/foxy
[0.454s] Level 1:colcon.colcon_core.package_discovery:discover_packages(prefix_path) using defaults
[0.534s] Level 5:colcon.colcon_core.verb:set package 'village_interfaces' build argument 'cmake_args' from command line to '['-DCMAKE_BUILD_TYPE=RelWithDebInfo']'
[0.534s] Level 5:colcon.colcon_core.verb:set package 'village_interfaces' build argument 'cmake_target' from command line to 'None'
[0.534s] Level 5:colcon.colcon_core.verb:set package 'village_interfaces' build argument 'cmake_target_skip_unavailable' from command line to 'False'
[0.534s] Level 5:colcon.colcon_core.verb:set package 'village_interfaces' build argument 'cmake_clean_cache' from command line to 'False'
[0.534s] Level 5:colcon.colcon_core.verb:set package 'village_interfaces' build argument 'cmake_clean_first' from command line to 'False'
[0.534s] Level 5:colcon.colcon_core.verb:set package 'village_interfaces' build argument 'cmake_force_configure' from command line to 'False'
[0.534s] Level 5:colcon.colcon_core.verb:set package 'village_interfaces' build argument 'ament_cmake_args' from command line to 'None'
[0.534s] Level 5:colcon.colcon_core.verb:set package 'village_interfaces' build argument 'catkin_cmake_args' from command line to 'None'
[0.534s] Level 5:colcon.colcon_core.verb:set package 'village_interfaces' build argument 'catkin_skip_building_tests' from command line to 'False'
[0.534s] DEBUG:colcon.colcon_core.verb:Building package 'village_interfaces' with the following arguments: {'ament_cmake_args': None, 'build_base': '/home/jj/tasktown_ws/build/village_interfaces', 'catkin_cmake_args': None, 'catkin_skip_building_tests': False, 'cmake_args': ['-DCMAKE_BUILD_TYPE=RelWithDebInfo'], 'cmake_clean_cache': False, 'cmake_clean_first': False, 'cmake_force_configure': False, 'cmake_target': None, 'cmake_target_skip_unavailable': False, 'install_base': '/home/jj/tasktown_ws/install/village_interfaces', 'merge_install': False, 'path': '/home/jj/tasktown_ws/src/village_interfaces', 'symlink_install': True, 'test_result_base': None}
[0.535s] Level 5:colcon.colcon_core.verb:set package 'village_operator' build argument 'cmake_args' from command line to '['-DCMAKE_BUILD_TYPE=RelWithDebInfo']'
[0.535s] Level 5:colcon.colcon_core.verb:set package 'village_operator' build argument 'cmake_target' from command line to 'None'
[0.535s] Level 5:colcon.colcon_core.verb:set package 'village_operator' build argument 'cmake_target_skip_unavailable' from command line to 'False'
[0.535s] Level 5:colcon.colcon_core.verb:set package 'village_operator' build argument 'cmake_clean_cache' from command line to 'False'
[0.535s] Level 5:colcon.colcon_core.verb:set package 'village_operator' build argument 'cmake_clean_first' from command line to 'False'
[0.535s] Level 5:colcon.colcon_core.verb:set package 'village_operator' build argument 'cmake_force_configure' from command line to 'False'
[0.535s] Level 5:colcon.colcon_core.verb:set package 'village_operator' build argument 'ament_cmake_args' from command line to 'None'
[0.535s] Level 5:colcon.colcon_core.verb:set package 'village_operator' build argument 'catkin_cmake_args' from command line to 'None'
[0.535s] Level 5:colcon.colcon_core.verb:set package 'village_operator' build argument 'catkin_skip_building_tests' from command line to 'False'
[0.535s] DEBUG:colcon.colcon_core.verb:Building package 'village_operator' with the following arguments: {'ament_cmake_args': None, 'build_base': '/home/jj/tasktown_ws/build/village_operator', 'catkin_cmake_args': None, 'catkin_skip_building_tests': False, 'cmake_args': ['-DCMAKE_BUILD_TYPE=RelWithDebInfo'], 'cmake_clean_cache': False, 'cmake_clean_first': False, 'cmake_force_configure': False, 'cmake_target': None, 'cmake_target_skip_unavailable': False, 'install_base': '/home/jj/tasktown_ws/install/village_operator', 'merge_install': False, 'path': '/home/jj/tasktown_ws/src/village_operator', 'symlink_install': True, 'test_result_base': None}
[0.535s] Level 5:colcon.colcon_core.verb:set package 'village_task' build argument 'cmake_args' from command line to '['-DCMAKE_BUILD_TYPE=RelWithDebInfo']'
[0.535s] Level 5:colcon.colcon_core.verb:set package 'village_task' build argument 'cmake_target' from command line to 'None'
[0.536s] Level 5:colcon.colcon_core.verb:set package 'village_task' build argument 'cmake_target_skip_unavailable' from command line to 'False'
[0.536s] Level 5:colcon.colcon_core.verb:set package 'village_task' build argument 'cmake_clean_cache' from command line to 'False'
[0.536s] Level 5:colcon.colcon_core.verb:set package 'village_task' build argument 'cmake_clean_first' from command line to 'False'
[0.536s] Level 5:colcon.colcon_core.verb:set package 'village_task' build argument 'cmake_force_configure' from command line to 'False'
[0.536s] Level 5:colcon.colcon_core.verb:set package 'village_task' build argument 'ament_cmake_args' from command line to 'None'
[0.536s] Level 5:colcon.colcon_core.verb:set package 'village_task' build argument 'catkin_cmake_args' from command line to 'None'
[0.536s] Level 5:colcon.colcon_core.verb:set package 'village_task' build argument 'catkin_skip_building_tests' from command line to 'False'
[0.536s] DEBUG:colcon.colcon_core.verb:Building package 'village_task' with the following arguments: {'ament_cmake_args': None, 'build_base': '/home/jj/tasktown_ws/build/village_task', 'catkin_cmake_args': None, 'catkin_skip_building_tests': False, 'cmake_args': ['-DCMAKE_BUILD_TYPE=RelWithDebInfo'], 'cmake_clean_cache': False, 'cmake_clean_first': False, 'cmake_force_configure': False, 'cmake_target': None, 'cmake_target_skip_unavailable': False, 'install_base': '/home/jj/tasktown_ws/install/village_task', 'merge_install': False, 'path': '/home/jj/tasktown_ws/src/village_task', 'symlink_install': True, 'test_result_base': None}
[0.536s] Level 5:colcon.colcon_core.verb:set package 'village_taskgroups' build argument 'cmake_args' from command line to '['-DCMAKE_BUILD_TYPE=RelWithDebInfo']'
[0.536s] Level 5:colcon.colcon_core.verb:set package 'village_taskgroups' build argument 'cmake_target' from command line to 'None'
[0.536s] Level 5:colcon.colcon_core.verb:set package 'village_taskgroups' build argument 'cmake_target_skip_unavailable' from command line to 'False'
[0.537s] Level 5:colcon.colcon_core.verb:set package 'village_taskgroups' build argument 'cmake_clean_cache' from command line to 'False'
[0.537s] Level 5:colcon.colcon_core.verb:set package 'village_taskgroups' build argument 'cmake_clean_first' from command line to 'False'
[0.537s] Level 5:colcon.colcon_core.verb:set package 'village_taskgroups' build argument 'cmake_force_configure' from command line to 'False'
[0.537s] Level 5:colcon.colcon_core.verb:set package 'village_taskgroups' build argument 'ament_cmake_args' from command line to 'None'
[0.537s] Level 5:colcon.colcon_core.verb:set package 'village_taskgroups' build argument 'catkin_cmake_args' from command line to 'None'
[0.537s] Level 5:colcon.colcon_core.verb:set package 'village_taskgroups' build argument 'catkin_skip_building_tests' from command line to 'False'
[0.537s] DEBUG:colcon.colcon_core.verb:Building package 'village_taskgroups' with the following arguments: {'ament_cmake_args': None, 'build_base': '/home/jj/tasktown_ws/build/village_taskgroups', 'catkin_cmake_args': None, 'catkin_skip_building_tests': False, 'cmake_args': ['-DCMAKE_BUILD_TYPE=RelWithDebInfo'], 'cmake_clean_cache': False, 'cmake_clean_first': False, 'cmake_force_configure': False, 'cmake_target': None, 'cmake_target_skip_unavailable': False, 'install_base': '/home/jj/tasktown_ws/install/village_taskgroups', 'merge_install': False, 'path': '/home/jj/tasktown_ws/src/village_taskgroups', 'symlink_install': True, 'test_result_base': None}
[0.537s] INFO:colcon.colcon_core.executor:Executing jobs using 'parallel' executor
[0.539s] DEBUG:colcon.colcon_parallel_executor.executor.parallel:run_until_complete
[0.540s] INFO:colcon.colcon_ros.task.ament_cmake.build:Building ROS package in '/home/jj/tasktown_ws/src/village_interfaces' with build type 'ament_cmake'
[0.540s] INFO:colcon.colcon_cmake.task.cmake.build:Building CMake package in '/home/jj/tasktown_ws/src/village_interfaces'
[0.543s] INFO:colcon.colcon_core.plugin_system:Skipping extension 'colcon_core.shell.bat': Not used on non-Windows systems
[0.543s] INFO:colcon.colcon_core.shell:Skip shell extension 'powershell' for command environment: Not usable outside of PowerShell
[0.543s] DEBUG:colcon.colcon_core.shell:Skip shell extension 'dsv' for command environment
[0.563s] DEBUG:colcon.colcon_core.event_handler.log_command:Invoking command in '/home/jj/tasktown_ws/build/village_interfaces': CMAKE_PREFIX_PATH=${CMAKE_PREFIX_PATH}:/opt/ros/foxy /usr/bin/cmake --build /home/jj/tasktown_ws/build/village_interfaces -- -j4 -l4
[0.874s] DEBUG:colcon.colcon_core.event_handler.log_command:Invoked command in '/home/jj/tasktown_ws/build/village_interfaces' returned '0': CMAKE_PREFIX_PATH=${CMAKE_PREFIX_PATH}:/opt/ros/foxy /usr/bin/cmake --build /home/jj/tasktown_ws/build/village_interfaces -- -j4 -l4
[1.028s] DEBUG:colcon.colcon_core.event_handler.log_command:Invoking command in '/home/jj/tasktown_ws/build/village_interfaces': CMAKE_PREFIX_PATH=${CMAKE_PREFIX_PATH}:/opt/ros/foxy /usr/bin/cmake --install /home/jj/tasktown_ws/build/village_interfaces
[1.124s] Level 1:colcon.colcon_core.environment:create_environment_scripts_only(village_interfaces)
[1.125s] DEBUG:colcon.colcon_core.event_handler.log_command:Invoked command in '/home/jj/tasktown_ws/build/village_interfaces' returned '0': CMAKE_PREFIX_PATH=${CMAKE_PREFIX_PATH}:/opt/ros/foxy /usr/bin/cmake --install /home/jj/tasktown_ws/build/village_interfaces
[1.129s] Level 1:colcon.colcon_core.environment:checking '/home/jj/tasktown_ws/install/village_interfaces' for CMake module files
[1.130s] Level 1:colcon.colcon_core.environment:checking '/home/jj/tasktown_ws/install/village_interfaces' for CMake config files
[1.131s] Level 1:colcon.colcon_core.shell:create_environment_hook('village_interfaces', 'cmake_prefix_path')
[1.131s] INFO:colcon.colcon_core.shell:Creating environment hook '/home/jj/tasktown_ws/install/village_interfaces/share/village_interfaces/hook/cmake_prefix_path.ps1'
[1.132s] INFO:colcon.colcon_core.shell:Creating environment descriptor '/home/jj/tasktown_ws/install/village_interfaces/share/village_interfaces/hook/cmake_prefix_path.dsv'
[1.133s] INFO:colcon.colcon_core.shell:Creating environment hook '/home/jj/tasktown_ws/install/village_interfaces/share/village_interfaces/hook/cmake_prefix_path.sh'
[1.134s] Level 1:colcon.colcon_core.environment:checking '/home/jj/tasktown_ws/install/village_interfaces/lib'
[1.134s] Level 1:colcon.colcon_core.shell:create_environment_hook('village_interfaces', 'ld_library_path_lib')
[1.134s] INFO:colcon.colcon_core.shell:Creating environment hook '/home/jj/tasktown_ws/install/village_interfaces/share/village_interfaces/hook/ld_library_path_lib.ps1'
[1.135s] INFO:colcon.colcon_core.shell:Creating environment descriptor '/home/jj/tasktown_ws/install/village_interfaces/share/village_interfaces/hook/ld_library_path_lib.dsv'
[1.136s] INFO:colcon.colcon_core.shell:Creating environment hook '/home/jj/tasktown_ws/install/village_interfaces/share/village_interfaces/hook/ld_library_path_lib.sh'
[1.136s] Level 1:colcon.colcon_core.environment:checking '/home/jj/tasktown_ws/install/village_interfaces/bin'
[1.136s] Level 1:colcon.colcon_core.environment:checking '/home/jj/tasktown_ws/install/village_interfaces/lib/pkgconfig/village_interfaces.pc'
[1.136s] Level 1:colcon.colcon_core.environment:checking '/home/jj/tasktown_ws/install/village_interfaces/lib/python3.8/site-packages'
[1.137s] Level 1:colcon.colcon_core.shell:create_environment_hook('village_interfaces', 'pythonpath')
[1.137s] INFO:colcon.colcon_core.shell:Creating environment hook '/home/jj/tasktown_ws/install/village_interfaces/share/village_interfaces/hook/pythonpath.ps1'
[1.137s] INFO:colcon.colcon_core.shell:Creating environment descriptor '/home/jj/tasktown_ws/install/village_interfaces/share/village_interfaces/hook/pythonpath.dsv'
[1.138s] INFO:colcon.colcon_core.shell:Creating environment hook '/home/jj/tasktown_ws/install/village_interfaces/share/village_interfaces/hook/pythonpath.sh'
[1.139s] Level 1:colcon.colcon_core.environment:checking '/home/jj/tasktown_ws/install/village_interfaces/bin'
[1.139s] INFO:colcon.colcon_core.shell:Creating package script '/home/jj/tasktown_ws/install/village_interfaces/share/village_interfaces/package.ps1'
[1.140s] INFO:colcon.colcon_core.shell:Creating package descriptor '/home/jj/tasktown_ws/install/village_interfaces/share/village_interfaces/package.dsv'
[1.141s] INFO:colcon.colcon_core.shell:Creating package script '/home/jj/tasktown_ws/install/village_interfaces/share/village_interfaces/package.sh'
[1.144s] INFO:colcon.colcon_core.shell:Creating package script '/home/jj/tasktown_ws/install/village_interfaces/share/village_interfaces/package.bash'
[1.146s] INFO:colcon.colcon_core.shell:Creating package script '/home/jj/tasktown_ws/install/village_interfaces/share/village_interfaces/package.zsh'
[1.148s] Level 1:colcon.colcon_core.environment:create_file_with_runtime_dependencies(/home/jj/tasktown_ws/install/village_interfaces/share/colcon-core/packages/village_interfaces)
[1.303s] Level 1:colcon.colcon_core.environment:create_environment_scripts_only(village_interfaces)
[1.304s] Level 1:colcon.colcon_core.environment:checking '/home/jj/tasktown_ws/install/village_interfaces' for CMake module files
[1.305s] Level 1:colcon.colcon_core.environment:checking '/home/jj/tasktown_ws/install/village_interfaces' for CMake config files
[1.305s] Level 1:colcon.colcon_core.shell:create_environment_hook('village_interfaces', 'cmake_prefix_path')
[1.306s] INFO:colcon.colcon_core.shell:Creating environment hook '/home/jj/tasktown_ws/install/village_interfaces/share/village_interfaces/hook/cmake_prefix_path.ps1'
[1.307s] INFO:colcon.colcon_core.shell:Creating environment descriptor '/home/jj/tasktown_ws/install/village_interfaces/share/village_interfaces/hook/cmake_prefix_path.dsv'
[1.308s] INFO:colcon.colcon_core.shell:Creating environment hook '/home/jj/tasktown_ws/install/village_interfaces/share/village_interfaces/hook/cmake_prefix_path.sh'
[1.310s] Level 1:colcon.colcon_core.environment:checking '/home/jj/tasktown_ws/install/village_interfaces/lib'
[1.310s] Level 1:colcon.colcon_core.shell:create_environment_hook('village_interfaces', 'ld_library_path_lib')
[1.311s] INFO:colcon.colcon_core.shell:Creating environment hook '/home/jj/tasktown_ws/install/village_interfaces/share/village_interfaces/hook/ld_library_path_lib.ps1'
[1.311s] INFO:colcon.colcon_core.shell:Creating environment descriptor '/home/jj/tasktown_ws/install/village_interfaces/share/village_interfaces/hook/ld_library_path_lib.dsv'
[1.312s] INFO:colcon.colcon_core.shell:Creating environment hook '/home/jj/tasktown_ws/install/village_interfaces/share/village_interfaces/hook/ld_library_path_lib.sh'
[1.314s] Level 1:colcon.colcon_core.environment:checking '/home/jj/tasktown_ws/install/village_interfaces/bin'
[1.314s] Level 1:colcon.colcon_core.environment:checking '/home/jj/tasktown_ws/install/village_interfaces/lib/pkgconfig/village_interfaces.pc'
[1.314s] Level 1:colcon.colcon_core.environment:checking '/home/jj/tasktown_ws/install/village_interfaces/lib/python3.8/site-packages'
[1.314s] Level 1:colcon.colcon_core.shell:create_environment_hook('village_interfaces', 'pythonpath')
[1.315s] INFO:colcon.colcon_core.shell:Creating environment hook '/home/jj/tasktown_ws/install/village_interfaces/share/village_interfaces/hook/pythonpath.ps1'
[1.316s] INFO:colcon.colcon_core.shell:Creating environment descriptor '/home/jj/tasktown_ws/install/village_interfaces/share/village_interfaces/hook/pythonpath.dsv'
[1.316s] INFO:colcon.colcon_core.shell:Creating environment hook '/home/jj/tasktown_ws/install/village_interfaces/share/village_interfaces/hook/pythonpath.sh'
[1.317s] Level 1:colcon.colcon_core.environment:checking '/home/jj/tasktown_ws/install/village_interfaces/bin'
[1.318s] INFO:colcon.colcon_core.shell:Creating package script '/home/jj/tasktown_ws/install/village_interfaces/share/village_interfaces/package.ps1'
[1.319s] INFO:colcon.colcon_core.shell:Creating package descriptor '/home/jj/tasktown_ws/install/village_interfaces/share/village_interfaces/package.dsv'
[1.320s] INFO:colcon.colcon_core.shell:Creating package script '/home/jj/tasktown_ws/install/village_interfaces/share/village_interfaces/package.sh'
[1.321s] INFO:colcon.colcon_core.shell:Creating package script '/home/jj/tasktown_ws/install/village_interfaces/share/village_interfaces/package.bash'
[1.323s] INFO:colcon.colcon_core.shell:Creating package script '/home/jj/tasktown_ws/install/village_interfaces/share/village_interfaces/package.zsh'
[1.324s] Level 1:colcon.colcon_core.environment:create_file_with_runtime_dependencies(/home/jj/tasktown_ws/install/village_interfaces/share/colcon-core/packages/village_interfaces)
[1.324s] INFO:colcon.colcon_ros.task.ament_cmake.build:Building ROS package in '/home/jj/tasktown_ws/src/village_operator' with build type 'ament_cmake'
[1.325s] INFO:colcon.colcon_cmake.task.cmake.build:Building CMake package in '/home/jj/tasktown_ws/src/village_operator'
[1.325s] INFO:colcon.colcon_core.shell:Skip shell extension 'powershell' for command environment: Not usable outside of PowerShell
[1.326s] DEBUG:colcon.colcon_core.shell:Skip shell extension 'dsv' for command environment
[1.334s] INFO:colcon.colcon_ros.task.ament_cmake.build:Building ROS package in '/home/jj/tasktown_ws/src/village_task' with build type 'ament_cmake'
[1.335s] INFO:colcon.colcon_cmake.task.cmake.build:Building CMake package in '/home/jj/tasktown_ws/src/village_task'
[1.335s] INFO:colcon.colcon_core.shell:Skip shell extension 'powershell' for command environment: Not usable outside of PowerShell
[1.335s] DEBUG:colcon.colcon_core.shell:Skip shell extension 'dsv' for command environment
[1.345s] INFO:colcon.colcon_ros.task.ament_cmake.build:Building ROS package in '/home/jj/tasktown_ws/src/village_taskgroups' with build type 'ament_cmake'
[1.345s] INFO:colcon.colcon_cmake.task.cmake.build:Building CMake package in '/home/jj/tasktown_ws/src/village_taskgroups'
[1.346s] INFO:colcon.colcon_core.shell:Skip shell extension 'powershell' for command environment: Not usable outside of PowerShell
[1.346s] DEBUG:colcon.colcon_core.shell:Skip shell extension 'dsv' for command environment
[1.362s] DEBUG:colcon.colcon_core.event_handler.log_command:Invoking command in '/home/jj/tasktown_ws/build/village_operator': CMAKE_PREFIX_PATH=/home/jj/tasktown_ws/install/village_interfaces:/home/jj/tasktown_ws/install/village_taskgroups:/home/jj/tasktown_ws/install/village_task:/home/jj/tasktown_ws/install/village_operator:/opt/ros/foxy /usr/bin/cmake --build /home/jj/tasktown_ws/build/village_operator -- -j4 -l4
[1.375s] DEBUG:colcon.colcon_core.event_handler.log_command:Invoking command in '/home/jj/tasktown_ws/build/village_task': CMAKE_PREFIX_PATH=/home/jj/tasktown_ws/install/village_interfaces:/home/jj/tasktown_ws/install/village_taskgroups:/home/jj/tasktown_ws/install/village_task:/home/jj/tasktown_ws/install/village_operator:/opt/ros/foxy /usr/bin/cmake --build /home/jj/tasktown_ws/build/village_task -- -j4 -l4
[1.399s] DEBUG:colcon.colcon_core.event_handler.log_command:Invoking command in '/home/jj/tasktown_ws/build/village_taskgroups': CMAKE_PREFIX_PATH=/home/jj/tasktown_ws/install/village_interfaces:/home/jj/tasktown_ws/install/village_taskgroups:/home/jj/tasktown_ws/install/village_task:/home/jj/tasktown_ws/install/village_operator:/opt/ros/foxy /usr/bin/cmake --build /home/jj/tasktown_ws/build/village_taskgroups -- -j4 -l4
[1.499s] DEBUG:colcon.colcon_core.event_handler.log_command:Invoked command in '/home/jj/tasktown_ws/build/village_taskgroups' returned '0': CMAKE_PREFIX_PATH=/home/jj/tasktown_ws/install/village_interfaces:/home/jj/tasktown_ws/install/village_taskgroups:/home/jj/tasktown_ws/install/village_task:/home/jj/tasktown_ws/install/village_operator:/opt/ros/foxy /usr/bin/cmake --build /home/jj/tasktown_ws/build/village_taskgroups -- -j4 -l4
[1.510s] DEBUG:colcon.colcon_core.event_handler.log_command:Invoked command in '/home/jj/tasktown_ws/build/village_task' returned '0': CMAKE_PREFIX_PATH=/home/jj/tasktown_ws/install/village_interfaces:/home/jj/tasktown_ws/install/village_taskgroups:/home/jj/tasktown_ws/install/village_task:/home/jj/tasktown_ws/install/village_operator:/opt/ros/foxy /usr/bin/cmake --build /home/jj/tasktown_ws/build/village_task -- -j4 -l4
[1.537s] DEBUG:colcon.colcon_core.event_handler.log_command:Invoking command in '/home/jj/tasktown_ws/build/village_taskgroups': CMAKE_PREFIX_PATH=/home/jj/tasktown_ws/install/village_interfaces:/home/jj/tasktown_ws/install/village_taskgroups:/home/jj/tasktown_ws/install/village_task:/home/jj/tasktown_ws/install/village_operator:/opt/ros/foxy /usr/bin/cmake --install /home/jj/tasktown_ws/build/village_taskgroups
[1.560s] DEBUG:colcon.colcon_core.event_handler.log_command:Invoking command in '/home/jj/tasktown_ws/build/village_task': CMAKE_PREFIX_PATH=/home/jj/tasktown_ws/install/village_interfaces:/home/jj/tasktown_ws/install/village_taskgroups:/home/jj/tasktown_ws/install/village_task:/home/jj/tasktown_ws/install/village_operator:/opt/ros/foxy /usr/bin/cmake --install /home/jj/tasktown_ws/build/village_task
[1.601s] Level 1:colcon.colcon_core.environment:create_environment_scripts_only(village_taskgroups)
[1.601s] Level 1:colcon.colcon_core.environment:checking '/home/jj/tasktown_ws/install/village_taskgroups' for CMake module files
[1.602s] DEBUG:colcon.colcon_core.event_handler.log_command:Invoked command in '/home/jj/tasktown_ws/build/village_taskgroups' returned '0': CMAKE_PREFIX_PATH=/home/jj/tasktown_ws/install/village_interfaces:/home/jj/tasktown_ws/install/village_taskgroups:/home/jj/tasktown_ws/install/village_task:/home/jj/tasktown_ws/install/village_operator:/opt/ros/foxy /usr/bin/cmake --install /home/jj/tasktown_ws/build/village_taskgroups
[1.603s] Level 1:colcon.colcon_core.environment:checking '/home/jj/tasktown_ws/install/village_taskgroups' for CMake config files
[1.603s] Level 1:colcon.colcon_core.shell:create_environment_hook('village_taskgroups', 'cmake_prefix_path')
[1.604s] INFO:colcon.colcon_core.shell:Creating environment hook '/home/jj/tasktown_ws/install/village_taskgroups/share/village_taskgroups/hook/cmake_prefix_path.ps1'
[1.604s] INFO:colcon.colcon_core.shell:Creating environment descriptor '/home/jj/tasktown_ws/install/village_taskgroups/share/village_taskgroups/hook/cmake_prefix_path.dsv'
[1.608s] INFO:colcon.colcon_core.shell:Creating environment hook '/home/jj/tasktown_ws/install/village_taskgroups/share/village_taskgroups/hook/cmake_prefix_path.sh'
[1.611s] Level 1:colcon.colcon_core.environment:checking '/home/jj/tasktown_ws/install/village_taskgroups/lib'
[1.611s] Level 1:colcon.colcon_core.environment:checking '/home/jj/tasktown_ws/install/village_taskgroups/bin'
[1.611s] Level 1:colcon.colcon_core.environment:checking '/home/jj/tasktown_ws/install/village_taskgroups/lib/pkgconfig/village_taskgroups.pc'
[1.611s] Level 1:colcon.colcon_core.environment:checking '/home/jj/tasktown_ws/install/village_taskgroups/lib/python3.8/site-packages'
[1.612s] Level 1:colcon.colcon_core.environment:checking '/home/jj/tasktown_ws/install/village_taskgroups/bin'
[1.612s] INFO:colcon.colcon_core.shell:Creating package script '/home/jj/tasktown_ws/install/village_taskgroups/share/village_taskgroups/package.ps1'
[1.613s] INFO:colcon.colcon_core.shell:Creating package descriptor '/home/jj/tasktown_ws/install/village_taskgroups/share/village_taskgroups/package.dsv'
[1.614s] INFO:colcon.colcon_core.shell:Creating package script '/home/jj/tasktown_ws/install/village_taskgroups/share/village_taskgroups/package.sh'
[1.615s] INFO:colcon.colcon_core.shell:Creating package script '/home/jj/tasktown_ws/install/village_taskgroups/share/village_taskgroups/package.bash'
[1.615s] INFO:colcon.colcon_core.shell:Creating package script '/home/jj/tasktown_ws/install/village_taskgroups/share/village_taskgroups/package.zsh'
[1.616s] Level 1:colcon.colcon_core.environment:create_file_with_runtime_dependencies(/home/jj/tasktown_ws/install/village_taskgroups/share/colcon-core/packages/village_taskgroups)
[1.631s] Level 1:colcon.colcon_core.environment:create_environment_scripts_only(village_task)
[1.632s] Level 1:colcon.colcon_core.environment:checking '/home/jj/tasktown_ws/install/village_task' for CMake module files
[1.633s] Level 1:colcon.colcon_core.environment:checking '/home/jj/tasktown_ws/install/village_task' for CMake config files
[1.633s] Level 1:colcon.colcon_core.shell:create_environment_hook('village_task', 'cmake_prefix_path')
[1.634s] DEBUG:colcon.colcon_core.event_handler.log_command:Invoked command in '/home/jj/tasktown_ws/build/village_task' returned '0': CMAKE_PREFIX_PATH=/home/jj/tasktown_ws/install/village_interfaces:/home/jj/tasktown_ws/install/village_taskgroups:/home/jj/tasktown_ws/install/village_task:/home/jj/tasktown_ws/install/village_operator:/opt/ros/foxy /usr/bin/cmake --install /home/jj/tasktown_ws/build/village_task
[1.634s] INFO:colcon.colcon_core.shell:Creating environment hook '/home/jj/tasktown_ws/install/village_task/share/village_task/hook/cmake_prefix_path.ps1'
[1.635s] INFO:colcon.colcon_core.shell:Creating environment descriptor '/home/jj/tasktown_ws/install/village_task/share/village_task/hook/cmake_prefix_path.dsv'
[1.636s] INFO:colcon.colcon_core.shell:Creating environment hook '/home/jj/tasktown_ws/install/village_task/share/village_task/hook/cmake_prefix_path.sh'
[1.640s] Level 1:colcon.colcon_core.environment:checking '/home/jj/tasktown_ws/install/village_task/lib'
[1.640s] Level 1:colcon.colcon_core.environment:checking '/home/jj/tasktown_ws/install/village_task/bin'
[1.640s] Level 1:colcon.colcon_core.environment:checking '/home/jj/tasktown_ws/install/village_task/lib/pkgconfig/village_task.pc'
[1.640s] Level 1:colcon.colcon_core.environment:checking '/home/jj/tasktown_ws/install/village_task/lib/python3.8/site-packages'
[1.640s] Level 1:colcon.colcon_core.environment:checking '/home/jj/tasktown_ws/install/village_task/bin'
[1.641s] INFO:colcon.colcon_core.shell:Creating package script '/home/jj/tasktown_ws/install/village_task/share/village_task/package.ps1'
[1.642s] INFO:colcon.colcon_core.shell:Creating package descriptor '/home/jj/tasktown_ws/install/village_task/share/village_task/package.dsv'
[1.643s] INFO:colcon.colcon_core.shell:Creating package script '/home/jj/tasktown_ws/install/village_task/share/village_task/package.sh'
[1.644s] INFO:colcon.colcon_core.shell:Creating package script '/home/jj/tasktown_ws/install/village_task/share/village_task/package.bash'
[1.645s] INFO:colcon.colcon_core.shell:Creating package script '/home/jj/tasktown_ws/install/village_task/share/village_task/package.zsh'
[1.646s] Level 1:colcon.colcon_core.environment:create_file_with_runtime_dependencies(/home/jj/tasktown_ws/install/village_task/share/colcon-core/packages/village_task)
[1.654s] Level 1:colcon.colcon_core.environment:create_environment_scripts_only(village_taskgroups)
[1.655s] Level 1:colcon.colcon_core.environment:checking '/home/jj/tasktown_ws/install/village_taskgroups' for CMake module files
[1.656s] Level 1:colcon.colcon_core.environment:checking '/home/jj/tasktown_ws/install/village_taskgroups' for CMake config files
[1.656s] Level 1:colcon.colcon_core.shell:create_environment_hook('village_taskgroups', 'cmake_prefix_path')
[1.656s] INFO:colcon.colcon_core.shell:Creating environment hook '/home/jj/tasktown_ws/install/village_taskgroups/share/village_taskgroups/hook/cmake_prefix_path.ps1'
[1.658s] INFO:colcon.colcon_core.shell:Creating environment descriptor '/home/jj/tasktown_ws/install/village_taskgroups/share/village_taskgroups/hook/cmake_prefix_path.dsv'
[1.660s] INFO:colcon.colcon_core.shell:Creating environment hook '/home/jj/tasktown_ws/install/village_taskgroups/share/village_taskgroups/hook/cmake_prefix_path.sh'
[1.662s] Level 1:colcon.colcon_core.environment:checking '/home/jj/tasktown_ws/install/village_taskgroups/lib'
[1.662s] Level 1:colcon.colcon_core.environment:checking '/home/jj/tasktown_ws/install/village_taskgroups/bin'
[1.662s] Level 1:colcon.colcon_core.environment:checking '/home/jj/tasktown_ws/install/village_taskgroups/lib/pkgconfig/village_taskgroups.pc'
[1.662s] Level 1:colcon.colcon_core.environment:checking '/home/jj/tasktown_ws/install/village_taskgroups/lib/python3.8/site-packages'
[1.662s] Level 1:colcon.colcon_core.environment:checking '/home/jj/tasktown_ws/install/village_taskgroups/bin'
[1.663s] INFO:colcon.colcon_core.shell:Creating package script '/home/jj/tasktown_ws/install/village_taskgroups/share/village_taskgroups/package.ps1'
[1.665s] INFO:colcon.colcon_core.shell:Creating package descriptor '/home/jj/tasktown_ws/install/village_taskgroups/share/village_taskgroups/package.dsv'
[1.667s] INFO:colcon.colcon_core.shell:Creating package script '/home/jj/tasktown_ws/install/village_taskgroups/share/village_taskgroups/package.sh'
[1.668s] INFO:colcon.colcon_core.shell:Creating package script '/home/jj/tasktown_ws/install/village_taskgroups/share/village_taskgroups/package.bash'
[1.670s] INFO:colcon.colcon_core.shell:Creating package script '/home/jj/tasktown_ws/install/village_taskgroups/share/village_taskgroups/package.zsh'
[1.675s] Level 1:colcon.colcon_core.environment:create_file_with_runtime_dependencies(/home/jj/tasktown_ws/install/village_taskgroups/share/colcon-core/packages/village_taskgroups)
[1.692s] Level 1:colcon.colcon_core.environment:create_environment_scripts_only(village_task)
[1.692s] Level 1:colcon.colcon_core.environment:checking '/home/jj/tasktown_ws/install/village_task' for CMake module files
[1.693s] Level 1:colcon.colcon_core.environment:checking '/home/jj/tasktown_ws/install/village_task' for CMake config files
[1.693s] Level 1:colcon.colcon_core.shell:create_environment_hook('village_task', 'cmake_prefix_path')
[1.694s] INFO:colcon.colcon_core.shell:Creating environment hook '/home/jj/tasktown_ws/install/village_task/share/village_task/hook/cmake_prefix_path.ps1'
[1.695s] INFO:colcon.colcon_core.shell:Creating environment descriptor '/home/jj/tasktown_ws/install/village_task/share/village_task/hook/cmake_prefix_path.dsv'
[1.696s] INFO:colcon.colcon_core.shell:Creating environment hook '/home/jj/tasktown_ws/install/village_task/share/village_task/hook/cmake_prefix_path.sh'
[1.697s] Level 1:colcon.colcon_core.environment:checking '/home/jj/tasktown_ws/install/village_task/lib'
[1.697s] Level 1:colcon.colcon_core.environment:checking '/home/jj/tasktown_ws/install/village_task/bin'
[1.697s] Level 1:colcon.colcon_core.environment:checking '/home/jj/tasktown_ws/install/village_task/lib/pkgconfig/village_task.pc'
[1.697s] Level 1:colcon.colcon_core.environment:checking '/home/jj/tasktown_ws/install/village_task/lib/python3.8/site-packages'
[1.698s] Level 1:colcon.colcon_core.environment:checking '/home/jj/tasktown_ws/install/village_task/bin'
[1.698s] INFO:colcon.colcon_core.shell:Creating package script '/home/jj/tasktown_ws/install/village_task/share/village_task/package.ps1'
[1.699s] INFO:colcon.colcon_core.shell:Creating package descriptor '/home/jj/tasktown_ws/install/village_task/share/village_task/package.dsv'
[1.700s] INFO:colcon.colcon_core.shell:Creating package script '/home/jj/tasktown_ws/install/village_task/share/village_task/package.sh'
[1.701s] INFO:colcon.colcon_core.shell:Creating package script '/home/jj/tasktown_ws/install/village_task/share/village_task/package.bash'
[1.701s] INFO:colcon.colcon_core.shell:Creating package script '/home/jj/tasktown_ws/install/village_task/share/village_task/package.zsh'
[1.702s] Level 1:colcon.colcon_core.environment:create_file_with_runtime_dependencies(/home/jj/tasktown_ws/install/village_task/share/colcon-core/packages/village_task)
[7.786s] DEBUG:colcon.colcon_core.event_handler.log_command:Invoked command in '/home/jj/tasktown_ws/build/village_operator' returned '0': CMAKE_PREFIX_PATH=/home/jj/tasktown_ws/install/village_interfaces:/home/jj/tasktown_ws/install/village_taskgroups:/home/jj/tasktown_ws/install/village_task:/home/jj/tasktown_ws/install/village_operator:/opt/ros/foxy /usr/bin/cmake --build /home/jj/tasktown_ws/build/village_operator -- -j4 -l4
[7.818s] DEBUG:colcon.colcon_core.event_handler.log_command:Invoking command in '/home/jj/tasktown_ws/build/village_operator': CMAKE_PREFIX_PATH=/home/jj/tasktown_ws/install/village_interfaces:/home/jj/tasktown_ws/install/village_taskgroups:/home/jj/tasktown_ws/install/village_task:/home/jj/tasktown_ws/install/village_operator:/opt/ros/foxy /usr/bin/cmake --install /home/jj/tasktown_ws/build/village_operator
[7.845s] Level 1:colcon.colcon_core.environment:create_environment_scripts_only(village_operator)
[7.846s] Level 1:colcon.colcon_core.environment:checking '/home/jj/tasktown_ws/install/village_operator' for CMake module files
[7.847s] DEBUG:colcon.colcon_core.event_handler.log_command:Invoked command in '/home/jj/tasktown_ws/build/village_operator' returned '0': CMAKE_PREFIX_PATH=/home/jj/tasktown_ws/install/village_interfaces:/home/jj/tasktown_ws/install/village_taskgroups:/home/jj/tasktown_ws/install/village_task:/home/jj/tasktown_ws/install/village_operator:/opt/ros/foxy /usr/bin/cmake --install /home/jj/tasktown_ws/build/village_operator
[7.847s] Level 1:colcon.colcon_core.environment:checking '/home/jj/tasktown_ws/install/village_operator' for CMake config files
[7.848s] Level 1:colcon.colcon_core.shell:create_environment_hook('village_operator', 'cmake_prefix_path')
[7.848s] INFO:colcon.colcon_core.shell:Creating environment hook '/home/jj/tasktown_ws/install/village_operator/share/village_operator/hook/cmake_prefix_path.ps1'
[7.849s] INFO:colcon.colcon_core.shell:Creating environment descriptor '/home/jj/tasktown_ws/install/village_operator/share/village_operator/hook/cmake_prefix_path.dsv'
[7.849s] INFO:colcon.colcon_core.shell:Creating environment hook '/home/jj/tasktown_ws/install/village_operator/share/village_operator/hook/cmake_prefix_path.sh'
[7.850s] Level 1:colcon.colcon_core.environment:checking '/home/jj/tasktown_ws/install/village_operator/lib'
[7.850s] Level 1:colcon.colcon_core.environment:checking '/home/jj/tasktown_ws/install/village_operator/bin'
[7.850s] Level 1:colcon.colcon_core.environment:checking '/home/jj/tasktown_ws/install/village_operator/lib/pkgconfig/village_operator.pc'
[7.851s] Level 1:colcon.colcon_core.environment:checking '/home/jj/tasktown_ws/install/village_operator/lib/python3.8/site-packages'
[7.851s] Level 1:colcon.colcon_core.environment:checking '/home/jj/tasktown_ws/install/village_operator/bin'
[7.851s] INFO:colcon.colcon_core.shell:Creating package script '/home/jj/tasktown_ws/install/village_operator/share/village_operator/package.ps1'
[7.852s] INFO:colcon.colcon_core.shell:Creating package descriptor '/home/jj/tasktown_ws/install/village_operator/share/village_operator/package.dsv'
[7.853s] INFO:colcon.colcon_core.shell:Creating package script '/home/jj/tasktown_ws/install/village_operator/share/village_operator/package.sh'
[7.854s] INFO:colcon.colcon_core.shell:Creating package script '/home/jj/tasktown_ws/install/village_operator/share/village_operator/package.bash'
[7.855s] INFO:colcon.colcon_core.shell:Creating package script '/home/jj/tasktown_ws/install/village_operator/share/village_operator/package.zsh'
[7.856s] Level 1:colcon.colcon_core.environment:create_file_with_runtime_dependencies(/home/jj/tasktown_ws/install/village_operator/share/colcon-core/packages/village_operator)
[7.886s] Level 1:colcon.colcon_core.environment:create_environment_scripts_only(village_operator)
[7.886s] Level 1:colcon.colcon_core.environment:checking '/home/jj/tasktown_ws/install/village_operator' for CMake module files
[7.887s] Level 1:colcon.colcon_core.environment:checking '/home/jj/tasktown_ws/install/village_operator' for CMake config files
[7.887s] Level 1:colcon.colcon_core.shell:create_environment_hook('village_operator', 'cmake_prefix_path')
[7.888s] INFO:colcon.colcon_core.shell:Creating environment hook '/home/jj/tasktown_ws/install/village_operator/share/village_operator/hook/cmake_prefix_path.ps1'
[7.890s] INFO:colcon.colcon_core.shell:Creating environment descriptor '/home/jj/tasktown_ws/install/village_operator/share/village_operator/hook/cmake_prefix_path.dsv'
[7.891s] INFO:colcon.colcon_core.shell:Creating environment hook '/home/jj/tasktown_ws/install/village_operator/share/village_operator/hook/cmake_prefix_path.sh'
[7.892s] Level 1:colcon.colcon_core.environment:checking '/home/jj/tasktown_ws/install/village_operator/lib'
[7.892s] Level 1:colcon.colcon_core.environment:checking '/home/jj/tasktown_ws/install/village_operator/bin'
[7.892s] Level 1:colcon.colcon_core.environment:checking '/home/jj/tasktown_ws/install/village_operator/lib/pkgconfig/village_operator.pc'
[7.892s] Level 1:colcon.colcon_core.environment:checking '/home/jj/tasktown_ws/install/village_operator/lib/python3.8/site-packages'
[7.893s] Level 1:colcon.colcon_core.environment:checking '/home/jj/tasktown_ws/install/village_operator/bin'
[7.893s] INFO:colcon.colcon_core.shell:Creating package script '/home/jj/tasktown_ws/install/village_operator/share/village_operator/package.ps1'
[7.895s] INFO:colcon.colcon_core.shell:Creating package descriptor '/home/jj/tasktown_ws/install/village_operator/share/village_operator/package.dsv'
[7.896s] INFO:colcon.colcon_core.shell:Creating package script '/home/jj/tasktown_ws/install/village_operator/share/village_operator/package.sh'
[7.897s] INFO:colcon.colcon_core.shell:Creating package script '/home/jj/tasktown_ws/install/village_operator/share/village_operator/package.bash'
[7.897s] INFO:colcon.colcon_core.shell:Creating package script '/home/jj/tasktown_ws/install/village_operator/share/village_operator/package.zsh'
[7.898s] Level 1:colcon.colcon_core.environment:create_file_with_runtime_dependencies(/home/jj/tasktown_ws/install/village_operator/share/colcon-core/packages/village_operator)
[7.898s] DEBUG:colcon.colcon_parallel_executor.executor.parallel:closing loop
[7.899s] DEBUG:colcon.colcon_parallel_executor.executor.parallel:loop closed
[7.899s] DEBUG:colcon.colcon_parallel_executor.executor.parallel:run_until_complete finished with '0'
[7.899s] DEBUG:colcon.colcon_core.event_reactor:joining thread
[7.908s] INFO:colcon.colcon_core.plugin_system:Skipping extension 'colcon_notification.desktop_notification.terminal_notifier': Not used on non-Darwin systems
[7.908s] INFO:colcon.colcon_core.plugin_system:Skipping extension 'colcon_notification.desktop_notification.win32': Not used on non-Windows systems
[7.908s] INFO:colcon.colcon_notification.desktop_notification:Sending desktop notification using 'notify2'
[7.935s] DEBUG:colcon.colcon_core.event_reactor:joined thread
[7.936s] INFO:colcon.colcon_core.shell:Creating prefix script '/home/jj/tasktown_ws/install/local_setup.ps1'
[7.937s] INFO:colcon.colcon_core.shell:Creating prefix util module '/home/jj/tasktown_ws/install/_local_setup_util_ps1.py'
[7.940s] INFO:colcon.colcon_core.shell:Creating prefix chain script '/home/jj/tasktown_ws/install/setup.ps1'
[7.943s] INFO:colcon.colcon_core.shell:Creating prefix script '/home/jj/tasktown_ws/install/local_setup.sh'
[7.944s] INFO:colcon.colcon_core.shell:Creating prefix util module '/home/jj/tasktown_ws/install/_local_setup_util_sh.py'
[7.947s] INFO:colcon.colcon_core.shell:Creating prefix chain script '/home/jj/tasktown_ws/install/setup.sh'
[7.948s] INFO:colcon.colcon_core.shell:Creating prefix script '/home/jj/tasktown_ws/install/local_setup.bash'
[7.949s] INFO:colcon.colcon_core.shell:Creating prefix chain script '/home/jj/tasktown_ws/install/setup.bash'
[7.951s] INFO:colcon.colcon_core.shell:Creating prefix script '/home/jj/tasktown_ws/install/local_setup.zsh'
[7.952s] INFO:colcon.colcon_core.shell:Creating prefix chain script '/home/jj/tasktown_ws/install/setup.zsh'
