[0.063s] Invoking command in '/home/jj/tasktown_ws/build/village_task': CMAKE_PREFIX_PATH=/home/jj/tasktown_ws/install/village_interfaces:/home/jj/tasktown_ws/install/village_taskgroups:/home/jj/tasktown_ws/install/village_task:/home/jj/tasktown_ws/install/village_operator:/opt/ros/foxy /usr/bin/cmake --build /home/jj/tasktown_ws/build/village_task -- -j4 -l4
[0.200s] [35m[1mScanning dependencies of target task_node[0m
[0.303s] [ 50%] [32mBuilding CXX object CMakeFiles/task_node.dir/src/task.cpp.o[0m
[3.325s] In file included from [01m[K/usr/include/x86_64-linux-gnu/c++/9/bits/c++allocator.h:33[m[K,
[3.325s]                  from [01m[K/usr/include/c++/9/bits/allocator.h:46[m[K,
[3.325s]                  from [01m[K/usr/include/c++/9/memory:63[m[K,
[3.325s]                  from [01m[K/opt/ros/foxy/include/rclcpp/rclcpp.hpp:144[m[K,
[3.325s]                  from [01m[K/home/jj/tasktown_ws/src/village_task/src/task.cpp:2[m[K:
[3.325s] /usr/include/c++/9/ext/new_allocator.h: In instantiation of ‘[01m[Kvoid __gnu_cxx::new_allocator<_Tp>::construct(_Up*, _Args&& ...) [with _Up = rclcpp::Client<village_interfaces::srv::TaskUpdate>; _Args = {}; _Tp = rclcpp::Client<village_interfaces::srv::TaskUpdate>][m[K’:
[3.325s] [01m[K/usr/include/c++/9/bits/alloc_traits.h:483:4:[m[K   required from ‘[01m[Kstatic void std::allocator_traits<std::allocator<_Tp1> >::construct(std::allocator_traits<std::allocator<_Tp1> >::allocator_type&, _Up*, _Args&& ...) [with _Up = rclcpp::Client<village_interfaces::srv::TaskUpdate>; _Args = {}; _Tp = rclcpp::Client<village_interfaces::srv::TaskUpdate>; std::allocator_traits<std::allocator<_Tp1> >::allocator_type = std::allocator<rclcpp::Client<village_interfaces::srv::TaskUpdate> >][m[K’
[3.325s] [01m[K/usr/include/c++/9/bits/shared_ptr_base.h:548:39:[m[K   required from ‘[01m[Kstd::_Sp_counted_ptr_inplace<_Tp, _Alloc, _Lp>::_Sp_counted_ptr_inplace(_Alloc, _Args&& ...) [with _Args = {}; _Tp = rclcpp::Client<village_interfaces::srv::TaskUpdate>; _Alloc = std::allocator<rclcpp::Client<village_interfaces::srv::TaskUpdate> >; __gnu_cxx::_Lock_policy _Lp = __gnu_cxx::_S_atomic][m[K’
[3.325s] [01m[K/usr/include/c++/9/bits/shared_ptr_base.h:679:16:[m[K   required from ‘[01m[Kstd::__shared_count<_Lp>::__shared_count(_Tp*&, std::_Sp_alloc_shared_tag<_Alloc>, _Args&& ...) [with _Tp = rclcpp::Client<village_interfaces::srv::TaskUpdate>; _Alloc = std::allocator<rclcpp::Client<village_interfaces::srv::TaskUpdate> >; _Args = {}; __gnu_cxx::_Lock_policy _Lp = __gnu_cxx::_S_atomic][m[K’
[3.326s] [01m[K/usr/include/c++/9/bits/shared_ptr_base.h:1344:71:[m[K   required from ‘[01m[Kstd::__shared_ptr<_Tp, _Lp>::__shared_ptr(std::_Sp_alloc_shared_tag<_Tp>, _Args&& ...) [with _Alloc = std::allocator<rclcpp::Client<village_interfaces::srv::TaskUpdate> >; _Args = {}; _Tp = rclcpp::Client<village_interfaces::srv::TaskUpdate>; __gnu_cxx::_Lock_policy _Lp = __gnu_cxx::_S_atomic][m[K’
[3.326s] [01m[K/usr/include/c++/9/bits/shared_ptr.h:359:59:[m[K   required from ‘[01m[Kstd::shared_ptr<_Tp>::shared_ptr(std::_Sp_alloc_shared_tag<_Tp>, _Args&& ...) [with _Alloc = std::allocator<rclcpp::Client<village_interfaces::srv::TaskUpdate> >; _Args = {}; _Tp = rclcpp::Client<village_interfaces::srv::TaskUpdate>][m[K’
[3.326s] [01m[K/usr/include/c++/9/bits/shared_ptr.h:701:14:[m[K   required from ‘[01m[Kstd::shared_ptr<_Tp> std::allocate_shared(const _Alloc&, _Args&& ...) [with _Tp = rclcpp::Client<village_interfaces::srv::TaskUpdate>; _Alloc = std::allocator<rclcpp::Client<village_interfaces::srv::TaskUpdate> >; _Args = {}][m[K’
[3.326s] [01m[K/usr/include/c++/9/bits/shared_ptr.h:717:39:[m[K   required from ‘[01m[Kstd::shared_ptr<_Tp> std::make_shared(_Args&& ...) [with _Tp = rclcpp::Client<village_interfaces::srv::TaskUpdate>; _Args = {}][m[K’
[3.326s] [01m[K/home/jj/tasktown_ws/src/village_task/src/task.cpp:137:112:[m[K   required from here
[3.326s] [01m[K/usr/include/c++/9/ext/new_allocator.h:146:4:[m[K [01;31m[Kerror: [m[Kno matching function for call to ‘[01m[Krclcpp::Client<village_interfaces::srv::TaskUpdate>::Client()[m[K’
[3.326s]   146 |  { [01;31m[K::new((void *)__p) _Up(std::forward<_Args>(__args)...)[m[K; }
[3.326s]       |    [01;31m[K^~~~~~~~~~~~~~~~~~~~~~~~~~~~~~~~~~~~~~~~~~~~~~~~~~~~~~[m[K
[3.331s] In file included from [01m[K/opt/ros/foxy/include/rclcpp/callback_group.hpp:23[m[K,
[3.332s]                  from [01m[K/opt/ros/foxy/include/rclcpp/any_executable.hpp:20[m[K,
[3.332s]                  from [01m[K/opt/ros/foxy/include/rclcpp/memory_strategy.hpp:24[m[K,
[3.332s]                  from [01m[K/opt/ros/foxy/include/rclcpp/memory_strategies.hpp:18[m[K,
[3.332s]                  from [01m[K/opt/ros/foxy/include/rclcpp/executor_options.hpp:20[m[K,
[3.332s]                  from [01m[K/opt/ros/foxy/include/rclcpp/executor.hpp:33[m[K,
[3.332s]                  from [01m[K/opt/ros/foxy/include/rclcpp/executors/multi_threaded_executor.hpp:26[m[K,
[3.332s]                  from [01m[K/opt/ros/foxy/include/rclcpp/executors.hpp:21[m[K,
[3.332s]                  from [01m[K/opt/ros/foxy/include/rclcpp/rclcpp.hpp:146[m[K,
[3.332s]                  from [01m[K/home/jj/tasktown_ws/src/village_task/src/task.cpp:2[m[K:
[3.332s] [01m[K/opt/ros/foxy/include/rclcpp/client.hpp:209:3:[m[K [01;36m[Knote: [m[Kcandidate: ‘[01m[Krclcpp::Client<ServiceT>::Client(rclcpp::node_interfaces::NodeBaseInterface*, rclcpp::node_interfaces::NodeGraphInterface::SharedPtr, const string&, rcl_client_options_t&) [with ServiceT = village_interfaces::srv::TaskUpdate; rclcpp::node_interfaces::NodeGraphInterface::SharedPtr = std::shared_ptr<rclcpp::node_interfaces::NodeGraphInterface>; std::string = std::__cxx11::basic_string<char>; rcl_client_options_t = rcl_client_options_t][m[K’
[3.332s]   209 |   [01;36m[KClient[m[K(
[3.333s]       |   [01;36m[K^~~~~~[m[K
[3.333s] [01m[K/opt/ros/foxy/include/rclcpp/client.hpp:209:3:[m[K [01;36m[Knote: [m[K  candidate expects 4 arguments, 0 provided
[3.554s] make[2]: *** [CMakeFiles/task_node.dir/build.make:63：CMakeFiles/task_node.dir/src/task.cpp.o] 错误 1
[3.554s] make[1]: *** [CMakeFiles/Makefile2:78：CMakeFiles/task_node.dir/all] 错误 2
[3.554s] make: *** [Makefile:141：all] 错误 2
[3.558s] Invoked command in '/home/jj/tasktown_ws/build/village_task' returned '2': CMAKE_PREFIX_PATH=/home/jj/tasktown_ws/install/village_interfaces:/home/jj/tasktown_ws/install/village_taskgroups:/home/jj/tasktown_ws/install/village_task:/home/jj/tasktown_ws/install/village_operator:/opt/ros/foxy /usr/bin/cmake --build /home/jj/tasktown_ws/build/village_task -- -j4 -l4
