[35m[1mScanning dependencies of target operator_node[0m
[ 50%] [32mBuilding CXX object CMakeFiles/operator_node.dir/src/operator.cpp.o[0m
[01m[K/home/jj/tasktown_ws/src/village_operator/src/operator.cpp:[m[K In member function ‘[01m[Kvoid TaskUpdateNode::handle_task_update_sequence_callback(std::shared_ptr<village_interfaces::srv::TaskUpdate_Request_<std::allocator<void> > >, std::shared_ptr<village_interfaces::srv::TaskUpdate_Response_<std::allocator<void> > >)[m[K’:
[01m[K/home/jj/tasktown_ws/src/village_operator/src/operator.cpp:443:77:[m[K [01;31m[Kerror: [m[Kno matching function for call to ‘[01m[Kstd::vector<std::pair<std::vector<int>, std::vector<std::chrono::time_point<std::chrono::_V2::steady_clock, std::chrono::duration<long int, std::ratio<1, 1000000000> > > > > >::push_back(<brace-enclosed initializer list>)[m[K’
  443 |         global_task_sequence.push_back({request->tasks, {task_arrival_time}}[01;31m[K)[m[K;  // 20240914新增
      |                                                                             [01;31m[K^[m[K
In file included from [01m[K/usr/include/c++/9/vector:67[m[K,
                 from [01m[K/usr/include/c++/9/functional:62[m[K,
                 from [01m[K/usr/include/c++/9/pstl/glue_algorithm_defs.h:13[m[K,
                 from [01m[K/usr/include/c++/9/algorithm:71[m[K,
                 from [01m[K/opt/ros/foxy/include/rclcpp/executor.hpp:18[m[K,
                 from [01m[K/opt/ros/foxy/include/rclcpp/executors/multi_threaded_executor.hpp:26[m[K,
                 from [01m[K/opt/ros/foxy/include/rclcpp/executors.hpp:21[m[K,
                 from [01m[K/opt/ros/foxy/include/rclcpp/rclcpp.hpp:146[m[K,
                 from [01m[K/home/jj/tasktown_ws/src/village_operator/src/operator.cpp:2[m[K:
[01m[K/usr/include/c++/9/bits/stl_vector.h:1184:7:[m[K [01;36m[Knote: [m[Kcandidate: ‘[01m[Kvoid std::vector<_Tp, _Alloc>::push_back(const value_type&) [with _Tp = std::pair<std::vector<int>, std::vector<std::chrono::time_point<std::chrono::_V2::steady_clock, std::chrono::duration<long int, std::ratio<1, 1000000000> > > > >; _Alloc = std::allocator<std::pair<std::vector<int>, std::vector<std::chrono::time_point<std::chrono::_V2::steady_clock, std::chrono::duration<long int, std::ratio<1, 1000000000> > > > > >; std::vector<_Tp, _Alloc>::value_type = std::pair<std::vector<int>, std::vector<std::chrono::time_point<std::chrono::_V2::steady_clock, std::chrono::duration<long int, std::ratio<1, 1000000000> > > > >][m[K’
 1184 |       [01;36m[Kpush_back[m[K(const value_type& __x)
      |       [01;36m[K^~~~~~~~~[m[K
[01m[K/usr/include/c++/9/bits/stl_vector.h:1184:35:[m[K [01;36m[Knote: [m[K  no known conversion for argument 1 from ‘[01m[K<brace-enclosed initializer list>[m[K’ to ‘[01m[Kconst value_type&[m[K’ {aka ‘[01m[Kconst std::pair<std::vector<int>, std::vector<std::chrono::time_point<std::chrono::_V2::steady_clock, std::chrono::duration<long int, std::ratio<1, 1000000000> > > > >&[m[K’}
 1184 |       push_back([01;36m[Kconst value_type& __x[m[K)
      |                 [01;36m[K~~~~~~~~~~~~~~~~~~^~~[m[K
[01m[K/usr/include/c++/9/bits/stl_vector.h:1200:7:[m[K [01;36m[Knote: [m[Kcandidate: ‘[01m[Kvoid std::vector<_Tp, _Alloc>::push_back(std::vector<_Tp, _Alloc>::value_type&&) [with _Tp = std::pair<std::vector<int>, std::vector<std::chrono::time_point<std::chrono::_V2::steady_clock, std::chrono::duration<long int, std::ratio<1, 1000000000> > > > >; _Alloc = std::allocator<std::pair<std::vector<int>, std::vector<std::chrono::time_point<std::chrono::_V2::steady_clock, std::chrono::duration<long int, std::ratio<1, 1000000000> > > > > >; std::vector<_Tp, _Alloc>::value_type = std::pair<std::vector<int>, std::vector<std::chrono::time_point<std::chrono::_V2::steady_clock, std::chrono::duration<long int, std::ratio<1, 1000000000> > > > >][m[K’
 1200 |       [01;36m[Kpush_back[m[K(value_type&& __x)
      |       [01;36m[K^~~~~~~~~[m[K
[01m[K/usr/include/c++/9/bits/stl_vector.h:1200:30:[m[K [01;36m[Knote: [m[K  no known conversion for argument 1 from ‘[01m[K<brace-enclosed initializer list>[m[K’ to ‘[01m[Kstd::vector<std::pair<std::vector<int>, std::vector<std::chrono::time_point<std::chrono::_V2::steady_clock, std::chrono::duration<long int, std::ratio<1, 1000000000> > > > > >::value_type&&[m[K’ {aka ‘[01m[Kstd::pair<std::vector<int>, std::vector<std::chrono::time_point<std::chrono::_V2::steady_clock, std::chrono::duration<long int, std::ratio<1, 1000000000> > > > >&&[m[K’}
 1200 |       push_back([01;36m[Kvalue_type&& __x[m[K)
      |                 [01;36m[K~~~~~~~~~~~~~^~~[m[K
[01m[K/home/jj/tasktown_ws/src/village_operator/src/operator.cpp:[m[K In lambda function:
[01m[K/home/jj/tasktown_ws/src/village_operator/src/operator.cpp:808:108:[m[K [01;31m[Kerror: [m[Kno matching function for call to ‘[01m[Kstd::vector<std::chrono::time_point<std::chrono::_V2::steady_clock, std::chrono::duration<long int, std::ratio<1, 1000000000> > > >::push_back(std::chrono::_V2::system_clock::time_point)[m[K’
  808 | ask_sequence[selected_task_index].second.push_back(std::chrono::system_clock::now()[01;31m[K)[m[K;  //开始处理的时间
      |                                                                                    [01;31m[K^[m[K

In file included from [01m[K/usr/include/c++/9/vector:67[m[K,
                 from [01m[K/usr/include/c++/9/functional:62[m[K,
                 from [01m[K/usr/include/c++/9/pstl/glue_algorithm_defs.h:13[m[K,
                 from [01m[K/usr/include/c++/9/algorithm:71[m[K,
                 from [01m[K/opt/ros/foxy/include/rclcpp/executor.hpp:18[m[K,
                 from [01m[K/opt/ros/foxy/include/rclcpp/executors/multi_threaded_executor.hpp:26[m[K,
                 from [01m[K/opt/ros/foxy/include/rclcpp/executors.hpp:21[m[K,
                 from [01m[K/opt/ros/foxy/include/rclcpp/rclcpp.hpp:146[m[K,
                 from [01m[K/home/jj/tasktown_ws/src/village_operator/src/operator.cpp:2[m[K:
[01m[K/usr/include/c++/9/bits/stl_vector.h:1184:7:[m[K [01;36m[Knote: [m[Kcandidate: ‘[01m[Kvoid std::vector<_Tp, _Alloc>::push_back(const value_type&) [with _Tp = std::chrono::time_point<std::chrono::_V2::steady_clock, std::chrono::duration<long int, std::ratio<1, 1000000000> > >; _Alloc = std::allocator<std::chrono::time_point<std::chrono::_V2::steady_clock, std::chrono::duration<long int, std::ratio<1, 1000000000> > > >; std::vector<_Tp, _Alloc>::value_type = std::chrono::time_point<std::chrono::_V2::steady_clock, std::chrono::duration<long int, std::ratio<1, 1000000000> > >][m[K’
 1184 |       [01;36m[Kpush_back[m[K(const value_type& __x)
      |       [01;36m[K^~~~~~~~~[m[K
[01m[K/usr/include/c++/9/bits/stl_vector.h:1184:35:[m[K [01;36m[Knote: [m[K  no known conversion for argument 1 from ‘[01m[Kstd::chrono::_V2::system_clock::time_point[m[K’ {aka ‘[01m[Kstd::chrono::time_point<std::chrono::_V2::system_clock, std::chrono::duration<long int, std::ratio<1, 1000000000> > >[m[K’} to ‘[01m[Kconst value_type&[m[K’ {aka ‘[01m[Kconst std::chrono::time_point<std::chrono::_V2::steady_clock, std::chrono::duration<long int, std::ratio<1, 1000000000> > >&[m[K’}
 1184 |       push_back([01;36m[Kconst value_type& __x[m[K)
      |                 [01;36m[K~~~~~~~~~~~~~~~~~~^~~[m[K
[01m[K/usr/include/c++/9/bits/stl_vector.h:1200:7:[m[K [01;36m[Knote: [m[Kcandidate: ‘[01m[Kvoid std::vector<_Tp, _Alloc>::push_back(std::vector<_Tp, _Alloc>::value_type&&) [with _Tp = std::chrono::time_point<std::chrono::_V2::steady_clock, std::chrono::duration<long int, std::ratio<1, 1000000000> > >; _Alloc = std::allocator<std::chrono::time_point<std::chrono::_V2::steady_clock, std::chrono::duration<long int, std::ratio<1, 1000000000> > > >; std::vector<_Tp, _Alloc>::value_type = std::chrono::time_point<std::chrono::_V2::steady_clock, std::chrono::duration<long int, std::ratio<1, 1000000000> > >][m[K’
 1200 |       [01;36m[Kpush_back[m[K(value_type&& __x)
      |       [01;36m[K^~~~~~~~~[m[K
[01m[K/usr/include/c++/9/bits/stl_vector.h:1200:30:[m[K [01;36m[Knote: [m[K  no known conversion for argument 1 from ‘[01m[Kstd::chrono::_V2::system_clock::time_point[m[K’ {aka ‘[01m[Kstd::chrono::time_point<std::chrono::_V2::system_clock, std::chrono::duration<long int, std::ratio<1, 1000000000> > >[m[K’} to ‘[01m[Kstd::vector<std::chrono::time_point<std::chrono::_V2::steady_clock, std::chrono::duration<long int, std::ratio<1, 1000000000> > > >::value_type&&[m[K’ {aka ‘[01m[Kstd::chrono::time_point<std::chrono::_V2::steady_clock, std::chrono::duration<long int, std::ratio<1, 1000000000> > >&&[m[K’}
 1200 |       push_back([01;36m[Kvalue_type&& __x[m[K)
      |                 [01;36m[K~~~~~~~~~~~~~^~~[m[K
[01m[K/home/jj/tasktown_ws/src/village_operator/src/operator.cpp:812:108:[m[K [01;31m[Kerror: [m[Kno matching function for call to ‘[01m[Kstd::vector<std::chrono::time_point<std::chrono::_V2::steady_clock, std::chrono::duration<long int, std::ratio<1, 1000000000> > > >::push_back(std::chrono::_V2::system_clock::time_point)[m[K’
  812 | ask_sequence[selected_task_index].second.push_back(std::chrono::system_clock::now()[01;31m[K)[m[K;//处理结束的时间
      |                                                                                    [01;31m[K^[m[K

In file included from [01m[K/usr/include/c++/9/vector:67[m[K,
                 from [01m[K/usr/include/c++/9/functional:62[m[K,
                 from [01m[K/usr/include/c++/9/pstl/glue_algorithm_defs.h:13[m[K,
                 from [01m[K/usr/include/c++/9/algorithm:71[m[K,
                 from [01m[K/opt/ros/foxy/include/rclcpp/executor.hpp:18[m[K,
                 from [01m[K/opt/ros/foxy/include/rclcpp/executors/multi_threaded_executor.hpp:26[m[K,
                 from [01m[K/opt/ros/foxy/include/rclcpp/executors.hpp:21[m[K,
                 from [01m[K/opt/ros/foxy/include/rclcpp/rclcpp.hpp:146[m[K,
                 from [01m[K/home/jj/tasktown_ws/src/village_operator/src/operator.cpp:2[m[K:
[01m[K/usr/include/c++/9/bits/stl_vector.h:1184:7:[m[K [01;36m[Knote: [m[Kcandidate: ‘[01m[Kvoid std::vector<_Tp, _Alloc>::push_back(const value_type&) [with _Tp = std::chrono::time_point<std::chrono::_V2::steady_clock, std::chrono::duration<long int, std::ratio<1, 1000000000> > >; _Alloc = std::allocator<std::chrono::time_point<std::chrono::_V2::steady_clock, std::chrono::duration<long int, std::ratio<1, 1000000000> > > >; std::vector<_Tp, _Alloc>::value_type = std::chrono::time_point<std::chrono::_V2::steady_clock, std::chrono::duration<long int, std::ratio<1, 1000000000> > >][m[K’
 1184 |       [01;36m[Kpush_back[m[K(const value_type& __x)
      |       [01;36m[K^~~~~~~~~[m[K
[01m[K/usr/include/c++/9/bits/stl_vector.h:1184:35:[m[K [01;36m[Knote: [m[K  no known conversion for argument 1 from ‘[01m[Kstd::chrono::_V2::system_clock::time_point[m[K’ {aka ‘[01m[Kstd::chrono::time_point<std::chrono::_V2::system_clock, std::chrono::duration<long int, std::ratio<1, 1000000000> > >[m[K’} to ‘[01m[Kconst value_type&[m[K’ {aka ‘[01m[Kconst std::chrono::time_point<std::chrono::_V2::steady_clock, std::chrono::duration<long int, std::ratio<1, 1000000000> > >&[m[K’}
 1184 |       push_back([01;36m[Kconst value_type& __x[m[K)
      |                 [01;36m[K~~~~~~~~~~~~~~~~~~^~~[m[K
[01m[K/usr/include/c++/9/bits/stl_vector.h:1200:7:[m[K [01;36m[Knote: [m[Kcandidate: ‘[01m[Kvoid std::vector<_Tp, _Alloc>::push_back(std::vector<_Tp, _Alloc>::value_type&&) [with _Tp = std::chrono::time_point<std::chrono::_V2::steady_clock, std::chrono::duration<long int, std::ratio<1, 1000000000> > >; _Alloc = std::allocator<std::chrono::time_point<std::chrono::_V2::steady_clock, std::chrono::duration<long int, std::ratio<1, 1000000000> > > >; std::vector<_Tp, _Alloc>::value_type = std::chrono::time_point<std::chrono::_V2::steady_clock, std::chrono::duration<long int, std::ratio<1, 1000000000> > >][m[K’
 1200 |       [01;36m[Kpush_back[m[K(value_type&& __x)
      |       [01;36m[K^~~~~~~~~[m[K
[01m[K/usr/include/c++/9/bits/stl_vector.h:1200:30:[m[K [01;36m[Knote: [m[K  no known conversion for argument 1 from ‘[01m[Kstd::chrono::_V2::system_clock::time_point[m[K’ {aka ‘[01m[Kstd::chrono::time_point<std::chrono::_V2::system_clock, std::chrono::duration<long int, std::ratio<1, 1000000000> > >[m[K’} to ‘[01m[Kstd::vector<std::chrono::time_point<std::chrono::_V2::steady_clock, std::chrono::duration<long int, std::ratio<1, 1000000000> > > >::value_type&&[m[K’ {aka ‘[01m[Kstd::chrono::time_point<std::chrono::_V2::steady_clock, std::chrono::duration<long int, std::ratio<1, 1000000000> > >&&[m[K’}
 1200 |       push_back([01;36m[Kvalue_type&& __x[m[K)
      |                 [01;36m[K~~~~~~~~~~~~~^~~[m[K
[01m[K/home/jj/tasktown_ws/src/village_operator/src/operator.cpp:[m[K In function ‘[01m[Kvoid printTime(const std::chrono::time_point<std::chrono::_V2::steady_clock, std::chrono::duration<long int, std::ratio<1, 1000000000> > >&)[m[K’:
[01m[K/home/jj/tasktown_ws/src/village_operator/src/operator.cpp:938:69:[m[K [01;31m[Kerror: [m[Kcannot convert ‘[01m[Kconst std::chrono::time_point<std::chrono::_V2::steady_clock, std::chrono::duration<long int, std::ratio<1, 1000000000> > >[m[K’ to ‘[01m[Kconst time_point&[m[K’ {aka ‘[01m[Kconst std::chrono::time_point<std::chrono::_V2::system_clock, std::chrono::duration<long int, std::ratio<1, 1000000000> > >&[m[K’}
  938 |     std::time_t current_time = std::chrono::system_clock::to_time_t([01;31m[Kvalue[m[K);
      |                                                                     [01;31m[K^~~~~[m[K
      |                                                                     [01;31m[K|[m[K
      |                                                                     [01;31m[Kconst std::chrono::time_point<std::chrono::_V2::steady_clock, std::chrono::duration<long int, std::ratio<1, 1000000000> > >[m[K
In file included from [01m[K/usr/include/c++/9/mutex:39[m[K,
                 from [01m[K/usr/include/c++/9/future:38[m[K,
                 from [01m[K/opt/ros/foxy/include/rclcpp/executors.hpp:18[m[K,
                 from [01m[K/opt/ros/foxy/include/rclcpp/rclcpp.hpp:146[m[K,
                 from [01m[K/home/jj/tasktown_ws/src/village_operator/src/operator.cpp:2[m[K:
[01m[K/usr/include/c++/9/chrono:846:35:[m[K [01;36m[Knote: [m[K  initializing argument 1 of ‘[01m[Kstatic time_t std::chrono::_V2::system_clock::to_time_t(const time_point&)[m[K’
  846 |       to_time_t([01;36m[Kconst time_point& __t[m[K) noexcept
      |                 [01;36m[K~~~~~~~~~~~~~~~~~~^~~[m[K
make[2]: *** [CMakeFiles/operator_node.dir/build.make:63：CMakeFiles/operator_node.dir/src/operator.cpp.o] 错误 1
make[1]: *** [CMakeFiles/Makefile2:78：CMakeFiles/operator_node.dir/all] 错误 2
make: *** [Makefile:141：all] 错误 2
