[0.035s] Invoking command in '/home/jj/tasktown_ws/build/village_interfaces': CMAKE_PREFIX_PATH=${CMAKE_PREFIX_PATH}:/opt/ros/foxy /usr/bin/cmake --build /home/jj/tasktown_ws/build/village_interfaces -- -j4 -l4
[0.221s] [  1%] Built target village_interfaces__cpp
[0.266s] [ 12%] Built target village_interfaces__rosidl_generator_c
[0.271s] [ 23%] Built target village_interfaces__rosidl_typesupport_introspection_cpp
[0.278s] [ 34%] Built target village_interfaces__rosidl_typesupport_cpp
[0.309s] [ 49%] Built target village_interfaces__rosidl_typesupport_fastrtps_cpp
[0.311s] [ 56%] Built target village_interfaces__rosidl_typesupport_introspection_c
[0.330s] [ 67%] Built target village_interfaces__rosidl_typesupport_c
[0.358s] [ 78%] Built target village_interfaces__rosidl_typesupport_fastrtps_c
[0.384s] [ 78%] Built target village_interfaces
[0.414s] [ 80%] Built target village_interfaces__py
[0.457s] [ 89%] Built target village_interfaces__python
[0.496s] [ 92%] Built target village_interfaces__rosidl_typesupport_fastrtps_c__pyext
[0.508s] [ 96%] Built target village_interfaces__rosidl_typesupport_c__pyext
[0.511s] [100%] Built target village_interfaces__rosidl_typesupport_introspection_c__pyext
[0.529s] Invoked command in '/home/jj/tasktown_ws/build/village_interfaces' returned '0': CMAKE_PREFIX_PATH=${CMAKE_PREFIX_PATH}:/opt/ros/foxy /usr/bin/cmake --build /home/jj/tasktown_ws/build/village_interfaces -- -j4 -l4
[0.690s] Invoking command in '/home/jj/tasktown_ws/build/village_interfaces': CMAKE_PREFIX_PATH=${CMAKE_PREFIX_PATH}:/opt/ros/foxy /usr/bin/cmake --install /home/jj/tasktown_ws/build/village_interfaces
[0.700s] -- Install configuration: "RelWithDebInfo"
[0.702s] -- Execute custom install script
[0.703s] -- Up-to-date symlink: /home/jj/tasktown_ws/install/village_interfaces/share/ament_index/resource_index/rosidl_interfaces/village_interfaces
[0.706s] -- Up-to-date symlink: /home/jj/tasktown_ws/install/village_interfaces/include/village_interfaces/msg/detail/task__functions.h
[0.706s] -- Up-to-date symlink: /home/jj/tasktown_ws/install/village_interfaces/include/village_interfaces/msg/detail/task__struct.h
[0.707s] -- Up-to-date symlink: /home/jj/tasktown_ws/install/village_interfaces/include/village_interfaces/msg/detail/task__type_support.h
[0.707s] -- Up-to-date symlink: /home/jj/tasktown_ws/install/village_interfaces/include/village_interfaces/msg/rosidl_generator_c__visibility_control.h
[0.708s] -- Up-to-date symlink: /home/jj/tasktown_ws/install/village_interfaces/include/village_interfaces/msg/task.h
[0.708s] -- Up-to-date symlink: /home/jj/tasktown_ws/install/village_interfaces/include/village_interfaces/srv/borrow_money.h
[0.708s] -- Up-to-date symlink: /home/jj/tasktown_ws/install/village_interfaces/include/village_interfaces/srv/detail/borrow_money__functions.h
[0.709s] -- Up-to-date symlink: /home/jj/tasktown_ws/install/village_interfaces/include/village_interfaces/srv/detail/borrow_money__struct.h
[0.709s] -- Up-to-date symlink: /home/jj/tasktown_ws/install/village_interfaces/include/village_interfaces/srv/detail/borrow_money__type_support.h
[0.710s] -- Up-to-date symlink: /home/jj/tasktown_ws/install/village_interfaces/include/village_interfaces/srv/detail/task_assign__functions.h
[0.710s] -- Up-to-date symlink: /home/jj/tasktown_ws/install/village_interfaces/include/village_interfaces/srv/detail/task_assign__struct.h
[0.711s] -- Up-to-date symlink: /home/jj/tasktown_ws/install/village_interfaces/include/village_interfaces/srv/detail/task_assign__type_support.h
[0.711s] -- Up-to-date symlink: /home/jj/tasktown_ws/install/village_interfaces/include/village_interfaces/srv/detail/task_update__functions.h
[0.711s] -- Up-to-date symlink: /home/jj/tasktown_ws/install/village_interfaces/include/village_interfaces/srv/detail/task_update__struct.h
[0.713s] -- Up-to-date symlink: /home/jj/tasktown_ws/install/village_interfaces/include/village_interfaces/srv/detail/task_update__type_support.h
[0.714s] -- Up-to-date symlink: /home/jj/tasktown_ws/install/village_interfaces/include/village_interfaces/srv/task_assign.h
[0.715s] -- Up-to-date symlink: /home/jj/tasktown_ws/install/village_interfaces/include/village_interfaces/srv/task_update.h
[0.716s] -- Up-to-date symlink: /home/jj/tasktown_ws/install/village_interfaces/share/village_interfaces/environment/library_path.sh
[0.717s] -- Up-to-date symlink: /home/jj/tasktown_ws/install/village_interfaces/share/village_interfaces/environment/library_path.dsv
[0.718s] -- Up-to-date symlink: /home/jj/tasktown_ws/install/village_interfaces/include/village_interfaces/msg/detail/task__rosidl_typesupport_fastrtps_c.h
[0.719s] -- Up-to-date symlink: /home/jj/tasktown_ws/install/village_interfaces/include/village_interfaces/msg/rosidl_typesupport_fastrtps_c__visibility_control.h
[0.720s] -- Up-to-date symlink: /home/jj/tasktown_ws/install/village_interfaces/include/village_interfaces/srv/detail/borrow_money__rosidl_typesupport_fastrtps_c.h
[0.722s] -- Up-to-date symlink: /home/jj/tasktown_ws/install/village_interfaces/include/village_interfaces/srv/detail/task_assign__rosidl_typesupport_fastrtps_c.h
[0.723s] -- Up-to-date symlink: /home/jj/tasktown_ws/install/village_interfaces/include/village_interfaces/srv/detail/task_update__rosidl_typesupport_fastrtps_c.h
[0.725s] -- Up-to-date symlink: /home/jj/tasktown_ws/install/village_interfaces/lib/libvillage_interfaces__rosidl_typesupport_fastrtps_c.so
[0.727s] -- Up-to-date symlink: /home/jj/tasktown_ws/install/village_interfaces/include/village_interfaces/msg/detail/task__rosidl_typesupport_fastrtps_cpp.hpp
[0.728s] -- Up-to-date symlink: /home/jj/tasktown_ws/install/village_interfaces/include/village_interfaces/msg/rosidl_typesupport_fastrtps_cpp__visibility_control.h
[0.730s] -- Up-to-date symlink: /home/jj/tasktown_ws/install/village_interfaces/include/village_interfaces/srv/detail/borrow_money__rosidl_typesupport_fastrtps_cpp.hpp
[0.731s] -- Up-to-date symlink: /home/jj/tasktown_ws/install/village_interfaces/include/village_interfaces/srv/detail/task_assign__rosidl_typesupport_fastrtps_cpp.hpp
[0.732s] -- Up-to-date symlink: /home/jj/tasktown_ws/install/village_interfaces/include/village_interfaces/srv/detail/task_update__rosidl_typesupport_fastrtps_cpp.hpp
[0.734s] -- Up-to-date symlink: /home/jj/tasktown_ws/install/village_interfaces/lib/libvillage_interfaces__rosidl_typesupport_fastrtps_cpp.so
[0.736s] -- Up-to-date symlink: /home/jj/tasktown_ws/install/village_interfaces/include/village_interfaces/msg/detail/task__rosidl_typesupport_introspection_c.h
[0.737s] -- Up-to-date symlink: /home/jj/tasktown_ws/install/village_interfaces/include/village_interfaces/msg/rosidl_typesupport_introspection_c__visibility_control.h
[0.738s] -- Up-to-date symlink: /home/jj/tasktown_ws/install/village_interfaces/include/village_interfaces/srv/detail/borrow_money__rosidl_typesupport_introspection_c.h
[0.739s] -- Up-to-date symlink: /home/jj/tasktown_ws/install/village_interfaces/include/village_interfaces/srv/detail/task_assign__rosidl_typesupport_introspection_c.h
[0.740s] -- Up-to-date symlink: /home/jj/tasktown_ws/install/village_interfaces/include/village_interfaces/srv/detail/task_update__rosidl_typesupport_introspection_c.h
[0.741s] -- Up-to-date symlink: /home/jj/tasktown_ws/install/village_interfaces/include/village_interfaces/msg/detail/task__builder.hpp
[0.742s] -- Up-to-date symlink: /home/jj/tasktown_ws/install/village_interfaces/include/village_interfaces/msg/detail/task__struct.hpp
[0.743s] -- Up-to-date symlink: /home/jj/tasktown_ws/install/village_interfaces/include/village_interfaces/msg/detail/task__traits.hpp
[0.743s] -- Up-to-date symlink: /home/jj/tasktown_ws/install/village_interfaces/include/village_interfaces/msg/detail/task__type_support.hpp
[0.744s] -- Up-to-date symlink: /home/jj/tasktown_ws/install/village_interfaces/include/village_interfaces/msg/rosidl_generator_cpp__visibility_control.hpp
[0.744s] -- Up-to-date symlink: /home/jj/tasktown_ws/install/village_interfaces/include/village_interfaces/msg/task.hpp
[0.745s] -- Up-to-date symlink: /home/jj/tasktown_ws/install/village_interfaces/include/village_interfaces/srv/borrow_money.hpp
[0.746s] -- Up-to-date symlink: /home/jj/tasktown_ws/install/village_interfaces/include/village_interfaces/srv/detail/borrow_money__builder.hpp
[0.746s] -- Up-to-date symlink: /home/jj/tasktown_ws/install/village_interfaces/include/village_interfaces/srv/detail/borrow_money__struct.hpp
[0.747s] -- Up-to-date symlink: /home/jj/tasktown_ws/install/village_interfaces/include/village_interfaces/srv/detail/borrow_money__traits.hpp
[0.747s] -- Up-to-date symlink: /home/jj/tasktown_ws/install/village_interfaces/include/village_interfaces/srv/detail/borrow_money__type_support.hpp
[0.748s] -- Up-to-date symlink: /home/jj/tasktown_ws/install/village_interfaces/include/village_interfaces/srv/detail/task_assign__builder.hpp
[0.748s] -- Up-to-date symlink: /home/jj/tasktown_ws/install/village_interfaces/include/village_interfaces/srv/detail/task_assign__struct.hpp
[0.749s] -- Up-to-date symlink: /home/jj/tasktown_ws/install/village_interfaces/include/village_interfaces/srv/detail/task_assign__traits.hpp
[0.750s] -- Up-to-date symlink: /home/jj/tasktown_ws/install/village_interfaces/include/village_interfaces/srv/detail/task_assign__type_support.hpp
[0.750s] -- Up-to-date symlink: /home/jj/tasktown_ws/install/village_interfaces/include/village_interfaces/srv/detail/task_update__builder.hpp
[0.751s] -- Up-to-date symlink: /home/jj/tasktown_ws/install/village_interfaces/include/village_interfaces/srv/detail/task_update__struct.hpp
[0.752s] -- Up-to-date symlink: /home/jj/tasktown_ws/install/village_interfaces/include/village_interfaces/srv/detail/task_update__traits.hpp
[0.752s] -- Up-to-date symlink: /home/jj/tasktown_ws/install/village_interfaces/include/village_interfaces/srv/detail/task_update__type_support.hpp
[0.753s] -- Up-to-date symlink: /home/jj/tasktown_ws/install/village_interfaces/include/village_interfaces/srv/task_assign.hpp
[0.753s] -- Up-to-date symlink: /home/jj/tasktown_ws/install/village_interfaces/include/village_interfaces/srv/task_update.hpp
[0.755s] -- Up-to-date symlink: /home/jj/tasktown_ws/install/village_interfaces/include/village_interfaces/msg/detail/task__rosidl_typesupport_introspection_cpp.hpp
[0.755s] -- Up-to-date symlink: /home/jj/tasktown_ws/install/village_interfaces/include/village_interfaces/srv/detail/borrow_money__rosidl_typesupport_introspection_cpp.hpp
[0.756s] -- Up-to-date symlink: /home/jj/tasktown_ws/install/village_interfaces/include/village_interfaces/srv/detail/task_assign__rosidl_typesupport_introspection_cpp.hpp
[0.757s] -- Up-to-date symlink: /home/jj/tasktown_ws/install/village_interfaces/include/village_interfaces/srv/detail/task_update__rosidl_typesupport_introspection_cpp.hpp
[0.758s] -- Up-to-date symlink: /home/jj/tasktown_ws/install/village_interfaces/share/village_interfaces/environment/pythonpath.sh
[0.759s] -- Up-to-date symlink: /home/jj/tasktown_ws/install/village_interfaces/share/village_interfaces/environment/pythonpath.dsv
[0.760s] -- Up-to-date symlink: /home/jj/tasktown_ws/install/village_interfaces/lib/python3.8/site-packages/village_interfaces/__init__.py
[0.761s] -- Up-to-date symlink: /home/jj/tasktown_ws/install/village_interfaces/lib/python3.8/site-packages/village_interfaces/msg/__init__.py
[0.762s] -- Up-to-date symlink: /home/jj/tasktown_ws/install/village_interfaces/lib/python3.8/site-packages/village_interfaces/msg/_task.py
[0.763s] -- Up-to-date symlink: /home/jj/tasktown_ws/install/village_interfaces/lib/python3.8/site-packages/village_interfaces/srv/__init__.py
[0.764s] -- Up-to-date symlink: /home/jj/tasktown_ws/install/village_interfaces/lib/python3.8/site-packages/village_interfaces/srv/_borrow_money.py
[0.764s] -- Up-to-date symlink: /home/jj/tasktown_ws/install/village_interfaces/lib/python3.8/site-packages/village_interfaces/srv/_task_assign.py
[0.765s] -- Up-to-date symlink: /home/jj/tasktown_ws/install/village_interfaces/lib/python3.8/site-packages/village_interfaces/srv/_task_update.py
[0.767s] -- Up-to-date symlink: /home/jj/tasktown_ws/install/village_interfaces/lib/python3.8/site-packages/village_interfaces/village_interfaces_s__rosidl_typesupport_fastrtps_c.cpython-38-x86_64-linux-gnu.so
[0.769s] -- Up-to-date symlink: /home/jj/tasktown_ws/install/village_interfaces/lib/python3.8/site-packages/village_interfaces/village_interfaces_s__rosidl_typesupport_introspection_c.cpython-38-x86_64-linux-gnu.so
[0.770s] -- Up-to-date symlink: /home/jj/tasktown_ws/install/village_interfaces/lib/python3.8/site-packages/village_interfaces/village_interfaces_s__rosidl_typesupport_c.cpython-38-x86_64-linux-gnu.so
[0.772s] -- Up-to-date symlink: /home/jj/tasktown_ws/install/village_interfaces/lib/libvillage_interfaces__python.so
[0.773s] -- Up-to-date symlink: /home/jj/tasktown_ws/install/village_interfaces/share/village_interfaces/msg/Task.idl
[0.774s] -- Up-to-date symlink: /home/jj/tasktown_ws/install/village_interfaces/share/village_interfaces/srv/BorrowMoney.idl
[0.774s] -- Up-to-date symlink: /home/jj/tasktown_ws/install/village_interfaces/share/village_interfaces/srv/TaskAssign.idl
[0.775s] -- Up-to-date symlink: /home/jj/tasktown_ws/install/village_interfaces/share/village_interfaces/srv/TaskUpdate.idl
[0.775s] -- Up-to-date symlink: /home/jj/tasktown_ws/install/village_interfaces/share/village_interfaces/msg/Task.msg
[0.776s] -- Up-to-date symlink: /home/jj/tasktown_ws/install/village_interfaces/share/village_interfaces/srv/BorrowMoney.srv
[0.777s] -- Up-to-date symlink: /home/jj/tasktown_ws/install/village_interfaces/share/village_interfaces/srv/BorrowMoney_Request.msg
[0.778s] -- Up-to-date symlink: /home/jj/tasktown_ws/install/village_interfaces/share/village_interfaces/srv/BorrowMoney_Response.msg
[0.778s] -- Up-to-date symlink: /home/jj/tasktown_ws/install/village_interfaces/share/village_interfaces/srv/TaskAssign.srv
[0.779s] -- Up-to-date symlink: /home/jj/tasktown_ws/install/village_interfaces/share/village_interfaces/srv/TaskAssign_Request.msg
[0.780s] -- Up-to-date symlink: /home/jj/tasktown_ws/install/village_interfaces/share/village_interfaces/srv/TaskAssign_Response.msg
[0.781s] -- Up-to-date symlink: /home/jj/tasktown_ws/install/village_interfaces/share/village_interfaces/srv/TaskUpdate.srv
[0.782s] -- Up-to-date symlink: /home/jj/tasktown_ws/install/village_interfaces/share/village_interfaces/srv/TaskUpdate_Request.msg
[0.782s] -- Up-to-date symlink: /home/jj/tasktown_ws/install/village_interfaces/share/village_interfaces/srv/TaskUpdate_Response.msg
[0.782s] -- Up-to-date symlink: /home/jj/tasktown_ws/install/village_interfaces/share/ament_index/resource_index/package_run_dependencies/village_interfaces
[0.783s] -- Up-to-date symlink: /home/jj/tasktown_ws/install/village_interfaces/share/ament_index/resource_index/parent_prefix_path/village_interfaces
[0.783s] -- Up-to-date symlink: /home/jj/tasktown_ws/install/village_interfaces/share/village_interfaces/environment/ament_prefix_path.sh
[0.784s] -- Up-to-date symlink: /home/jj/tasktown_ws/install/village_interfaces/share/village_interfaces/environment/ament_prefix_path.dsv
[0.784s] -- Up-to-date symlink: /home/jj/tasktown_ws/install/village_interfaces/share/village_interfaces/environment/path.sh
[0.785s] -- Up-to-date symlink: /home/jj/tasktown_ws/install/village_interfaces/share/village_interfaces/environment/path.dsv
[0.785s] -- Up-to-date symlink: /home/jj/tasktown_ws/install/village_interfaces/share/village_interfaces/local_setup.bash
[0.786s] -- Up-to-date symlink: /home/jj/tasktown_ws/install/village_interfaces/share/village_interfaces/local_setup.sh
[0.787s] -- Up-to-date symlink: /home/jj/tasktown_ws/install/village_interfaces/share/village_interfaces/local_setup.zsh
[0.788s] -- Up-to-date symlink: /home/jj/tasktown_ws/install/village_interfaces/share/village_interfaces/local_setup.dsv
[0.788s] -- Symlinking: /home/jj/tasktown_ws/install/village_interfaces/share/village_interfaces/package.dsv
[0.798s] -- Up-to-date symlink: /home/jj/tasktown_ws/install/village_interfaces/share/ament_index/resource_index/packages/village_interfaces
[0.799s] -- Up-to-date symlink: /home/jj/tasktown_ws/install/village_interfaces/share/village_interfaces/cmake/rosidl_cmake-extras.cmake
[0.800s] -- Up-to-date symlink: /home/jj/tasktown_ws/install/village_interfaces/share/village_interfaces/cmake/ament_cmake_export_dependencies-extras.cmake
[0.801s] -- Up-to-date symlink: /home/jj/tasktown_ws/install/village_interfaces/share/village_interfaces/cmake/ament_cmake_export_libraries-extras.cmake
[0.802s] -- Up-to-date symlink: /home/jj/tasktown_ws/install/village_interfaces/share/village_interfaces/cmake/ament_cmake_export_targets-extras.cmake
[0.802s] -- Up-to-date symlink: /home/jj/tasktown_ws/install/village_interfaces/share/village_interfaces/cmake/ament_cmake_export_include_directories-extras.cmake
[0.802s] -- Up-to-date symlink: /home/jj/tasktown_ws/install/village_interfaces/share/village_interfaces/cmake/rosidl_cmake_export_typesupport_libraries-extras.cmake
[0.803s] -- Up-to-date symlink: /home/jj/tasktown_ws/install/village_interfaces/share/village_interfaces/cmake/rosidl_cmake_export_typesupport_targets-extras.cmake
[0.803s] -- Up-to-date symlink: /home/jj/tasktown_ws/install/village_interfaces/share/village_interfaces/cmake/village_interfacesConfig.cmake
[0.804s] -- Up-to-date symlink: /home/jj/tasktown_ws/install/village_interfaces/share/village_interfaces/cmake/village_interfacesConfig-version.cmake
[0.804s] -- Up-to-date symlink: /home/jj/tasktown_ws/install/village_interfaces/share/village_interfaces/package.xml
[0.807s] -- Up-to-date: /home/jj/tasktown_ws/install/village_interfaces/lib/libvillage_interfaces__rosidl_generator_c.so
[0.808s] -- Up-to-date: /home/jj/tasktown_ws/install/village_interfaces/lib/libvillage_interfaces__rosidl_typesupport_introspection_c.so
[0.810s] -- Up-to-date: /home/jj/tasktown_ws/install/village_interfaces/lib/libvillage_interfaces__rosidl_typesupport_c.so
[0.812s] -- Up-to-date: /home/jj/tasktown_ws/install/village_interfaces/lib/libvillage_interfaces__rosidl_typesupport_introspection_cpp.so
[0.814s] -- Up-to-date: /home/jj/tasktown_ws/install/village_interfaces/lib/libvillage_interfaces__rosidl_typesupport_cpp.so
[0.862s] -- Up-to-date: /home/jj/tasktown_ws/install/village_interfaces/share/village_interfaces/cmake/village_interfaces__rosidl_generator_cExport.cmake
[0.862s] -- Up-to-date: /home/jj/tasktown_ws/install/village_interfaces/share/village_interfaces/cmake/village_interfaces__rosidl_generator_cExport-relwithdebinfo.cmake
[0.863s] -- Up-to-date: /home/jj/tasktown_ws/install/village_interfaces/share/village_interfaces/cmake/village_interfaces__rosidl_typesupport_introspection_cExport.cmake
[0.863s] -- Up-to-date: /home/jj/tasktown_ws/install/village_interfaces/share/village_interfaces/cmake/village_interfaces__rosidl_typesupport_introspection_cExport-relwithdebinfo.cmake
[0.863s] -- Up-to-date: /home/jj/tasktown_ws/install/village_interfaces/share/village_interfaces/cmake/village_interfaces__rosidl_typesupport_cExport.cmake
[0.864s] -- Up-to-date: /home/jj/tasktown_ws/install/village_interfaces/share/village_interfaces/cmake/village_interfaces__rosidl_typesupport_cExport-relwithdebinfo.cmake
[0.865s] -- Up-to-date: /home/jj/tasktown_ws/install/village_interfaces/share/village_interfaces/cmake/village_interfaces__rosidl_generator_cppExport.cmake
[0.866s] -- Up-to-date: /home/jj/tasktown_ws/install/village_interfaces/share/village_interfaces/cmake/village_interfaces__rosidl_typesupport_introspection_cppExport.cmake
[0.866s] -- Up-to-date: /home/jj/tasktown_ws/install/village_interfaces/share/village_interfaces/cmake/village_interfaces__rosidl_typesupport_introspection_cppExport-relwithdebinfo.cmake
[0.867s] -- Up-to-date: /home/jj/tasktown_ws/install/village_interfaces/share/village_interfaces/cmake/village_interfaces__rosidl_typesupport_cppExport.cmake
[0.867s] -- Up-to-date: /home/jj/tasktown_ws/install/village_interfaces/share/village_interfaces/cmake/village_interfaces__rosidl_typesupport_cppExport-relwithdebinfo.cmake
[0.871s] Invoked command in '/home/jj/tasktown_ws/build/village_interfaces' returned '0': CMAKE_PREFIX_PATH=${CMAKE_PREFIX_PATH}:/opt/ros/foxy /usr/bin/cmake --install /home/jj/tasktown_ws/build/village_interfaces
