[0.033s] Invoking command in '/home/jj/tasktown_ws/build/village_task': CMAKE_PREFIX_PATH=/home/jj/tasktown_ws/install/village_interfaces:/home/jj/tasktown_ws/install/village_taskgroups:/home/jj/tasktown_ws/install/village_task:/home/jj/tasktown_ws/install/village_operator:/opt/ros/foxy /usr/bin/cmake --build /home/jj/tasktown_ws/build/village_task -- -j4 -l4
[0.115s] [100%] Built target task_node
[0.141s] Invoked command in '/home/jj/tasktown_ws/build/village_task' returned '0': CMAKE_PREFIX_PATH=/home/jj/tasktown_ws/install/village_interfaces:/home/jj/tasktown_ws/install/village_taskgroups:/home/jj/tasktown_ws/install/village_task:/home/jj/tasktown_ws/install/village_operator:/opt/ros/foxy /usr/bin/cmake --build /home/jj/tasktown_ws/build/village_task -- -j4 -l4
[0.182s] Invoking command in '/home/jj/tasktown_ws/build/village_task': CMAKE_PREFIX_PATH=/home/jj/tasktown_ws/install/village_interfaces:/home/jj/tasktown_ws/install/village_taskgroups:/home/jj/tasktown_ws/install/village_task:/home/jj/tasktown_ws/install/village_operator:/opt/ros/foxy /usr/bin/cmake --install /home/jj/tasktown_ws/build/village_task
[0.192s] -- Install configuration: "RelWithDebInfo"
[0.195s] -- Execute custom install script
[0.196s] -- Up-to-date symlink: /home/jj/tasktown_ws/install/village_task/share/ament_index/resource_index/package_run_dependencies/village_task
[0.196s] -- Up-to-date symlink: /home/jj/tasktown_ws/install/village_task/share/ament_index/resource_index/parent_prefix_path/village_task
[0.196s] -- Up-to-date symlink: /home/jj/tasktown_ws/install/village_task/share/village_task/environment/ament_prefix_path.sh
[0.197s] -- Up-to-date symlink: /home/jj/tasktown_ws/install/village_task/share/village_task/environment/ament_prefix_path.dsv
[0.197s] -- Up-to-date symlink: /home/jj/tasktown_ws/install/village_task/share/village_task/environment/path.sh
[0.198s] -- Up-to-date symlink: /home/jj/tasktown_ws/install/village_task/share/village_task/environment/path.dsv
[0.198s] -- Up-to-date symlink: /home/jj/tasktown_ws/install/village_task/share/village_task/local_setup.bash
[0.199s] -- Up-to-date symlink: /home/jj/tasktown_ws/install/village_task/share/village_task/local_setup.sh
[0.199s] -- Up-to-date symlink: /home/jj/tasktown_ws/install/village_task/share/village_task/local_setup.zsh
[0.200s] -- Up-to-date symlink: /home/jj/tasktown_ws/install/village_task/share/village_task/local_setup.dsv
[0.200s] -- Symlinking: /home/jj/tasktown_ws/install/village_task/share/village_task/package.dsv
[0.221s] -- Up-to-date symlink: /home/jj/tasktown_ws/install/village_task/share/ament_index/resource_index/packages/village_task
[0.222s] -- Up-to-date symlink: /home/jj/tasktown_ws/install/village_task/share/village_task/cmake/village_taskConfig.cmake
[0.224s] -- Up-to-date symlink: /home/jj/tasktown_ws/install/village_task/share/village_task/cmake/village_taskConfig-version.cmake
[0.224s] -- Up-to-date symlink: /home/jj/tasktown_ws/install/village_task/share/village_task/package.xml
[0.225s] -- Up-to-date symlink: /home/jj/tasktown_ws/install/village_task/lib/village_task/task_node
[0.230s] Invoked command in '/home/jj/tasktown_ws/build/village_task' returned '0': CMAKE_PREFIX_PATH=/home/jj/tasktown_ws/install/village_interfaces:/home/jj/tasktown_ws/install/village_taskgroups:/home/jj/tasktown_ws/install/village_task:/home/jj/tasktown_ws/install/village_operator:/opt/ros/foxy /usr/bin/cmake --install /home/jj/tasktown_ws/build/village_task
