[0.061s] Invoking command in '/home/jj/tasktown_ws/build/village_task': CMAKE_PREFIX_PATH=/home/jj/tasktown_ws/install/village_interfaces:/home/jj/tasktown_ws/install/village_taskgroups:/home/jj/tasktown_ws/install/village_task:/home/jj/tasktown_ws/install/village_operator:/opt/ros/foxy /usr/bin/cmake --build /home/jj/tasktown_ws/build/village_task -- -j4 -l4
[0.150s] [35m[1mScanning dependencies of target task_node[0m
[0.210s] [ 50%] [32mBuilding CXX object CMakeFiles/task_node.dir/src/task.cpp.o[0m
[2.131s] [01m[K/home/jj/tasktown_ws/src/village_task/src/task.cpp:[m[K In member function ‘[01m[Kvoid TaskRequestNode::set_parameter(const string&, bool)[m[K’:
[2.131s] [01m[K/home/jj/tasktown_ws/src/village_task/src/task.cpp:65:76:[m[K [01;31m[Kerror: [m[Kno matching function for call to ‘[01m[Kstd::vector<rcl_interfaces::msg::Parameter_<std::allocator<void> >, std::allocator<rcl_interfaces::msg::Parameter_<std::allocator<void> > > >::push_back(rclcpp::Parameter)[m[K’
[2.131s]    65 |         request_->parameters.push_back(rclcpp::Parameter(param_name, value)[01;31m[K)[m[K;
[2.131s]       |                                                                            [01;31m[K^[m[K
[2.131s] In file included from [01m[K/usr/include/c++/9/vector:67[m[K,
[2.131s]                  from [01m[K/opt/ros/foxy/include/rclcpp/executor.hpp:27[m[K,
[2.131s]                  from [01m[K/opt/ros/foxy/include/rclcpp/executors/multi_threaded_executor.hpp:26[m[K,
[2.131s]                  from [01m[K/opt/ros/foxy/include/rclcpp/executors.hpp:21[m[K,
[2.131s]                  from [01m[K/opt/ros/foxy/include/rclcpp/rclcpp.hpp:146[m[K,
[2.131s]                  from [01m[K/home/jj/tasktown_ws/src/village_task/src/task.cpp:2[m[K:
[2.131s] [01m[K/usr/include/c++/9/bits/stl_vector.h:1184:7:[m[K [01;36m[Knote: [m[Kcandidate: ‘[01m[Kvoid std::vector<_Tp, _Alloc>::push_back(const value_type&) [with _Tp = rcl_interfaces::msg::Parameter_<std::allocator<void> >; _Alloc = std::allocator<rcl_interfaces::msg::Parameter_<std::allocator<void> > >; std::vector<_Tp, _Alloc>::value_type = rcl_interfaces::msg::Parameter_<std::allocator<void> >][m[K’
[2.132s]  1184 |       [01;36m[Kpush_back[m[K(const value_type& __x)
[2.132s]       |       [01;36m[K^~~~~~~~~[m[K
[2.132s] [01m[K/usr/include/c++/9/bits/stl_vector.h:1184:35:[m[K [01;36m[Knote: [m[K  no known conversion for argument 1 from ‘[01m[Krclcpp::Parameter[m[K’ to ‘[01m[Kconst value_type&[m[K’ {aka ‘[01m[Kconst rcl_interfaces::msg::Parameter_<std::allocator<void> >&[m[K’}
[2.132s]  1184 |       push_back([01;36m[Kconst value_type& __x[m[K)
[2.132s]       |                 [01;36m[K~~~~~~~~~~~~~~~~~~^~~[m[K
[2.132s] [01m[K/usr/include/c++/9/bits/stl_vector.h:1200:7:[m[K [01;36m[Knote: [m[Kcandidate: ‘[01m[Kvoid std::vector<_Tp, _Alloc>::push_back(std::vector<_Tp, _Alloc>::value_type&&) [with _Tp = rcl_interfaces::msg::Parameter_<std::allocator<void> >; _Alloc = std::allocator<rcl_interfaces::msg::Parameter_<std::allocator<void> > >; std::vector<_Tp, _Alloc>::value_type = rcl_interfaces::msg::Parameter_<std::allocator<void> >][m[K’
[2.132s]  1200 |       [01;36m[Kpush_back[m[K(value_type&& __x)
[2.132s]       |       [01;36m[K^~~~~~~~~[m[K
[2.132s] [01m[K/usr/include/c++/9/bits/stl_vector.h:1200:30:[m[K [01;36m[Knote: [m[K  no known conversion for argument 1 from ‘[01m[Krclcpp::Parameter[m[K’ to ‘[01m[Kstd::vector<rcl_interfaces::msg::Parameter_<std::allocator<void> >, std::allocator<rcl_interfaces::msg::Parameter_<std::allocator<void> > > >::value_type&&[m[K’ {aka ‘[01m[Krcl_interfaces::msg::Parameter_<std::allocator<void> >&&[m[K’}
[2.132s]  1200 |       push_back([01;36m[Kvalue_type&& __x[m[K)
[2.132s]       |                 [01;36m[K~~~~~~~~~~~~~^~~[m[K
[3.366s] make[2]: *** [CMakeFiles/task_node.dir/build.make:63：CMakeFiles/task_node.dir/src/task.cpp.o] 错误 1
[3.366s] make[1]: *** [CMakeFiles/Makefile2:78：CMakeFiles/task_node.dir/all] 错误 2
[3.373s] make: *** [Makefile:141：all] 错误 2
[3.374s] Invoked command in '/home/jj/tasktown_ws/build/village_task' returned '2': CMAKE_PREFIX_PATH=/home/jj/tasktown_ws/install/village_interfaces:/home/jj/tasktown_ws/install/village_taskgroups:/home/jj/tasktown_ws/install/village_task:/home/jj/tasktown_ws/install/village_operator:/opt/ros/foxy /usr/bin/cmake --build /home/jj/tasktown_ws/build/village_task -- -j4 -l4
