-- Found ament_cmake: 0.9.12 (/opt/ros/foxy/share/ament_cmake/cmake)
-- Using PYTHON_EXECUTABLE: /usr/bin/python3
-- Override CMake install command with custom implementation using symlinks instead of copying resources
-- Found rclcpp: 2.4.3 (/opt/ros/foxy/share/rclcpp/cmake)
-- Using all available rosidl_typesupport_c: rosidl_typesupport_fastrtps_c;rosidl_typesupport_introspection_c
-- Found rosidl_adapter: 1.3.1 (/opt/ros/foxy/share/rosidl_adapter/cmake)
-- Using all available rosidl_typesupport_cpp: rosidl_typesupport_fastrtps_cpp;rosidl_typesupport_introspection_cpp
-- Found rmw_implementation_cmake: 1.0.4 (/opt/ros/foxy/share/rmw_implementation_cmake/cmake)
-- Using RMW implementation 'rmw_fastrtps_cpp' as default
-- Found village_interfaces: 0.0.0 (/home/jj/tasktown_ws/install/village_interfaces/share/village_interfaces/cmake)
-- Found ament_lint_auto: 0.9.8 (/opt/ros/foxy/share/ament_lint_auto/cmake)
-- Added test 'cppcheck' to perform static code analysis on C / C++ code
-- Configured cppcheck include dirs: 
-- Configured cppcheck exclude dirs and/or files: 
-- Added test 'lint_cmake' to check CMake code style
-- Added test 'uncrustify' to check C / C++ code style
-- Configured uncrustify additional arguments: 
-- Added test 'xmllint' to check XML markup files
-- Configuring done
-- Generating done
-- Build files have been written to: /home/jj/tasktown_ws/build/village_operator
[35m[1mScanning dependencies of target operator_node[0m
[ 50%] [32mBuilding CXX object CMakeFiles/operator_node.dir/src/operator.cpp.o[0m
[01m[K/home/jj/tasktown_ws/src/village_operator/src/operator.cpp:[m[K In constructor ‘[01m[KTaskAssignServer::TaskAssignServer(const string&)[m[K’:
[01m[K/home/jj/tasktown_ws/src/village_operator/src/operator.cpp:494:24:[m[K [01;31m[Kerror: [m[K‘[01m[KTargetNode[m[K’ has not been declared
  494 |             std::bind(&[01;31m[KTargetNode[m[K::handle_set_parameters, this, _1, _2)
      |                        [01;31m[K^~~~~~~~~~[m[K
[01m[K/home/jj/tasktown_ws/src/village_operator/src/operator.cpp:502:9:[m[K [01;31m[Kerror: [m[K‘[01m[Ktimer_[m[K’ was not declared in this scope; did you mean ‘[01m[Ktimer_t[m[K’?
  502 |         [01;31m[Ktimer_[m[K = this->create_wall_timer(
      |         [01;31m[K^~~~~~[m[K
      |         [32m[Ktimer_t[m[K
[01m[K/home/jj/tasktown_ws/src/village_operator/src/operator.cpp:503:50:[m[K [01;31m[Kerror: [m[K‘[01m[Ktimer_callback[m[K’ is not a member of ‘[01m[KTaskAssignServer[m[K’
  503 |             1000ms, std::bind(&TaskAssignServer::[01;31m[Ktimer_callback[m[K, this));
      |                                                  [01;31m[K^~~~~~~~~~~~~~[m[K
[01m[K/home/jj/tasktown_ws/src/village_operator/src/operator.cpp:[m[K In member function ‘[01m[Kvoid TaskAssignServer::handle_set_parameters(std::shared_ptr<rcl_interfaces::srv::SetParametersAtomically_Request_<std::allocator<void> > >, std::shared_ptr<rcl_interfaces::srv::SetParametersAtomically_Response_<std::allocator<void> > >)[m[K’:
[01m[K/home/jj/tasktown_ws/src/village_operator/src/operator.cpp:562:37:[m[K [01;31m[Kerror: [m[Kcannot convert ‘[01m[Kconst rcl_interfaces::msg::Parameter_<std::allocator<void> >[m[K’ to ‘[01m[Kconst rclcpp::Parameter&[m[K’
  562 |                 this->set_parameter([01;31m[Kparam[m[K);
      |                                     [01;31m[K^~~~~[m[K
      |                                     [01;31m[K|[m[K
      |                                     [01;31m[Kconst rcl_interfaces::msg::Parameter_<std::allocator<void> >[m[K
In file included from [01m[K/opt/ros/foxy/include/rclcpp/executors/single_threaded_executor.hpp:28[m[K,
                 from [01m[K/opt/ros/foxy/include/rclcpp/executors.hpp:22[m[K,
                 from [01m[K/opt/ros/foxy/include/rclcpp/rclcpp.hpp:146[m[K,
                 from [01m[K/home/jj/tasktown_ws/src/village_operator/src/operator.cpp:2[m[K:
[01m[K/opt/ros/foxy/include/rclcpp/node.hpp:461:43:[m[K [01;36m[Knote: [m[K  initializing argument 1 of ‘[01m[Krcl_interfaces::msg::SetParametersResult rclcpp::Node::set_parameter(const rclcpp::Parameter&)[m[K’
  461 |   set_parameter([01;36m[Kconst rclcpp::Parameter & parameter[m[K);
      |                 [01;36m[K~~~~~~~~~~~~~~~~~~~~~~~~~~^~~~~~~~~[m[K
In file included from [01m[K/opt/ros/foxy/include/rclcpp/client.hpp:40[m[K,
                 from [01m[K/opt/ros/foxy/include/rclcpp/callback_group.hpp:23[m[K,
                 from [01m[K/opt/ros/foxy/include/rclcpp/any_executable.hpp:20[m[K,
                 from [01m[K/opt/ros/foxy/include/rclcpp/memory_strategy.hpp:24[m[K,
                 from [01m[K/opt/ros/foxy/include/rclcpp/memory_strategies.hpp:18[m[K,
                 from [01m[K/opt/ros/foxy/include/rclcpp/executor_options.hpp:20[m[K,
                 from [01m[K/opt/ros/foxy/include/rclcpp/executor.hpp:33[m[K,
                 from [01m[K/opt/ros/foxy/include/rclcpp/executors/multi_threaded_executor.hpp:26[m[K,
                 from [01m[K/opt/ros/foxy/include/rclcpp/executors.hpp:21[m[K,
                 from [01m[K/opt/ros/foxy/include/rclcpp/rclcpp.hpp:146[m[K,
                 from [01m[K/home/jj/tasktown_ws/src/village_operator/src/operator.cpp:2[m[K:
[01m[K/home/jj/tasktown_ws/src/village_operator/src/operator.cpp:563:105:[m[K [01;31m[Kerror: [m[K‘[01m[Kconst struct rcl_interfaces::msg::Parameter_<std::allocator<void> >[m[K’ has no member named ‘[01m[Kas_int[m[K’
  563 | his->get_logger(), "Parameter updated: %s = %d", param.name.c_str(), param.[01;31m[Kas_int[m[K());
      |                                                                            [01;31m[K^~~~~~[m[K

make[2]: *** [CMakeFiles/operator_node.dir/build.make:63：CMakeFiles/operator_node.dir/src/operator.cpp.o] 错误 1
make[1]: *** [CMakeFiles/Makefile2:78：CMakeFiles/operator_node.dir/all] 错误 2
make: *** [Makefile:141：all] 错误 2
