[0.019s] Invoking command in '/home/jj/tasktown_ws/build/village_interfaces': CMAKE_PREFIX_PATH=${CMAKE_PREFIX_PATH}:/opt/ros/foxy /usr/bin/cmake --build /home/jj/tasktown_ws/build/village_interfaces -- -j4 -l4
[0.098s] [  1%] Built target village_interfaces__cpp
[0.115s] [ 12%] Built target village_interfaces__rosidl_generator_c
[0.170s] [ 23%] Built target village_interfaces__rosidl_typesupport_fastrtps_cpp
[0.170s] [ 34%] Built target village_interfaces__rosidl_typesupport_cpp
[0.175s] [ 45%] Built target village_interfaces__rosidl_typesupport_introspection_cpp
[0.179s] [ 56%] Built target village_interfaces__rosidl_typesupport_introspection_c
[0.215s] [ 67%] Built target village_interfaces__rosidl_typesupport_c
[0.229s] [ 78%] Built target village_interfaces__rosidl_typesupport_fastrtps_c
[0.249s] [ 78%] Built target village_interfaces
[0.274s] [ 80%] Built target village_interfaces__py
[0.307s] [ 89%] Built target village_interfaces__python
[0.350s] [ 92%] Built target village_interfaces__rosidl_typesupport_introspection_c__pyext
[0.367s] [ 96%] Built target village_interfaces__rosidl_typesupport_fastrtps_c__pyext
[0.376s] [100%] Built target village_interfaces__rosidl_typesupport_c__pyext
[0.395s] Invoked command in '/home/jj/tasktown_ws/build/village_interfaces' returned '0': CMAKE_PREFIX_PATH=${CMAKE_PREFIX_PATH}:/opt/ros/foxy /usr/bin/cmake --build /home/jj/tasktown_ws/build/village_interfaces -- -j4 -l4
[0.573s] Invoking command in '/home/jj/tasktown_ws/build/village_interfaces': CMAKE_PREFIX_PATH=${CMAKE_PREFIX_PATH}:/opt/ros/foxy /usr/bin/cmake --install /home/jj/tasktown_ws/build/village_interfaces
[0.588s] -- Install configuration: "RelWithDebInfo"
[0.588s] -- Execute custom install script
[0.589s] -- Up-to-date symlink: /home/jj/tasktown_ws/install/village_interfaces/share/ament_index/resource_index/rosidl_interfaces/village_interfaces
[0.590s] -- Up-to-date symlink: /home/jj/tasktown_ws/install/village_interfaces/include/village_interfaces/msg/detail/task__functions.h
[0.590s] -- Up-to-date symlink: /home/jj/tasktown_ws/install/village_interfaces/include/village_interfaces/msg/detail/task__struct.h
[0.590s] -- Up-to-date symlink: /home/jj/tasktown_ws/install/village_interfaces/include/village_interfaces/msg/detail/task__type_support.h
[0.590s] -- Up-to-date symlink: /home/jj/tasktown_ws/install/village_interfaces/include/village_interfaces/msg/rosidl_generator_c__visibility_control.h
[0.590s] -- Up-to-date symlink: /home/jj/tasktown_ws/install/village_interfaces/include/village_interfaces/msg/task.h
[0.591s] -- Up-to-date symlink: /home/jj/tasktown_ws/install/village_interfaces/include/village_interfaces/srv/borrow_money.h
[0.591s] -- Up-to-date symlink: /home/jj/tasktown_ws/install/village_interfaces/include/village_interfaces/srv/detail/borrow_money__functions.h
[0.591s] -- Up-to-date symlink: /home/jj/tasktown_ws/install/village_interfaces/include/village_interfaces/srv/detail/borrow_money__struct.h
[0.591s] -- Up-to-date symlink: /home/jj/tasktown_ws/install/village_interfaces/include/village_interfaces/srv/detail/borrow_money__type_support.h
[0.591s] -- Up-to-date symlink: /home/jj/tasktown_ws/install/village_interfaces/include/village_interfaces/srv/detail/task_assign__functions.h
[0.591s] -- Up-to-date symlink: /home/jj/tasktown_ws/install/village_interfaces/include/village_interfaces/srv/detail/task_assign__struct.h
[0.591s] -- Up-to-date symlink: /home/jj/tasktown_ws/install/village_interfaces/include/village_interfaces/srv/detail/task_assign__type_support.h
[0.591s] -- Up-to-date symlink: /home/jj/tasktown_ws/install/village_interfaces/include/village_interfaces/srv/detail/task_update__functions.h
[0.592s] -- Up-to-date symlink: /home/jj/tasktown_ws/install/village_interfaces/include/village_interfaces/srv/detail/task_update__struct.h
[0.592s] -- Up-to-date symlink: /home/jj/tasktown_ws/install/village_interfaces/include/village_interfaces/srv/detail/task_update__type_support.h
[0.592s] -- Up-to-date symlink: /home/jj/tasktown_ws/install/village_interfaces/include/village_interfaces/srv/task_assign.h
[0.592s] -- Up-to-date symlink: /home/jj/tasktown_ws/install/village_interfaces/include/village_interfaces/srv/task_update.h
[0.592s] -- Up-to-date symlink: /home/jj/tasktown_ws/install/village_interfaces/share/village_interfaces/environment/library_path.sh
[0.593s] -- Up-to-date symlink: /home/jj/tasktown_ws/install/village_interfaces/share/village_interfaces/environment/library_path.dsv
[0.593s] -- Up-to-date symlink: /home/jj/tasktown_ws/install/village_interfaces/include/village_interfaces/msg/detail/task__rosidl_typesupport_fastrtps_c.h
[0.594s] -- Up-to-date symlink: /home/jj/tasktown_ws/install/village_interfaces/include/village_interfaces/msg/rosidl_typesupport_fastrtps_c__visibility_control.h
[0.594s] -- Up-to-date symlink: /home/jj/tasktown_ws/install/village_interfaces/include/village_interfaces/srv/detail/borrow_money__rosidl_typesupport_fastrtps_c.h
[0.594s] -- Up-to-date symlink: /home/jj/tasktown_ws/install/village_interfaces/include/village_interfaces/srv/detail/task_assign__rosidl_typesupport_fastrtps_c.h
[0.594s] -- Up-to-date symlink: /home/jj/tasktown_ws/install/village_interfaces/include/village_interfaces/srv/detail/task_update__rosidl_typesupport_fastrtps_c.h
[0.594s] -- Up-to-date symlink: /home/jj/tasktown_ws/install/village_interfaces/lib/libvillage_interfaces__rosidl_typesupport_fastrtps_c.so
[0.595s] -- Up-to-date symlink: /home/jj/tasktown_ws/install/village_interfaces/include/village_interfaces/msg/detail/task__rosidl_typesupport_fastrtps_cpp.hpp
[0.595s] -- Up-to-date symlink: /home/jj/tasktown_ws/install/village_interfaces/include/village_interfaces/msg/rosidl_typesupport_fastrtps_cpp__visibility_control.h
[0.597s] -- Up-to-date symlink: /home/jj/tasktown_ws/install/village_interfaces/include/village_interfaces/srv/detail/borrow_money__rosidl_typesupport_fastrtps_cpp.hpp
[0.597s] -- Up-to-date symlink: /home/jj/tasktown_ws/install/village_interfaces/include/village_interfaces/srv/detail/task_assign__rosidl_typesupport_fastrtps_cpp.hpp
[0.597s] -- Up-to-date symlink: /home/jj/tasktown_ws/install/village_interfaces/include/village_interfaces/srv/detail/task_update__rosidl_typesupport_fastrtps_cpp.hpp
[0.598s] -- Up-to-date symlink: /home/jj/tasktown_ws/install/village_interfaces/lib/libvillage_interfaces__rosidl_typesupport_fastrtps_cpp.so
[0.598s] -- Up-to-date symlink: /home/jj/tasktown_ws/install/village_interfaces/include/village_interfaces/msg/detail/task__rosidl_typesupport_introspection_c.h
[0.598s] -- Up-to-date symlink: /home/jj/tasktown_ws/install/village_interfaces/include/village_interfaces/msg/rosidl_typesupport_introspection_c__visibility_control.h
[0.598s] -- Up-to-date symlink: /home/jj/tasktown_ws/install/village_interfaces/include/village_interfaces/srv/detail/borrow_money__rosidl_typesupport_introspection_c.h
[0.598s] -- Up-to-date symlink: /home/jj/tasktown_ws/install/village_interfaces/include/village_interfaces/srv/detail/task_assign__rosidl_typesupport_introspection_c.h
[0.598s] -- Up-to-date symlink: /home/jj/tasktown_ws/install/village_interfaces/include/village_interfaces/srv/detail/task_update__rosidl_typesupport_introspection_c.h
[0.599s] -- Up-to-date symlink: /home/jj/tasktown_ws/install/village_interfaces/include/village_interfaces/msg/detail/task__builder.hpp
[0.599s] -- Up-to-date symlink: /home/jj/tasktown_ws/install/village_interfaces/include/village_interfaces/msg/detail/task__struct.hpp
[0.601s] -- Up-to-date symlink: /home/jj/tasktown_ws/install/village_interfaces/include/village_interfaces/msg/detail/task__traits.hpp
[0.601s] -- Up-to-date symlink: /home/jj/tasktown_ws/install/village_interfaces/include/village_interfaces/msg/detail/task__type_support.hpp
[0.601s] -- Up-to-date symlink: /home/jj/tasktown_ws/install/village_interfaces/include/village_interfaces/msg/rosidl_generator_cpp__visibility_control.hpp
[0.601s] -- Up-to-date symlink: /home/jj/tasktown_ws/install/village_interfaces/include/village_interfaces/msg/task.hpp
[0.601s] -- Up-to-date symlink: /home/jj/tasktown_ws/install/village_interfaces/include/village_interfaces/srv/borrow_money.hpp
[0.601s] -- Up-to-date symlink: /home/jj/tasktown_ws/install/village_interfaces/include/village_interfaces/srv/detail/borrow_money__builder.hpp
[0.601s] -- Up-to-date symlink: /home/jj/tasktown_ws/install/village_interfaces/include/village_interfaces/srv/detail/borrow_money__struct.hpp
[0.601s] -- Up-to-date symlink: /home/jj/tasktown_ws/install/village_interfaces/include/village_interfaces/srv/detail/borrow_money__traits.hpp
[0.602s] -- Up-to-date symlink: /home/jj/tasktown_ws/install/village_interfaces/include/village_interfaces/srv/detail/borrow_money__type_support.hpp
[0.602s] -- Up-to-date symlink: /home/jj/tasktown_ws/install/village_interfaces/include/village_interfaces/srv/detail/task_assign__builder.hpp
[0.602s] -- Up-to-date symlink: /home/jj/tasktown_ws/install/village_interfaces/include/village_interfaces/srv/detail/task_assign__struct.hpp
[0.602s] -- Up-to-date symlink: /home/jj/tasktown_ws/install/village_interfaces/include/village_interfaces/srv/detail/task_assign__traits.hpp
[0.602s] -- Up-to-date symlink: /home/jj/tasktown_ws/install/village_interfaces/include/village_interfaces/srv/detail/task_assign__type_support.hpp
[0.602s] -- Up-to-date symlink: /home/jj/tasktown_ws/install/village_interfaces/include/village_interfaces/srv/detail/task_update__builder.hpp
[0.602s] -- Up-to-date symlink: /home/jj/tasktown_ws/install/village_interfaces/include/village_interfaces/srv/detail/task_update__struct.hpp
[0.602s] -- Up-to-date symlink: /home/jj/tasktown_ws/install/village_interfaces/include/village_interfaces/srv/detail/task_update__traits.hpp
[0.603s] -- Up-to-date symlink: /home/jj/tasktown_ws/install/village_interfaces/include/village_interfaces/srv/detail/task_update__type_support.hpp
[0.603s] -- Up-to-date symlink: /home/jj/tasktown_ws/install/village_interfaces/include/village_interfaces/srv/task_assign.hpp
[0.603s] -- Up-to-date symlink: /home/jj/tasktown_ws/install/village_interfaces/include/village_interfaces/srv/task_update.hpp
[0.603s] -- Up-to-date symlink: /home/jj/tasktown_ws/install/village_interfaces/include/village_interfaces/msg/detail/task__rosidl_typesupport_introspection_cpp.hpp
[0.603s] -- Up-to-date symlink: /home/jj/tasktown_ws/install/village_interfaces/include/village_interfaces/srv/detail/borrow_money__rosidl_typesupport_introspection_cpp.hpp
[0.603s] -- Up-to-date symlink: /home/jj/tasktown_ws/install/village_interfaces/include/village_interfaces/srv/detail/task_assign__rosidl_typesupport_introspection_cpp.hpp
[0.603s] -- Up-to-date symlink: /home/jj/tasktown_ws/install/village_interfaces/include/village_interfaces/srv/detail/task_update__rosidl_typesupport_introspection_cpp.hpp
[0.603s] -- Up-to-date symlink: /home/jj/tasktown_ws/install/village_interfaces/share/village_interfaces/environment/pythonpath.sh
[0.603s] -- Up-to-date symlink: /home/jj/tasktown_ws/install/village_interfaces/share/village_interfaces/environment/pythonpath.dsv
[0.604s] -- Up-to-date symlink: /home/jj/tasktown_ws/install/village_interfaces/lib/python3.8/site-packages/village_interfaces/__init__.py
[0.604s] -- Up-to-date symlink: /home/jj/tasktown_ws/install/village_interfaces/lib/python3.8/site-packages/village_interfaces/msg/__init__.py
[0.604s] -- Up-to-date symlink: /home/jj/tasktown_ws/install/village_interfaces/lib/python3.8/site-packages/village_interfaces/msg/_task.py
[0.604s] -- Up-to-date symlink: /home/jj/tasktown_ws/install/village_interfaces/lib/python3.8/site-packages/village_interfaces/srv/__init__.py
[0.605s] -- Up-to-date symlink: /home/jj/tasktown_ws/install/village_interfaces/lib/python3.8/site-packages/village_interfaces/srv/_borrow_money.py
[0.605s] -- Up-to-date symlink: /home/jj/tasktown_ws/install/village_interfaces/lib/python3.8/site-packages/village_interfaces/srv/_task_assign.py
[0.605s] -- Up-to-date symlink: /home/jj/tasktown_ws/install/village_interfaces/lib/python3.8/site-packages/village_interfaces/srv/_task_update.py
[0.605s] -- Up-to-date symlink: /home/jj/tasktown_ws/install/village_interfaces/lib/python3.8/site-packages/village_interfaces/village_interfaces_s__rosidl_typesupport_fastrtps_c.cpython-38-x86_64-linux-gnu.so
[0.606s] -- Up-to-date symlink: /home/jj/tasktown_ws/install/village_interfaces/lib/python3.8/site-packages/village_interfaces/village_interfaces_s__rosidl_typesupport_introspection_c.cpython-38-x86_64-linux-gnu.so
[0.606s] -- Up-to-date symlink: /home/jj/tasktown_ws/install/village_interfaces/lib/python3.8/site-packages/village_interfaces/village_interfaces_s__rosidl_typesupport_c.cpython-38-x86_64-linux-gnu.so
[0.606s] -- Up-to-date symlink: /home/jj/tasktown_ws/install/village_interfaces/lib/libvillage_interfaces__python.so
[0.606s] -- Up-to-date symlink: /home/jj/tasktown_ws/install/village_interfaces/share/village_interfaces/msg/Task.idl
[0.607s] -- Up-to-date symlink: /home/jj/tasktown_ws/install/village_interfaces/share/village_interfaces/srv/BorrowMoney.idl
[0.607s] -- Up-to-date symlink: /home/jj/tasktown_ws/install/village_interfaces/share/village_interfaces/srv/TaskAssign.idl
[0.607s] -- Up-to-date symlink: /home/jj/tasktown_ws/install/village_interfaces/share/village_interfaces/srv/TaskUpdate.idl
[0.607s] -- Up-to-date symlink: /home/jj/tasktown_ws/install/village_interfaces/share/village_interfaces/msg/Task.msg
[0.608s] -- Up-to-date symlink: /home/jj/tasktown_ws/install/village_interfaces/share/village_interfaces/srv/BorrowMoney.srv
[0.608s] -- Up-to-date symlink: /home/jj/tasktown_ws/install/village_interfaces/share/village_interfaces/srv/BorrowMoney_Request.msg
[0.609s] -- Up-to-date symlink: /home/jj/tasktown_ws/install/village_interfaces/share/village_interfaces/srv/BorrowMoney_Response.msg
[0.609s] -- Up-to-date symlink: /home/jj/tasktown_ws/install/village_interfaces/share/village_interfaces/srv/TaskAssign.srv
[0.609s] -- Up-to-date symlink: /home/jj/tasktown_ws/install/village_interfaces/share/village_interfaces/srv/TaskAssign_Request.msg
[0.609s] -- Up-to-date symlink: /home/jj/tasktown_ws/install/village_interfaces/share/village_interfaces/srv/TaskAssign_Response.msg
[0.609s] -- Up-to-date symlink: /home/jj/tasktown_ws/install/village_interfaces/share/village_interfaces/srv/TaskUpdate.srv
[0.609s] -- Up-to-date symlink: /home/jj/tasktown_ws/install/village_interfaces/share/village_interfaces/srv/TaskUpdate_Request.msg
[0.609s] -- Up-to-date symlink: /home/jj/tasktown_ws/install/village_interfaces/share/village_interfaces/srv/TaskUpdate_Response.msg
[0.610s] -- Up-to-date symlink: /home/jj/tasktown_ws/install/village_interfaces/share/ament_index/resource_index/package_run_dependencies/village_interfaces
[0.610s] -- Up-to-date symlink: /home/jj/tasktown_ws/install/village_interfaces/share/ament_index/resource_index/parent_prefix_path/village_interfaces
[0.612s] -- Up-to-date symlink: /home/jj/tasktown_ws/install/village_interfaces/share/village_interfaces/environment/ament_prefix_path.sh
[0.612s] -- Up-to-date symlink: /home/jj/tasktown_ws/install/village_interfaces/share/village_interfaces/environment/ament_prefix_path.dsv
[0.613s] -- Up-to-date symlink: /home/jj/tasktown_ws/install/village_interfaces/share/village_interfaces/environment/path.sh
[0.613s] -- Up-to-date symlink: /home/jj/tasktown_ws/install/village_interfaces/share/village_interfaces/environment/path.dsv
[0.613s] -- Up-to-date symlink: /home/jj/tasktown_ws/install/village_interfaces/share/village_interfaces/local_setup.bash
[0.613s] -- Up-to-date symlink: /home/jj/tasktown_ws/install/village_interfaces/share/village_interfaces/local_setup.sh
[0.615s] -- Up-to-date symlink: /home/jj/tasktown_ws/install/village_interfaces/share/village_interfaces/local_setup.zsh
[0.616s] -- Up-to-date symlink: /home/jj/tasktown_ws/install/village_interfaces/share/village_interfaces/local_setup.dsv
[0.616s] -- Symlinking: /home/jj/tasktown_ws/install/village_interfaces/share/village_interfaces/package.dsv
[0.626s] -- Up-to-date symlink: /home/jj/tasktown_ws/install/village_interfaces/share/ament_index/resource_index/packages/village_interfaces
[0.626s] -- Up-to-date symlink: /home/jj/tasktown_ws/install/village_interfaces/share/village_interfaces/cmake/rosidl_cmake-extras.cmake
[0.626s] -- Up-to-date symlink: /home/jj/tasktown_ws/install/village_interfaces/share/village_interfaces/cmake/ament_cmake_export_dependencies-extras.cmake
[0.626s] -- Up-to-date symlink: /home/jj/tasktown_ws/install/village_interfaces/share/village_interfaces/cmake/ament_cmake_export_libraries-extras.cmake
[0.627s] -- Up-to-date symlink: /home/jj/tasktown_ws/install/village_interfaces/share/village_interfaces/cmake/ament_cmake_export_targets-extras.cmake
[0.627s] -- Up-to-date symlink: /home/jj/tasktown_ws/install/village_interfaces/share/village_interfaces/cmake/ament_cmake_export_include_directories-extras.cmake
[0.627s] -- Up-to-date symlink: /home/jj/tasktown_ws/install/village_interfaces/share/village_interfaces/cmake/rosidl_cmake_export_typesupport_libraries-extras.cmake
[0.627s] -- Up-to-date symlink: /home/jj/tasktown_ws/install/village_interfaces/share/village_interfaces/cmake/rosidl_cmake_export_typesupport_targets-extras.cmake
[0.627s] -- Up-to-date symlink: /home/jj/tasktown_ws/install/village_interfaces/share/village_interfaces/cmake/village_interfacesConfig.cmake
[0.629s] -- Up-to-date symlink: /home/jj/tasktown_ws/install/village_interfaces/share/village_interfaces/cmake/village_interfacesConfig-version.cmake
[0.629s] -- Up-to-date symlink: /home/jj/tasktown_ws/install/village_interfaces/share/village_interfaces/package.xml
[0.629s] -- Up-to-date: /home/jj/tasktown_ws/install/village_interfaces/lib/libvillage_interfaces__rosidl_generator_c.so
[0.630s] -- Up-to-date: /home/jj/tasktown_ws/install/village_interfaces/lib/libvillage_interfaces__rosidl_typesupport_introspection_c.so
[0.630s] -- Up-to-date: /home/jj/tasktown_ws/install/village_interfaces/lib/libvillage_interfaces__rosidl_typesupport_c.so
[0.631s] -- Up-to-date: /home/jj/tasktown_ws/install/village_interfaces/lib/libvillage_interfaces__rosidl_typesupport_introspection_cpp.so
[0.632s] -- Up-to-date: /home/jj/tasktown_ws/install/village_interfaces/lib/libvillage_interfaces__rosidl_typesupport_cpp.so
[0.665s] -- Up-to-date: /home/jj/tasktown_ws/install/village_interfaces/share/village_interfaces/cmake/village_interfaces__rosidl_generator_cExport.cmake
[0.666s] -- Up-to-date: /home/jj/tasktown_ws/install/village_interfaces/share/village_interfaces/cmake/village_interfaces__rosidl_generator_cExport-relwithdebinfo.cmake
[0.668s] -- Up-to-date: /home/jj/tasktown_ws/install/village_interfaces/share/village_interfaces/cmake/village_interfaces__rosidl_typesupport_introspection_cExport.cmake
[0.669s] -- Up-to-date: /home/jj/tasktown_ws/install/village_interfaces/share/village_interfaces/cmake/village_interfaces__rosidl_typesupport_introspection_cExport-relwithdebinfo.cmake
[0.669s] -- Up-to-date: /home/jj/tasktown_ws/install/village_interfaces/share/village_interfaces/cmake/village_interfaces__rosidl_typesupport_cExport.cmake
[0.669s] -- Up-to-date: /home/jj/tasktown_ws/install/village_interfaces/share/village_interfaces/cmake/village_interfaces__rosidl_typesupport_cExport-relwithdebinfo.cmake
[0.669s] -- Up-to-date: /home/jj/tasktown_ws/install/village_interfaces/share/village_interfaces/cmake/village_interfaces__rosidl_generator_cppExport.cmake
[0.669s] -- Up-to-date: /home/jj/tasktown_ws/install/village_interfaces/share/village_interfaces/cmake/village_interfaces__rosidl_typesupport_introspection_cppExport.cmake
[0.669s] -- Up-to-date: /home/jj/tasktown_ws/install/village_interfaces/share/village_interfaces/cmake/village_interfaces__rosidl_typesupport_introspection_cppExport-relwithdebinfo.cmake
[0.669s] -- Up-to-date: /home/jj/tasktown_ws/install/village_interfaces/share/village_interfaces/cmake/village_interfaces__rosidl_typesupport_cppExport.cmake
[0.669s] -- Up-to-date: /home/jj/tasktown_ws/install/village_interfaces/share/village_interfaces/cmake/village_interfaces__rosidl_typesupport_cppExport-relwithdebinfo.cmake
[0.672s] Invoked command in '/home/jj/tasktown_ws/build/village_interfaces' returned '0': CMAKE_PREFIX_PATH=${CMAKE_PREFIX_PATH}:/opt/ros/foxy /usr/bin/cmake --install /home/jj/tasktown_ws/build/village_interfaces
