[0.039s] Invoking command in '/home/jj/tasktown_ws/build/village_operator': CMAKE_PREFIX_PATH=/home/jj/tasktown_ws/install/village_interfaces:/home/jj/tasktown_ws/install/village_taskgroups:/home/jj/tasktown_ws/install/village_task:/home/jj/tasktown_ws/install/village_operator:/opt/ros/foxy /usr/bin/cmake --build /home/jj/tasktown_ws/build/village_operator -- -j2 -l2
[0.150s] [35m[1mScanning dependencies of target operator_node[0m
[0.251s] [ 50%] [32mBuilding CXX object CMakeFiles/operator_node.dir/src/operator.cpp.o[0m
[5.014s] [01m[K/home/jj/tasktown_ws/src/village_operator/src/operator.cpp:521:5:[m[K [01;31m[Kerror: [m[K‘[01m[Kparams[m[K’ does not name a type
[5.014s]   521 |     [01;31m[Kparams[m[K.push_back(rclcpp::Parameter("stop_signal", false));
[5.014s]       |     [01;31m[K^~~~~~[m[K
[5.039s] [01m[K/home/jj/tasktown_ws/src/village_operator/src/operator.cpp:[m[K In constructor ‘[01m[KTaskAssignServer::TaskAssignServer(const string&)[m[K’:
[5.039s] [01m[K/home/jj/tasktown_ws/src/village_operator/src/operator.cpp:489:97:[m[K [01;31m[Kerror: [m[Kno match for ‘[01m[Koperator=[m[K’ (operand types are ‘[01m[Kstd::shared_ptr<rclcpp::SyncParametersClient>[m[K’ and ‘[01m[Kstd::shared_ptr<rclcpp::AsyncParametersClient>[m[K’)
[5.039s]   489 | e_shared<rclcpp::AsyncParametersClient>(this,"operator_node"[01;31m[K)[m[K;
[5.040s]       |                                                             [01;31m[K^[m[K
[5.040s] 
[5.040s] In file included from [01m[K/usr/include/c++/9/memory:81[m[K,
[5.040s]                  from [01m[K/opt/ros/foxy/include/rclcpp/rclcpp.hpp:144[m[K,
[5.040s]                  from [01m[K/home/jj/tasktown_ws/src/village_operator/src/operator.cpp:2[m[K:
[5.040s] [01m[K/usr/include/c++/9/bits/shared_ptr.h:309:19:[m[K [01;36m[Knote: [m[Kcandidate: ‘[01m[Kstd::shared_ptr<_Tp>& std::shared_ptr<_Tp>::operator=(const std::shared_ptr<_Tp>&) [with _Tp = rclcpp::SyncParametersClient][m[K’
[5.040s]   309 |       shared_ptr& [01;36m[Koperator[m[K=(const shared_ptr&) noexcept = default;
[5.040s]       |                   [01;36m[K^~~~~~~~[m[K
[5.040s] [01m[K/usr/include/c++/9/bits/shared_ptr.h:309:29:[m[K [01;36m[Knote: [m[K  no known conversion for argument 1 from ‘[01m[Kstd::shared_ptr<rclcpp::AsyncParametersClient>[m[K’ to ‘[01m[Kconst std::shared_ptr<rclcpp::SyncParametersClient>&[m[K’
[5.041s]   309 |       shared_ptr& operator=([01;36m[Kconst shared_ptr&[m[K) noexcept = default;
[5.041s]       |                             [01;36m[K^~~~~~~~~~~~~~~~~[m[K
[5.041s] [01m[K/usr/include/c++/9/bits/shared_ptr.h:313:2:[m[K [01;36m[Knote: [m[Kcandidate: ‘[01m[Ktemplate<class _Yp> std::shared_ptr<_Tp>::_Assignable<const std::shared_ptr<_Yp>&> std::shared_ptr<_Tp>::operator=(const std::shared_ptr<_Yp>&) [with _Yp = _Yp; _Tp = rclcpp::SyncParametersClient][m[K’
[5.041s]   313 |  [01;36m[Koperator[m[K=(const shared_ptr<_Yp>& __r) noexcept
[5.041s]       |  [01;36m[K^~~~~~~~[m[K
[5.041s] [01m[K/usr/include/c++/9/bits/shared_ptr.h:313:2:[m[K [01;36m[Knote: [m[K  template argument deduction/substitution failed:
[5.041s] /usr/include/c++/9/bits/shared_ptr.h: In substitution of ‘[01m[Ktemplate<class _Tp> template<class _Arg> using _Assignable = typename std::enable_if<std::is_assignable<std::__shared_ptr<_Tp>&, _Arg>::value, std::shared_ptr<_Tp>&>::type [with _Arg = const std::shared_ptr<rclcpp::AsyncParametersClient>&; _Tp = rclcpp::SyncParametersClient][m[K’:
[5.041s] [01m[K/usr/include/c++/9/bits/shared_ptr.h:313:2:[m[K   required by substitution of ‘[01m[Ktemplate<class _Yp> std::shared_ptr<rclcpp::SyncParametersClient>::_Assignable<const std::shared_ptr<_Tp>&> std::shared_ptr<rclcpp::SyncParametersClient>::operator=<_Yp>(const std::shared_ptr<_Tp>&) [with _Yp = rclcpp::AsyncParametersClient][m[K’
[5.041s] [01m[K/home/jj/tasktown_ws/src/village_operator/src/operator.cpp:489:97:[m[K   required from here
[5.041s] [01m[K/usr/include/c++/9/bits/shared_ptr.h:111:8:[m[K [01;31m[Kerror: [m[Kno type named ‘[01m[Ktype[m[K’ in ‘[01m[Kstruct std::enable_if<false, std::shared_ptr<rclcpp::SyncParametersClient>&>[m[K’
[5.041s]   111 |  using [01;31m[K_Assignable[m[K = typename enable_if<
[5.041s]       |        [01;31m[K^~~~~~~~~~~[m[K
[5.041s] [01m[K/usr/include/c++/9/bits/shared_ptr.h:324:2:[m[K [01;36m[Knote: [m[Kcandidate: ‘[01m[Ktemplate<class _Yp> std::shared_ptr<_Tp>::_Assignable<std::auto_ptr<_Up> > std::shared_ptr<_Tp>::operator=(std::auto_ptr<_Up>&&) [with _Yp = _Yp; _Tp = rclcpp::SyncParametersClient][m[K’
[5.042s]   324 |  [01;36m[Koperator[m[K=(auto_ptr<_Yp>&& __r)
[5.042s]       |  [01;36m[K^~~~~~~~[m[K
[5.042s] [01m[K/usr/include/c++/9/bits/shared_ptr.h:324:2:[m[K [01;36m[Knote: [m[K  template argument deduction/substitution failed:
[5.042s] [01m[K/home/jj/tasktown_ws/src/village_operator/src/operator.cpp:489:97:[m[K [01;36m[Knote: [m[K  ‘[01m[Kstd::shared_ptr<rclcpp::AsyncParametersClient>[m[K’ is not derived from ‘[01m[Kstd::auto_ptr<_Up>[m[K’
[5.042s]   489 | e_shared<rclcpp::AsyncParametersClient>(this,"operator_node"[01;36m[K)[m[K;
[5.042s]       |                                                             [01;36m[K^[m[K
[5.042s] 
[5.042s] In file included from [01m[K/usr/include/c++/9/memory:81[m[K,
[5.042s]                  from [01m[K/opt/ros/foxy/include/rclcpp/rclcpp.hpp:144[m[K,
[5.042s]                  from [01m[K/home/jj/tasktown_ws/src/village_operator/src/operator.cpp:2[m[K:
[5.042s] [01m[K/usr/include/c++/9/bits/shared_ptr.h:333:7:[m[K [01;36m[Knote: [m[Kcandidate: ‘[01m[Kstd::shared_ptr<_Tp>& std::shared_ptr<_Tp>::operator=(std::shared_ptr<_Tp>&&) [with _Tp = rclcpp::SyncParametersClient][m[K’
[5.042s]   333 |       [01;36m[Koperator[m[K=(shared_ptr&& __r) noexcept
[5.042s]       |       [01;36m[K^~~~~~~~[m[K
[5.043s] [01m[K/usr/include/c++/9/bits/shared_ptr.h:333:30:[m[K [01;36m[Knote: [m[K  no known conversion for argument 1 from ‘[01m[Kstd::shared_ptr<rclcpp::AsyncParametersClient>[m[K’ to ‘[01m[Kstd::shared_ptr<rclcpp::SyncParametersClient>&&[m[K’
[5.043s]   333 |       operator=([01;36m[Kshared_ptr&& __r[m[K) noexcept
[5.043s]       |                 [01;36m[K~~~~~~~~~~~~~^~~[m[K
[5.043s] [01m[K/usr/include/c++/9/bits/shared_ptr.h:341:2:[m[K [01;36m[Knote: [m[Kcandidate: ‘[01m[Ktemplate<class _Yp> std::shared_ptr<_Tp>::_Assignable<std::shared_ptr<_Yp> > std::shared_ptr<_Tp>::operator=(std::shared_ptr<_Yp>&&) [with _Yp = _Yp; _Tp = rclcpp::SyncParametersClient][m[K’
[5.043s]   341 |  [01;36m[Koperator[m[K=(shared_ptr<_Yp>&& __r) noexcept
[5.043s]       |  [01;36m[K^~~~~~~~[m[K
[5.043s] [01m[K/usr/include/c++/9/bits/shared_ptr.h:341:2:[m[K [01;36m[Knote: [m[K  template argument deduction/substitution failed:
[5.043s] /usr/include/c++/9/bits/shared_ptr.h: In substitution of ‘[01m[Ktemplate<class _Tp> template<class _Arg> using _Assignable = typename std::enable_if<std::is_assignable<std::__shared_ptr<_Tp>&, _Arg>::value, std::shared_ptr<_Tp>&>::type [with _Arg = std::shared_ptr<rclcpp::AsyncParametersClient>; _Tp = rclcpp::SyncParametersClient][m[K’:
[5.043s] [01m[K/usr/include/c++/9/bits/shared_ptr.h:341:2:[m[K   required by substitution of ‘[01m[Ktemplate<class _Yp> std::shared_ptr<rclcpp::SyncParametersClient>::_Assignable<std::shared_ptr<_Tp> > std::shared_ptr<rclcpp::SyncParametersClient>::operator=<_Yp>(std::shared_ptr<_Tp>&&) [with _Yp = rclcpp::AsyncParametersClient][m[K’
[5.043s] [01m[K/home/jj/tasktown_ws/src/village_operator/src/operator.cpp:489:97:[m[K   required from here
[5.043s] [01m[K/usr/include/c++/9/bits/shared_ptr.h:111:8:[m[K [01;31m[Kerror: [m[Kno type named ‘[01m[Ktype[m[K’ in ‘[01m[Kstruct std::enable_if<false, std::shared_ptr<rclcpp::SyncParametersClient>&>[m[K’
[5.043s]   111 |  using [01;31m[K_Assignable[m[K = typename enable_if<
[5.044s]       |        [01;31m[K^~~~~~~~~~~[m[K
[5.044s] [01m[K/usr/include/c++/9/bits/shared_ptr.h:349:2:[m[K [01;36m[Knote: [m[Kcandidate: ‘[01m[Ktemplate<class _Yp, class _Del> std::shared_ptr<_Tp>::_Assignable<std::unique_ptr<_Up, _Ep> > std::shared_ptr<_Tp>::operator=(std::unique_ptr<_Up, _Ep>&&) [with _Yp = _Yp; _Del = _Del; _Tp = rclcpp::SyncParametersClient][m[K’
[5.044s]   349 |  [01;36m[Koperator[m[K=(unique_ptr<_Yp, _Del>&& __r)
[5.044s]       |  [01;36m[K^~~~~~~~[m[K
[5.044s] [01m[K/usr/include/c++/9/bits/shared_ptr.h:349:2:[m[K [01;36m[Knote: [m[K  template argument deduction/substitution failed:
[5.044s] [01m[K/home/jj/tasktown_ws/src/village_operator/src/operator.cpp:489:97:[m[K [01;36m[Knote: [m[K  ‘[01m[Kstd::shared_ptr<rclcpp::AsyncParametersClient>[m[K’ is not derived from ‘[01m[Kstd::unique_ptr<_Tp, _Dp>[m[K’
[5.044s]   489 | e_shared<rclcpp::AsyncParametersClient>(this,"operator_node"[01;36m[K)[m[K;
[5.044s]       |                                                             [01;36m[K^[m[K
[5.044s] 
[5.057s] [01m[K/home/jj/tasktown_ws/src/village_operator/src/operator.cpp:490:9:[m[K [01;31m[Kerror: [m[K‘[01m[Kparameter_client[m[K’ was not declared in this scope; did you mean ‘[01m[Kparameter_client_[m[K’?
[5.057s]   490 |         [01;31m[Kparameter_client[m[K->set_parameters_automically(params);
[5.057s]       |         [01;31m[K^~~~~~~~~~~~~~~~[m[K
[5.057s]       |         [32m[Kparameter_client_[m[K
[7.062s] make[2]: *** [CMakeFiles/operator_node.dir/build.make:63：CMakeFiles/operator_node.dir/src/operator.cpp.o] 错误 1
[7.062s] make[1]: *** [CMakeFiles/Makefile2:78：CMakeFiles/operator_node.dir/all] 错误 2
[7.064s] make: *** [Makefile:141：all] 错误 2
