[01m[K/home/jj/tasktown_ws/src/village_task/src/task.cpp:134:5:[m[K [01;31m[Kerror: [m[Knon-static data member declared with placeholder ‘[01m[Kauto[m[K’
  134 |     [01;31m[Kauto[m[K parameter_client = std::make_shared<rclcpp::AsyncParametersClient>(node,target_node_name);
      |     [01;31m[K^~~~[m[K
[01m[K/home/jj/tasktown_ws/src/village_task/src/task.cpp:135:10:[m[K [01;31m[Kerror: [m[K‘[01m[Kshared[m[K’ in namespace ‘[01m[Kstd[m[K’ does not name a type
  135 |     std::[01;31m[Kshared[m[K
      |          [01;31m[K^~~~~~[m[K
[01m[K/home/jj/tasktown_ws/src/village_task/src/task.cpp:[m[K In constructor ‘[01m[KTaskRequestNode::TaskRequestNode(const string&)[m[K’:
[01m[K/home/jj/tasktown_ws/src/village_task/src/task.cpp:31:9:[m[K [01;31m[Kerror: [m[K‘[01m[Ktask_update_client[m[K’ was not declared in this scope
   31 |         [01;31m[Ktask_update_client[m[K = this->create_client<village_interfaces::srv::TaskUpdate>("task_update");
      |         [01;31m[K^~~~~~~~~~~~~~~~~~[m[K
[01m[K/home/jj/tasktown_ws/src/village_task/src/task.cpp:[m[K In member function ‘[01m[Kvoid TaskRequestNode::send_tasks_request()[m[K’:
[01m[K/home/jj/tasktown_ws/src/village_task/src/task.cpp:67:14:[m[K [01;31m[Kerror: [m[K‘[01m[Ktask_update_client[m[K’ was not declared in this scope
   67 |         if (![01;31m[Ktask_update_client[m[K->wait_for_service(std::chrono::seconds(2))) {
      |              [01;31m[K^~~~~~~~~~~~~~~~~~[m[K
[01m[K/home/jj/tasktown_ws/src/village_task/src/task.cpp:126:9:[m[K [01;31m[Kerror: [m[K‘[01m[Ktask_update_client[m[K’ was not declared in this scope
  126 |         [01;31m[Ktask_update_client[m[K->async_send_request(
      |         [01;31m[K^~~~~~~~~~~~~~~~~~[m[K
make[2]: *** [CMakeFiles/task_node.dir/build.make:63：CMakeFiles/task_node.dir/src/task.cpp.o] 错误 1
make[1]: *** [CMakeFiles/Makefile2:78：CMakeFiles/task_node.dir/all] 错误 2
make: *** [Makefile:141：all] 错误 2
