[0.037s] Invoking command in '/home/jj/tasktown_ws/build/village_operator': CMAKE_PREFIX_PATH=/home/jj/tasktown_ws/install/village_interfaces:/home/jj/tasktown_ws/install/village_taskgroups:/home/jj/tasktown_ws/install/village_task:/home/jj/tasktown_ws/install/village_operator:/opt/ros/foxy /usr/bin/cmake --build /home/jj/tasktown_ws/build/village_operator -- -j4 -l4
[0.125s] [35m[1mScanning dependencies of target operator_node[0m
[0.185s] [ 50%] [32mBuilding CXX object CMakeFiles/operator_node.dir/src/operator.cpp.o[0m
[2.640s] [01m[K/home/jj/tasktown_ws/src/village_operator/src/operator.cpp:[m[K In member function ‘[01m[Kvoid TaskAssignServer::assignTasks(std::shared_ptr<village_interfaces::srv::TaskAssign_Response_<std::allocator<void> > >)[m[K’:
[2.640s] [01m[K/home/jj/tasktown_ws/src/village_operator/src/operator.cpp:646:89:[m[K [01;31m[Kerror: [m[Kno match for ‘[01m[Koperator-[m[K’ (operand types are ‘[01m[Kstd::chrono::time_point<std::chrono::_V2::steady_clock, std::chrono::duration<long int, std::ratio<1, 1000000000> > >[m[K’ and ‘[01m[Kstd::chrono::time_point<std::chrono::_V2::system_clock, std::chrono::duration<long int, std::ratio<1, 1000000000> > >[m[K’)
[2.640s]   646 |                auto duration = std::chrono::duration_cast<std::chrono::seconds>([32m[Know[m[K[01;31m[K-[m[K[34m[Karrive_time[m[K).count();
[2.640s]       |                                                                                 [32m[K~~~[m[K[01;31m[K^[m[K[34m[K~~~~~~~~~~~[m[K
[2.640s]       |                                                                                 [32m[K|[m[K   [34m[K|[m[K
[2.640s]       |                                                                                 [32m[K|[m[K   [34m[Ktime_point<std::chrono::_V2::system_clock,[...]>[m[K
[2.640s]       |                                                                                 [32m[Ktime_point<std::chrono::_V2::steady_clock,[...]>[m[K
[2.640s] 
[2.641s] In file included from [01m[K/usr/include/c++/9/bits/stl_algobase.h:67[m[K,
[2.641s]                  from [01m[K/usr/include/c++/9/memory:62[m[K,
[2.641s]                  from [01m[K/opt/ros/foxy/include/rclcpp/rclcpp.hpp:144[m[K,
[2.641s]                  from [01m[K/home/jj/tasktown_ws/src/village_operator/src/operator.cpp:2[m[K:
[2.641s] [01m[K/usr/include/c++/9/bits/stl_iterator.h:415:5:[m[K [01;36m[Knote: [m[Kcandidate: ‘[01m[Ktemplate<class _IteratorL, class _IteratorR> constexpr decltype ((__y.base() - __x.base())) std::operator-(const std::reverse_iterator<_Iterator>&, const std::reverse_iterator<_IteratorR>&)[m[K’
[2.641s]   415 |     [01;36m[Koperator[m[K-(const reverse_iterator<_IteratorL>& __x,
[2.641s]       |     [01;36m[K^~~~~~~~[m[K
[2.641s] [01m[K/usr/include/c++/9/bits/stl_iterator.h:415:5:[m[K [01;36m[Knote: [m[K  template argument deduction/substitution failed:
[2.641s] [01m[K/home/jj/tasktown_ws/src/village_operator/src/operator.cpp:646:90:[m[K [01;36m[Knote: [m[K  ‘[01m[Kstd::chrono::time_point<std::chrono::_V2::steady_clock, std::chrono::duration<long int, std::ratio<1, 1000000000> > >[m[K’ is not derived from ‘[01m[Kconst std::reverse_iterator<_Iterator>[m[K’
[2.641s]   646 |               auto duration = std::chrono::duration_cast<std::chrono::seconds>(now-[01;36m[Karrive_time[m[K).count();
[2.642s]       |                                                                                    [01;36m[K^~~~~~~~~~~[m[K
[2.642s] 
[2.642s] In file included from [01m[K/usr/include/c++/9/bits/stl_algobase.h:67[m[K,
[2.642s]                  from [01m[K/usr/include/c++/9/memory:62[m[K,
[2.642s]                  from [01m[K/opt/ros/foxy/include/rclcpp/rclcpp.hpp:144[m[K,
[2.642s]                  from [01m[K/home/jj/tasktown_ws/src/village_operator/src/operator.cpp:2[m[K:
[2.642s] [01m[K/usr/include/c++/9/bits/stl_iterator.h:1209:5:[m[K [01;36m[Knote: [m[Kcandidate: ‘[01m[Ktemplate<class _IteratorL, class _IteratorR> constexpr decltype ((__x.base() - __y.base())) std::operator-(const std::move_iterator<_IteratorL>&, const std::move_iterator<_IteratorR>&)[m[K’
[2.643s]  1209 |     [01;36m[Koperator[m[K-(const move_iterator<_IteratorL>& __x,
[2.643s]       |     [01;36m[K^~~~~~~~[m[K
[2.643s] [01m[K/usr/include/c++/9/bits/stl_iterator.h:1209:5:[m[K [01;36m[Knote: [m[K  template argument deduction/substitution failed:
[2.644s] [01m[K/home/jj/tasktown_ws/src/village_operator/src/operator.cpp:646:90:[m[K [01;36m[Knote: [m[K  ‘[01m[Kstd::chrono::time_point<std::chrono::_V2::steady_clock, std::chrono::duration<long int, std::ratio<1, 1000000000> > >[m[K’ is not derived from ‘[01m[Kconst std::move_iterator<_IteratorL>[m[K’
[2.644s]   646 |               auto duration = std::chrono::duration_cast<std::chrono::seconds>(now-[01;36m[Karrive_time[m[K).count();
[2.644s]       |                                                                                    [01;36m[K^~~~~~~~~~~[m[K
[2.644s] 
[2.644s] In file included from [01m[K/usr/include/c++/9/vector:68[m[K,
[2.644s]                  from [01m[K/usr/include/c++/9/functional:62[m[K,
[2.644s]                  from [01m[K/usr/include/c++/9/pstl/glue_algorithm_defs.h:13[m[K,
[2.644s]                  from [01m[K/usr/include/c++/9/algorithm:71[m[K,
[2.644s]                  from [01m[K/opt/ros/foxy/include/rclcpp/executor.hpp:18[m[K,
[2.645s]                  from [01m[K/opt/ros/foxy/include/rclcpp/executors/multi_threaded_executor.hpp:26[m[K,
[2.645s]                  from [01m[K/opt/ros/foxy/include/rclcpp/executors.hpp:21[m[K,
[2.645s]                  from [01m[K/opt/ros/foxy/include/rclcpp/rclcpp.hpp:146[m[K,
[2.645s]                  from [01m[K/home/jj/tasktown_ws/src/village_operator/src/operator.cpp:2[m[K:
[2.645s] [01m[K/usr/include/c++/9/bits/stl_bvector.h:214:3:[m[K [01;36m[Knote: [m[Kcandidate: ‘[01m[Kstd::ptrdiff_t std::operator-(const std::_Bit_iterator_base&, const std::_Bit_iterator_base&)[m[K’
[2.645s]   214 |   [01;36m[Koperator[m[K-(const _Bit_iterator_base& __x, const _Bit_iterator_base& __y)
[2.645s]       |   [01;36m[K^~~~~~~~[m[K
[2.645s] [01m[K/usr/include/c++/9/bits/stl_bvector.h:214:39:[m[K [01;36m[Knote: [m[K  no known conversion for argument 1 from ‘[01m[Kstd::chrono::time_point<std::chrono::_V2::steady_clock, std::chrono::duration<long int, std::ratio<1, 1000000000> > >[m[K’ to ‘[01m[Kconst std::_Bit_iterator_base&[m[K’
[2.645s]   214 |   operator-([01;36m[Kconst _Bit_iterator_base& __x[m[K, const _Bit_iterator_base& __y)
[2.645s]       |             [01;36m[K~~~~~~~~~~~~~~~~~~~~~~~~~~^~~[m[K
[2.645s] In file included from [01m[K/usr/include/c++/9/mutex:39[m[K,
[2.645s]                  from [01m[K/usr/include/c++/9/future:38[m[K,
[2.645s]                  from [01m[K/opt/ros/foxy/include/rclcpp/executors.hpp:18[m[K,
[2.646s]                  from [01m[K/opt/ros/foxy/include/rclcpp/rclcpp.hpp:146[m[K,
[2.646s]                  from [01m[K/home/jj/tasktown_ws/src/village_operator/src/operator.cpp:2[m[K:
[2.646s] [01m[K/usr/include/c++/9/chrono:463:7:[m[K [01;36m[Knote: [m[Kcandidate: ‘[01m[Ktemplate<class _Rep1, class _Period1, class _Rep2, class _Period2> constexpr typename std::common_type<std::chrono::duration<_Rep1, _Period1>, std::chrono::duration<_Rep2, _Period2> >::type std::chrono::operator-(const std::chrono::duration<_Rep1, _Period1>&, const std::chrono::duration<_Rep2, _Period2>&)[m[K’
[2.646s]   463 |       [01;36m[Koperator[m[K-(const duration<_Rep1, _Period1>& __lhs,
[2.646s]       |       [01;36m[K^~~~~~~~[m[K
[2.646s] [01m[K/usr/include/c++/9/chrono:463:7:[m[K [01;36m[Knote: [m[K  template argument deduction/substitution failed:
[2.646s] [01m[K/home/jj/tasktown_ws/src/village_operator/src/operator.cpp:646:90:[m[K [01;36m[Knote: [m[K  ‘[01m[Kstd::chrono::time_point<std::chrono::_V2::steady_clock, std::chrono::duration<long int, std::ratio<1, 1000000000> > >[m[K’ is not derived from ‘[01m[Kconst std::chrono::duration<_Rep1, _Period1>[m[K’
[2.646s]   646 |               auto duration = std::chrono::duration_cast<std::chrono::seconds>(now-[01;36m[Karrive_time[m[K).count();
[2.646s]       |                                                                                    [01;36m[K^~~~~~~~~~~[m[K
[2.646s] 
[2.646s] In file included from [01m[K/usr/include/c++/9/mutex:39[m[K,
[2.646s]                  from [01m[K/usr/include/c++/9/future:38[m[K,
[2.646s]                  from [01m[K/opt/ros/foxy/include/rclcpp/executors.hpp:18[m[K,
[2.647s]                  from [01m[K/opt/ros/foxy/include/rclcpp/rclcpp.hpp:146[m[K,
[2.647s]                  from [01m[K/home/jj/tasktown_ws/src/village_operator/src/operator.cpp:2[m[K:
[2.647s] [01m[K/usr/include/c++/9/chrono:751:7:[m[K [01;36m[Knote: [m[Kcandidate: ‘[01m[Ktemplate<class _Clock, class _Dur1, class _Rep2, class _Period2> constexpr std::chrono::time_point<_Clock, typename std::common_type<_Dur1, std::chrono::duration<_Rep2, _Period2> >::type> std::chrono::operator-(const std::chrono::time_point<_Clock, _Duration1>&, const std::chrono::duration<_Rep2, _Period2>&)[m[K’
[2.647s]   751 |       [01;36m[Koperator[m[K-(const time_point<_Clock, _Dur1>& __lhs,
[2.647s]       |       [01;36m[K^~~~~~~~[m[K
[2.647s] [01m[K/usr/include/c++/9/chrono:751:7:[m[K [01;36m[Knote: [m[K  template argument deduction/substitution failed:
[2.647s] [01m[K/home/jj/tasktown_ws/src/village_operator/src/operator.cpp:646:90:[m[K [01;36m[Knote: [m[K  ‘[01m[Kstd::chrono::time_point<std::chrono::_V2::system_clock, std::chrono::duration<long int, std::ratio<1, 1000000000> > >[m[K’ is not derived from ‘[01m[Kconst std::chrono::duration<_Rep2, _Period2>[m[K’
[2.647s]   646 |               auto duration = std::chrono::duration_cast<std::chrono::seconds>(now-[01;36m[Karrive_time[m[K).count();
[2.647s]       |                                                                                    [01;36m[K^~~~~~~~~~~[m[K
[2.647s] 
[2.647s] In file included from [01m[K/usr/include/c++/9/mutex:39[m[K,
[2.647s]                  from [01m[K/usr/include/c++/9/future:38[m[K,
[2.647s]                  from [01m[K/opt/ros/foxy/include/rclcpp/executors.hpp:18[m[K,
[2.648s]                  from [01m[K/opt/ros/foxy/include/rclcpp/rclcpp.hpp:146[m[K,
[2.648s]                  from [01m[K/home/jj/tasktown_ws/src/village_operator/src/operator.cpp:2[m[K:
[2.649s] [01m[K/usr/include/c++/9/chrono:762:7:[m[K [01;36m[Knote: [m[Kcandidate: ‘[01m[Ktemplate<class _Clock, class _Dur1, class _Dur2> constexpr typename std::common_type<_Duration1, _Duration2>::type std::chrono::operator-(const std::chrono::time_point<_Clock, _Duration1>&, const std::chrono::time_point<_Clock, _Duration2>&)[m[K’
[2.649s]   762 |       [01;36m[Koperator[m[K-(const time_point<_Clock, _Dur1>& __lhs,
[2.649s]       |       [01;36m[K^~~~~~~~[m[K
[2.649s] [01m[K/usr/include/c++/9/chrono:762:7:[m[K [01;36m[Knote: [m[K  template argument deduction/substitution failed:
[2.649s] [01m[K/home/jj/tasktown_ws/src/village_operator/src/operator.cpp:646:90:[m[K [01;36m[Knote: [m[K  deduced conflicting types for parameter ‘[01m[K_Clock[m[K’ (‘[01m[Kstd::chrono::_V2::steady_clock[m[K’ and ‘[01m[Kstd::chrono::_V2::system_clock[m[K’)
[2.649s]   646 |               auto duration = std::chrono::duration_cast<std::chrono::seconds>(now-[01;36m[Karrive_time[m[K).count();
[2.649s]       |                                                                                    [01;36m[K^~~~~~~~~~~[m[K
[2.649s] 
[2.649s] [01m[K/home/jj/tasktown_ws/src/village_operator/src/operator.cpp:703:134:[m[K [01;31m[Kerror: [m[Kno match for ‘[01m[Koperator-[m[K’ (operand types are ‘[01m[Kstd::chrono::time_point<std::chrono::_V2::steady_clock, std::chrono::duration<long int, std::ratio<1, 1000000000> > >[m[K’ and ‘[01m[Kstd::chrono::time_point<std::chrono::_V2::system_clock, std::chrono::duration<long int, std::ratio<1, 1000000000> > >[m[K’)
[2.649s]   703 | _interval = std::chrono::duration_cast<std::chrono::duration<double>>([32m[Kcurrent_time[m[K [01;31m[K-[m[K [34m[Ktask_arrival_time[m[K); // 计算时间间隔
[2.649s]       |                                                                       [32m[K~~~~~~~~~~~~[m[K [01;31m[K^[m[K [34m[K~~~~~~~~~~~~~~~~~[m[K
[2.650s]       |                                                                       [32m[K|[m[K              [34m[K|[m[K
[2.650s]       |                                                                       [32m[K|[m[K              [34m[Ktime_point<std::chrono::_V2::system_clock,[...]>[m[K
[2.650s]       |                                                                       [32m[Ktime_point<std::chrono::_V2::steady_clock,[...]>[m[K
[2.650s] 
[2.650s] In file included from [01m[K/usr/include/c++/9/bits/stl_algobase.h:67[m[K,
[2.650s]                  from [01m[K/usr/include/c++/9/memory:62[m[K,
[2.650s]                  from [01m[K/opt/ros/foxy/include/rclcpp/rclcpp.hpp:144[m[K,
[2.650s]                  from [01m[K/home/jj/tasktown_ws/src/village_operator/src/operator.cpp:2[m[K:
[2.650s] [01m[K/usr/include/c++/9/bits/stl_iterator.h:415:5:[m[K [01;36m[Knote: [m[Kcandidate: ‘[01m[Ktemplate<class _IteratorL, class _IteratorR> constexpr decltype ((__y.base() - __x.base())) std::operator-(const std::reverse_iterator<_Iterator>&, const std::reverse_iterator<_IteratorR>&)[m[K’
[2.650s]   415 |     [01;36m[Koperator[m[K-(const reverse_iterator<_IteratorL>& __x,
[2.650s]       |     [01;36m[K^~~~~~~~[m[K
[2.650s] [01m[K/usr/include/c++/9/bits/stl_iterator.h:415:5:[m[K [01;36m[Knote: [m[K  template argument deduction/substitution failed:
[2.651s] [01m[K/home/jj/tasktown_ws/src/village_operator/src/operator.cpp:703:136:[m[K [01;36m[Knote: [m[K  ‘[01m[Kstd::chrono::time_point<std::chrono::_V2::steady_clock, std::chrono::duration<long int, std::ratio<1, 1000000000> > >[m[K’ is not derived from ‘[01m[Kconst std::reverse_iterator<_Iterator>[m[K’
[2.651s]   703 | nterval = std::chrono::duration_cast<std::chrono::duration<double>>(current_time - [01;36m[Ktask_arrival_time[m[K); // 计算时间间隔
[2.651s]       |                                                                                    [01;36m[K^~~~~~~~~~~~~~~~~[m[K
[2.651s] 
[2.651s] In file included from [01m[K/usr/include/c++/9/bits/stl_algobase.h:67[m[K,
[2.651s]                  from [01m[K/usr/include/c++/9/memory:62[m[K,
[2.651s]                  from [01m[K/opt/ros/foxy/include/rclcpp/rclcpp.hpp:144[m[K,
[2.651s]                  from [01m[K/home/jj/tasktown_ws/src/village_operator/src/operator.cpp:2[m[K:
[2.651s] [01m[K/usr/include/c++/9/bits/stl_iterator.h:1209:5:[m[K [01;36m[Knote: [m[Kcandidate: ‘[01m[Ktemplate<class _IteratorL, class _IteratorR> constexpr decltype ((__x.base() - __y.base())) std::operator-(const std::move_iterator<_IteratorL>&, const std::move_iterator<_IteratorR>&)[m[K’
[2.651s]  1209 |     [01;36m[Koperator[m[K-(const move_iterator<_IteratorL>& __x,
[2.651s]       |     [01;36m[K^~~~~~~~[m[K
[2.651s] [01m[K/usr/include/c++/9/bits/stl_iterator.h:1209:5:[m[K [01;36m[Knote: [m[K  template argument deduction/substitution failed:
[2.652s] [01m[K/home/jj/tasktown_ws/src/village_operator/src/operator.cpp:703:136:[m[K [01;36m[Knote: [m[K  ‘[01m[Kstd::chrono::time_point<std::chrono::_V2::steady_clock, std::chrono::duration<long int, std::ratio<1, 1000000000> > >[m[K’ is not derived from ‘[01m[Kconst std::move_iterator<_IteratorL>[m[K’
[2.652s]   703 | nterval = std::chrono::duration_cast<std::chrono::duration<double>>(current_time - [01;36m[Ktask_arrival_time[m[K); // 计算时间间隔
[2.652s]       |                                                                                    [01;36m[K^~~~~~~~~~~~~~~~~[m[K
[2.652s] 
[2.652s] In file included from [01m[K/usr/include/c++/9/vector:68[m[K,
[2.652s]                  from [01m[K/usr/include/c++/9/functional:62[m[K,
[2.652s]                  from [01m[K/usr/include/c++/9/pstl/glue_algorithm_defs.h:13[m[K,
[2.652s]                  from [01m[K/usr/include/c++/9/algorithm:71[m[K,
[2.652s]                  from [01m[K/opt/ros/foxy/include/rclcpp/executor.hpp:18[m[K,
[2.652s]                  from [01m[K/opt/ros/foxy/include/rclcpp/executors/multi_threaded_executor.hpp:26[m[K,
[2.652s]                  from [01m[K/opt/ros/foxy/include/rclcpp/executors.hpp:21[m[K,
[2.652s]                  from [01m[K/opt/ros/foxy/include/rclcpp/rclcpp.hpp:146[m[K,
[2.653s]                  from [01m[K/home/jj/tasktown_ws/src/village_operator/src/operator.cpp:2[m[K:
[2.653s] [01m[K/usr/include/c++/9/bits/stl_bvector.h:214:3:[m[K [01;36m[Knote: [m[Kcandidate: ‘[01m[Kstd::ptrdiff_t std::operator-(const std::_Bit_iterator_base&, const std::_Bit_iterator_base&)[m[K’
[2.653s]   214 |   [01;36m[Koperator[m[K-(const _Bit_iterator_base& __x, const _Bit_iterator_base& __y)
[2.653s]       |   [01;36m[K^~~~~~~~[m[K
[2.653s] [01m[K/usr/include/c++/9/bits/stl_bvector.h:214:39:[m[K [01;36m[Knote: [m[K  no known conversion for argument 1 from ‘[01m[Kstd::chrono::time_point<std::chrono::_V2::steady_clock, std::chrono::duration<long int, std::ratio<1, 1000000000> > >[m[K’ to ‘[01m[Kconst std::_Bit_iterator_base&[m[K’
[2.653s]   214 |   operator-([01;36m[Kconst _Bit_iterator_base& __x[m[K, const _Bit_iterator_base& __y)
[2.653s]       |             [01;36m[K~~~~~~~~~~~~~~~~~~~~~~~~~~^~~[m[K
[2.653s] In file included from [01m[K/usr/include/c++/9/mutex:39[m[K,
[2.653s]                  from [01m[K/usr/include/c++/9/future:38[m[K,
[2.653s]                  from [01m[K/opt/ros/foxy/include/rclcpp/executors.hpp:18[m[K,
[2.653s]                  from [01m[K/opt/ros/foxy/include/rclcpp/rclcpp.hpp:146[m[K,
[2.653s]                  from [01m[K/home/jj/tasktown_ws/src/village_operator/src/operator.cpp:2[m[K:
[2.653s] [01m[K/usr/include/c++/9/chrono:463:7:[m[K [01;36m[Knote: [m[Kcandidate: ‘[01m[Ktemplate<class _Rep1, class _Period1, class _Rep2, class _Period2> constexpr typename std::common_type<std::chrono::duration<_Rep1, _Period1>, std::chrono::duration<_Rep2, _Period2> >::type std::chrono::operator-(const std::chrono::duration<_Rep1, _Period1>&, const std::chrono::duration<_Rep2, _Period2>&)[m[K’
[2.654s]   463 |       [01;36m[Koperator[m[K-(const duration<_Rep1, _Period1>& __lhs,
[2.654s]       |       [01;36m[K^~~~~~~~[m[K
[2.654s] [01m[K/usr/include/c++/9/chrono:463:7:[m[K [01;36m[Knote: [m[K  template argument deduction/substitution failed:
[2.654s] [01m[K/home/jj/tasktown_ws/src/village_operator/src/operator.cpp:703:136:[m[K [01;36m[Knote: [m[K  ‘[01m[Kstd::chrono::time_point<std::chrono::_V2::steady_clock, std::chrono::duration<long int, std::ratio<1, 1000000000> > >[m[K’ is not derived from ‘[01m[Kconst std::chrono::duration<_Rep1, _Period1>[m[K’
[2.654s]   703 | nterval = std::chrono::duration_cast<std::chrono::duration<double>>(current_time - [01;36m[Ktask_arrival_time[m[K); // 计算时间间隔
[2.654s]       |                                                                                    [01;36m[K^~~~~~~~~~~~~~~~~[m[K
[2.654s] 
[2.654s] In file included from [01m[K/usr/include/c++/9/mutex:39[m[K,
[2.655s]                  from [01m[K/usr/include/c++/9/future:38[m[K,
[2.655s]                  from [01m[K/opt/ros/foxy/include/rclcpp/executors.hpp:18[m[K,
[2.655s]                  from [01m[K/opt/ros/foxy/include/rclcpp/rclcpp.hpp:146[m[K,
[2.655s]                  from [01m[K/home/jj/tasktown_ws/src/village_operator/src/operator.cpp:2[m[K:
[2.655s] [01m[K/usr/include/c++/9/chrono:751:7:[m[K [01;36m[Knote: [m[Kcandidate: ‘[01m[Ktemplate<class _Clock, class _Dur1, class _Rep2, class _Period2> constexpr std::chrono::time_point<_Clock, typename std::common_type<_Dur1, std::chrono::duration<_Rep2, _Period2> >::type> std::chrono::operator-(const std::chrono::time_point<_Clock, _Duration1>&, const std::chrono::duration<_Rep2, _Period2>&)[m[K’
[2.655s]   751 |       [01;36m[Koperator[m[K-(const time_point<_Clock, _Dur1>& __lhs,
[2.655s]       |       [01;36m[K^~~~~~~~[m[K
[2.655s] [01m[K/usr/include/c++/9/chrono:751:7:[m[K [01;36m[Knote: [m[K  template argument deduction/substitution failed:
[2.655s] [01m[K/home/jj/tasktown_ws/src/village_operator/src/operator.cpp:703:136:[m[K [01;36m[Knote: [m[K  ‘[01m[Kstd::chrono::time_point<std::chrono::_V2::system_clock, std::chrono::duration<long int, std::ratio<1, 1000000000> > >[m[K’ is not derived from ‘[01m[Kconst std::chrono::duration<_Rep2, _Period2>[m[K’
[2.655s]   703 | nterval = std::chrono::duration_cast<std::chrono::duration<double>>(current_time - [01;36m[Ktask_arrival_time[m[K); // 计算时间间隔
[2.656s]       |                                                                                    [01;36m[K^~~~~~~~~~~~~~~~~[m[K
[2.656s] 
[2.656s] In file included from [01m[K/usr/include/c++/9/mutex:39[m[K,
[2.656s]                  from [01m[K/usr/include/c++/9/future:38[m[K,
[2.656s]                  from [01m[K/opt/ros/foxy/include/rclcpp/executors.hpp:18[m[K,
[2.656s]                  from [01m[K/opt/ros/foxy/include/rclcpp/rclcpp.hpp:146[m[K,
[2.656s]                  from [01m[K/home/jj/tasktown_ws/src/village_operator/src/operator.cpp:2[m[K:
[2.656s] [01m[K/usr/include/c++/9/chrono:762:7:[m[K [01;36m[Knote: [m[Kcandidate: ‘[01m[Ktemplate<class _Clock, class _Dur1, class _Dur2> constexpr typename std::common_type<_Duration1, _Duration2>::type std::chrono::operator-(const std::chrono::time_point<_Clock, _Duration1>&, const std::chrono::time_point<_Clock, _Duration2>&)[m[K’
[2.656s]   762 |       [01;36m[Koperator[m[K-(const time_point<_Clock, _Dur1>& __lhs,
[2.656s]       |       [01;36m[K^~~~~~~~[m[K
[2.656s] [01m[K/usr/include/c++/9/chrono:762:7:[m[K [01;36m[Knote: [m[K  template argument deduction/substitution failed:
[2.656s] [01m[K/home/jj/tasktown_ws/src/village_operator/src/operator.cpp:703:136:[m[K [01;36m[Knote: [m[K  deduced conflicting types for parameter ‘[01m[K_Clock[m[K’ (‘[01m[Kstd::chrono::_V2::steady_clock[m[K’ and ‘[01m[Kstd::chrono::_V2::system_clock[m[K’)
[2.657s]   703 | nterval = std::chrono::duration_cast<std::chrono::duration<double>>(current_time - [01;36m[Ktask_arrival_time[m[K); // 计算时间间隔
[2.657s]       |                                                                                    [01;36m[K^~~~~~~~~~~~~~~~~[m[K
[2.657s] 
[2.657s] [01m[K/home/jj/tasktown_ws/src/village_operator/src/operator.cpp:782:130:[m[K [01;31m[Kerror: [m[Kno match for ‘[01m[Koperator-[m[K’ (operand types are ‘[01m[Kstd::chrono::time_point<std::chrono::_V2::steady_clock, std::chrono::duration<long int, std::ratio<1, 1000000000> > >[m[K’ and ‘[01m[Kstd::chrono::time_point<std::chrono::_V2::system_clock, std::chrono::duration<long int, std::ratio<1, 1000000000> > >[m[K’)
[2.657s]   782 | _interval = std::chrono::duration_cast<std::chrono::duration<double>>([32m[Kcurrent_time[m[K [01;31m[K-[m[K [34m[Ktask_arrival_time[m[K);  // 计算时间间隔
[2.657s]       |                                                                       [32m[K~~~~~~~~~~~~[m[K [01;31m[K^[m[K [34m[K~~~~~~~~~~~~~~~~~[m[K
[2.657s]       |                                                                       [32m[K|[m[K              [34m[K|[m[K
[2.657s]       |                                                                       [32m[K|[m[K              [34m[Ktime_point<std::chrono::_V2::system_clock,[...]>[m[K
[2.657s]       |                                                                       [32m[Ktime_point<std::chrono::_V2::steady_clock,[...]>[m[K
[2.657s] 
[2.657s] In file included from [01m[K/usr/include/c++/9/bits/stl_algobase.h:67[m[K,
[2.657s]                  from [01m[K/usr/include/c++/9/memory:62[m[K,
[2.661s]                  from [01m[K/opt/ros/foxy/include/rclcpp/rclcpp.hpp:144[m[K,
[2.662s]                  from [01m[K/home/jj/tasktown_ws/src/village_operator/src/operator.cpp:2[m[K:
[2.662s] [01m[K/usr/include/c++/9/bits/stl_iterator.h:415:5:[m[K [01;36m[Knote: [m[Kcandidate: ‘[01m[Ktemplate<class _IteratorL, class _IteratorR> constexpr decltype ((__y.base() - __x.base())) std::operator-(const std::reverse_iterator<_Iterator>&, const std::reverse_iterator<_IteratorR>&)[m[K’
[2.662s]   415 |     [01;36m[Koperator[m[K-(const reverse_iterator<_IteratorL>& __x,
[2.662s]       |     [01;36m[K^~~~~~~~[m[K
[2.662s] [01m[K/usr/include/c++/9/bits/stl_iterator.h:415:5:[m[K [01;36m[Knote: [m[K  template argument deduction/substitution failed:
[2.662s] [01m[K/home/jj/tasktown_ws/src/village_operator/src/operator.cpp:782:132:[m[K [01;36m[Knote: [m[K  ‘[01m[Kstd::chrono::time_point<std::chrono::_V2::steady_clock, std::chrono::duration<long int, std::ratio<1, 1000000000> > >[m[K’ is not derived from ‘[01m[Kconst std::reverse_iterator<_Iterator>[m[K’
[2.662s]   782 | nterval = std::chrono::duration_cast<std::chrono::duration<double>>(current_time - [01;36m[Ktask_arrival_time[m[K);  // 计算时间间隔
[2.662s]       |                                                                                    [01;36m[K^~~~~~~~~~~~~~~~~[m[K
[2.662s] 
[2.662s] In file included from [01m[K/usr/include/c++/9/bits/stl_algobase.h:67[m[K,
[2.662s]                  from [01m[K/usr/include/c++/9/memory:62[m[K,
[2.662s]                  from [01m[K/opt/ros/foxy/include/rclcpp/rclcpp.hpp:144[m[K,
[2.663s]                  from [01m[K/home/jj/tasktown_ws/src/village_operator/src/operator.cpp:2[m[K:
[2.663s] [01m[K/usr/include/c++/9/bits/stl_iterator.h:1209:5:[m[K [01;36m[Knote: [m[Kcandidate: ‘[01m[Ktemplate<class _IteratorL, class _IteratorR> constexpr decltype ((__x.base() - __y.base())) std::operator-(const std::move_iterator<_IteratorL>&, const std::move_iterator<_IteratorR>&)[m[K’
[2.663s]  1209 |     [01;36m[Koperator[m[K-(const move_iterator<_IteratorL>& __x,
[2.663s]       |     [01;36m[K^~~~~~~~[m[K
[2.663s] [01m[K/usr/include/c++/9/bits/stl_iterator.h:1209:5:[m[K [01;36m[Knote: [m[K  template argument deduction/substitution failed:
[2.663s] [01m[K/home/jj/tasktown_ws/src/village_operator/src/operator.cpp:782:132:[m[K [01;36m[Knote: [m[K  ‘[01m[Kstd::chrono::time_point<std::chrono::_V2::steady_clock, std::chrono::duration<long int, std::ratio<1, 1000000000> > >[m[K’ is not derived from ‘[01m[Kconst std::move_iterator<_IteratorL>[m[K’
[2.663s]   782 | nterval = std::chrono::duration_cast<std::chrono::duration<double>>(current_time - [01;36m[Ktask_arrival_time[m[K);  // 计算时间间隔
[2.663s]       |                                                                                    [01;36m[K^~~~~~~~~~~~~~~~~[m[K
[2.663s] 
[2.663s] In file included from [01m[K/usr/include/c++/9/vector:68[m[K,
[2.663s]                  from [01m[K/usr/include/c++/9/functional:62[m[K,
[2.663s]                  from [01m[K/usr/include/c++/9/pstl/glue_algorithm_defs.h:13[m[K,
[2.663s]                  from [01m[K/usr/include/c++/9/algorithm:71[m[K,
[2.664s]                  from [01m[K/opt/ros/foxy/include/rclcpp/executor.hpp:18[m[K,
[2.664s]                  from [01m[K/opt/ros/foxy/include/rclcpp/executors/multi_threaded_executor.hpp:26[m[K,
[2.664s]                  from [01m[K/opt/ros/foxy/include/rclcpp/executors.hpp:21[m[K,
[2.664s]                  from [01m[K/opt/ros/foxy/include/rclcpp/rclcpp.hpp:146[m[K,
[2.664s]                  from [01m[K/home/jj/tasktown_ws/src/village_operator/src/operator.cpp:2[m[K:
[2.664s] [01m[K/usr/include/c++/9/bits/stl_bvector.h:214:3:[m[K [01;36m[Knote: [m[Kcandidate: ‘[01m[Kstd::ptrdiff_t std::operator-(const std::_Bit_iterator_base&, const std::_Bit_iterator_base&)[m[K’
[2.664s]   214 |   [01;36m[Koperator[m[K-(const _Bit_iterator_base& __x, const _Bit_iterator_base& __y)
[2.664s]       |   [01;36m[K^~~~~~~~[m[K
[2.664s] [01m[K/usr/include/c++/9/bits/stl_bvector.h:214:39:[m[K [01;36m[Knote: [m[K  no known conversion for argument 1 from ‘[01m[Kstd::chrono::time_point<std::chrono::_V2::steady_clock, std::chrono::duration<long int, std::ratio<1, 1000000000> > >[m[K’ to ‘[01m[Kconst std::_Bit_iterator_base&[m[K’
[2.664s]   214 |   operator-([01;36m[Kconst _Bit_iterator_base& __x[m[K, const _Bit_iterator_base& __y)
[2.664s]       |             [01;36m[K~~~~~~~~~~~~~~~~~~~~~~~~~~^~~[m[K
[2.664s] In file included from [01m[K/usr/include/c++/9/mutex:39[m[K,
[2.665s]                  from [01m[K/usr/include/c++/9/future:38[m[K,
[2.665s]                  from [01m[K/opt/ros/foxy/include/rclcpp/executors.hpp:18[m[K,
[2.665s]                  from [01m[K/opt/ros/foxy/include/rclcpp/rclcpp.hpp:146[m[K,
[2.665s]                  from [01m[K/home/jj/tasktown_ws/src/village_operator/src/operator.cpp:2[m[K:
[2.665s] [01m[K/usr/include/c++/9/chrono:463:7:[m[K [01;36m[Knote: [m[Kcandidate: ‘[01m[Ktemplate<class _Rep1, class _Period1, class _Rep2, class _Period2> constexpr typename std::common_type<std::chrono::duration<_Rep1, _Period1>, std::chrono::duration<_Rep2, _Period2> >::type std::chrono::operator-(const std::chrono::duration<_Rep1, _Period1>&, const std::chrono::duration<_Rep2, _Period2>&)[m[K’
[2.665s]   463 |       [01;36m[Koperator[m[K-(const duration<_Rep1, _Period1>& __lhs,
[2.665s]       |       [01;36m[K^~~~~~~~[m[K
[2.665s] [01m[K/usr/include/c++/9/chrono:463:7:[m[K [01;36m[Knote: [m[K  template argument deduction/substitution failed:
[2.665s] [01m[K/home/jj/tasktown_ws/src/village_operator/src/operator.cpp:782:132:[m[K [01;36m[Knote: [m[K  ‘[01m[Kstd::chrono::time_point<std::chrono::_V2::steady_clock, std::chrono::duration<long int, std::ratio<1, 1000000000> > >[m[K’ is not derived from ‘[01m[Kconst std::chrono::duration<_Rep1, _Period1>[m[K’
[2.665s]   782 | nterval = std::chrono::duration_cast<std::chrono::duration<double>>(current_time - [01;36m[Ktask_arrival_time[m[K);  // 计算时间间隔
[2.665s]       |                                                                                    [01;36m[K^~~~~~~~~~~~~~~~~[m[K
[2.665s] 
[2.665s] In file included from [01m[K/usr/include/c++/9/mutex:39[m[K,
[2.666s]                  from [01m[K/usr/include/c++/9/future:38[m[K,
[2.666s]                  from [01m[K/opt/ros/foxy/include/rclcpp/executors.hpp:18[m[K,
[2.666s]                  from [01m[K/opt/ros/foxy/include/rclcpp/rclcpp.hpp:146[m[K,
[2.666s]                  from [01m[K/home/jj/tasktown_ws/src/village_operator/src/operator.cpp:2[m[K:
[2.666s] [01m[K/usr/include/c++/9/chrono:751:7:[m[K [01;36m[Knote: [m[Kcandidate: ‘[01m[Ktemplate<class _Clock, class _Dur1, class _Rep2, class _Period2> constexpr std::chrono::time_point<_Clock, typename std::common_type<_Dur1, std::chrono::duration<_Rep2, _Period2> >::type> std::chrono::operator-(const std::chrono::time_point<_Clock, _Duration1>&, const std::chrono::duration<_Rep2, _Period2>&)[m[K’
[2.666s]   751 |       [01;36m[Koperator[m[K-(const time_point<_Clock, _Dur1>& __lhs,
[2.666s]       |       [01;36m[K^~~~~~~~[m[K
[2.666s] [01m[K/usr/include/c++/9/chrono:751:7:[m[K [01;36m[Knote: [m[K  template argument deduction/substitution failed:
[2.667s] [01m[K/home/jj/tasktown_ws/src/village_operator/src/operator.cpp:782:132:[m[K [01;36m[Knote: [m[K  ‘[01m[Kstd::chrono::time_point<std::chrono::_V2::system_clock, std::chrono::duration<long int, std::ratio<1, 1000000000> > >[m[K’ is not derived from ‘[01m[Kconst std::chrono::duration<_Rep2, _Period2>[m[K’
[2.667s]   782 | nterval = std::chrono::duration_cast<std::chrono::duration<double>>(current_time - [01;36m[Ktask_arrival_time[m[K);  // 计算时间间隔
[2.667s]       |                                                                                    [01;36m[K^~~~~~~~~~~~~~~~~[m[K
[2.667s] 
[2.667s] In file included from [01m[K/usr/include/c++/9/mutex:39[m[K,
[2.668s]                  from [01m[K/usr/include/c++/9/future:38[m[K,
[2.668s]                  from [01m[K/opt/ros/foxy/include/rclcpp/executors.hpp:18[m[K,
[2.668s]                  from [01m[K/opt/ros/foxy/include/rclcpp/rclcpp.hpp:146[m[K,
[2.669s]                  from [01m[K/home/jj/tasktown_ws/src/village_operator/src/operator.cpp:2[m[K:
[2.669s] [01m[K/usr/include/c++/9/chrono:762:7:[m[K [01;36m[Knote: [m[Kcandidate: ‘[01m[Ktemplate<class _Clock, class _Dur1, class _Dur2> constexpr typename std::common_type<_Duration1, _Duration2>::type std::chrono::operator-(const std::chrono::time_point<_Clock, _Duration1>&, const std::chrono::time_point<_Clock, _Duration2>&)[m[K’
[2.669s]   762 |       [01;36m[Koperator[m[K-(const time_point<_Clock, _Dur1>& __lhs,
[2.669s]       |       [01;36m[K^~~~~~~~[m[K
[2.669s] [01m[K/usr/include/c++/9/chrono:762:7:[m[K [01;36m[Knote: [m[K  template argument deduction/substitution failed:
[2.669s] [01m[K/home/jj/tasktown_ws/src/village_operator/src/operator.cpp:782:132:[m[K [01;36m[Knote: [m[K  deduced conflicting types for parameter ‘[01m[K_Clock[m[K’ (‘[01m[Kstd::chrono::_V2::steady_clock[m[K’ and ‘[01m[Kstd::chrono::_V2::system_clock[m[K’)
[2.669s]   782 | nterval = std::chrono::duration_cast<std::chrono::duration<double>>(current_time - [01;36m[Ktask_arrival_time[m[K);  // 计算时间间隔
[2.669s]       |                                                                                    [01;36m[K^~~~~~~~~~~~~~~~~[m[K
[2.669s] 
[2.669s] [01m[K/home/jj/tasktown_ws/src/village_operator/src/operator.cpp:908:17:[m[K [01;31m[Kerror: [m[Kcould not convert ‘[01m[Kglobal_task_sequence[m[K’ from ‘[01m[Kvector<pair<[...],vector<time_point<[01;32m[Kstd::chrono::_V2::system_clock[m[K,[...]>>>>[m[K’ to ‘[01m[Kvector<pair<[...],vector<time_point<[01;32m[Kstd::chrono::_V2::steady_clock[m[K,[...]>>>>[m[K’
[2.669s]   908 |     Show_result([01;31m[Kglobal_task_sequence[m[K);
[2.669s]       |                 [01;31m[K^~~~~~~~~~~~~~~~~~~~[m[K
[2.670s]       |                 [01;31m[K|[m[K
[2.670s]       |                 [01;31m[Kvector<pair<[...],vector<time_point<std::chrono::_V2::system_clock,[...]>>>>[m[K
[2.670s] [01m[K/home/jj/tasktown_ws/src/village_operator/src/operator.cpp:[m[K In function ‘[01m[Kvoid printTime(const std::chrono::time_point<std::chrono::_V2::steady_clock, std::chrono::duration<long int, std::ratio<1, 1000000000> > >&)[m[K’:
[2.670s] [01m[K/home/jj/tasktown_ws/src/village_operator/src/operator.cpp:938:69:[m[K [01;31m[Kerror: [m[Kcannot convert ‘[01m[Kconst std::chrono::time_point<std::chrono::_V2::steady_clock, std::chrono::duration<long int, std::ratio<1, 1000000000> > >[m[K’ to ‘[01m[Kconst time_point&[m[K’ {aka ‘[01m[Kconst std::chrono::time_point<std::chrono::_V2::system_clock, std::chrono::duration<long int, std::ratio<1, 1000000000> > >&[m[K’}
[2.670s]   938 |     std::time_t current_time = std::chrono::system_clock::to_time_t([01;31m[Kvalue[m[K);
[2.670s]       |                                                                     [01;31m[K^~~~~[m[K
[2.670s]       |                                                                     [01;31m[K|[m[K
[2.670s]       |                                                                     [01;31m[Kconst std::chrono::time_point<std::chrono::_V2::steady_clock, std::chrono::duration<long int, std::ratio<1, 1000000000> > >[m[K
[2.670s] In file included from [01m[K/usr/include/c++/9/mutex:39[m[K,
[2.670s]                  from [01m[K/usr/include/c++/9/future:38[m[K,
[2.670s]                  from [01m[K/opt/ros/foxy/include/rclcpp/executors.hpp:18[m[K,
[2.670s]                  from [01m[K/opt/ros/foxy/include/rclcpp/rclcpp.hpp:146[m[K,
[2.671s]                  from [01m[K/home/jj/tasktown_ws/src/village_operator/src/operator.cpp:2[m[K:
[2.671s] [01m[K/usr/include/c++/9/chrono:846:35:[m[K [01;36m[Knote: [m[K  initializing argument 1 of ‘[01m[Kstatic time_t std::chrono::_V2::system_clock::to_time_t(const time_point&)[m[K’
[2.671s]   846 |       to_time_t([01;36m[Kconst time_point& __t[m[K) noexcept
[2.671s]       |                 [01;36m[K~~~~~~~~~~~~~~~~~~^~~[m[K
[3.760s] make[2]: *** [CMakeFiles/operator_node.dir/build.make:63：CMakeFiles/operator_node.dir/src/operator.cpp.o] 错误 1
[3.761s] make[1]: *** [CMakeFiles/Makefile2:78：CMakeFiles/operator_node.dir/all] 错误 2
[3.761s] make: *** [Makefile:141：all] 错误 2
[3.764s] Invoked command in '/home/jj/tasktown_ws/build/village_operator' returned '2': CMAKE_PREFIX_PATH=/home/jj/tasktown_ws/install/village_interfaces:/home/jj/tasktown_ws/install/village_taskgroups:/home/jj/tasktown_ws/install/village_task:/home/jj/tasktown_ws/install/village_operator:/opt/ros/foxy /usr/bin/cmake --build /home/jj/tasktown_ws/build/village_operator -- -j4 -l4
