In file included from [01m[K/opt/ros/foxy/include/rclcpp/context.hpp:19[m[K,
                 from [01m[K/opt/ros/foxy/include/rclcpp/contexts/default_context.hpp:18[m[K,
                 from [01m[K/opt/ros/foxy/include/rclcpp/executor.hpp:32[m[K,
                 from [01m[K/opt/ros/foxy/include/rclcpp/executors/multi_threaded_executor.hpp:26[m[K,
                 from [01m[K/opt/ros/foxy/include/rclcpp/executors.hpp:21[m[K,
                 from [01m[K/opt/ros/foxy/include/rclcpp/rclcpp.hpp:146[m[K,
                 from [01m[K/home/jj/tasktown_ws/src/village_task/src/task.cpp:2[m[K:
/usr/include/c++/9/functional: In instantiation of ‘[01m[Kstruct std::_Bind_check_arity<void (*)(int), TaskRequestNode*, const std::_Placeholder<1>&>[m[K’:
[01m[K/usr/include/c++/9/functional:787:12:[m[K   required from ‘[01m[Kstruct std::_Bind_helper<false, void (*)(int), TaskRequestNode*, const std::_Placeholder<1>&>[m[K’
[01m[K/usr/include/c++/9/functional:808:5:[m[K   required by substitution of ‘[01m[Ktemplate<class _Func, class ... _BoundArgs> typename std::_Bind_helper<std::__is_socketlike<_Func>::value, _Func, _BoundArgs ...>::type std::bind(_Func&&, _BoundArgs&& ...) [with _Func = void (*)(int); _BoundArgs = {TaskRequestNode*, const std::_Placeholder<1>&}][m[K’
[01m[K/home/jj/tasktown_ws/src/village_task/src/task.cpp:45:95:[m[K   required from here
[01m[K/usr/include/c++/9/functional:758:43:[m[K [01;31m[Kerror: [m[Kstatic assertion failed: Wrong number of arguments for function
  758 |       static_assert([01;31m[Ksizeof...(_BoundArgs) == sizeof...(_Args)[m[K,
      |                     [01;31m[K~~~~~~~~~~~~~~~~~~~~~~^~~~~~~~~~~~~~~~~~~[m[K
[01m[K/home/jj/tasktown_ws/src/village_task/src/task.cpp:[m[K In constructor ‘[01m[KTaskRequestNode::TaskRequestNode(const string&)[m[K’:
[01m[K/home/jj/tasktown_ws/src/village_task/src/task.cpp:45:33:[m[K [01;31m[Kerror: [m[Kcannot convert ‘[01m[Kstd::_Bind_helper<false, void (*)(int), TaskRequestNode*, const std::_Placeholder<1>&>::type[m[K’ {aka ‘[01m[Kstd::_Bind<void (*(TaskRequestNode*, std::_Placeholder<1>))(int)>[m[K’} to ‘[01m[K__sighandler_t[m[K’ {aka ‘[01m[Kvoid (*)(int)[m[K’}
   45 |         signal(SIGINT, [01;31m[Kstd::bind(&TaskRequestNode::signal_handler, this, std::placeholders::_1)[m[K);
      |                        [01;31m[K~~~~~~~~~^~~~~~~~~~~~~~~~~~~~~~~~~~~~~~~~~~~~~~~~~~~~~~~~~~~~~~~~~~~~~~~[m[K
      |                                 [01;31m[K|[m[K
      |                                 [01;31m[Kstd::_Bind_helper<false, void (*)(int), TaskRequestNode*, const std::_Placeholder<1>&>::type {aka std::_Bind<void (*(TaskRequestNode*, std::_Placeholder<1>))(int)>}[m[K
In file included from [01m[K/usr/include/c++/9/csignal:42[m[K,
                 from [01m[K/opt/ros/foxy/include/rclcpp/rclcpp.hpp:143[m[K,
                 from [01m[K/home/jj/tasktown_ws/src/village_task/src/task.cpp:2[m[K:
[01m[K/usr/include/signal.h:88:57:[m[K [01;36m[Knote: [m[K  initializing argument 2 of ‘[01m[Kvoid (* signal(int, __sighandler_t))(int)[m[K’
   88 | extern __sighandler_t signal (int __sig, [01;36m[K__sighandler_t __handler[m[K)
      |                                          [01;36m[K~~~~~~~~~~~~~~~^~~~~~~~~[m[K
[01m[K/home/jj/tasktown_ws/src/village_task/src/task.cpp:[m[K In static member function ‘[01m[Kstatic void TaskRequestNode::signal_handler(int)[m[K’:
[01m[K/home/jj/tasktown_ws/src/village_task/src/task.cpp:151:30:[m[K [01;31m[Kerror: [m[Kcannot call member function ‘[01m[Kvoid TaskRequestNode::send_stop_signal()[m[K’ without object
  151 |             send_stop_signal([01;31m[K)[m[K;
      |                              [01;31m[K^[m[K
make[2]: *** [CMakeFiles/task_node.dir/build.make:63：CMakeFiles/task_node.dir/src/task.cpp.o] 错误 1
make[1]: *** [CMakeFiles/Makefile2:78：CMakeFiles/task_node.dir/all] 错误 2
make: *** [Makefile:141：all] 错误 2
