[0.286s] DEBUG:colcon:Command line arguments: ['/usr/bin/colcon', 'build', '--symlink-install', '--event-handlers', 'console_cohesion+', '--base-paths', '/home/jj/tasktown_ws', '--cmake-args', '-DCMAKE_BUILD_TYPE=RelWithDebInfo']
[0.286s] DEBUG:colcon:Parsed command line arguments: Namespace(allow_overriding=[], ament_cmake_args=None, base_paths=['/home/jj/tasktown_ws'], build_base='build', catkin_cmake_args=None, catkin_skip_building_tests=False, cmake_args=['-DCMAKE_BUILD_TYPE=RelWithDebInfo'], cmake_clean_cache=False, cmake_clean_first=False, cmake_force_configure=False, cmake_target=None, cmake_target_skip_unavailable=False, continue_on_error=False, event_handlers=['console_cohesion+'], executor='parallel', ignore_user_meta=False, install_base='install', log_base=None, log_level=None, main=<bound method BuildVerb.main of <colcon_core.verb.build.BuildVerb object at 0x7f5a409ba5e0>>, merge_install=False, metas=['./colcon.meta'], mixin=None, mixin_files=None, mixin_verb=('build',), packages_above=None, packages_above_and_dependencies=None, packages_above_depth=None, packages_end=None, packages_ignore=None, packages_ignore_regex=None, packages_select=None, packages_select_build_failed=False, packages_select_by_dep=None, packages_select_regex=None, packages_select_test_failures=False, packages_skip=None, packages_skip_build_finished=False, packages_skip_by_dep=None, packages_skip_regex=None, packages_skip_test_passed=False, packages_skip_up_to=None, packages_start=None, packages_up_to=None, packages_up_to_regex=None, parallel_workers=4, paths=None, symlink_install=True, test_result_base=None, verb_extension=<colcon_core.verb.build.BuildVerb object at 0x7f5a409ba5e0>, verb_name='build', verb_parser=<colcon_mixin.mixin.mixin_argument.MixinArgumentDecorator object at 0x7f5a409baa30>)
[0.467s] Level 1:colcon.colcon_core.package_discovery:discover_packages(colcon_meta) check parameters
[0.467s] Level 1:colcon.colcon_core.package_discovery:discover_packages(recursive) check parameters
[0.467s] Level 1:colcon.colcon_core.package_discovery:discover_packages(ignore) check parameters
[0.467s] Level 1:colcon.colcon_core.package_discovery:discover_packages(path) check parameters
[0.467s] Level 1:colcon.colcon_core.package_discovery:discover_packages(recursive) discover
[0.467s] INFO:colcon.colcon_core.package_discovery:Crawling recursively for packages in '/home/jj/tasktown_ws'
[0.467s] Level 1:colcon.colcon_core.package_identification:_identify(/home/jj/tasktown_ws) by extensions ['ignore', 'ignore_ament_install']
[0.467s] Level 1:colcon.colcon_core.package_identification:_identify(/home/jj/tasktown_ws) by extension 'ignore'
[0.467s] Level 1:colcon.colcon_core.package_identification:_identify(/home/jj/tasktown_ws) by extension 'ignore_ament_install'
[0.467s] Level 1:colcon.colcon_core.package_identification:_identify(/home/jj/tasktown_ws) by extensions ['colcon_pkg']
[0.468s] Level 1:colcon.colcon_core.package_identification:_identify(/home/jj/tasktown_ws) by extension 'colcon_pkg'
[0.468s] Level 1:colcon.colcon_core.package_identification:_identify(/home/jj/tasktown_ws) by extensions ['colcon_meta']
[0.468s] Level 1:colcon.colcon_core.package_identification:_identify(/home/jj/tasktown_ws) by extension 'colcon_meta'
[0.468s] Level 1:colcon.colcon_core.package_identification:_identify(/home/jj/tasktown_ws) by extensions ['ros']
[0.468s] Level 1:colcon.colcon_core.package_identification:_identify(/home/jj/tasktown_ws) by extension 'ros'
[0.485s] Level 1:colcon.colcon_core.package_identification:_identify(/home/jj/tasktown_ws) by extensions ['cmake', 'python']
[0.485s] Level 1:colcon.colcon_core.package_identification:_identify(/home/jj/tasktown_ws) by extension 'cmake'
[0.485s] Level 1:colcon.colcon_core.package_identification:_identify(/home/jj/tasktown_ws) by extension 'python'
[0.485s] Level 1:colcon.colcon_core.package_identification:_identify(/home/jj/tasktown_ws) by extensions ['python_setup_py']
[0.485s] Level 1:colcon.colcon_core.package_identification:_identify(/home/jj/tasktown_ws) by extension 'python_setup_py'
[0.485s] Level 1:colcon.colcon_core.package_identification:_identify(/home/jj/tasktown_ws/build) by extensions ['ignore', 'ignore_ament_install']
[0.485s] Level 1:colcon.colcon_core.package_identification:_identify(/home/jj/tasktown_ws/build) by extension 'ignore'
[0.486s] Level 1:colcon.colcon_core.package_identification:_identify(/home/jj/tasktown_ws/build) ignored
[0.486s] Level 1:colcon.colcon_core.package_identification:_identify(/home/jj/tasktown_ws/install) by extensions ['ignore', 'ignore_ament_install']
[0.486s] Level 1:colcon.colcon_core.package_identification:_identify(/home/jj/tasktown_ws/install) by extension 'ignore'
[0.486s] Level 1:colcon.colcon_core.package_identification:_identify(/home/jj/tasktown_ws/install) ignored
[0.486s] Level 1:colcon.colcon_core.package_identification:_identify(/home/jj/tasktown_ws/log) by extensions ['ignore', 'ignore_ament_install']
[0.487s] Level 1:colcon.colcon_core.package_identification:_identify(/home/jj/tasktown_ws/log) by extension 'ignore'
[0.487s] Level 1:colcon.colcon_core.package_identification:_identify(/home/jj/tasktown_ws/log) ignored
[0.487s] Level 1:colcon.colcon_core.package_identification:_identify(/home/jj/tasktown_ws/src) by extensions ['ignore', 'ignore_ament_install']
[0.487s] Level 1:colcon.colcon_core.package_identification:_identify(/home/jj/tasktown_ws/src) by extension 'ignore'
[0.487s] Level 1:colcon.colcon_core.package_identification:_identify(/home/jj/tasktown_ws/src) by extension 'ignore_ament_install'
[0.487s] Level 1:colcon.colcon_core.package_identification:_identify(/home/jj/tasktown_ws/src) by extensions ['colcon_pkg']
[0.487s] Level 1:colcon.colcon_core.package_identification:_identify(/home/jj/tasktown_ws/src) by extension 'colcon_pkg'
[0.487s] Level 1:colcon.colcon_core.package_identification:_identify(/home/jj/tasktown_ws/src) by extensions ['colcon_meta']
[0.487s] Level 1:colcon.colcon_core.package_identification:_identify(/home/jj/tasktown_ws/src) by extension 'colcon_meta'
[0.488s] Level 1:colcon.colcon_core.package_identification:_identify(/home/jj/tasktown_ws/src) by extensions ['ros']
[0.488s] Level 1:colcon.colcon_core.package_identification:_identify(/home/jj/tasktown_ws/src) by extension 'ros'
[0.488s] Level 1:colcon.colcon_core.package_identification:_identify(/home/jj/tasktown_ws/src) by extensions ['cmake', 'python']
[0.488s] Level 1:colcon.colcon_core.package_identification:_identify(/home/jj/tasktown_ws/src) by extension 'cmake'
[0.488s] Level 1:colcon.colcon_core.package_identification:_identify(/home/jj/tasktown_ws/src) by extension 'python'
[0.488s] Level 1:colcon.colcon_core.package_identification:_identify(/home/jj/tasktown_ws/src) by extensions ['python_setup_py']
[0.488s] Level 1:colcon.colcon_core.package_identification:_identify(/home/jj/tasktown_ws/src) by extension 'python_setup_py'
[0.488s] Level 1:colcon.colcon_core.package_identification:_identify(/home/jj/tasktown_ws/src/village_interfaces) by extensions ['ignore', 'ignore_ament_install']
[0.488s] Level 1:colcon.colcon_core.package_identification:_identify(/home/jj/tasktown_ws/src/village_interfaces) by extension 'ignore'
[0.488s] Level 1:colcon.colcon_core.package_identification:_identify(/home/jj/tasktown_ws/src/village_interfaces) by extension 'ignore_ament_install'
[0.488s] Level 1:colcon.colcon_core.package_identification:_identify(/home/jj/tasktown_ws/src/village_interfaces) by extensions ['colcon_pkg']
[0.488s] Level 1:colcon.colcon_core.package_identification:_identify(/home/jj/tasktown_ws/src/village_interfaces) by extension 'colcon_pkg'
[0.489s] Level 1:colcon.colcon_core.package_identification:_identify(/home/jj/tasktown_ws/src/village_interfaces) by extensions ['colcon_meta']
[0.489s] Level 1:colcon.colcon_core.package_identification:_identify(/home/jj/tasktown_ws/src/village_interfaces) by extension 'colcon_meta'
[0.489s] Level 1:colcon.colcon_core.package_identification:_identify(/home/jj/tasktown_ws/src/village_interfaces) by extensions ['ros']
[0.489s] Level 1:colcon.colcon_core.package_identification:_identify(/home/jj/tasktown_ws/src/village_interfaces) by extension 'ros'
[0.493s] DEBUG:colcon.colcon_core.package_identification:Package '/home/jj/tasktown_ws/src/village_interfaces' with type 'ros.ament_cmake' and name 'village_interfaces'
[0.493s] Level 1:colcon.colcon_core.package_identification:_identify(/home/jj/tasktown_ws/src/village_operator) by extensions ['ignore', 'ignore_ament_install']
[0.493s] Level 1:colcon.colcon_core.package_identification:_identify(/home/jj/tasktown_ws/src/village_operator) by extension 'ignore'
[0.494s] Level 1:colcon.colcon_core.package_identification:_identify(/home/jj/tasktown_ws/src/village_operator) by extension 'ignore_ament_install'
[0.494s] Level 1:colcon.colcon_core.package_identification:_identify(/home/jj/tasktown_ws/src/village_operator) by extensions ['colcon_pkg']
[0.494s] Level 1:colcon.colcon_core.package_identification:_identify(/home/jj/tasktown_ws/src/village_operator) by extension 'colcon_pkg'
[0.494s] Level 1:colcon.colcon_core.package_identification:_identify(/home/jj/tasktown_ws/src/village_operator) by extensions ['colcon_meta']
[0.494s] Level 1:colcon.colcon_core.package_identification:_identify(/home/jj/tasktown_ws/src/village_operator) by extension 'colcon_meta'
[0.494s] Level 1:colcon.colcon_core.package_identification:_identify(/home/jj/tasktown_ws/src/village_operator) by extensions ['ros']
[0.494s] Level 1:colcon.colcon_core.package_identification:_identify(/home/jj/tasktown_ws/src/village_operator) by extension 'ros'
[0.496s] DEBUG:colcon.colcon_core.package_identification:Package '/home/jj/tasktown_ws/src/village_operator' with type 'ros.ament_cmake' and name 'village_operator'
[0.496s] Level 1:colcon.colcon_core.package_identification:_identify(/home/jj/tasktown_ws/src/village_task) by extensions ['ignore', 'ignore_ament_install']
[0.496s] Level 1:colcon.colcon_core.package_identification:_identify(/home/jj/tasktown_ws/src/village_task) by extension 'ignore'
[0.496s] Level 1:colcon.colcon_core.package_identification:_identify(/home/jj/tasktown_ws/src/village_task) by extension 'ignore_ament_install'
[0.496s] Level 1:colcon.colcon_core.package_identification:_identify(/home/jj/tasktown_ws/src/village_task) by extensions ['colcon_pkg']
[0.496s] Level 1:colcon.colcon_core.package_identification:_identify(/home/jj/tasktown_ws/src/village_task) by extension 'colcon_pkg'
[0.496s] Level 1:colcon.colcon_core.package_identification:_identify(/home/jj/tasktown_ws/src/village_task) by extensions ['colcon_meta']
[0.496s] Level 1:colcon.colcon_core.package_identification:_identify(/home/jj/tasktown_ws/src/village_task) by extension 'colcon_meta'
[0.497s] Level 1:colcon.colcon_core.package_identification:_identify(/home/jj/tasktown_ws/src/village_task) by extensions ['ros']
[0.497s] Level 1:colcon.colcon_core.package_identification:_identify(/home/jj/tasktown_ws/src/village_task) by extension 'ros'
[0.498s] DEBUG:colcon.colcon_core.package_identification:Package '/home/jj/tasktown_ws/src/village_task' with type 'ros.ament_cmake' and name 'village_task'
[0.498s] Level 1:colcon.colcon_core.package_identification:_identify(/home/jj/tasktown_ws/src/village_taskgroups) by extensions ['ignore', 'ignore_ament_install']
[0.499s] Level 1:colcon.colcon_core.package_identification:_identify(/home/jj/tasktown_ws/src/village_taskgroups) by extension 'ignore'
[0.499s] Level 1:colcon.colcon_core.package_identification:_identify(/home/jj/tasktown_ws/src/village_taskgroups) by extension 'ignore_ament_install'
[0.499s] Level 1:colcon.colcon_core.package_identification:_identify(/home/jj/tasktown_ws/src/village_taskgroups) by extensions ['colcon_pkg']
[0.499s] Level 1:colcon.colcon_core.package_identification:_identify(/home/jj/tasktown_ws/src/village_taskgroups) by extension 'colcon_pkg'
[0.499s] Level 1:colcon.colcon_core.package_identification:_identify(/home/jj/tasktown_ws/src/village_taskgroups) by extensions ['colcon_meta']
[0.499s] Level 1:colcon.colcon_core.package_identification:_identify(/home/jj/tasktown_ws/src/village_taskgroups) by extension 'colcon_meta'
[0.499s] Level 1:colcon.colcon_core.package_identification:_identify(/home/jj/tasktown_ws/src/village_taskgroups) by extensions ['ros']
[0.499s] Level 1:colcon.colcon_core.package_identification:_identify(/home/jj/tasktown_ws/src/village_taskgroups) by extension 'ros'
[0.500s] DEBUG:colcon.colcon_core.package_identification:Package '/home/jj/tasktown_ws/src/village_taskgroups' with type 'ros.ament_cmake' and name 'village_taskgroups'
[0.500s] Level 1:colcon.colcon_core.package_discovery:discover_packages(recursive) using defaults
[0.542s] Level 1:colcon.colcon_core.package_discovery:discover_packages(prefix_path) check parameters
[0.542s] Level 1:colcon.colcon_core.package_discovery:discover_packages(prefix_path) discover
[0.545s] DEBUG:colcon.colcon_installed_package_information.package_discovery:Found 4 installed packages in /home/jj/tasktown_ws/install
[0.547s] DEBUG:colcon.colcon_installed_package_information.package_discovery:Found 256 installed packages in /opt/ros/foxy
[0.550s] Level 1:colcon.colcon_core.package_discovery:discover_packages(prefix_path) using defaults
[0.618s] Level 5:colcon.colcon_core.verb:set package 'village_interfaces' build argument 'cmake_args' from command line to '['-DCMAKE_BUILD_TYPE=RelWithDebInfo']'
[0.618s] Level 5:colcon.colcon_core.verb:set package 'village_interfaces' build argument 'cmake_target' from command line to 'None'
[0.618s] Level 5:colcon.colcon_core.verb:set package 'village_interfaces' build argument 'cmake_target_skip_unavailable' from command line to 'False'
[0.618s] Level 5:colcon.colcon_core.verb:set package 'village_interfaces' build argument 'cmake_clean_cache' from command line to 'False'
[0.618s] Level 5:colcon.colcon_core.verb:set package 'village_interfaces' build argument 'cmake_clean_first' from command line to 'False'
[0.618s] Level 5:colcon.colcon_core.verb:set package 'village_interfaces' build argument 'cmake_force_configure' from command line to 'False'
[0.618s] Level 5:colcon.colcon_core.verb:set package 'village_interfaces' build argument 'ament_cmake_args' from command line to 'None'
[0.619s] Level 5:colcon.colcon_core.verb:set package 'village_interfaces' build argument 'catkin_cmake_args' from command line to 'None'
[0.619s] Level 5:colcon.colcon_core.verb:set package 'village_interfaces' build argument 'catkin_skip_building_tests' from command line to 'False'
[0.619s] DEBUG:colcon.colcon_core.verb:Building package 'village_interfaces' with the following arguments: {'ament_cmake_args': None, 'build_base': '/home/jj/tasktown_ws/build/village_interfaces', 'catkin_cmake_args': None, 'catkin_skip_building_tests': False, 'cmake_args': ['-DCMAKE_BUILD_TYPE=RelWithDebInfo'], 'cmake_clean_cache': False, 'cmake_clean_first': False, 'cmake_force_configure': False, 'cmake_target': None, 'cmake_target_skip_unavailable': False, 'install_base': '/home/jj/tasktown_ws/install/village_interfaces', 'merge_install': False, 'path': '/home/jj/tasktown_ws/src/village_interfaces', 'symlink_install': True, 'test_result_base': None}
[0.619s] Level 5:colcon.colcon_core.verb:set package 'village_operator' build argument 'cmake_args' from command line to '['-DCMAKE_BUILD_TYPE=RelWithDebInfo']'
[0.619s] Level 5:colcon.colcon_core.verb:set package 'village_operator' build argument 'cmake_target' from command line to 'None'
[0.619s] Level 5:colcon.colcon_core.verb:set package 'village_operator' build argument 'cmake_target_skip_unavailable' from command line to 'False'
[0.619s] Level 5:colcon.colcon_core.verb:set package 'village_operator' build argument 'cmake_clean_cache' from command line to 'False'
[0.619s] Level 5:colcon.colcon_core.verb:set package 'village_operator' build argument 'cmake_clean_first' from command line to 'False'
[0.619s] Level 5:colcon.colcon_core.verb:set package 'village_operator' build argument 'cmake_force_configure' from command line to 'False'
[0.619s] Level 5:colcon.colcon_core.verb:set package 'village_operator' build argument 'ament_cmake_args' from command line to 'None'
[0.619s] Level 5:colcon.colcon_core.verb:set package 'village_operator' build argument 'catkin_cmake_args' from command line to 'None'
[0.619s] Level 5:colcon.colcon_core.verb:set package 'village_operator' build argument 'catkin_skip_building_tests' from command line to 'False'
[0.619s] DEBUG:colcon.colcon_core.verb:Building package 'village_operator' with the following arguments: {'ament_cmake_args': None, 'build_base': '/home/jj/tasktown_ws/build/village_operator', 'catkin_cmake_args': None, 'catkin_skip_building_tests': False, 'cmake_args': ['-DCMAKE_BUILD_TYPE=RelWithDebInfo'], 'cmake_clean_cache': False, 'cmake_clean_first': False, 'cmake_force_configure': False, 'cmake_target': None, 'cmake_target_skip_unavailable': False, 'install_base': '/home/jj/tasktown_ws/install/village_operator', 'merge_install': False, 'path': '/home/jj/tasktown_ws/src/village_operator', 'symlink_install': True, 'test_result_base': None}
[0.620s] Level 5:colcon.colcon_core.verb:set package 'village_task' build argument 'cmake_args' from command line to '['-DCMAKE_BUILD_TYPE=RelWithDebInfo']'
[0.620s] Level 5:colcon.colcon_core.verb:set package 'village_task' build argument 'cmake_target' from command line to 'None'
[0.620s] Level 5:colcon.colcon_core.verb:set package 'village_task' build argument 'cmake_target_skip_unavailable' from command line to 'False'
[0.620s] Level 5:colcon.colcon_core.verb:set package 'village_task' build argument 'cmake_clean_cache' from command line to 'False'
[0.620s] Level 5:colcon.colcon_core.verb:set package 'village_task' build argument 'cmake_clean_first' from command line to 'False'
[0.620s] Level 5:colcon.colcon_core.verb:set package 'village_task' build argument 'cmake_force_configure' from command line to 'False'
[0.620s] Level 5:colcon.colcon_core.verb:set package 'village_task' build argument 'ament_cmake_args' from command line to 'None'
[0.620s] Level 5:colcon.colcon_core.verb:set package 'village_task' build argument 'catkin_cmake_args' from command line to 'None'
[0.620s] Level 5:colcon.colcon_core.verb:set package 'village_task' build argument 'catkin_skip_building_tests' from command line to 'False'
[0.620s] DEBUG:colcon.colcon_core.verb:Building package 'village_task' with the following arguments: {'ament_cmake_args': None, 'build_base': '/home/jj/tasktown_ws/build/village_task', 'catkin_cmake_args': None, 'catkin_skip_building_tests': False, 'cmake_args': ['-DCMAKE_BUILD_TYPE=RelWithDebInfo'], 'cmake_clean_cache': False, 'cmake_clean_first': False, 'cmake_force_configure': False, 'cmake_target': None, 'cmake_target_skip_unavailable': False, 'install_base': '/home/jj/tasktown_ws/install/village_task', 'merge_install': False, 'path': '/home/jj/tasktown_ws/src/village_task', 'symlink_install': True, 'test_result_base': None}
[0.620s] Level 5:colcon.colcon_core.verb:set package 'village_taskgroups' build argument 'cmake_args' from command line to '['-DCMAKE_BUILD_TYPE=RelWithDebInfo']'
[0.620s] Level 5:colcon.colcon_core.verb:set package 'village_taskgroups' build argument 'cmake_target' from command line to 'None'
[0.620s] Level 5:colcon.colcon_core.verb:set package 'village_taskgroups' build argument 'cmake_target_skip_unavailable' from command line to 'False'
[0.620s] Level 5:colcon.colcon_core.verb:set package 'village_taskgroups' build argument 'cmake_clean_cache' from command line to 'False'
[0.620s] Level 5:colcon.colcon_core.verb:set package 'village_taskgroups' build argument 'cmake_clean_first' from command line to 'False'
[0.620s] Level 5:colcon.colcon_core.verb:set package 'village_taskgroups' build argument 'cmake_force_configure' from command line to 'False'
[0.621s] Level 5:colcon.colcon_core.verb:set package 'village_taskgroups' build argument 'ament_cmake_args' from command line to 'None'
[0.621s] Level 5:colcon.colcon_core.verb:set package 'village_taskgroups' build argument 'catkin_cmake_args' from command line to 'None'
[0.621s] Level 5:colcon.colcon_core.verb:set package 'village_taskgroups' build argument 'catkin_skip_building_tests' from command line to 'False'
[0.621s] DEBUG:colcon.colcon_core.verb:Building package 'village_taskgroups' with the following arguments: {'ament_cmake_args': None, 'build_base': '/home/jj/tasktown_ws/build/village_taskgroups', 'catkin_cmake_args': None, 'catkin_skip_building_tests': False, 'cmake_args': ['-DCMAKE_BUILD_TYPE=RelWithDebInfo'], 'cmake_clean_cache': False, 'cmake_clean_first': False, 'cmake_force_configure': False, 'cmake_target': None, 'cmake_target_skip_unavailable': False, 'install_base': '/home/jj/tasktown_ws/install/village_taskgroups', 'merge_install': False, 'path': '/home/jj/tasktown_ws/src/village_taskgroups', 'symlink_install': True, 'test_result_base': None}
[0.621s] INFO:colcon.colcon_core.executor:Executing jobs using 'parallel' executor
[0.622s] DEBUG:colcon.colcon_parallel_executor.executor.parallel:run_until_complete
[0.623s] INFO:colcon.colcon_ros.task.ament_cmake.build:Building ROS package in '/home/jj/tasktown_ws/src/village_interfaces' with build type 'ament_cmake'
[0.624s] INFO:colcon.colcon_cmake.task.cmake.build:Building CMake package in '/home/jj/tasktown_ws/src/village_interfaces'
[0.626s] INFO:colcon.colcon_core.plugin_system:Skipping extension 'colcon_core.shell.bat': Not used on non-Windows systems
[0.627s] INFO:colcon.colcon_core.shell:Skip shell extension 'powershell' for command environment: Not usable outside of PowerShell
[0.627s] DEBUG:colcon.colcon_core.shell:Skip shell extension 'dsv' for command environment
[0.655s] DEBUG:colcon.colcon_core.event_handler.log_command:Invoking command in '/home/jj/tasktown_ws/build/village_interfaces': CMAKE_PREFIX_PATH=${CMAKE_PREFIX_PATH}:/opt/ros/foxy /usr/bin/cmake --build /home/jj/tasktown_ws/build/village_interfaces -- -j4 -l4
[1.108s] DEBUG:colcon.colcon_core.event_handler.log_command:Invoked command in '/home/jj/tasktown_ws/build/village_interfaces' returned '0': CMAKE_PREFIX_PATH=${CMAKE_PREFIX_PATH}:/opt/ros/foxy /usr/bin/cmake --build /home/jj/tasktown_ws/build/village_interfaces -- -j4 -l4
[1.272s] DEBUG:colcon.colcon_core.event_handler.log_command:Invoking command in '/home/jj/tasktown_ws/build/village_interfaces': CMAKE_PREFIX_PATH=${CMAKE_PREFIX_PATH}:/opt/ros/foxy /usr/bin/cmake --install /home/jj/tasktown_ws/build/village_interfaces
[1.398s] Level 1:colcon.colcon_core.environment:create_environment_scripts_only(village_interfaces)
[1.401s] DEBUG:colcon.colcon_core.event_handler.log_command:Invoked command in '/home/jj/tasktown_ws/build/village_interfaces' returned '0': CMAKE_PREFIX_PATH=${CMAKE_PREFIX_PATH}:/opt/ros/foxy /usr/bin/cmake --install /home/jj/tasktown_ws/build/village_interfaces
[1.404s] Level 1:colcon.colcon_core.environment:checking '/home/jj/tasktown_ws/install/village_interfaces' for CMake module files
[1.405s] Level 1:colcon.colcon_core.environment:checking '/home/jj/tasktown_ws/install/village_interfaces' for CMake config files
[1.406s] Level 1:colcon.colcon_core.shell:create_environment_hook('village_interfaces', 'cmake_prefix_path')
[1.407s] INFO:colcon.colcon_core.shell:Creating environment hook '/home/jj/tasktown_ws/install/village_interfaces/share/village_interfaces/hook/cmake_prefix_path.ps1'
[1.408s] INFO:colcon.colcon_core.shell:Creating environment descriptor '/home/jj/tasktown_ws/install/village_interfaces/share/village_interfaces/hook/cmake_prefix_path.dsv'
[1.409s] INFO:colcon.colcon_core.shell:Creating environment hook '/home/jj/tasktown_ws/install/village_interfaces/share/village_interfaces/hook/cmake_prefix_path.sh'
[1.410s] Level 1:colcon.colcon_core.environment:checking '/home/jj/tasktown_ws/install/village_interfaces/lib'
[1.410s] Level 1:colcon.colcon_core.shell:create_environment_hook('village_interfaces', 'ld_library_path_lib')
[1.411s] INFO:colcon.colcon_core.shell:Creating environment hook '/home/jj/tasktown_ws/install/village_interfaces/share/village_interfaces/hook/ld_library_path_lib.ps1'
[1.414s] INFO:colcon.colcon_core.shell:Creating environment descriptor '/home/jj/tasktown_ws/install/village_interfaces/share/village_interfaces/hook/ld_library_path_lib.dsv'
[1.415s] INFO:colcon.colcon_core.shell:Creating environment hook '/home/jj/tasktown_ws/install/village_interfaces/share/village_interfaces/hook/ld_library_path_lib.sh'
[1.415s] Level 1:colcon.colcon_core.environment:checking '/home/jj/tasktown_ws/install/village_interfaces/bin'
[1.416s] Level 1:colcon.colcon_core.environment:checking '/home/jj/tasktown_ws/install/village_interfaces/lib/pkgconfig/village_interfaces.pc'
[1.416s] Level 1:colcon.colcon_core.environment:checking '/home/jj/tasktown_ws/install/village_interfaces/lib/python3.8/site-packages'
[1.416s] Level 1:colcon.colcon_core.shell:create_environment_hook('village_interfaces', 'pythonpath')
[1.416s] INFO:colcon.colcon_core.shell:Creating environment hook '/home/jj/tasktown_ws/install/village_interfaces/share/village_interfaces/hook/pythonpath.ps1'
[1.417s] INFO:colcon.colcon_core.shell:Creating environment descriptor '/home/jj/tasktown_ws/install/village_interfaces/share/village_interfaces/hook/pythonpath.dsv'
[1.417s] INFO:colcon.colcon_core.shell:Creating environment hook '/home/jj/tasktown_ws/install/village_interfaces/share/village_interfaces/hook/pythonpath.sh'
[1.418s] Level 1:colcon.colcon_core.environment:checking '/home/jj/tasktown_ws/install/village_interfaces/bin'
[1.419s] INFO:colcon.colcon_core.shell:Creating package script '/home/jj/tasktown_ws/install/village_interfaces/share/village_interfaces/package.ps1'
[1.420s] INFO:colcon.colcon_core.shell:Creating package descriptor '/home/jj/tasktown_ws/install/village_interfaces/share/village_interfaces/package.dsv'
[1.421s] INFO:colcon.colcon_core.shell:Creating package script '/home/jj/tasktown_ws/install/village_interfaces/share/village_interfaces/package.sh'
[1.422s] INFO:colcon.colcon_core.shell:Creating package script '/home/jj/tasktown_ws/install/village_interfaces/share/village_interfaces/package.bash'
[1.423s] INFO:colcon.colcon_core.shell:Creating package script '/home/jj/tasktown_ws/install/village_interfaces/share/village_interfaces/package.zsh'
[1.424s] Level 1:colcon.colcon_core.environment:create_file_with_runtime_dependencies(/home/jj/tasktown_ws/install/village_interfaces/share/colcon-core/packages/village_interfaces)
[1.602s] Level 1:colcon.colcon_core.environment:create_environment_scripts_only(village_interfaces)
[1.603s] Level 1:colcon.colcon_core.environment:checking '/home/jj/tasktown_ws/install/village_interfaces' for CMake module files
[1.604s] Level 1:colcon.colcon_core.environment:checking '/home/jj/tasktown_ws/install/village_interfaces' for CMake config files
[1.604s] Level 1:colcon.colcon_core.shell:create_environment_hook('village_interfaces', 'cmake_prefix_path')
[1.605s] INFO:colcon.colcon_core.shell:Creating environment hook '/home/jj/tasktown_ws/install/village_interfaces/share/village_interfaces/hook/cmake_prefix_path.ps1'
[1.606s] INFO:colcon.colcon_core.shell:Creating environment descriptor '/home/jj/tasktown_ws/install/village_interfaces/share/village_interfaces/hook/cmake_prefix_path.dsv'
[1.607s] INFO:colcon.colcon_core.shell:Creating environment hook '/home/jj/tasktown_ws/install/village_interfaces/share/village_interfaces/hook/cmake_prefix_path.sh'
[1.608s] Level 1:colcon.colcon_core.environment:checking '/home/jj/tasktown_ws/install/village_interfaces/lib'
[1.608s] Level 1:colcon.colcon_core.shell:create_environment_hook('village_interfaces', 'ld_library_path_lib')
[1.608s] INFO:colcon.colcon_core.shell:Creating environment hook '/home/jj/tasktown_ws/install/village_interfaces/share/village_interfaces/hook/ld_library_path_lib.ps1'
[1.610s] INFO:colcon.colcon_core.shell:Creating environment descriptor '/home/jj/tasktown_ws/install/village_interfaces/share/village_interfaces/hook/ld_library_path_lib.dsv'
[1.611s] INFO:colcon.colcon_core.shell:Creating environment hook '/home/jj/tasktown_ws/install/village_interfaces/share/village_interfaces/hook/ld_library_path_lib.sh'
[1.612s] Level 1:colcon.colcon_core.environment:checking '/home/jj/tasktown_ws/install/village_interfaces/bin'
[1.613s] Level 1:colcon.colcon_core.environment:checking '/home/jj/tasktown_ws/install/village_interfaces/lib/pkgconfig/village_interfaces.pc'
[1.613s] Level 1:colcon.colcon_core.environment:checking '/home/jj/tasktown_ws/install/village_interfaces/lib/python3.8/site-packages'
[1.613s] Level 1:colcon.colcon_core.shell:create_environment_hook('village_interfaces', 'pythonpath')
[1.613s] INFO:colcon.colcon_core.shell:Creating environment hook '/home/jj/tasktown_ws/install/village_interfaces/share/village_interfaces/hook/pythonpath.ps1'
[1.615s] INFO:colcon.colcon_core.shell:Creating environment descriptor '/home/jj/tasktown_ws/install/village_interfaces/share/village_interfaces/hook/pythonpath.dsv'
[1.616s] INFO:colcon.colcon_core.shell:Creating environment hook '/home/jj/tasktown_ws/install/village_interfaces/share/village_interfaces/hook/pythonpath.sh'
[1.618s] Level 1:colcon.colcon_core.environment:checking '/home/jj/tasktown_ws/install/village_interfaces/bin'
[1.618s] INFO:colcon.colcon_core.shell:Creating package script '/home/jj/tasktown_ws/install/village_interfaces/share/village_interfaces/package.ps1'
[1.620s] INFO:colcon.colcon_core.shell:Creating package descriptor '/home/jj/tasktown_ws/install/village_interfaces/share/village_interfaces/package.dsv'
[1.621s] INFO:colcon.colcon_core.shell:Creating package script '/home/jj/tasktown_ws/install/village_interfaces/share/village_interfaces/package.sh'
[1.623s] INFO:colcon.colcon_core.shell:Creating package script '/home/jj/tasktown_ws/install/village_interfaces/share/village_interfaces/package.bash'
[1.625s] INFO:colcon.colcon_core.shell:Creating package script '/home/jj/tasktown_ws/install/village_interfaces/share/village_interfaces/package.zsh'
[1.628s] Level 1:colcon.colcon_core.environment:create_file_with_runtime_dependencies(/home/jj/tasktown_ws/install/village_interfaces/share/colcon-core/packages/village_interfaces)
[1.630s] INFO:colcon.colcon_ros.task.ament_cmake.build:Building ROS package in '/home/jj/tasktown_ws/src/village_operator' with build type 'ament_cmake'
[1.631s] INFO:colcon.colcon_cmake.task.cmake.build:Building CMake package in '/home/jj/tasktown_ws/src/village_operator'
[1.631s] INFO:colcon.colcon_core.shell:Skip shell extension 'powershell' for command environment: Not usable outside of PowerShell
[1.632s] DEBUG:colcon.colcon_core.shell:Skip shell extension 'dsv' for command environment
[1.640s] INFO:colcon.colcon_ros.task.ament_cmake.build:Building ROS package in '/home/jj/tasktown_ws/src/village_task' with build type 'ament_cmake'
[1.640s] INFO:colcon.colcon_cmake.task.cmake.build:Building CMake package in '/home/jj/tasktown_ws/src/village_task'
[1.641s] INFO:colcon.colcon_core.shell:Skip shell extension 'powershell' for command environment: Not usable outside of PowerShell
[1.641s] DEBUG:colcon.colcon_core.shell:Skip shell extension 'dsv' for command environment
[1.653s] INFO:colcon.colcon_ros.task.ament_cmake.build:Building ROS package in '/home/jj/tasktown_ws/src/village_taskgroups' with build type 'ament_cmake'
[1.653s] INFO:colcon.colcon_cmake.task.cmake.build:Building CMake package in '/home/jj/tasktown_ws/src/village_taskgroups'
[1.654s] INFO:colcon.colcon_core.shell:Skip shell extension 'powershell' for command environment: Not usable outside of PowerShell
[1.654s] DEBUG:colcon.colcon_core.shell:Skip shell extension 'dsv' for command environment
[1.674s] DEBUG:colcon.colcon_core.event_handler.log_command:Invoking command in '/home/jj/tasktown_ws/build/village_operator': CMAKE_PREFIX_PATH=/home/jj/tasktown_ws/install/village_interfaces:/home/jj/tasktown_ws/install/village_taskgroups:/home/jj/tasktown_ws/install/village_task:/home/jj/tasktown_ws/install/village_operator:/opt/ros/foxy /usr/bin/cmake --build /home/jj/tasktown_ws/build/village_operator -- -j4 -l4
[1.684s] DEBUG:colcon.colcon_core.event_handler.log_command:Invoking command in '/home/jj/tasktown_ws/build/village_task': CMAKE_PREFIX_PATH=/home/jj/tasktown_ws/install/village_interfaces:/home/jj/tasktown_ws/install/village_taskgroups:/home/jj/tasktown_ws/install/village_task:/home/jj/tasktown_ws/install/village_operator:/opt/ros/foxy /usr/bin/cmake --build /home/jj/tasktown_ws/build/village_task -- -j4 -l4
[1.710s] DEBUG:colcon.colcon_core.event_handler.log_command:Invoking command in '/home/jj/tasktown_ws/build/village_taskgroups': CMAKE_PREFIX_PATH=/home/jj/tasktown_ws/install/village_interfaces:/home/jj/tasktown_ws/install/village_taskgroups:/home/jj/tasktown_ws/install/village_task:/home/jj/tasktown_ws/install/village_operator:/opt/ros/foxy /usr/bin/cmake --build /home/jj/tasktown_ws/build/village_taskgroups -- -j4 -l4
[1.818s] DEBUG:colcon.colcon_core.event_handler.log_command:Invoked command in '/home/jj/tasktown_ws/build/village_operator' returned '0': CMAKE_PREFIX_PATH=/home/jj/tasktown_ws/install/village_interfaces:/home/jj/tasktown_ws/install/village_taskgroups:/home/jj/tasktown_ws/install/village_task:/home/jj/tasktown_ws/install/village_operator:/opt/ros/foxy /usr/bin/cmake --build /home/jj/tasktown_ws/build/village_operator -- -j4 -l4
[1.880s] DEBUG:colcon.colcon_core.event_handler.log_command:Invoked command in '/home/jj/tasktown_ws/build/village_taskgroups' returned '0': CMAKE_PREFIX_PATH=/home/jj/tasktown_ws/install/village_interfaces:/home/jj/tasktown_ws/install/village_taskgroups:/home/jj/tasktown_ws/install/village_task:/home/jj/tasktown_ws/install/village_operator:/opt/ros/foxy /usr/bin/cmake --build /home/jj/tasktown_ws/build/village_taskgroups -- -j4 -l4
[1.908s] DEBUG:colcon.colcon_core.event_handler.log_command:Invoking command in '/home/jj/tasktown_ws/build/village_operator': CMAKE_PREFIX_PATH=/home/jj/tasktown_ws/install/village_interfaces:/home/jj/tasktown_ws/install/village_taskgroups:/home/jj/tasktown_ws/install/village_task:/home/jj/tasktown_ws/install/village_operator:/opt/ros/foxy /usr/bin/cmake --install /home/jj/tasktown_ws/build/village_operator
[1.934s] DEBUG:colcon.colcon_core.event_handler.log_command:Invoking command in '/home/jj/tasktown_ws/build/village_taskgroups': CMAKE_PREFIX_PATH=/home/jj/tasktown_ws/install/village_interfaces:/home/jj/tasktown_ws/install/village_taskgroups:/home/jj/tasktown_ws/install/village_task:/home/jj/tasktown_ws/install/village_operator:/opt/ros/foxy /usr/bin/cmake --install /home/jj/tasktown_ws/build/village_taskgroups
[1.940s] Level 1:colcon.colcon_core.environment:create_environment_scripts_only(village_operator)
[1.941s] Level 1:colcon.colcon_core.environment:checking '/home/jj/tasktown_ws/install/village_operator' for CMake module files
[1.941s] Level 1:colcon.colcon_core.environment:checking '/home/jj/tasktown_ws/install/village_operator' for CMake config files
[1.942s] Level 1:colcon.colcon_core.shell:create_environment_hook('village_operator', 'cmake_prefix_path')
[1.942s] INFO:colcon.colcon_core.shell:Creating environment hook '/home/jj/tasktown_ws/install/village_operator/share/village_operator/hook/cmake_prefix_path.ps1'
[1.943s] INFO:colcon.colcon_core.shell:Creating environment descriptor '/home/jj/tasktown_ws/install/village_operator/share/village_operator/hook/cmake_prefix_path.dsv'
[1.944s] INFO:colcon.colcon_core.shell:Creating environment hook '/home/jj/tasktown_ws/install/village_operator/share/village_operator/hook/cmake_prefix_path.sh'
[1.950s] DEBUG:colcon.colcon_core.event_handler.log_command:Invoked command in '/home/jj/tasktown_ws/build/village_operator' returned '0': CMAKE_PREFIX_PATH=/home/jj/tasktown_ws/install/village_interfaces:/home/jj/tasktown_ws/install/village_taskgroups:/home/jj/tasktown_ws/install/village_task:/home/jj/tasktown_ws/install/village_operator:/opt/ros/foxy /usr/bin/cmake --install /home/jj/tasktown_ws/build/village_operator
[1.952s] Level 1:colcon.colcon_core.environment:checking '/home/jj/tasktown_ws/install/village_operator/lib'
[1.952s] Level 1:colcon.colcon_core.environment:checking '/home/jj/tasktown_ws/install/village_operator/bin'
[1.952s] Level 1:colcon.colcon_core.environment:checking '/home/jj/tasktown_ws/install/village_operator/lib/pkgconfig/village_operator.pc'
[1.952s] Level 1:colcon.colcon_core.environment:checking '/home/jj/tasktown_ws/install/village_operator/lib/python3.8/site-packages'
[1.953s] Level 1:colcon.colcon_core.environment:checking '/home/jj/tasktown_ws/install/village_operator/bin'
[1.953s] INFO:colcon.colcon_core.shell:Creating package script '/home/jj/tasktown_ws/install/village_operator/share/village_operator/package.ps1'
[1.958s] INFO:colcon.colcon_core.shell:Creating package descriptor '/home/jj/tasktown_ws/install/village_operator/share/village_operator/package.dsv'
[1.959s] INFO:colcon.colcon_core.shell:Creating package script '/home/jj/tasktown_ws/install/village_operator/share/village_operator/package.sh'
[1.962s] INFO:colcon.colcon_core.shell:Creating package script '/home/jj/tasktown_ws/install/village_operator/share/village_operator/package.bash'
[1.962s] INFO:colcon.colcon_core.shell:Creating package script '/home/jj/tasktown_ws/install/village_operator/share/village_operator/package.zsh'
[1.963s] Level 1:colcon.colcon_core.environment:create_file_with_runtime_dependencies(/home/jj/tasktown_ws/install/village_operator/share/colcon-core/packages/village_operator)
[1.986s] Level 1:colcon.colcon_core.environment:create_environment_scripts_only(village_taskgroups)
[1.988s] Level 1:colcon.colcon_core.environment:checking '/home/jj/tasktown_ws/install/village_taskgroups' for CMake module files
[1.988s] Level 1:colcon.colcon_core.environment:checking '/home/jj/tasktown_ws/install/village_taskgroups' for CMake config files
[1.989s] Level 1:colcon.colcon_core.shell:create_environment_hook('village_taskgroups', 'cmake_prefix_path')
[1.989s] INFO:colcon.colcon_core.shell:Creating environment hook '/home/jj/tasktown_ws/install/village_taskgroups/share/village_taskgroups/hook/cmake_prefix_path.ps1'
[1.987s] DEBUG:colcon.colcon_core.event_handler.log_command:Invoked command in '/home/jj/tasktown_ws/build/village_taskgroups' returned '0': CMAKE_PREFIX_PATH=/home/jj/tasktown_ws/install/village_interfaces:/home/jj/tasktown_ws/install/village_taskgroups:/home/jj/tasktown_ws/install/village_task:/home/jj/tasktown_ws/install/village_operator:/opt/ros/foxy /usr/bin/cmake --install /home/jj/tasktown_ws/build/village_taskgroups
[1.990s] INFO:colcon.colcon_core.shell:Creating environment descriptor '/home/jj/tasktown_ws/install/village_taskgroups/share/village_taskgroups/hook/cmake_prefix_path.dsv'
[1.991s] INFO:colcon.colcon_core.shell:Creating environment hook '/home/jj/tasktown_ws/install/village_taskgroups/share/village_taskgroups/hook/cmake_prefix_path.sh'
[1.993s] Level 1:colcon.colcon_core.environment:checking '/home/jj/tasktown_ws/install/village_taskgroups/lib'
[1.993s] Level 1:colcon.colcon_core.environment:checking '/home/jj/tasktown_ws/install/village_taskgroups/bin'
[1.993s] Level 1:colcon.colcon_core.environment:checking '/home/jj/tasktown_ws/install/village_taskgroups/lib/pkgconfig/village_taskgroups.pc'
[1.993s] Level 1:colcon.colcon_core.environment:checking '/home/jj/tasktown_ws/install/village_taskgroups/lib/python3.8/site-packages'
[1.994s] Level 1:colcon.colcon_core.environment:checking '/home/jj/tasktown_ws/install/village_taskgroups/bin'
[1.994s] INFO:colcon.colcon_core.shell:Creating package script '/home/jj/tasktown_ws/install/village_taskgroups/share/village_taskgroups/package.ps1'
[1.996s] INFO:colcon.colcon_core.shell:Creating package descriptor '/home/jj/tasktown_ws/install/village_taskgroups/share/village_taskgroups/package.dsv'
[1.997s] INFO:colcon.colcon_core.shell:Creating package script '/home/jj/tasktown_ws/install/village_taskgroups/share/village_taskgroups/package.sh'
[1.998s] INFO:colcon.colcon_core.shell:Creating package script '/home/jj/tasktown_ws/install/village_taskgroups/share/village_taskgroups/package.bash'
[2.000s] INFO:colcon.colcon_core.shell:Creating package script '/home/jj/tasktown_ws/install/village_taskgroups/share/village_taskgroups/package.zsh'
[2.002s] Level 1:colcon.colcon_core.environment:create_file_with_runtime_dependencies(/home/jj/tasktown_ws/install/village_taskgroups/share/colcon-core/packages/village_taskgroups)
[2.015s] Level 1:colcon.colcon_core.environment:create_environment_scripts_only(village_operator)
[2.016s] Level 1:colcon.colcon_core.environment:checking '/home/jj/tasktown_ws/install/village_operator' for CMake module files
[2.016s] Level 1:colcon.colcon_core.environment:checking '/home/jj/tasktown_ws/install/village_operator' for CMake config files
[2.017s] Level 1:colcon.colcon_core.shell:create_environment_hook('village_operator', 'cmake_prefix_path')
[2.017s] INFO:colcon.colcon_core.shell:Creating environment hook '/home/jj/tasktown_ws/install/village_operator/share/village_operator/hook/cmake_prefix_path.ps1'
[2.018s] INFO:colcon.colcon_core.shell:Creating environment descriptor '/home/jj/tasktown_ws/install/village_operator/share/village_operator/hook/cmake_prefix_path.dsv'
[2.018s] INFO:colcon.colcon_core.shell:Creating environment hook '/home/jj/tasktown_ws/install/village_operator/share/village_operator/hook/cmake_prefix_path.sh'
[2.019s] Level 1:colcon.colcon_core.environment:checking '/home/jj/tasktown_ws/install/village_operator/lib'
[2.019s] Level 1:colcon.colcon_core.environment:checking '/home/jj/tasktown_ws/install/village_operator/bin'
[2.019s] Level 1:colcon.colcon_core.environment:checking '/home/jj/tasktown_ws/install/village_operator/lib/pkgconfig/village_operator.pc'
[2.020s] Level 1:colcon.colcon_core.environment:checking '/home/jj/tasktown_ws/install/village_operator/lib/python3.8/site-packages'
[2.020s] Level 1:colcon.colcon_core.environment:checking '/home/jj/tasktown_ws/install/village_operator/bin'
[2.020s] INFO:colcon.colcon_core.shell:Creating package script '/home/jj/tasktown_ws/install/village_operator/share/village_operator/package.ps1'
[2.021s] INFO:colcon.colcon_core.shell:Creating package descriptor '/home/jj/tasktown_ws/install/village_operator/share/village_operator/package.dsv'
[2.023s] INFO:colcon.colcon_core.shell:Creating package script '/home/jj/tasktown_ws/install/village_operator/share/village_operator/package.sh'
[2.026s] INFO:colcon.colcon_core.shell:Creating package script '/home/jj/tasktown_ws/install/village_operator/share/village_operator/package.bash'
[2.028s] INFO:colcon.colcon_core.shell:Creating package script '/home/jj/tasktown_ws/install/village_operator/share/village_operator/package.zsh'
[2.029s] Level 1:colcon.colcon_core.environment:create_file_with_runtime_dependencies(/home/jj/tasktown_ws/install/village_operator/share/colcon-core/packages/village_operator)
[2.078s] Level 1:colcon.colcon_core.environment:create_environment_scripts_only(village_taskgroups)
[2.079s] Level 1:colcon.colcon_core.environment:checking '/home/jj/tasktown_ws/install/village_taskgroups' for CMake module files
[2.079s] Level 1:colcon.colcon_core.environment:checking '/home/jj/tasktown_ws/install/village_taskgroups' for CMake config files
[2.080s] Level 1:colcon.colcon_core.shell:create_environment_hook('village_taskgroups', 'cmake_prefix_path')
[2.080s] INFO:colcon.colcon_core.shell:Creating environment hook '/home/jj/tasktown_ws/install/village_taskgroups/share/village_taskgroups/hook/cmake_prefix_path.ps1'
[2.085s] INFO:colcon.colcon_core.shell:Creating environment descriptor '/home/jj/tasktown_ws/install/village_taskgroups/share/village_taskgroups/hook/cmake_prefix_path.dsv'
[2.086s] INFO:colcon.colcon_core.shell:Creating environment hook '/home/jj/tasktown_ws/install/village_taskgroups/share/village_taskgroups/hook/cmake_prefix_path.sh'
[2.088s] Level 1:colcon.colcon_core.environment:checking '/home/jj/tasktown_ws/install/village_taskgroups/lib'
[2.088s] Level 1:colcon.colcon_core.environment:checking '/home/jj/tasktown_ws/install/village_taskgroups/bin'
[2.088s] Level 1:colcon.colcon_core.environment:checking '/home/jj/tasktown_ws/install/village_taskgroups/lib/pkgconfig/village_taskgroups.pc'
[2.088s] Level 1:colcon.colcon_core.environment:checking '/home/jj/tasktown_ws/install/village_taskgroups/lib/python3.8/site-packages'
[2.088s] Level 1:colcon.colcon_core.environment:checking '/home/jj/tasktown_ws/install/village_taskgroups/bin'
[2.089s] INFO:colcon.colcon_core.shell:Creating package script '/home/jj/tasktown_ws/install/village_taskgroups/share/village_taskgroups/package.ps1'
[2.091s] INFO:colcon.colcon_core.shell:Creating package descriptor '/home/jj/tasktown_ws/install/village_taskgroups/share/village_taskgroups/package.dsv'
[2.093s] INFO:colcon.colcon_core.shell:Creating package script '/home/jj/tasktown_ws/install/village_taskgroups/share/village_taskgroups/package.sh'
[2.095s] INFO:colcon.colcon_core.shell:Creating package script '/home/jj/tasktown_ws/install/village_taskgroups/share/village_taskgroups/package.bash'
[2.096s] INFO:colcon.colcon_core.shell:Creating package script '/home/jj/tasktown_ws/install/village_taskgroups/share/village_taskgroups/package.zsh'
[2.099s] Level 1:colcon.colcon_core.environment:create_file_with_runtime_dependencies(/home/jj/tasktown_ws/install/village_taskgroups/share/colcon-core/packages/village_taskgroups)
[15.202s] DEBUG:colcon.colcon_core.event_handler.log_command:Invoked command in '/home/jj/tasktown_ws/build/village_task' returned '0': CMAKE_PREFIX_PATH=/home/jj/tasktown_ws/install/village_interfaces:/home/jj/tasktown_ws/install/village_taskgroups:/home/jj/tasktown_ws/install/village_task:/home/jj/tasktown_ws/install/village_operator:/opt/ros/foxy /usr/bin/cmake --build /home/jj/tasktown_ws/build/village_task -- -j4 -l4
[15.240s] DEBUG:colcon.colcon_core.event_handler.log_command:Invoking command in '/home/jj/tasktown_ws/build/village_task': CMAKE_PREFIX_PATH=/home/jj/tasktown_ws/install/village_interfaces:/home/jj/tasktown_ws/install/village_taskgroups:/home/jj/tasktown_ws/install/village_task:/home/jj/tasktown_ws/install/village_operator:/opt/ros/foxy /usr/bin/cmake --install /home/jj/tasktown_ws/build/village_task
[15.276s] Level 1:colcon.colcon_core.environment:create_environment_scripts_only(village_task)
[15.277s] Level 1:colcon.colcon_core.environment:checking '/home/jj/tasktown_ws/install/village_task' for CMake module files
[15.278s] Level 1:colcon.colcon_core.environment:checking '/home/jj/tasktown_ws/install/village_task' for CMake config files
[15.278s] Level 1:colcon.colcon_core.shell:create_environment_hook('village_task', 'cmake_prefix_path')
[15.278s] INFO:colcon.colcon_core.shell:Creating environment hook '/home/jj/tasktown_ws/install/village_task/share/village_task/hook/cmake_prefix_path.ps1'
[15.280s] DEBUG:colcon.colcon_core.event_handler.log_command:Invoked command in '/home/jj/tasktown_ws/build/village_task' returned '0': CMAKE_PREFIX_PATH=/home/jj/tasktown_ws/install/village_interfaces:/home/jj/tasktown_ws/install/village_taskgroups:/home/jj/tasktown_ws/install/village_task:/home/jj/tasktown_ws/install/village_operator:/opt/ros/foxy /usr/bin/cmake --install /home/jj/tasktown_ws/build/village_task
[15.281s] INFO:colcon.colcon_core.shell:Creating environment descriptor '/home/jj/tasktown_ws/install/village_task/share/village_task/hook/cmake_prefix_path.dsv'
[15.283s] INFO:colcon.colcon_core.shell:Creating environment hook '/home/jj/tasktown_ws/install/village_task/share/village_task/hook/cmake_prefix_path.sh'
[15.284s] Level 1:colcon.colcon_core.environment:checking '/home/jj/tasktown_ws/install/village_task/lib'
[15.284s] Level 1:colcon.colcon_core.environment:checking '/home/jj/tasktown_ws/install/village_task/bin'
[15.285s] Level 1:colcon.colcon_core.environment:checking '/home/jj/tasktown_ws/install/village_task/lib/pkgconfig/village_task.pc'
[15.285s] Level 1:colcon.colcon_core.environment:checking '/home/jj/tasktown_ws/install/village_task/lib/python3.8/site-packages'
[15.285s] Level 1:colcon.colcon_core.environment:checking '/home/jj/tasktown_ws/install/village_task/bin'
[15.286s] INFO:colcon.colcon_core.shell:Creating package script '/home/jj/tasktown_ws/install/village_task/share/village_task/package.ps1'
[15.287s] INFO:colcon.colcon_core.shell:Creating package descriptor '/home/jj/tasktown_ws/install/village_task/share/village_task/package.dsv'
[15.287s] INFO:colcon.colcon_core.shell:Creating package script '/home/jj/tasktown_ws/install/village_task/share/village_task/package.sh'
[15.288s] INFO:colcon.colcon_core.shell:Creating package script '/home/jj/tasktown_ws/install/village_task/share/village_task/package.bash'
[15.289s] INFO:colcon.colcon_core.shell:Creating package script '/home/jj/tasktown_ws/install/village_task/share/village_task/package.zsh'
[15.290s] Level 1:colcon.colcon_core.environment:create_file_with_runtime_dependencies(/home/jj/tasktown_ws/install/village_task/share/colcon-core/packages/village_task)
[15.327s] Level 1:colcon.colcon_core.environment:create_environment_scripts_only(village_task)
[15.328s] Level 1:colcon.colcon_core.environment:checking '/home/jj/tasktown_ws/install/village_task' for CMake module files
[15.329s] Level 1:colcon.colcon_core.environment:checking '/home/jj/tasktown_ws/install/village_task' for CMake config files
[15.329s] Level 1:colcon.colcon_core.shell:create_environment_hook('village_task', 'cmake_prefix_path')
[15.330s] INFO:colcon.colcon_core.shell:Creating environment hook '/home/jj/tasktown_ws/install/village_task/share/village_task/hook/cmake_prefix_path.ps1'
[15.331s] INFO:colcon.colcon_core.shell:Creating environment descriptor '/home/jj/tasktown_ws/install/village_task/share/village_task/hook/cmake_prefix_path.dsv'
[15.332s] INFO:colcon.colcon_core.shell:Creating environment hook '/home/jj/tasktown_ws/install/village_task/share/village_task/hook/cmake_prefix_path.sh'
[15.333s] Level 1:colcon.colcon_core.environment:checking '/home/jj/tasktown_ws/install/village_task/lib'
[15.333s] Level 1:colcon.colcon_core.environment:checking '/home/jj/tasktown_ws/install/village_task/bin'
[15.334s] Level 1:colcon.colcon_core.environment:checking '/home/jj/tasktown_ws/install/village_task/lib/pkgconfig/village_task.pc'
[15.334s] Level 1:colcon.colcon_core.environment:checking '/home/jj/tasktown_ws/install/village_task/lib/python3.8/site-packages'
[15.334s] Level 1:colcon.colcon_core.environment:checking '/home/jj/tasktown_ws/install/village_task/bin'
[15.335s] INFO:colcon.colcon_core.shell:Creating package script '/home/jj/tasktown_ws/install/village_task/share/village_task/package.ps1'
[15.336s] INFO:colcon.colcon_core.shell:Creating package descriptor '/home/jj/tasktown_ws/install/village_task/share/village_task/package.dsv'
[15.336s] INFO:colcon.colcon_core.shell:Creating package script '/home/jj/tasktown_ws/install/village_task/share/village_task/package.sh'
[15.337s] INFO:colcon.colcon_core.shell:Creating package script '/home/jj/tasktown_ws/install/village_task/share/village_task/package.bash'
[15.338s] INFO:colcon.colcon_core.shell:Creating package script '/home/jj/tasktown_ws/install/village_task/share/village_task/package.zsh'
[15.339s] Level 1:colcon.colcon_core.environment:create_file_with_runtime_dependencies(/home/jj/tasktown_ws/install/village_task/share/colcon-core/packages/village_task)
[15.340s] DEBUG:colcon.colcon_parallel_executor.executor.parallel:closing loop
[15.341s] DEBUG:colcon.colcon_parallel_executor.executor.parallel:loop closed
[15.341s] DEBUG:colcon.colcon_parallel_executor.executor.parallel:run_until_complete finished with '0'
[15.342s] DEBUG:colcon.colcon_core.event_reactor:joining thread
[15.359s] INFO:colcon.colcon_core.plugin_system:Skipping extension 'colcon_notification.desktop_notification.terminal_notifier': Not used on non-Darwin systems
[15.359s] INFO:colcon.colcon_core.plugin_system:Skipping extension 'colcon_notification.desktop_notification.win32': Not used on non-Windows systems
[15.359s] INFO:colcon.colcon_notification.desktop_notification:Sending desktop notification using 'notify2'
[15.393s] DEBUG:colcon.colcon_core.event_reactor:joined thread
[15.394s] INFO:colcon.colcon_core.shell:Creating prefix script '/home/jj/tasktown_ws/install/local_setup.ps1'
[15.396s] INFO:colcon.colcon_core.shell:Creating prefix util module '/home/jj/tasktown_ws/install/_local_setup_util_ps1.py'
[15.399s] INFO:colcon.colcon_core.shell:Creating prefix chain script '/home/jj/tasktown_ws/install/setup.ps1'
[15.403s] INFO:colcon.colcon_core.shell:Creating prefix script '/home/jj/tasktown_ws/install/local_setup.sh'
[15.404s] INFO:colcon.colcon_core.shell:Creating prefix util module '/home/jj/tasktown_ws/install/_local_setup_util_sh.py'
[15.406s] INFO:colcon.colcon_core.shell:Creating prefix chain script '/home/jj/tasktown_ws/install/setup.sh'
[15.408s] INFO:colcon.colcon_core.shell:Creating prefix script '/home/jj/tasktown_ws/install/local_setup.bash'
[15.409s] INFO:colcon.colcon_core.shell:Creating prefix chain script '/home/jj/tasktown_ws/install/setup.bash'
[15.412s] INFO:colcon.colcon_core.shell:Creating prefix script '/home/jj/tasktown_ws/install/local_setup.zsh'
[15.413s] INFO:colcon.colcon_core.shell:Creating prefix chain script '/home/jj/tasktown_ws/install/setup.zsh'
