[0.029s] Invoking command in '/home/jj/tasktown_ws/build/village_task': CMAKE_PREFIX_PATH=/home/jj/tasktown_ws/install/village_interfaces:/home/jj/tasktown_ws/install/village_taskgroups:/home/jj/tasktown_ws/install/village_task:/home/jj/tasktown_ws/install/village_operator:/opt/ros/foxy /usr/bin/cmake --build /home/jj/tasktown_ws/build/village_task -- -j2 -l2
[0.166s] [35m[1mScanning dependencies of target task_node[0m
[0.261s] [ 50%] [32mBuilding CXX object CMakeFiles/task_node.dir/src/task.cpp.o[0m
[4.061s] [01m[K/home/jj/tasktown_ws/src/village_task/src/task.cpp:[m[K In constructor ‘[01m[KTaskRequestNode::TaskRequestNode(const string&)[m[K’:
[4.061s] [01m[K/home/jj/tasktown_ws/src/village_task/src/task.cpp:27:97:[m[K [01;31m[Kerror: [m[Kno match for ‘[01m[Koperator=[m[K’ (operand types are ‘[01m[Kstd::shared_ptr<rclcpp::SyncParametersClient>[m[K’ and ‘[01m[Kstd::shared_ptr<rclcpp::AsyncParametersClient>[m[K’)
[4.061s]    27 |         parameter_client_ = std::make_shared<rclcpp::AsyncParametersClient>(this,"operator_node"[01;31m[K)[m[K;
[4.062s]       |                                                                                                 [01;31m[K^[m[K
[4.062s] In file included from [01m[K/usr/include/c++/9/memory:81[m[K,
[4.062s]                  from [01m[K/opt/ros/foxy/include/rclcpp/rclcpp.hpp:144[m[K,
[4.062s]                  from [01m[K/home/jj/tasktown_ws/src/village_task/src/task.cpp:2[m[K:
[4.062s] [01m[K/usr/include/c++/9/bits/shared_ptr.h:309:19:[m[K [01;36m[Knote: [m[Kcandidate: ‘[01m[Kstd::shared_ptr<_Tp>& std::shared_ptr<_Tp>::operator=(const std::shared_ptr<_Tp>&) [with _Tp = rclcpp::SyncParametersClient][m[K’
[4.062s]   309 |       shared_ptr& [01;36m[Koperator[m[K=(const shared_ptr&) noexcept = default;
[4.062s]       |                   [01;36m[K^~~~~~~~[m[K
[4.062s] [01m[K/usr/include/c++/9/bits/shared_ptr.h:309:29:[m[K [01;36m[Knote: [m[K  no known conversion for argument 1 from ‘[01m[Kstd::shared_ptr<rclcpp::AsyncParametersClient>[m[K’ to ‘[01m[Kconst std::shared_ptr<rclcpp::SyncParametersClient>&[m[K’
[4.062s]   309 |       shared_ptr& operator=([01;36m[Kconst shared_ptr&[m[K) noexcept = default;
[4.063s]       |                             [01;36m[K^~~~~~~~~~~~~~~~~[m[K
[4.064s] [01m[K/usr/include/c++/9/bits/shared_ptr.h:313:2:[m[K [01;36m[Knote: [m[Kcandidate: ‘[01m[Ktemplate<class _Yp> std::shared_ptr<_Tp>::_Assignable<const std::shared_ptr<_Yp>&> std::shared_ptr<_Tp>::operator=(const std::shared_ptr<_Yp>&) [with _Yp = _Yp; _Tp = rclcpp::SyncParametersClient][m[K’
[4.064s]   313 |  [01;36m[Koperator[m[K=(const shared_ptr<_Yp>& __r) noexcept
[4.064s]       |  [01;36m[K^~~~~~~~[m[K
[4.064s] [01m[K/usr/include/c++/9/bits/shared_ptr.h:313:2:[m[K [01;36m[Knote: [m[K  template argument deduction/substitution failed:
[4.073s] /usr/include/c++/9/bits/shared_ptr.h: In substitution of ‘[01m[Ktemplate<class _Tp> template<class _Arg> using _Assignable = typename std::enable_if<std::is_assignable<std::__shared_ptr<_Tp>&, _Arg>::value, std::shared_ptr<_Tp>&>::type [with _Arg = const std::shared_ptr<rclcpp::AsyncParametersClient>&; _Tp = rclcpp::SyncParametersClient][m[K’:
[4.073s] [01m[K/usr/include/c++/9/bits/shared_ptr.h:313:2:[m[K   required by substitution of ‘[01m[Ktemplate<class _Yp> std::shared_ptr<rclcpp::SyncParametersClient>::_Assignable<const std::shared_ptr<_Tp>&> std::shared_ptr<rclcpp::SyncParametersClient>::operator=<_Yp>(const std::shared_ptr<_Tp>&) [with _Yp = rclcpp::AsyncParametersClient][m[K’
[4.074s] [01m[K/home/jj/tasktown_ws/src/village_task/src/task.cpp:27:97:[m[K   required from here
[4.074s] [01m[K/usr/include/c++/9/bits/shared_ptr.h:111:8:[m[K [01;31m[Kerror: [m[Kno type named ‘[01m[Ktype[m[K’ in ‘[01m[Kstruct std::enable_if<false, std::shared_ptr<rclcpp::SyncParametersClient>&>[m[K’
[4.074s]   111 |  using [01;31m[K_Assignable[m[K = typename enable_if<
[4.074s]       |        [01;31m[K^~~~~~~~~~~[m[K
[4.075s] [01m[K/usr/include/c++/9/bits/shared_ptr.h:324:2:[m[K [01;36m[Knote: [m[Kcandidate: ‘[01m[Ktemplate<class _Yp> std::shared_ptr<_Tp>::_Assignable<std::auto_ptr<_Up> > std::shared_ptr<_Tp>::operator=(std::auto_ptr<_Up>&&) [with _Yp = _Yp; _Tp = rclcpp::SyncParametersClient][m[K’
[4.075s]   324 |  [01;36m[Koperator[m[K=(auto_ptr<_Yp>&& __r)
[4.075s]       |  [01;36m[K^~~~~~~~[m[K
[4.075s] [01m[K/usr/include/c++/9/bits/shared_ptr.h:324:2:[m[K [01;36m[Knote: [m[K  template argument deduction/substitution failed:
[4.075s] [01m[K/home/jj/tasktown_ws/src/village_task/src/task.cpp:27:97:[m[K [01;36m[Knote: [m[K  ‘[01m[Kstd::shared_ptr<rclcpp::AsyncParametersClient>[m[K’ is not derived from ‘[01m[Kstd::auto_ptr<_Up>[m[K’
[4.075s]    27 |         parameter_client_ = std::make_shared<rclcpp::AsyncParametersClient>(this,"operator_node"[01;36m[K)[m[K;
[4.075s]       |                                                                                                 [01;36m[K^[m[K
[4.076s] In file included from [01m[K/usr/include/c++/9/memory:81[m[K,
[4.076s]                  from [01m[K/opt/ros/foxy/include/rclcpp/rclcpp.hpp:144[m[K,
[4.076s]                  from [01m[K/home/jj/tasktown_ws/src/village_task/src/task.cpp:2[m[K:
[4.076s] [01m[K/usr/include/c++/9/bits/shared_ptr.h:333:7:[m[K [01;36m[Knote: [m[Kcandidate: ‘[01m[Kstd::shared_ptr<_Tp>& std::shared_ptr<_Tp>::operator=(std::shared_ptr<_Tp>&&) [with _Tp = rclcpp::SyncParametersClient][m[K’
[4.076s]   333 |       [01;36m[Koperator[m[K=(shared_ptr&& __r) noexcept
[4.076s]       |       [01;36m[K^~~~~~~~[m[K
[4.076s] [01m[K/usr/include/c++/9/bits/shared_ptr.h:333:30:[m[K [01;36m[Knote: [m[K  no known conversion for argument 1 from ‘[01m[Kstd::shared_ptr<rclcpp::AsyncParametersClient>[m[K’ to ‘[01m[Kstd::shared_ptr<rclcpp::SyncParametersClient>&&[m[K’
[4.076s]   333 |       operator=([01;36m[Kshared_ptr&& __r[m[K) noexcept
[4.076s]       |                 [01;36m[K~~~~~~~~~~~~~^~~[m[K
[4.076s] [01m[K/usr/include/c++/9/bits/shared_ptr.h:341:2:[m[K [01;36m[Knote: [m[Kcandidate: ‘[01m[Ktemplate<class _Yp> std::shared_ptr<_Tp>::_Assignable<std::shared_ptr<_Yp> > std::shared_ptr<_Tp>::operator=(std::shared_ptr<_Yp>&&) [with _Yp = _Yp; _Tp = rclcpp::SyncParametersClient][m[K’
[4.076s]   341 |  [01;36m[Koperator[m[K=(shared_ptr<_Yp>&& __r) noexcept
[4.076s]       |  [01;36m[K^~~~~~~~[m[K
[4.076s] [01m[K/usr/include/c++/9/bits/shared_ptr.h:341:2:[m[K [01;36m[Knote: [m[K  template argument deduction/substitution failed:
[4.077s] /usr/include/c++/9/bits/shared_ptr.h: In substitution of ‘[01m[Ktemplate<class _Tp> template<class _Arg> using _Assignable = typename std::enable_if<std::is_assignable<std::__shared_ptr<_Tp>&, _Arg>::value, std::shared_ptr<_Tp>&>::type [with _Arg = std::shared_ptr<rclcpp::AsyncParametersClient>; _Tp = rclcpp::SyncParametersClient][m[K’:
[4.080s] [01m[K/usr/include/c++/9/bits/shared_ptr.h:341:2:[m[K   required by substitution of ‘[01m[Ktemplate<class _Yp> std::shared_ptr<rclcpp::SyncParametersClient>::_Assignable<std::shared_ptr<_Tp> > std::shared_ptr<rclcpp::SyncParametersClient>::operator=<_Yp>(std::shared_ptr<_Tp>&&) [with _Yp = rclcpp::AsyncParametersClient][m[K’
[4.080s] [01m[K/home/jj/tasktown_ws/src/village_task/src/task.cpp:27:97:[m[K   required from here
[4.080s] [01m[K/usr/include/c++/9/bits/shared_ptr.h:111:8:[m[K [01;31m[Kerror: [m[Kno type named ‘[01m[Ktype[m[K’ in ‘[01m[Kstruct std::enable_if<false, std::shared_ptr<rclcpp::SyncParametersClient>&>[m[K’
[4.080s]   111 |  using [01;31m[K_Assignable[m[K = typename enable_if<
[4.080s]       |        [01;31m[K^~~~~~~~~~~[m[K
[4.081s] [01m[K/usr/include/c++/9/bits/shared_ptr.h:349:2:[m[K [01;36m[Knote: [m[Kcandidate: ‘[01m[Ktemplate<class _Yp, class _Del> std::shared_ptr<_Tp>::_Assignable<std::unique_ptr<_Up, _Ep> > std::shared_ptr<_Tp>::operator=(std::unique_ptr<_Up, _Ep>&&) [with _Yp = _Yp; _Del = _Del; _Tp = rclcpp::SyncParametersClient][m[K’
[4.081s]   349 |  [01;36m[Koperator[m[K=(unique_ptr<_Yp, _Del>&& __r)
[4.081s]       |  [01;36m[K^~~~~~~~[m[K
[4.081s] [01m[K/usr/include/c++/9/bits/shared_ptr.h:349:2:[m[K [01;36m[Knote: [m[K  template argument deduction/substitution failed:
[4.081s] [01m[K/home/jj/tasktown_ws/src/village_task/src/task.cpp:27:97:[m[K [01;36m[Knote: [m[K  ‘[01m[Kstd::shared_ptr<rclcpp::AsyncParametersClient>[m[K’ is not derived from ‘[01m[Kstd::unique_ptr<_Tp, _Dp>[m[K’
[4.081s]    27 |         parameter_client_ = std::make_shared<rclcpp::AsyncParametersClient>(this,"operator_node"[01;36m[K)[m[K;
[4.081s]       |                                                                                                 [01;36m[K^[m[K
[4.086s] [01m[K/home/jj/tasktown_ws/src/village_task/src/task.cpp:29:9:[m[K [01;31m[Kerror: [m[K‘[01m[Kparameter_client[m[K’ was not declared in this scope; did you mean ‘[01m[Kparameter_client_[m[K’?
[4.086s]    29 |         [01;31m[Kparameter_client[m[K->set_parameters_automically(params);
[4.086s]       |         [01;31m[K^~~~~~~~~~~~~~~~[m[K
[4.087s]       |         [32m[Kparameter_client_[m[K
[7.038s] make[2]: *** [CMakeFiles/task_node.dir/build.make:63：CMakeFiles/task_node.dir/src/task.cpp.o] 错误 1
[7.049s] make[1]: *** [CMakeFiles/Makefile2:78：CMakeFiles/task_node.dir/all] 错误 2
[7.049s] make: *** [Makefile:141：all] 错误 2
[7.055s] Invoked command in '/home/jj/tasktown_ws/build/village_task' returned '2': CMAKE_PREFIX_PATH=/home/jj/tasktown_ws/install/village_interfaces:/home/jj/tasktown_ws/install/village_taskgroups:/home/jj/tasktown_ws/install/village_task:/home/jj/tasktown_ws/install/village_operator:/opt/ros/foxy /usr/bin/cmake --build /home/jj/tasktown_ws/build/village_task -- -j2 -l2
