[0.047s] Invoking command in '/home/jj/tasktown_ws/build/village_operator': CMAKE_PREFIX_PATH=/home/jj/tasktown_ws/install/village_interfaces:/home/jj/tasktown_ws/install/village_taskgroups:/home/jj/tasktown_ws/install/village_task:/home/jj/tasktown_ws/install/village_operator:/opt/ros/foxy /usr/bin/cmake --build /home/jj/tasktown_ws/build/village_operator -- -j4 -l4
[0.163s] [35m[1mScanning dependencies of target operator_node[0m
[0.236s] [ 50%] [32mBuilding CXX object CMakeFiles/operator_node.dir/src/operator.cpp.o[0m
[6.697s] [100%] [32m[1mLinking CXX executable operator_node[0m
[7.190s] [100%] Built target operator_node
[7.209s] Invoked command in '/home/jj/tasktown_ws/build/village_operator' returned '0': CMAKE_PREFIX_PATH=/home/jj/tasktown_ws/install/village_interfaces:/home/jj/tasktown_ws/install/village_taskgroups:/home/jj/tasktown_ws/install/village_task:/home/jj/tasktown_ws/install/village_operator:/opt/ros/foxy /usr/bin/cmake --build /home/jj/tasktown_ws/build/village_operator -- -j4 -l4
[7.240s] Invoking command in '/home/jj/tasktown_ws/build/village_operator': CMAKE_PREFIX_PATH=/home/jj/tasktown_ws/install/village_interfaces:/home/jj/tasktown_ws/install/village_taskgroups:/home/jj/tasktown_ws/install/village_task:/home/jj/tasktown_ws/install/village_operator:/opt/ros/foxy /usr/bin/cmake --install /home/jj/tasktown_ws/build/village_operator
[7.250s] -- Install configuration: "Debug"
[7.251s] -- Execute custom install script
[7.251s] -- Up-to-date symlink: /home/jj/tasktown_ws/install/village_operator/share/ament_index/resource_index/package_run_dependencies/village_operator
[7.253s] -- Up-to-date symlink: /home/jj/tasktown_ws/install/village_operator/share/ament_index/resource_index/parent_prefix_path/village_operator
[7.253s] -- Up-to-date symlink: /home/jj/tasktown_ws/install/village_operator/share/village_operator/environment/ament_prefix_path.sh
[7.253s] -- Up-to-date symlink: /home/jj/tasktown_ws/install/village_operator/share/village_operator/environment/ament_prefix_path.dsv
[7.253s] -- Up-to-date symlink: /home/jj/tasktown_ws/install/village_operator/share/village_operator/environment/path.sh
[7.255s] -- Up-to-date symlink: /home/jj/tasktown_ws/install/village_operator/share/village_operator/environment/path.dsv
[7.255s] -- Up-to-date symlink: /home/jj/tasktown_ws/install/village_operator/share/village_operator/local_setup.bash
[7.255s] -- Up-to-date symlink: /home/jj/tasktown_ws/install/village_operator/share/village_operator/local_setup.sh
[7.255s] -- Up-to-date symlink: /home/jj/tasktown_ws/install/village_operator/share/village_operator/local_setup.zsh
[7.258s] -- Up-to-date symlink: /home/jj/tasktown_ws/install/village_operator/share/village_operator/local_setup.dsv
[7.258s] -- Symlinking: /home/jj/tasktown_ws/install/village_operator/share/village_operator/package.dsv
[7.269s] -- Up-to-date symlink: /home/jj/tasktown_ws/install/village_operator/share/ament_index/resource_index/packages/village_operator
[7.269s] -- Up-to-date symlink: /home/jj/tasktown_ws/install/village_operator/share/village_operator/cmake/village_operatorConfig.cmake
[7.269s] -- Up-to-date symlink: /home/jj/tasktown_ws/install/village_operator/share/village_operator/cmake/village_operatorConfig-version.cmake
[7.269s] -- Up-to-date symlink: /home/jj/tasktown_ws/install/village_operator/share/village_operator/package.xml
[7.269s] -- Up-to-date symlink: /home/jj/tasktown_ws/install/village_operator/lib/village_operator/operator_node
[7.273s] Invoked command in '/home/jj/tasktown_ws/build/village_operator' returned '0': CMAKE_PREFIX_PATH=/home/jj/tasktown_ws/install/village_interfaces:/home/jj/tasktown_ws/install/village_taskgroups:/home/jj/tasktown_ws/install/village_task:/home/jj/tasktown_ws/install/village_operator:/opt/ros/foxy /usr/bin/cmake --install /home/jj/tasktown_ws/build/village_operator
